[0.043s] Invoking command in '/home/f1tenth/f1tenth_ws/build/ackermann_mux': /usr/bin/cmake --build /home/f1tenth/f1tenth_ws/build/ackermann_mux -- -j6 -l6
[0.668s] [100%] Built target ackermann_mux
[0.677s] Invoked command in '/home/f1tenth/f1tenth_ws/build/ackermann_mux' returned '0': /usr/bin/cmake --build /home/f1tenth/f1tenth_ws/build/ackermann_mux -- -j6 -l6
[0.786s] Invoking command in '/home/f1tenth/f1tenth_ws/build/ackermann_mux': /usr/bin/cmake --install /home/f1tenth/f1tenth_ws/build/ackermann_mux
[0.808s] -- Install configuration: ""
[0.808s] -- Up-to-date: /home/f1tenth/f1tenth_ws/install/ackermann_mux/lib/ackermann_mux/ackermann_mux
[0.809s] -- Up-to-date: /home/f1tenth/f1tenth_ws/install/ackermann_mux/share/ackermann_mux/launch
[0.809s] -- Up-to-date: /home/f1tenth/f1tenth_ws/install/ackermann_mux/share/ackermann_mux/launch/ackermann_mux_launch.py
[0.809s] -- Up-to-date: /home/f1tenth/f1tenth_ws/install/ackermann_mux/share/ackermann_mux/config
[0.809s] -- Up-to-date: /home/f1tenth/f1tenth_ws/install/ackermann_mux/share/ackermann_mux/config/ackermann_mux_topics.yaml
[0.809s] -- Up-to-date: /home/f1tenth/f1tenth_ws/install/ackermann_mux/share/ackermann_mux/config/joystick.yaml
[0.810s] -- Up-to-date: /home/f1tenth/f1tenth_ws/install/ackermann_mux/share/ackermann_mux/config/ackermann_mux_locks.yaml
[0.810s] -- Up-to-date: /home/f1tenth/f1tenth_ws/install/ackermann_mux/include
[0.810s] -- Up-to-date: /home/f1tenth/f1tenth_ws/install/ackermann_mux/include/ackermann_mux
[0.810s] -- Up-to-date: /home/f1tenth/f1tenth_ws/install/ackermann_mux/include/ackermann_mux/topic_handle.hpp
[0.810s] -- Up-to-date: /home/f1tenth/f1tenth_ws/install/ackermann_mux/include/ackermann_mux/ackermann_mux_diagnostics_status.hpp
[0.810s] -- Up-to-date: /home/f1tenth/f1tenth_ws/install/ackermann_mux/include/ackermann_mux/utils.hpp
[0.811s] -- Up-to-date: /home/f1tenth/f1tenth_ws/install/ackermann_mux/include/ackermann_mux/ackermann_mux_diagnostics.hpp
[0.811s] -- Up-to-date: /home/f1tenth/f1tenth_ws/install/ackermann_mux/include/ackermann_mux/params_helpers.hpp
[0.811s] -- Up-to-date: /home/f1tenth/f1tenth_ws/install/ackermann_mux/include/ackermann_mux/ackermann_mux.hpp
[0.811s] -- Up-to-date: /home/f1tenth/f1tenth_ws/install/ackermann_mux/share/ament_index/resource_index/package_run_dependencies/ackermann_mux
[0.811s] -- Up-to-date: /home/f1tenth/f1tenth_ws/install/ackermann_mux/share/ament_index/resource_index/parent_prefix_path/ackermann_mux
[0.811s] -- Up-to-date: /home/f1tenth/f1tenth_ws/install/ackermann_mux/share/ackermann_mux/environment/ament_prefix_path.sh
[0.812s] -- Up-to-date: /home/f1tenth/f1tenth_ws/install/ackermann_mux/share/ackermann_mux/environment/ament_prefix_path.dsv
[0.812s] -- Up-to-date: /home/f1tenth/f1tenth_ws/install/ackermann_mux/share/ackermann_mux/environment/path.sh
[0.812s] -- Up-to-date: /home/f1tenth/f1tenth_ws/install/ackermann_mux/share/ackermann_mux/environment/path.dsv
[0.812s] -- Up-to-date: /home/f1tenth/f1tenth_ws/install/ackermann_mux/share/ackermann_mux/local_setup.bash
[0.813s] -- Up-to-date: /home/f1tenth/f1tenth_ws/install/ackermann_mux/share/ackermann_mux/local_setup.sh
[0.813s] -- Up-to-date: /home/f1tenth/f1tenth_ws/install/ackermann_mux/share/ackermann_mux/local_setup.zsh
[0.813s] -- Up-to-date: /home/f1tenth/f1tenth_ws/install/ackermann_mux/share/ackermann_mux/local_setup.dsv
[0.813s] -- Installing: /home/f1tenth/f1tenth_ws/install/ackermann_mux/share/ackermann_mux/package.dsv
[0.813s] -- Up-to-date: /home/f1tenth/f1tenth_ws/install/ackermann_mux/share/ament_index/resource_index/packages/ackermann_mux
[0.813s] -- Up-to-date: /home/f1tenth/f1tenth_ws/install/ackermann_mux/share/ackermann_mux/cmake/ament_cmake_export_include_directories-extras.cmake
[0.813s] -- Up-to-date: /home/f1tenth/f1tenth_ws/install/ackermann_mux/share/ackermann_mux/cmake/ament_cmake_export_dependencies-extras.cmake
[0.814s] -- Up-to-date: /home/f1tenth/f1tenth_ws/install/ackermann_mux/share/ackermann_mux/cmake/ackermann_muxConfig.cmake
[0.815s] -- Up-to-date: /home/f1tenth/f1tenth_ws/install/ackermann_mux/share/ackermann_mux/cmake/ackermann_muxConfig-version.cmake
[0.816s] -- Up-to-date: /home/f1tenth/f1tenth_ws/install/ackermann_mux/share/ackermann_mux/package.xml
[0.820s] Invoked command in '/home/f1tenth/f1tenth_ws/build/ackermann_mux' returned '0': /usr/bin/cmake --install /home/f1tenth/f1tenth_ws/build/ackermann_mux
