[0.075s] Invoking command in '/home/f1tenth/f1tenth_ws/build/joy': AMENT_PREFIX_PATH=/home/f1tenth/f1tenth_ws/install/sdl2_vendor:${AMENT_PREFIX_PATH} CMAKE_PREFIX_PATH=/home/f1tenth/f1tenth_ws/install/sdl2_vendor:/opt/ros/humble /usr/bin/cmake /home/f1tenth/f1tenth_ws/src/f1tenth_system/joystick_drivers/joy -DCMAKE_INSTALL_PREFIX=/home/f1tenth/f1tenth_ws/install/joy
[0.087s] -- Found ament_cmake_ros: 0.10.0 (/opt/ros/humble/share/ament_cmake_ros/cmake)
[0.464s] -- Found Python3: /usr/bin/python3 (found version "3.10.12") found components: Interpreter 
[0.647s] -- Found rclcpp: 16.0.9 (/opt/ros/humble/share/rclcpp/cmake)
[0.723s] -- Found rosidl_generator_c: 3.1.5 (/opt/ros/humble/share/rosidl_generator_c/cmake)
[0.731s] -- Found rosidl_adapter: 3.1.5 (/opt/ros/humble/share/rosidl_adapter/cmake)
[0.748s] -- Found rosidl_generator_cpp: 3.1.5 (/opt/ros/humble/share/rosidl_generator_cpp/cmake)
[0.773s] -- Using all available rosidl_typesupport_c: rosidl_typesupport_fastrtps_c;rosidl_typesupport_introspection_c
[0.811s] -- Using all available rosidl_typesupport_cpp: rosidl_typesupport_fastrtps_cpp;rosidl_typesupport_introspection_cpp
[0.956s] -- Found rmw_implementation_cmake: 6.1.2 (/opt/ros/humble/share/rmw_implementation_cmake/cmake)
[0.964s] -- Found rmw_fastrtps_cpp: 6.2.6 (/opt/ros/humble/share/rmw_fastrtps_cpp/cmake)
[1.224s] -- Found OpenSSL: /usr/lib/aarch64-linux-gnu/libcrypto.so (found version "3.0.2")  
[1.285s] -- Found FastRTPS: /opt/ros/humble/include  
[1.405s] -- Using RMW implementation 'rmw_fastrtps_cpp' as default
[1.429s] -- Looking for pthread.h
[1.592s] -- Looking for pthread.h - found
[1.593s] -- Performing Test CMAKE_HAVE_LIBC_PTHREAD
[1.765s] -- Performing Test CMAKE_HAVE_LIBC_PTHREAD - Success
[1.767s] -- Found Threads: TRUE  
[2.081s] -- Found rclcpp_components: 16.0.9 (/opt/ros/humble/share/rclcpp_components/cmake)
[2.212s] -- Found sdl2_vendor: 3.3.0 (/home/f1tenth/f1tenth_ws/install/sdl2_vendor/share/sdl2_vendor/cmake)
[2.219s] -- Found sensor_msgs: 4.2.3 (/opt/ros/humble/share/sensor_msgs/cmake)
[2.465s] -- Found ament_lint_auto: 0.12.11 (/opt/ros/humble/share/ament_lint_auto/cmake)
[2.636s] -- Added test 'cppcheck' to perform static code analysis on C / C++ code
[2.636s] -- Configured cppcheck include dirs: $<BUILD_INTERFACE:/home/f1tenth/f1tenth_ws/src/f1tenth_system/joystick_drivers/joy/include>
[2.636s] -- Configured cppcheck exclude dirs and/or files: 
[2.639s] -- Added test 'cpplint' to check C / C++ code against the Google style
[2.639s] -- Configured cpplint exclude dirs and/or files: 
[2.640s] -- Added test 'flake8' to check Python code syntax and style conventions
[2.641s] -- Added test 'lint_cmake' to check CMake code style
[2.643s] -- Added test 'pep257' to check Python code against some of the docstring style conventions in PEP 257
[2.645s] -- Added test 'uncrustify' to check C / C++ code style
[2.645s] -- Configured uncrustify additional arguments: 
[2.646s] -- Added test 'xmllint' to check XML markup files
[2.650s] -- Configuring done
[2.698s] -- Generating done
[2.702s] -- Build files have been written to: /home/f1tenth/f1tenth_ws/build/joy
[2.731s] Invoked command in '/home/f1tenth/f1tenth_ws/build/joy' returned '0': AMENT_PREFIX_PATH=/home/f1tenth/f1tenth_ws/install/sdl2_vendor:${AMENT_PREFIX_PATH} CMAKE_PREFIX_PATH=/home/f1tenth/f1tenth_ws/install/sdl2_vendor:/opt/ros/humble /usr/bin/cmake /home/f1tenth/f1tenth_ws/src/f1tenth_system/joystick_drivers/joy -DCMAKE_INSTALL_PREFIX=/home/f1tenth/f1tenth_ws/install/joy
[2.732s] Invoking command in '/home/f1tenth/f1tenth_ws/build/joy': AMENT_PREFIX_PATH=/home/f1tenth/f1tenth_ws/install/sdl2_vendor:${AMENT_PREFIX_PATH} CMAKE_PREFIX_PATH=/home/f1tenth/f1tenth_ws/install/sdl2_vendor:/opt/ros/humble /usr/bin/cmake --build /home/f1tenth/f1tenth_ws/build/joy -- -j6 -l6
[2.865s] [ 10%] [32mBuilding CXX object CMakeFiles/joy_node.dir/rclcpp_components/node_main_joy_node.cpp.o[0m
[2.875s] [ 20%] [32mBuilding CXX object CMakeFiles/game_controller_node.dir/rclcpp_components/node_main_game_controller_node.cpp.o[0m
[2.891s] [ 30%] [32mBuilding CXX object CMakeFiles/joy.dir/src/joy.cpp.o[0m
[2.896s] [ 40%] [32mBuilding CXX object CMakeFiles/joy_enumerate_devices.dir/src/joy_enumerate_devices.cpp.o[0m
[2.903s] [ 50%] [32mBuilding CXX object CMakeFiles/game_controller.dir/src/game_controller.cpp.o[0m
[4.862s] [ 60%] [32m[1mLinking CXX executable joy_enumerate_devices[0m
[5.276s] [ 60%] Built target joy_enumerate_devices
[15.341s] [ 70%] [32m[1mLinking CXX executable joy_node[0m
[15.452s] [ 80%] [32m[1mLinking CXX executable game_controller_node[0m
[15.663s] [ 80%] Built target joy_node
[15.745s] [ 80%] Built target game_controller_node
[29.513s] [ 90%] [32m[1mLinking CXX shared library libjoy.so[0m
[29.924s] [100%] [32m[1mLinking CXX shared library libgame_controller.so[0m
[30.523s] [100%] Built target joy
[30.899s] [100%] Built target game_controller
