[1.855s] Invoking command in '/home/f1tenth/f1tenth_ws/src/control_policy': AMENT_PREFIX_PATH=/home/f1tenth/f1tenth_ws/install/vesc:/home/f1tenth/f1tenth_ws/install/vesc_driver:/home/f1tenth/f1tenth_ws/install/vesc_ackermann:/home/f1tenth/f1tenth_ws/install/joy_teleop:/home/f1tenth/f1tenth_ws/install/vesc_msgs:/home/f1tenth/f1tenth_ws/install/teleop_tools_msgs:/home/f1tenth/f1tenth_ws/install/ackermann_mux:${AMENT_PREFIX_PATH} CMAKE_PREFIX_PATH=/home/f1tenth/f1tenth_ws/install/vesc:/home/f1tenth/f1tenth_ws/install/vesc_driver:/home/f1tenth/f1tenth_ws/install/vesc_ackermann:/home/f1tenth/f1tenth_ws/install/vesc_msgs:/home/f1tenth/f1tenth_ws/install/teleop_tools_msgs:/home/f1tenth/f1tenth_ws/install/ackermann_mux LD_LIBRARY_PATH=/home/f1tenth/f1tenth_ws/install/vesc_driver/lib:/home/f1tenth/f1tenth_ws/install/vesc_ackermann/lib:/home/f1tenth/f1tenth_ws/install/vesc_msgs/lib:/home/f1tenth/f1tenth_ws/install/teleop_tools_msgs/lib:/opt/ros/humble/opt/rviz_ogre_vendor/lib:/opt/ros/humble/lib/aarch64-linux-gnu:/opt/ros/humble/lib:/usr/local/cuda-12.2/lib64:/usr/local/cuda-12.2/lib64 PYTHONPATH=/home/f1tenth/f1tenth_ws/build/control_policy/prefix_override:/usr/lib/python3/dist-packages/colcon_core/task/python/colcon_distutils_commands:/home/f1tenth/f1tenth_ws/install/control_policy/lib/python3.10/site-packages:/home/f1tenth/f1tenth_ws/install/joy_teleop/lib/python3.10/site-packages:/home/f1tenth/f1tenth_ws/install/vesc_msgs/local/lib/python3.10/dist-packages:/home/f1tenth/f1tenth_ws/install/teleop_tools_msgs/local/lib/python3.10/dist-packages:${PYTHONPATH} /usr/bin/python3 -W ignore:setup.py install is deprecated setup.py egg_info --egg-base ../../build/control_policy build --build-base /home/f1tenth/f1tenth_ws/build/control_policy/build install --record /home/f1tenth/f1tenth_ws/build/control_policy/install.log --single-version-externally-managed install_data
[2.356s] running egg_info
[2.357s] writing ../../build/control_policy/control_policy.egg-info/PKG-INFO
[2.358s] writing dependency_links to ../../build/control_policy/control_policy.egg-info/dependency_links.txt
[2.359s] writing entry points to ../../build/control_policy/control_policy.egg-info/entry_points.txt
[2.359s] writing requirements to ../../build/control_policy/control_policy.egg-info/requires.txt
[2.359s] writing top-level names to ../../build/control_policy/control_policy.egg-info/top_level.txt
[2.363s] reading manifest file '../../build/control_policy/control_policy.egg-info/SOURCES.txt'
[2.363s] adding license file 'LICENSE'
[2.364s] writing manifest file '../../build/control_policy/control_policy.egg-info/SOURCES.txt'
[2.365s] running build
[2.365s] running build_py
[2.366s] running install
[2.367s] running install_lib
[2.370s] running install_data
[2.370s] running install_egg_info
[2.373s] removing '/home/f1tenth/f1tenth_ws/install/control_policy/lib/python3.10/site-packages/control_policy-0.0.0-py3.10.egg-info' (and everything under it)
[2.374s] Copying ../../build/control_policy/control_policy.egg-info to /home/f1tenth/f1tenth_ws/install/control_policy/lib/python3.10/site-packages/control_policy-0.0.0-py3.10.egg-info
[2.376s] running install_scripts
[2.420s] Installing follow_the_gap script to /home/f1tenth/f1tenth_ws/install/control_policy/lib/control_policy
[2.421s] writing list of installed files to '/home/f1tenth/f1tenth_ws/build/control_policy/install.log'
[2.493s] Invoked command in '/home/f1tenth/f1tenth_ws/src/control_policy' returned '0': AMENT_PREFIX_PATH=/home/f1tenth/f1tenth_ws/install/vesc:/home/f1tenth/f1tenth_ws/install/vesc_driver:/home/f1tenth/f1tenth_ws/install/vesc_ackermann:/home/f1tenth/f1tenth_ws/install/joy_teleop:/home/f1tenth/f1tenth_ws/install/vesc_msgs:/home/f1tenth/f1tenth_ws/install/teleop_tools_msgs:/home/f1tenth/f1tenth_ws/install/ackermann_mux:${AMENT_PREFIX_PATH} CMAKE_PREFIX_PATH=/home/f1tenth/f1tenth_ws/install/vesc:/home/f1tenth/f1tenth_ws/install/vesc_driver:/home/f1tenth/f1tenth_ws/install/vesc_ackermann:/home/f1tenth/f1tenth_ws/install/vesc_msgs:/home/f1tenth/f1tenth_ws/install/teleop_tools_msgs:/home/f1tenth/f1tenth_ws/install/ackermann_mux LD_LIBRARY_PATH=/home/f1tenth/f1tenth_ws/install/vesc_driver/lib:/home/f1tenth/f1tenth_ws/install/vesc_ackermann/lib:/home/f1tenth/f1tenth_ws/install/vesc_msgs/lib:/home/f1tenth/f1tenth_ws/install/teleop_tools_msgs/lib:/opt/ros/humble/opt/rviz_ogre_vendor/lib:/opt/ros/humble/lib/aarch64-linux-gnu:/opt/ros/humble/lib:/usr/local/cuda-12.2/lib64:/usr/local/cuda-12.2/lib64 PYTHONPATH=/home/f1tenth/f1tenth_ws/build/control_policy/prefix_override:/usr/lib/python3/dist-packages/colcon_core/task/python/colcon_distutils_commands:/home/f1tenth/f1tenth_ws/install/control_policy/lib/python3.10/site-packages:/home/f1tenth/f1tenth_ws/install/joy_teleop/lib/python3.10/site-packages:/home/f1tenth/f1tenth_ws/install/vesc_msgs/local/lib/python3.10/dist-packages:/home/f1tenth/f1tenth_ws/install/teleop_tools_msgs/local/lib/python3.10/dist-packages:${PYTHONPATH} /usr/bin/python3 -W ignore:setup.py install is deprecated setup.py egg_info --egg-base ../../build/control_policy build --build-base /home/f1tenth/f1tenth_ws/build/control_policy/build install --record /home/f1tenth/f1tenth_ws/build/control_policy/install.log --single-version-externally-managed install_data
