[0.048s] Invoking command in '/home/f1tenth/f1tenth_ws/build/sdl2_vendor': CMAKE_PREFIX_PATH=/opt/ros/humble /usr/bin/cmake --build /home/f1tenth/f1tenth_ws/build/sdl2_vendor -- -j6 -l6
[0.748s] -- Found ament_cmake: 1.3.9 (/opt/ros/humble/share/ament_cmake/cmake)
[0.748s] -- Configuring done
[0.749s] -- Generating done
[0.749s] -- Build files have been written to: /home/f1tenth/f1tenth_ws/build/sdl2_vendor
[0.751s] Invoked command in '/home/f1tenth/f1tenth_ws/build/sdl2_vendor' returned '0': CMAKE_PREFIX_PATH=/opt/ros/humble /usr/bin/cmake --build /home/f1tenth/f1tenth_ws/build/sdl2_vendor -- -j6 -l6
[0.822s] Invoking command in '/home/f1tenth/f1tenth_ws/build/sdl2_vendor': CMAKE_PREFIX_PATH=/opt/ros/humble /usr/bin/cmake --install /home/f1tenth/f1tenth_ws/build/sdl2_vendor
[0.841s] -- Install configuration: ""
[0.842s] -- Up-to-date: /home/f1tenth/f1tenth_ws/install/sdl2_vendor/share/sdl2_vendor/cmake
[0.842s] -- Up-to-date: /home/f1tenth/f1tenth_ws/install/sdl2_vendor/share/sdl2_vendor/cmake/Modules
[0.842s] -- Installing: /home/f1tenth/f1tenth_ws/install/sdl2_vendor/share/sdl2_vendor/cmake/Modules/Findsdl2_custom.cmake
[0.842s] -- Up-to-date: /home/f1tenth/f1tenth_ws/install/sdl2_vendor/share/ament_index/resource_index/package_run_dependencies/sdl2_vendor
[0.842s] -- Up-to-date: /home/f1tenth/f1tenth_ws/install/sdl2_vendor/share/ament_index/resource_index/parent_prefix_path/sdl2_vendor
[0.842s] -- Up-to-date: /home/f1tenth/f1tenth_ws/install/sdl2_vendor/share/sdl2_vendor/environment/ament_prefix_path.sh
[0.843s] -- Installing: /home/f1tenth/f1tenth_ws/install/sdl2_vendor/share/sdl2_vendor/environment/ament_prefix_path.dsv
[0.843s] -- Up-to-date: /home/f1tenth/f1tenth_ws/install/sdl2_vendor/share/sdl2_vendor/environment/path.sh
[0.843s] -- Installing: /home/f1tenth/f1tenth_ws/install/sdl2_vendor/share/sdl2_vendor/environment/path.dsv
[0.844s] -- Up-to-date: /home/f1tenth/f1tenth_ws/install/sdl2_vendor/share/sdl2_vendor/local_setup.bash
[0.844s] -- Up-to-date: /home/f1tenth/f1tenth_ws/install/sdl2_vendor/share/sdl2_vendor/local_setup.sh
[0.844s] -- Up-to-date: /home/f1tenth/f1tenth_ws/install/sdl2_vendor/share/sdl2_vendor/local_setup.zsh
[0.844s] -- Installing: /home/f1tenth/f1tenth_ws/install/sdl2_vendor/share/sdl2_vendor/local_setup.dsv
[0.844s] -- Installing: /home/f1tenth/f1tenth_ws/install/sdl2_vendor/share/sdl2_vendor/package.dsv
[0.844s] -- Up-to-date: /home/f1tenth/f1tenth_ws/install/sdl2_vendor/share/ament_index/resource_index/packages/sdl2_vendor
[0.845s] -- Installing: /home/f1tenth/f1tenth_ws/install/sdl2_vendor/share/sdl2_vendor/cmake/sdl2_vendor-extras.cmake
[0.845s] -- Up-to-date: /home/f1tenth/f1tenth_ws/install/sdl2_vendor/share/sdl2_vendor/cmake/sdl2_vendorConfig.cmake
[0.845s] -- Up-to-date: /home/f1tenth/f1tenth_ws/install/sdl2_vendor/share/sdl2_vendor/cmake/sdl2_vendorConfig-version.cmake
[0.845s] -- Installing: /home/f1tenth/f1tenth_ws/install/sdl2_vendor/share/sdl2_vendor/package.xml
[0.873s] Invoked command in '/home/f1tenth/f1tenth_ws/build/sdl2_vendor' returned '0': CMAKE_PREFIX_PATH=/opt/ros/humble /usr/bin/cmake --install /home/f1tenth/f1tenth_ws/build/sdl2_vendor
