[3.881s] Invoking command in '/home/f1tenth/f1tenth_ws/src/f1tenth_system/teleop_tools/key_teleop': NX_CONNECTION=10.26.198.7 47054 10.26.198.24 4000 PYTHONPATH=/home/f1tenth/f1tenth_ws/build/key_teleop/prefix_override:/home/f1tenth/f1tenth_ws/install/key_teleop/lib/python3.10/site-packages:${PYTHONPATH} /usr/bin/python3 -W ignore:setup.py install is deprecated setup.py egg_info --egg-base ../../../../build/key_teleop build --build-base /home/f1tenth/f1tenth_ws/build/key_teleop/build install --record /home/f1tenth/f1tenth_ws/build/key_teleop/install.log --install-scripts $base/lib/key_teleop --single-version-externally-managed install_data
[4.779s] /usr/lib/python3/dist-packages/setuptools/dist.py:723: UserWarning: Usage of dash-separated 'script-dir' will not be supported in future versions. Please use the underscore name 'script_dir' instead
[4.780s]   warnings.warn(
[4.799s] running egg_info
[4.801s] writing ../../../../build/key_teleop/key_teleop.egg-info/PKG-INFO
[4.804s] writing dependency_links to ../../../../build/key_teleop/key_teleop.egg-info/dependency_links.txt
[4.805s] writing entry points to ../../../../build/key_teleop/key_teleop.egg-info/entry_points.txt
[4.805s] writing requirements to ../../../../build/key_teleop/key_teleop.egg-info/requires.txt
[4.805s] writing top-level names to ../../../../build/key_teleop/key_teleop.egg-info/top_level.txt
[4.812s] reading manifest file '../../../../build/key_teleop/key_teleop.egg-info/SOURCES.txt'
[4.813s] adding license file 'LICENSE'
[4.814s] writing manifest file '../../../../build/key_teleop/key_teleop.egg-info/SOURCES.txt'
[4.814s] running build
[4.814s] running build_py
[4.815s] running install
[4.815s] running install_lib
[4.824s] running install_data
[4.824s] running install_egg_info
[4.828s] removing '/home/f1tenth/f1tenth_ws/install/key_teleop/lib/python3.10/site-packages/key_teleop-0.3.0-py3.10.egg-info' (and everything under it)
[4.829s] Copying ../../../../build/key_teleop/key_teleop.egg-info to /home/f1tenth/f1tenth_ws/install/key_teleop/lib/python3.10/site-packages/key_teleop-0.3.0-py3.10.egg-info
[4.831s] running install_scripts
[4.911s] Installing key_teleop script to /home/f1tenth/f1tenth_ws/install/key_teleop/lib/key_teleop
[4.912s] writing list of installed files to '/home/f1tenth/f1tenth_ws/build/key_teleop/install.log'
[5.068s] Invoked command in '/home/f1tenth/f1tenth_ws/src/f1tenth_system/teleop_tools/key_teleop' returned '0': NX_CONNECTION=10.26.198.7 47054 10.26.198.24 4000 PYTHONPATH=/home/f1tenth/f1tenth_ws/build/key_teleop/prefix_override:/home/f1tenth/f1tenth_ws/install/key_teleop/lib/python3.10/site-packages:${PYTHONPATH} /usr/bin/python3 -W ignore:setup.py install is deprecated setup.py egg_info --egg-base ../../../../build/key_teleop build --build-base /home/f1tenth/f1tenth_ws/build/key_teleop/build install --record /home/f1tenth/f1tenth_ws/build/key_teleop/install.log --install-scripts $base/lib/key_teleop --single-version-externally-managed install_data
