[0.679s] Invoking command in '/home/f1tenth/f1tenth_ws/build/wiimote_msgs': CMAKE_PREFIX_PATH=/opt/ros/humble /usr/bin/cmake /home/f1tenth/f1tenth_ws/src/f1tenth_system/joystick_drivers/wiimote_msgs -DCMAKE_INSTALL_PREFIX=/home/f1tenth/f1tenth_ws/install/wiimote_msgs
[0.714s] -- Found ament_cmake: 1.3.9 (/opt/ros/humble/share/ament_cmake/cmake)
[1.100s] -- Found Python3: /usr/bin/python3 (found version "3.10.12") found components: Interpreter 
[1.339s] -- Found ament_cmake_auto: 1.3.9 (/opt/ros/humble/share/ament_cmake_auto/cmake)
[1.623s] -- Found rosidl_generator_c: 3.1.5 (/opt/ros/humble/share/rosidl_generator_c/cmake)
[1.634s] -- Found rosidl_adapter: 3.1.5 (/opt/ros/humble/share/rosidl_adapter/cmake)
[1.655s] -- Found rosidl_generator_cpp: 3.1.5 (/opt/ros/humble/share/rosidl_generator_cpp/cmake)
[1.687s] -- Using all available rosidl_typesupport_c: rosidl_typesupport_fastrtps_c;rosidl_typesupport_introspection_c
[1.735s] -- Using all available rosidl_typesupport_cpp: rosidl_typesupport_fastrtps_cpp;rosidl_typesupport_introspection_cpp
[1.980s] -- Found ament_lint_auto: 0.12.11 (/opt/ros/humble/share/ament_lint_auto/cmake)
[2.601s] -- Found ament_cmake_ros: 0.10.0 (/opt/ros/humble/share/ament_cmake_ros/cmake)
[3.526s] -- Using all available rosidl_typesupport_c: rosidl_typesupport_fastrtps_c;rosidl_typesupport_introspection_c
[3.946s] -- Using all available rosidl_typesupport_cpp: rosidl_typesupport_fastrtps_cpp;rosidl_typesupport_introspection_cpp
[4.001s] -- Found PythonInterp: /usr/bin/python3 (found suitable version "3.10.12", minimum required is "3.6") 
[4.005s] -- Found python_cmake_module: 0.10.0 (/opt/ros/humble/share/python_cmake_module/cmake)
[4.100s] -- Found PythonLibs: /usr/lib/aarch64-linux-gnu/libpython3.10.so (found suitable version "3.10.12", minimum required is "3.5") 
[4.102s] -- Using PYTHON_EXECUTABLE: /usr/bin/python3
[4.102s] -- Using PYTHON_INCLUDE_DIRS: /usr/include/python3.10
[4.102s] -- Using PYTHON_LIBRARIES: /usr/lib/aarch64-linux-gnu/libpython3.10.so
[4.175s] -- Found PythonExtra: .so  
[4.409s] -- Added test 'copyright' to check source files copyright and LICENSE
[4.414s] -- Added test 'lint_cmake' to check CMake code style
[4.418s] -- Added test 'xmllint' to check XML markup files
[4.451s] -- Configuring done
[4.673s] -- Generating done
[4.685s] -- Build files have been written to: /home/f1tenth/f1tenth_ws/build/wiimote_msgs
[4.746s] Invoked command in '/home/f1tenth/f1tenth_ws/build/wiimote_msgs' returned '0': CMAKE_PREFIX_PATH=/opt/ros/humble /usr/bin/cmake /home/f1tenth/f1tenth_ws/src/f1tenth_system/joystick_drivers/wiimote_msgs -DCMAKE_INSTALL_PREFIX=/home/f1tenth/f1tenth_ws/install/wiimote_msgs
[4.747s] Invoking command in '/home/f1tenth/f1tenth_ws/build/wiimote_msgs': CMAKE_PREFIX_PATH=/opt/ros/humble /usr/bin/cmake --build /home/f1tenth/f1tenth_ws/build/wiimote_msgs -- -j6 -l6
[5.002s] [  2%] [34m[1mGenerating C code for ROS interfaces[0m
[5.043s] [  4%] [34m[1mGenerating C++ code for ROS interfaces[0m
[5.125s] [  4%] Built target ament_cmake_python_copy_wiimote_msgs
[6.138s] running egg_info
[6.139s] creating wiimote_msgs.egg-info
[6.141s] writing wiimote_msgs.egg-info/PKG-INFO
[6.142s] writing dependency_links to wiimote_msgs.egg-info/dependency_links.txt
[6.144s] writing top-level names to wiimote_msgs.egg-info/top_level.txt
[6.145s] writing manifest file 'wiimote_msgs.egg-info/SOURCES.txt'
[6.163s] reading manifest file 'wiimote_msgs.egg-info/SOURCES.txt'
[6.164s] writing manifest file 'wiimote_msgs.egg-info/SOURCES.txt'
[6.360s] [  4%] Built target ament_cmake_python_build_wiimote_msgs_egg
[8.186s] [  6%] [32mBuilding C object CMakeFiles/wiimote_msgs__rosidl_generator_c.dir/rosidl_generator_c/wiimote_msgs/msg/detail/ir_source_info__functions.c.o[0m
[8.187s] [  8%] [32mBuilding C object CMakeFiles/wiimote_msgs__rosidl_generator_c.dir/rosidl_generator_c/wiimote_msgs/msg/detail/state__functions.c.o[0m
[8.190s] [ 10%] [32mBuilding C object CMakeFiles/wiimote_msgs__rosidl_generator_c.dir/rosidl_generator_c/wiimote_msgs/msg/detail/timed_switch__functions.c.o[0m
[8.213s] [ 10%] Built target wiimote_msgs__cpp
[8.288s] [ 12%] [34m[1mGenerating C++ type support dispatch for ROS interfaces[0m
[8.300s] [ 14%] [34m[1mGenerating C++ introspection for ROS interfaces[0m
[8.310s] [ 17%] [34m[1mGenerating C++ type support for eProsima Fast-RTPS[0m
[8.464s] [ 19%] [32m[1mLinking C shared library libwiimote_msgs__rosidl_generator_c.so[0m
[8.644s] [ 19%] Built target wiimote_msgs__rosidl_generator_c
[8.723s] [ 21%] [34m[1mGenerating C type support for eProsima Fast-RTPS[0m
[8.738s] [ 23%] [34m[1mGenerating C introspection for ROS interfaces[0m
[8.748s] [ 25%] [34m[1mGenerating C type support dispatch for ROS interfaces[0m
[10.974s] [ 27%] [32mBuilding CXX object CMakeFiles/wiimote_msgs__rosidl_typesupport_fastrtps_cpp.dir/rosidl_typesupport_fastrtps_cpp/wiimote_msgs/msg/detail/dds_fastrtps/ir_source_info__type_support.cpp.o[0m
[11.215s] [ 29%] [32mBuilding CXX object CMakeFiles/wiimote_msgs__rosidl_typesupport_cpp.dir/rosidl_typesupport_cpp/wiimote_msgs/msg/ir_source_info__type_support.cpp.o[0m
[11.444s] [ 31%] [32mBuilding CXX object CMakeFiles/wiimote_msgs__rosidl_typesupport_introspection_cpp.dir/rosidl_typesupport_introspection_cpp/wiimote_msgs/msg/detail/ir_source_info__type_support.cpp.o[0m
[11.880s] [ 34%] [32mBuilding CXX object CMakeFiles/wiimote_msgs__rosidl_typesupport_c.dir/rosidl_typesupport_c/wiimote_msgs/msg/ir_source_info__type_support.cpp.o[0m
[11.925s] [ 36%] [32mBuilding C object CMakeFiles/wiimote_msgs__rosidl_typesupport_introspection_c.dir/rosidl_typesupport_introspection_c/wiimote_msgs/msg/detail/ir_source_info__type_support.c.o[0m
[11.971s] [ 38%] [32mBuilding CXX object CMakeFiles/wiimote_msgs__rosidl_typesupport_fastrtps_c.dir/rosidl_typesupport_fastrtps_c/wiimote_msgs/msg/detail/ir_source_info__type_support_c.cpp.o[0m
[12.021s] [ 40%] [32mBuilding CXX object CMakeFiles/wiimote_msgs__rosidl_typesupport_c.dir/rosidl_typesupport_c/wiimote_msgs/msg/state__type_support.cpp.o[0m
[12.069s] [ 42%] [32mBuilding C object CMakeFiles/wiimote_msgs__rosidl_typesupport_introspection_c.dir/rosidl_typesupport_introspection_c/wiimote_msgs/msg/detail/state__type_support.c.o[0m
[12.214s] [ 44%] [32mBuilding CXX object CMakeFiles/wiimote_msgs__rosidl_typesupport_c.dir/rosidl_typesupport_c/wiimote_msgs/msg/timed_switch__type_support.cpp.o[0m
[12.325s] [ 46%] [32mBuilding C object CMakeFiles/wiimote_msgs__rosidl_typesupport_introspection_c.dir/rosidl_typesupport_introspection_c/wiimote_msgs/msg/detail/timed_switch__type_support.c.o[0m
[12.406s] [ 48%] [32m[1mLinking CXX shared library libwiimote_msgs__rosidl_typesupport_c.so[0m
[12.434s] [ 51%] [32mBuilding CXX object CMakeFiles/wiimote_msgs__rosidl_typesupport_fastrtps_cpp.dir/rosidl_typesupport_fastrtps_cpp/wiimote_msgs/msg/detail/dds_fastrtps/state__type_support.cpp.o[0m
[12.460s] [ 53%] [32m[1mLinking C shared library libwiimote_msgs__rosidl_typesupport_introspection_c.so[0m
[12.490s] [ 55%] [32mBuilding CXX object CMakeFiles/wiimote_msgs__rosidl_typesupport_cpp.dir/rosidl_typesupport_cpp/wiimote_msgs/msg/state__type_support.cpp.o[0m
[12.648s] [ 55%] Built target wiimote_msgs__rosidl_typesupport_c
[12.648s] [ 55%] Built target wiimote_msgs__rosidl_typesupport_introspection_c
[12.695s] [ 57%] [32mBuilding CXX object CMakeFiles/wiimote_msgs__rosidl_typesupport_fastrtps_c.dir/rosidl_typesupport_fastrtps_c/wiimote_msgs/msg/detail/state__type_support_c.cpp.o[0m
[12.709s] [ 59%] [32mBuilding CXX object CMakeFiles/wiimote_msgs__rosidl_typesupport_cpp.dir/rosidl_typesupport_cpp/wiimote_msgs/msg/timed_switch__type_support.cpp.o[0m
[12.912s] [ 61%] [32mBuilding CXX object CMakeFiles/wiimote_msgs__rosidl_typesupport_introspection_cpp.dir/rosidl_typesupport_introspection_cpp/wiimote_msgs/msg/detail/state__type_support.cpp.o[0m
[13.409s] [ 63%] [32mBuilding CXX object CMakeFiles/wiimote_msgs__rosidl_typesupport_fastrtps_cpp.dir/rosidl_typesupport_fastrtps_cpp/wiimote_msgs/msg/detail/dds_fastrtps/timed_switch__type_support.cpp.o[0m
[13.569s] [ 65%] [32mBuilding CXX object CMakeFiles/wiimote_msgs__rosidl_typesupport_introspection_cpp.dir/rosidl_typesupport_introspection_cpp/wiimote_msgs/msg/detail/timed_switch__type_support.cpp.o[0m
[13.969s] [ 68%] [32m[1mLinking CXX shared library libwiimote_msgs__rosidl_typesupport_cpp.so[0m
[14.181s] [ 68%] Built target wiimote_msgs__rosidl_typesupport_cpp
[14.254s] [ 70%] [32mBuilding CXX object CMakeFiles/wiimote_msgs__rosidl_typesupport_fastrtps_c.dir/rosidl_typesupport_fastrtps_c/wiimote_msgs/msg/detail/timed_switch__type_support_c.cpp.o[0m
[14.908s] [ 72%] [32m[1mLinking CXX shared library libwiimote_msgs__rosidl_typesupport_fastrtps_cpp.so[0m
[15.053s] [ 74%] [32m[1mLinking CXX shared library libwiimote_msgs__rosidl_typesupport_introspection_cpp.so[0m
[15.139s] [ 74%] Built target wiimote_msgs__rosidl_typesupport_fastrtps_cpp
[15.215s] [ 74%] Built target wiimote_msgs__rosidl_typesupport_introspection_cpp
[15.245s] [ 76%] [32m[1mLinking CXX shared library libwiimote_msgs__rosidl_typesupport_fastrtps_c.so[0m
[15.409s] [ 76%] Built target wiimote_msgs__rosidl_typesupport_fastrtps_c
[15.448s] [ 76%] Built target wiimote_msgs
[15.493s] [ 78%] [34m[1mGenerating Python code for ROS interfaces[0m
[18.480s] [ 78%] Built target wiimote_msgs__py
[18.520s] [ 82%] [32mBuilding C object CMakeFiles/wiimote_msgs__rosidl_generator_py.dir/rosidl_generator_py/wiimote_msgs/msg/_state_s.c.o[0m
[18.521s] [ 82%] [32mBuilding C object CMakeFiles/wiimote_msgs__rosidl_generator_py.dir/rosidl_generator_py/wiimote_msgs/msg/_ir_source_info_s.c.o[0m
[18.525s] [ 85%] [32mBuilding C object CMakeFiles/wiimote_msgs__rosidl_generator_py.dir/rosidl_generator_py/wiimote_msgs/msg/_timed_switch_s.c.o[0m
[18.824s] [ 87%] [32m[1mLinking C shared library rosidl_generator_py/wiimote_msgs/libwiimote_msgs__rosidl_generator_py.so[0m
[18.907s] [ 87%] Built target wiimote_msgs__rosidl_generator_py
[18.949s] [ 91%] [32mBuilding C object CMakeFiles/wiimote_msgs__rosidl_typesupport_c__pyext.dir/rosidl_generator_py/wiimote_msgs/_wiimote_msgs_s.ep.rosidl_typesupport_c.c.o[0m
[18.949s] [ 91%] [32mBuilding C object CMakeFiles/wiimote_msgs__rosidl_typesupport_introspection_c__pyext.dir/rosidl_generator_py/wiimote_msgs/_wiimote_msgs_s.ep.rosidl_typesupport_introspection_c.c.o[0m
[18.952s] [ 93%] [32mBuilding C object CMakeFiles/wiimote_msgs__rosidl_typesupport_fastrtps_c__pyext.dir/rosidl_generator_py/wiimote_msgs/_wiimote_msgs_s.ep.rosidl_typesupport_fastrtps_c.c.o[0m
[19.171s] [ 95%] [32m[1mLinking C shared library rosidl_generator_py/wiimote_msgs/wiimote_msgs_s__rosidl_typesupport_introspection_c.cpython-310-aarch64-linux-gnu.so[0m
[19.177s] [ 97%] [32m[1mLinking C shared library rosidl_generator_py/wiimote_msgs/wiimote_msgs_s__rosidl_typesupport_c.cpython-310-aarch64-linux-gnu.so[0m
[19.182s] [100%] [32m[1mLinking C shared library rosidl_generator_py/wiimote_msgs/wiimote_msgs_s__rosidl_typesupport_fastrtps_c.cpython-310-aarch64-linux-gnu.so[0m
[19.257s] [100%] Built target wiimote_msgs__rosidl_typesupport_introspection_c__pyext
[19.266s] [100%] Built target wiimote_msgs__rosidl_typesupport_fastrtps_c__pyext
[19.280s] [100%] Built target wiimote_msgs__rosidl_typesupport_c__pyext
