[0.029s] Invoking command in '/home/f1tenth/f1tenth_ws/build/vesc_driver': AMENT_PREFIX_PATH=/home/f1tenth/f1tenth_ws/install/vesc_msgs:${AMENT_PREFIX_PATH} CMAKE_PREFIX_PATH=/home/f1tenth/f1tenth_ws/install/vesc_msgs:/opt/ros/humble LD_LIBRARY_PATH=/home/f1tenth/f1tenth_ws/install/vesc_msgs/lib:/opt/ros/humble/opt/rviz_ogre_vendor/lib:/opt/ros/humble/lib/aarch64-linux-gnu:/opt/ros/humble/lib:/usr/local/cuda-12.2/lib64:/usr/local/cuda-12.2/lib64 PYTHONPATH=/home/f1tenth/f1tenth_ws/install/vesc_msgs/local/lib/python3.10/dist-packages:${PYTHONPATH} /usr/bin/cmake --build /home/f1tenth/f1tenth_ws/build/vesc_driver -- -j6 -l6
[0.173s] [ 20%] Built target vesc_driver_node
[0.196s] [ 70%] Built target vesc_driver
[0.241s] [100%] Built target vesc_device_namer
[0.264s] Invoked command in '/home/f1tenth/f1tenth_ws/build/vesc_driver' returned '0': AMENT_PREFIX_PATH=/home/f1tenth/f1tenth_ws/install/vesc_msgs:${AMENT_PREFIX_PATH} CMAKE_PREFIX_PATH=/home/f1tenth/f1tenth_ws/install/vesc_msgs:/opt/ros/humble LD_LIBRARY_PATH=/home/f1tenth/f1tenth_ws/install/vesc_msgs/lib:/opt/ros/humble/opt/rviz_ogre_vendor/lib:/opt/ros/humble/lib/aarch64-linux-gnu:/opt/ros/humble/lib:/usr/local/cuda-12.2/lib64:/usr/local/cuda-12.2/lib64 PYTHONPATH=/home/f1tenth/f1tenth_ws/install/vesc_msgs/local/lib/python3.10/dist-packages:${PYTHONPATH} /usr/bin/cmake --build /home/f1tenth/f1tenth_ws/build/vesc_driver -- -j6 -l6
[0.341s] Invoking command in '/home/f1tenth/f1tenth_ws/build/vesc_driver': AMENT_PREFIX_PATH=/home/f1tenth/f1tenth_ws/install/vesc_msgs:${AMENT_PREFIX_PATH} CMAKE_PREFIX_PATH=/home/f1tenth/f1tenth_ws/install/vesc_msgs:/opt/ros/humble LD_LIBRARY_PATH=/home/f1tenth/f1tenth_ws/install/vesc_msgs/lib:/opt/ros/humble/opt/rviz_ogre_vendor/lib:/opt/ros/humble/lib/aarch64-linux-gnu:/opt/ros/humble/lib:/usr/local/cuda-12.2/lib64:/usr/local/cuda-12.2/lib64 PYTHONPATH=/home/f1tenth/f1tenth_ws/install/vesc_msgs/local/lib/python3.10/dist-packages:${PYTHONPATH} /usr/bin/cmake --install /home/f1tenth/f1tenth_ws/build/vesc_driver
[0.357s] -- Install configuration: ""
[0.361s] -- Up-to-date: /home/f1tenth/f1tenth_ws/install/vesc_driver/lib/vesc_driver/vesc_driver_node
[0.362s] -- Up-to-date: /home/f1tenth/f1tenth_ws/install/vesc_driver/include
[0.362s] -- Up-to-date: /home/f1tenth/f1tenth_ws/install/vesc_driver/include/vesc_driver
[0.363s] -- Up-to-date: /home/f1tenth/f1tenth_ws/install/vesc_driver/include/vesc_driver/datatypes.hpp
[0.363s] -- Up-to-date: /home/f1tenth/f1tenth_ws/install/vesc_driver/include/vesc_driver/vesc_device_uuid_lookup.hpp
[0.363s] -- Up-to-date: /home/f1tenth/f1tenth_ws/install/vesc_driver/include/vesc_driver/crc.hpp
[0.364s] -- Up-to-date: /home/f1tenth/f1tenth_ws/install/vesc_driver/include/vesc_driver/vesc_driver.hpp
[0.364s] -- Up-to-date: /home/f1tenth/f1tenth_ws/install/vesc_driver/include/vesc_driver/vesc_interface.hpp
[0.364s] -- Up-to-date: /home/f1tenth/f1tenth_ws/install/vesc_driver/include/vesc_driver/vesc_packet.hpp
[0.365s] -- Up-to-date: /home/f1tenth/f1tenth_ws/install/vesc_driver/include/vesc_driver/vesc_packet_factory.hpp
[0.365s] -- Up-to-date: /home/f1tenth/f1tenth_ws/install/vesc_driver/share/vesc_driver/environment/library_path.sh
[0.365s] -- Up-to-date: /home/f1tenth/f1tenth_ws/install/vesc_driver/share/vesc_driver/environment/library_path.dsv
[0.366s] -- Up-to-date: /home/f1tenth/f1tenth_ws/install/vesc_driver/lib/libvesc_driver.so
[0.367s] -- Up-to-date: /home/f1tenth/f1tenth_ws/install/vesc_driver/lib/vesc_driver/vesc_device_namer
[0.368s] -- Up-to-date: /home/f1tenth/f1tenth_ws/install/vesc_driver/share/vesc_driver/launch
[0.368s] -- Up-to-date: /home/f1tenth/f1tenth_ws/install/vesc_driver/share/vesc_driver/launch/vesc_driver_node.launch.py
[0.368s] -- Up-to-date: /home/f1tenth/f1tenth_ws/install/vesc_driver/share/vesc_driver/params
[0.368s] -- Up-to-date: /home/f1tenth/f1tenth_ws/install/vesc_driver/share/vesc_driver/params/vesc_config.yaml
[0.369s] -- Up-to-date: /home/f1tenth/f1tenth_ws/install/vesc_driver/share/ament_index/resource_index/package_run_dependencies/vesc_driver
[0.370s] -- Up-to-date: /home/f1tenth/f1tenth_ws/install/vesc_driver/share/ament_index/resource_index/parent_prefix_path/vesc_driver
[0.370s] -- Up-to-date: /home/f1tenth/f1tenth_ws/install/vesc_driver/share/vesc_driver/environment/ament_prefix_path.sh
[0.370s] -- Up-to-date: /home/f1tenth/f1tenth_ws/install/vesc_driver/share/vesc_driver/environment/ament_prefix_path.dsv
[0.374s] -- Up-to-date: /home/f1tenth/f1tenth_ws/install/vesc_driver/share/vesc_driver/environment/path.sh
[0.374s] -- Up-to-date: /home/f1tenth/f1tenth_ws/install/vesc_driver/share/vesc_driver/environment/path.dsv
[0.374s] -- Up-to-date: /home/f1tenth/f1tenth_ws/install/vesc_driver/share/vesc_driver/local_setup.bash
[0.374s] -- Up-to-date: /home/f1tenth/f1tenth_ws/install/vesc_driver/share/vesc_driver/local_setup.sh
[0.374s] -- Up-to-date: /home/f1tenth/f1tenth_ws/install/vesc_driver/share/vesc_driver/local_setup.zsh
[0.374s] -- Up-to-date: /home/f1tenth/f1tenth_ws/install/vesc_driver/share/vesc_driver/local_setup.dsv
[0.374s] -- Installing: /home/f1tenth/f1tenth_ws/install/vesc_driver/share/vesc_driver/package.dsv
[0.375s] -- Up-to-date: /home/f1tenth/f1tenth_ws/install/vesc_driver/share/ament_index/resource_index/packages/vesc_driver
[0.375s] -- Up-to-date: /home/f1tenth/f1tenth_ws/install/vesc_driver/share/ament_index/resource_index/rclcpp_components/vesc_driver
[0.377s] -- Up-to-date: /home/f1tenth/f1tenth_ws/install/vesc_driver/share/vesc_driver/cmake/ament_cmake_export_dependencies-extras.cmake
[0.378s] -- Up-to-date: /home/f1tenth/f1tenth_ws/install/vesc_driver/share/vesc_driver/cmake/ament_cmake_export_include_directories-extras.cmake
[0.378s] -- Up-to-date: /home/f1tenth/f1tenth_ws/install/vesc_driver/share/vesc_driver/cmake/ament_cmake_export_libraries-extras.cmake
[0.378s] -- Up-to-date: /home/f1tenth/f1tenth_ws/install/vesc_driver/share/vesc_driver/cmake/vesc_driverConfig.cmake
[0.378s] -- Up-to-date: /home/f1tenth/f1tenth_ws/install/vesc_driver/share/vesc_driver/cmake/vesc_driverConfig-version.cmake
[0.379s] -- Up-to-date: /home/f1tenth/f1tenth_ws/install/vesc_driver/share/vesc_driver/package.xml
[0.396s] Invoked command in '/home/f1tenth/f1tenth_ws/build/vesc_driver' returned '0': AMENT_PREFIX_PATH=/home/f1tenth/f1tenth_ws/install/vesc_msgs:${AMENT_PREFIX_PATH} CMAKE_PREFIX_PATH=/home/f1tenth/f1tenth_ws/install/vesc_msgs:/opt/ros/humble LD_LIBRARY_PATH=/home/f1tenth/f1tenth_ws/install/vesc_msgs/lib:/opt/ros/humble/opt/rviz_ogre_vendor/lib:/opt/ros/humble/lib/aarch64-linux-gnu:/opt/ros/humble/lib:/usr/local/cuda-12.2/lib64:/usr/local/cuda-12.2/lib64 PYTHONPATH=/home/f1tenth/f1tenth_ws/install/vesc_msgs/local/lib/python3.10/dist-packages:${PYTHONPATH} /usr/bin/cmake --install /home/f1tenth/f1tenth_ws/build/vesc_driver
