[2.682s] Invoking command in '/home/f1tenth/f1tenth_ws/src/f1tenth_system/teleop_tools/key_teleop': NX_CONNECTION=10.26.194.235 53856 10.26.198.24 4000 PYTHONPATH=/home/f1tenth/f1tenth_ws/build/key_teleop/prefix_override:/usr/lib/python3/dist-packages/colcon_core/task/python/colcon_distutils_commands:/home/f1tenth/f1tenth_ws/install/key_teleop/lib/python3.10/site-packages:${PYTHONPATH} /usr/bin/python3 -W ignore:setup.py install is deprecated setup.py egg_info --egg-base ../../../../build/key_teleop build --build-base /home/f1tenth/f1tenth_ws/build/key_teleop/build install --record /home/f1tenth/f1tenth_ws/build/key_teleop/install.log --install-scripts $base/lib/key_teleop --single-version-externally-managed install_data
[3.252s] /usr/lib/python3/dist-packages/setuptools/dist.py:723: UserWarning: Usage of dash-separated 'script-dir' will not be supported in future versions. Please use the underscore name 'script_dir' instead
[3.252s]   warnings.warn(
[3.275s] running egg_info
[3.276s] writing ../../../../build/key_teleop/key_teleop.egg-info/PKG-INFO
[3.276s] writing dependency_links to ../../../../build/key_teleop/key_teleop.egg-info/dependency_links.txt
[3.276s] writing entry points to ../../../../build/key_teleop/key_teleop.egg-info/entry_points.txt
[3.276s] writing requirements to ../../../../build/key_teleop/key_teleop.egg-info/requires.txt
[3.276s] writing top-level names to ../../../../build/key_teleop/key_teleop.egg-info/top_level.txt
[3.281s] reading manifest file '../../../../build/key_teleop/key_teleop.egg-info/SOURCES.txt'
[3.281s] adding license file 'LICENSE'
[3.282s] writing manifest file '../../../../build/key_teleop/key_teleop.egg-info/SOURCES.txt'
[3.283s] running build
[3.283s] running build_py
[3.283s] running install
[3.284s] running install_lib
[3.287s] running install_data
[3.287s] running install_egg_info
[3.293s] removing '/home/f1tenth/f1tenth_ws/install/key_teleop/lib/python3.10/site-packages/key_teleop-0.3.0-py3.10.egg-info' (and everything under it)
[3.293s] Copying ../../../../build/key_teleop/key_teleop.egg-info to /home/f1tenth/f1tenth_ws/install/key_teleop/lib/python3.10/site-packages/key_teleop-0.3.0-py3.10.egg-info
[3.295s] running install_scripts
[3.396s] Installing key_teleop script to /home/f1tenth/f1tenth_ws/install/key_teleop/lib/key_teleop
[3.396s] writing list of installed files to '/home/f1tenth/f1tenth_ws/build/key_teleop/install.log'
[3.508s] Invoked command in '/home/f1tenth/f1tenth_ws/src/f1tenth_system/teleop_tools/key_teleop' returned '0': NX_CONNECTION=10.26.194.235 53856 10.26.198.24 4000 PYTHONPATH=/home/f1tenth/f1tenth_ws/build/key_teleop/prefix_override:/usr/lib/python3/dist-packages/colcon_core/task/python/colcon_distutils_commands:/home/f1tenth/f1tenth_ws/install/key_teleop/lib/python3.10/site-packages:${PYTHONPATH} /usr/bin/python3 -W ignore:setup.py install is deprecated setup.py egg_info --egg-base ../../../../build/key_teleop build --build-base /home/f1tenth/f1tenth_ws/build/key_teleop/build install --record /home/f1tenth/f1tenth_ws/build/key_teleop/install.log --install-scripts $base/lib/key_teleop --single-version-externally-managed install_data
