[0.019s] Invoking command in '/home/f1tenth/f1tenth_ws/build/wiimote': AMENT_PREFIX_PATH=/home/f1tenth/f1tenth_ws/install/wiimote_msgs:${AMENT_PREFIX_PATH} CMAKE_PREFIX_PATH=/home/f1tenth/f1tenth_ws/install/wiimote_msgs:/opt/ros/humble LD_LIBRARY_PATH=/home/f1tenth/f1tenth_ws/install/wiimote_msgs/lib:/opt/ros/humble/opt/rviz_ogre_vendor/lib:/opt/ros/humble/lib/aarch64-linux-gnu:/opt/ros/humble/lib:/usr/local/cuda-12.2/lib64:/usr/local/cuda-12.2/lib64 PYTHONPATH=/home/f1tenth/f1tenth_ws/install/wiimote_msgs/local/lib/python3.10/dist-packages:${PYTHONPATH} /usr/bin/cmake /home/f1tenth/f1tenth_ws/src/f1tenth_system/joystick_drivers/wiimote -DCMAKE_INSTALL_PREFIX=/home/f1tenth/f1tenth_ws/install/wiimote
[0.127s] -- The C compiler identification is GNU 11.4.0
[0.242s] -- The CXX compiler identification is GNU 11.4.0
[0.258s] -- Detecting C compiler ABI info
[0.417s] -- Detecting C compiler ABI info - done
[0.428s] -- Check for working C compiler: /usr/bin/cc - skipped
[0.428s] -- Detecting C compile features
[0.429s] -- Detecting C compile features - done
[0.435s] -- Detecting CXX compiler ABI info
[0.605s] -- Detecting CXX compiler ABI info - done
[0.624s] -- Check for working CXX compiler: /usr/bin/c++ - skipped
[0.625s] -- Detecting CXX compile features
[0.627s] -- Detecting CXX compile features - done
[0.644s] -- Found bluetooth library.
[0.644s] -- Found bluetooth header.
[0.647s] -- Found cwiid library.
[0.648s] -- Found cwiid header.
[0.652s] -- Found ament_cmake: 1.3.9 (/opt/ros/humble/share/ament_cmake/cmake)
[0.983s] -- Found Python3: /usr/bin/python3 (found version "3.10.12") found components: Interpreter 
[1.192s] -- Found geometry_msgs: 4.2.3 (/opt/ros/humble/share/geometry_msgs/cmake)
[1.261s] -- Found rosidl_generator_c: 3.1.5 (/opt/ros/humble/share/rosidl_generator_c/cmake)
[1.271s] -- Found rosidl_adapter: 3.1.5 (/opt/ros/humble/share/rosidl_adapter/cmake)
[1.295s] -- Found rosidl_generator_cpp: 3.1.5 (/opt/ros/humble/share/rosidl_generator_cpp/cmake)
[1.325s] -- Using all available rosidl_typesupport_c: rosidl_typesupport_fastrtps_c;rosidl_typesupport_introspection_c
[1.366s] -- Using all available rosidl_typesupport_cpp: rosidl_typesupport_fastrtps_cpp;rosidl_typesupport_introspection_cpp
[1.623s] -- Found rclcpp: 16.0.9 (/opt/ros/humble/share/rclcpp/cmake)
[1.745s] -- Found rmw_implementation_cmake: 6.1.2 (/opt/ros/humble/share/rmw_implementation_cmake/cmake)
[1.750s] -- Found rmw_fastrtps_cpp: 6.2.6 (/opt/ros/humble/share/rmw_fastrtps_cpp/cmake)
[1.968s] -- Found OpenSSL: /usr/lib/aarch64-linux-gnu/libcrypto.so (found version "3.0.2")  
[2.025s] -- Found FastRTPS: /opt/ros/humble/include  
[2.127s] -- Using RMW implementation 'rmw_fastrtps_cpp' as default
[2.146s] -- Looking for pthread.h
[2.320s] -- Looking for pthread.h - found
[2.321s] -- Performing Test CMAKE_HAVE_LIBC_PTHREAD
[2.533s] -- Performing Test CMAKE_HAVE_LIBC_PTHREAD - Success
[2.533s] -- Found Threads: TRUE  
[2.819s] -- Found rclcpp_components: 16.0.9 (/opt/ros/humble/share/rclcpp_components/cmake)
[2.952s] -- Found rclcpp_lifecycle: 16.0.9 (/opt/ros/humble/share/rclcpp_lifecycle/cmake)
[3.043s] -- Found sensor_msgs: 4.2.3 (/opt/ros/humble/share/sensor_msgs/cmake)
[3.210s] -- Found std_srvs: 4.2.3 (/opt/ros/humble/share/std_srvs/cmake)
[3.249s] -- Found wiimote_msgs: 3.3.0 (/home/f1tenth/f1tenth_ws/install/wiimote_msgs/share/wiimote_msgs/cmake)
[3.425s] -- Found ament_lint_auto: 0.12.11 (/opt/ros/humble/share/ament_lint_auto/cmake)
[3.629s] -- Added test 'copyright' to check source files copyright and LICENSE
[3.635s] -- Added test 'cppcheck' to perform static code analysis on C / C++ code
[3.637s] -- Configured cppcheck include dirs: $<BUILD_INTERFACE:/home/f1tenth/f1tenth_ws/src/f1tenth_system/joystick_drivers/wiimote/include>
[3.638s] -- Configured cppcheck exclude dirs and/or files: 
[3.643s] -- Added test 'cpplint' to check C / C++ code against the Google style
[3.644s] -- Configured cpplint exclude dirs and/or files: 
[3.646s] -- Added test 'flake8' to check Python code syntax and style conventions
[3.649s] -- Added test 'lint_cmake' to check CMake code style
[3.652s] -- Added test 'pep257' to check Python code against some of the docstring style conventions in PEP 257
[3.657s] -- Added test 'uncrustify' to check C / C++ code style
[3.658s] -- Configured uncrustify additional arguments: 
[3.661s] -- Added test 'xmllint' to check XML markup files
[3.674s] -- Configuring done
[3.783s] -- Generating done
[3.799s] -- Build files have been written to: /home/f1tenth/f1tenth_ws/build/wiimote
[3.837s] Invoked command in '/home/f1tenth/f1tenth_ws/build/wiimote' returned '0': AMENT_PREFIX_PATH=/home/f1tenth/f1tenth_ws/install/wiimote_msgs:${AMENT_PREFIX_PATH} CMAKE_PREFIX_PATH=/home/f1tenth/f1tenth_ws/install/wiimote_msgs:/opt/ros/humble LD_LIBRARY_PATH=/home/f1tenth/f1tenth_ws/install/wiimote_msgs/lib:/opt/ros/humble/opt/rviz_ogre_vendor/lib:/opt/ros/humble/lib/aarch64-linux-gnu:/opt/ros/humble/lib:/usr/local/cuda-12.2/lib64:/usr/local/cuda-12.2/lib64 PYTHONPATH=/home/f1tenth/f1tenth_ws/install/wiimote_msgs/local/lib/python3.10/dist-packages:${PYTHONPATH} /usr/bin/cmake /home/f1tenth/f1tenth_ws/src/f1tenth_system/joystick_drivers/wiimote -DCMAKE_INSTALL_PREFIX=/home/f1tenth/f1tenth_ws/install/wiimote
[3.838s] Invoking command in '/home/f1tenth/f1tenth_ws/build/wiimote': AMENT_PREFIX_PATH=/home/f1tenth/f1tenth_ws/install/wiimote_msgs:${AMENT_PREFIX_PATH} CMAKE_PREFIX_PATH=/home/f1tenth/f1tenth_ws/install/wiimote_msgs:/opt/ros/humble LD_LIBRARY_PATH=/home/f1tenth/f1tenth_ws/install/wiimote_msgs/lib:/opt/ros/humble/opt/rviz_ogre_vendor/lib:/opt/ros/humble/lib/aarch64-linux-gnu:/opt/ros/humble/lib:/usr/local/cuda-12.2/lib64:/usr/local/cuda-12.2/lib64 PYTHONPATH=/home/f1tenth/f1tenth_ws/install/wiimote_msgs/local/lib/python3.10/dist-packages:${PYTHONPATH} /usr/bin/cmake --build /home/f1tenth/f1tenth_ws/build/wiimote -- -j6 -l6
[3.991s] [ 11%] [32mBuilding CXX object CMakeFiles/wiimote_lib.dir/src/stat_vector_3d.cpp.o[0m
[4.004s] [ 22%] [32mBuilding CXX object CMakeFiles/wiimote_lib.dir/src/wiimote_controller.cpp.o[0m
[4.050s] [ 33%] [32mBuilding CXX object CMakeFiles/teleop_wiimote_node.dir/rclcpp_components/node_main_teleop_wiimote_node.cpp.o[0m
[4.056s] [ 44%] [32mBuilding CXX object CMakeFiles/wiimote_node.dir/rclcpp_components/node_main_wiimote_node.cpp.o[0m
[4.085s] [ 55%] [32mBuilding CXX object CMakeFiles/teleop_wiimote.dir/src/teleop_wiimote.cpp.o[0m
[15.579s] [ 66%] [32m[1mLinking CXX executable teleop_wiimote_node[0m
[15.688s] [ 77%] [32m[1mLinking CXX executable wiimote_node[0m
[16.019s] [ 77%] Built target teleop_wiimote_node
[16.113s] [ 77%] Built target wiimote_node
[36.212s] [ 88%] [32m[1mLinking CXX shared library libwiimote_lib.so[0m
[36.395s] [100%] [32m[1mLinking CXX shared library libteleop_wiimote.so[0m
[37.514s] [100%] Built target wiimote_lib
[37.789s] [100%] Built target teleop_wiimote
[37.815s] Invoked command in '/home/f1tenth/f1tenth_ws/build/wiimote' returned '0': AMENT_PREFIX_PATH=/home/f1tenth/f1tenth_ws/install/wiimote_msgs:${AMENT_PREFIX_PATH} CMAKE_PREFIX_PATH=/home/f1tenth/f1tenth_ws/install/wiimote_msgs:/opt/ros/humble LD_LIBRARY_PATH=/home/f1tenth/f1tenth_ws/install/wiimote_msgs/lib:/opt/ros/humble/opt/rviz_ogre_vendor/lib:/opt/ros/humble/lib/aarch64-linux-gnu:/opt/ros/humble/lib:/usr/local/cuda-12.2/lib64:/usr/local/cuda-12.2/lib64 PYTHONPATH=/home/f1tenth/f1tenth_ws/install/wiimote_msgs/local/lib/python3.10/dist-packages:${PYTHONPATH} /usr/bin/cmake --build /home/f1tenth/f1tenth_ws/build/wiimote -- -j6 -l6
[37.882s] Invoking command in '/home/f1tenth/f1tenth_ws/build/wiimote': AMENT_PREFIX_PATH=/home/f1tenth/f1tenth_ws/install/wiimote_msgs:${AMENT_PREFIX_PATH} CMAKE_PREFIX_PATH=/home/f1tenth/f1tenth_ws/install/wiimote_msgs:/opt/ros/humble LD_LIBRARY_PATH=/home/f1tenth/f1tenth_ws/install/wiimote_msgs/lib:/opt/ros/humble/opt/rviz_ogre_vendor/lib:/opt/ros/humble/lib/aarch64-linux-gnu:/opt/ros/humble/lib:/usr/local/cuda-12.2/lib64:/usr/local/cuda-12.2/lib64 PYTHONPATH=/home/f1tenth/f1tenth_ws/install/wiimote_msgs/local/lib/python3.10/dist-packages:${PYTHONPATH} /usr/bin/cmake --install /home/f1tenth/f1tenth_ws/build/wiimote
[37.900s] -- Install configuration: ""
[37.900s] -- Installing: /home/f1tenth/f1tenth_ws/install/wiimote/lib/wiimote/wiimote_node
[37.902s] -- Set runtime path of "/home/f1tenth/f1tenth_ws/install/wiimote/lib/wiimote/wiimote_node" to ""
[37.902s] -- Installing: /home/f1tenth/f1tenth_ws/install/wiimote/lib/wiimote/teleop_wiimote_node
[37.903s] -- Set runtime path of "/home/f1tenth/f1tenth_ws/install/wiimote/lib/wiimote/teleop_wiimote_node" to ""
[37.903s] -- Installing: /home/f1tenth/f1tenth_ws/install/wiimote/lib/libwiimote_lib.so
[37.923s] -- Set runtime path of "/home/f1tenth/f1tenth_ws/install/wiimote/lib/libwiimote_lib.so" to ""
[37.923s] -- Installing: /home/f1tenth/f1tenth_ws/install/wiimote/lib/libteleop_wiimote.so
[37.944s] -- Set runtime path of "/home/f1tenth/f1tenth_ws/install/wiimote/lib/libteleop_wiimote.so" to ""
[37.944s] -- Installing: /home/f1tenth/f1tenth_ws/install/wiimote/include/wiimote
[37.944s] -- Installing: /home/f1tenth/f1tenth_ws/install/wiimote/include/wiimote/wiimote
[37.945s] -- Installing: /home/f1tenth/f1tenth_ws/install/wiimote/include/wiimote/wiimote/wiimote_controller.hpp
[37.945s] -- Installing: /home/f1tenth/f1tenth_ws/install/wiimote/include/wiimote/wiimote/stat_vector_3d.hpp
[37.945s] -- Installing: /home/f1tenth/f1tenth_ws/install/wiimote/include/wiimote/wiimote/teleop_wiimote.hpp
[37.945s] -- Installing: /home/f1tenth/f1tenth_ws/install/wiimote/share/wiimote/launch
[37.945s] -- Installing: /home/f1tenth/f1tenth_ws/install/wiimote/share/wiimote/launch/turtlesim.launch.py
[37.946s] -- Installing: /home/f1tenth/f1tenth_ws/install/wiimote/share/wiimote/launch/feedback_test.launch.py
[37.946s] -- Installing: /home/f1tenth/f1tenth_ws/install/wiimote/share/wiimote/launch/wiimote_lifecycle.launch.py
[37.946s] -- Installing: /home/f1tenth/f1tenth_ws/install/wiimote/share/wiimote/config
[37.946s] -- Installing: /home/f1tenth/f1tenth_ws/install/wiimote/share/wiimote/config/teleop_wiimote_params.yaml
[37.946s] -- Installing: /home/f1tenth/f1tenth_ws/install/wiimote/share/wiimote/config/wiimote_params.yaml
[37.947s] -- Up-to-date: /home/f1tenth/f1tenth_ws/install/wiimote/lib/wiimote/wiimote_node
[37.947s] -- Installing: /home/f1tenth/f1tenth_ws/install/wiimote/lib/wiimote/feedback_tester.py
[37.947s] -- Installing: /home/f1tenth/f1tenth_ws/install/wiimote/share/ament_index/resource_index/package_run_dependencies/wiimote
[37.948s] -- Installing: /home/f1tenth/f1tenth_ws/install/wiimote/share/ament_index/resource_index/parent_prefix_path/wiimote
[37.948s] -- Installing: /home/f1tenth/f1tenth_ws/install/wiimote/share/wiimote/environment/ament_prefix_path.sh
[37.948s] -- Installing: /home/f1tenth/f1tenth_ws/install/wiimote/share/wiimote/environment/ament_prefix_path.dsv
[37.948s] -- Installing: /home/f1tenth/f1tenth_ws/install/wiimote/share/wiimote/environment/path.sh
[37.949s] -- Installing: /home/f1tenth/f1tenth_ws/install/wiimote/share/wiimote/environment/path.dsv
[37.949s] -- Installing: /home/f1tenth/f1tenth_ws/install/wiimote/share/wiimote/local_setup.bash
[37.949s] -- Installing: /home/f1tenth/f1tenth_ws/install/wiimote/share/wiimote/local_setup.sh
[37.949s] -- Installing: /home/f1tenth/f1tenth_ws/install/wiimote/share/wiimote/local_setup.zsh
[37.950s] -- Installing: /home/f1tenth/f1tenth_ws/install/wiimote/share/wiimote/local_setup.dsv
[37.950s] -- Installing: /home/f1tenth/f1tenth_ws/install/wiimote/share/wiimote/package.dsv
[37.950s] -- Installing: /home/f1tenth/f1tenth_ws/install/wiimote/share/ament_index/resource_index/packages/wiimote
[37.951s] -- Installing: /home/f1tenth/f1tenth_ws/install/wiimote/share/ament_index/resource_index/rclcpp_components/wiimote
[37.951s] -- Installing: /home/f1tenth/f1tenth_ws/install/wiimote/share/wiimote/cmake/export_wiimoteExport.cmake
[37.951s] -- Installing: /home/f1tenth/f1tenth_ws/install/wiimote/share/wiimote/cmake/export_wiimoteExport-noconfig.cmake
[37.951s] -- Installing: /home/f1tenth/f1tenth_ws/install/wiimote/share/wiimote/cmake/wiimote-extras.cmake
[37.952s] -- Installing: /home/f1tenth/f1tenth_ws/install/wiimote/share/wiimote/cmake/ament_cmake_export_targets-extras.cmake
[37.953s] -- Installing: /home/f1tenth/f1tenth_ws/install/wiimote/share/wiimote/cmake/ament_cmake_export_dependencies-extras.cmake
[37.953s] -- Installing: /home/f1tenth/f1tenth_ws/install/wiimote/share/wiimote/cmake/wiimoteConfig.cmake
[37.953s] -- Installing: /home/f1tenth/f1tenth_ws/install/wiimote/share/wiimote/cmake/wiimoteConfig-version.cmake
[37.953s] -- Installing: /home/f1tenth/f1tenth_ws/install/wiimote/share/wiimote/package.xml
[37.958s] Invoked command in '/home/f1tenth/f1tenth_ws/build/wiimote' returned '0': AMENT_PREFIX_PATH=/home/f1tenth/f1tenth_ws/install/wiimote_msgs:${AMENT_PREFIX_PATH} CMAKE_PREFIX_PATH=/home/f1tenth/f1tenth_ws/install/wiimote_msgs:/opt/ros/humble LD_LIBRARY_PATH=/home/f1tenth/f1tenth_ws/install/wiimote_msgs/lib:/opt/ros/humble/opt/rviz_ogre_vendor/lib:/opt/ros/humble/lib/aarch64-linux-gnu:/opt/ros/humble/lib:/usr/local/cuda-12.2/lib64:/usr/local/cuda-12.2/lib64 PYTHONPATH=/home/f1tenth/f1tenth_ws/install/wiimote_msgs/local/lib/python3.10/dist-packages:${PYTHONPATH} /usr/bin/cmake --install /home/f1tenth/f1tenth_ws/build/wiimote
