-- Found ament_cmake: 1.3.9 (/opt/ros/humble/share/ament_cmake/cmake)
-- Found ament_cmake_auto: 1.3.9 (/opt/ros/humble/share/ament_cmake_auto/cmake)
-- Found rosidl_generator_c: 3.1.5 (/opt/ros/humble/share/rosidl_generator_c/cmake)
-- Found rosidl_adapter: 3.1.5 (/opt/ros/humble/share/rosidl_adapter/cmake)
-- Found rosidl_generator_cpp: 3.1.5 (/opt/ros/humble/share/rosidl_generator_cpp/cmake)
-- Using all available rosidl_typesupport_c: rosidl_typesupport_fastrtps_c;rosidl_typesupport_introspection_c
-- Using all available rosidl_typesupport_cpp: rosidl_typesupport_fastrtps_cpp;rosidl_typesupport_introspection_cpp
-- Found ament_lint_auto: 0.12.11 (/opt/ros/humble/share/ament_lint_auto/cmake)
-- Found ament_cmake_ros: 0.10.0 (/opt/ros/humble/share/ament_cmake_ros/cmake)
-- Using all available rosidl_typesupport_c: rosidl_typesupport_fastrtps_c;rosidl_typesupport_introspection_c
-- Using all available rosidl_typesupport_cpp: rosidl_typesupport_fastrtps_cpp;rosidl_typesupport_introspection_cpp
-- Found python_cmake_module: 0.10.0 (/opt/ros/humble/share/python_cmake_module/cmake)
-- Using PYTHON_EXECUTABLE: /usr/bin/python3
-- Using PYTHON_INCLUDE_DIRS: /usr/include/python3.10
-- Using PYTHON_LIBRARIES: /usr/lib/aarch64-linux-gnu/libpython3.10.so
-- Added test 'copyright' to check source files copyright and LICENSE
-- Added test 'lint_cmake' to check CMake code style
-- Added test 'xmllint' to check XML markup files
-- Configuring done
-- Generating done
-- Build files have been written to: /home/f1tenth/f1tenth_ws/build/wiimote_msgs
[35m[1mConsolidate compiler generated dependencies of target wiimote_msgs__rosidl_generator_c[0m
[ 10%] Built target wiimote_msgs__rosidl_generator_c
[ 12%] Built target wiimote_msgs__cpp
[35m[1mConsolidate compiler generated dependencies of target wiimote_msgs__rosidl_typesupport_introspection_c[0m
[35m[1mConsolidate compiler generated dependencies of target wiimote_msgs__rosidl_typesupport_c[0m
[ 12%] Built target ament_cmake_python_copy_wiimote_msgs
[35m[1mConsolidate compiler generated dependencies of target wiimote_msgs__rosidl_typesupport_fastrtps_c[0m
[35m[1mConsolidate compiler generated dependencies of target wiimote_msgs__rosidl_typesupport_introspection_cpp[0m
[35m[1mConsolidate compiler generated dependencies of target wiimote_msgs__rosidl_typesupport_cpp[0m
[ 23%] Built target wiimote_msgs__rosidl_typesupport_introspection_c
[ 34%] Built target wiimote_msgs__rosidl_typesupport_fastrtps_c
[ 44%] Built target wiimote_msgs__rosidl_typesupport_introspection_cpp
[ 55%] Built target wiimote_msgs__rosidl_typesupport_c
[35m[1mConsolidate compiler generated dependencies of target wiimote_msgs__rosidl_typesupport_fastrtps_cpp[0m
[ 65%] Built target wiimote_msgs__rosidl_typesupport_cpp
[ 76%] Built target wiimote_msgs__rosidl_typesupport_fastrtps_cpp
[ 76%] Built target wiimote_msgs
[ 78%] Built target wiimote_msgs__py
[35m[1mConsolidate compiler generated dependencies of target wiimote_msgs__rosidl_generator_py[0m
[ 87%] Built target wiimote_msgs__rosidl_generator_py
[35m[1mConsolidate compiler generated dependencies of target wiimote_msgs__rosidl_typesupport_fastrtps_c__pyext[0m
[35m[1mConsolidate compiler generated dependencies of target wiimote_msgs__rosidl_typesupport_introspection_c__pyext[0m
[35m[1mConsolidate compiler generated dependencies of target wiimote_msgs__rosidl_typesupport_c__pyext[0m
running egg_info
writing wiimote_msgs.egg-info/PKG-INFO
writing dependency_links to wiimote_msgs.egg-info/dependency_links.txt
writing top-level names to wiimote_msgs.egg-info/top_level.txt
reading manifest file 'wiimote_msgs.egg-info/SOURCES.txt'
writing manifest file 'wiimote_msgs.egg-info/SOURCES.txt'
[ 91%] Built target wiimote_msgs__rosidl_typesupport_fastrtps_c__pyext
[ 95%] Built target wiimote_msgs__rosidl_typesupport_c__pyext
[100%] Built target wiimote_msgs__rosidl_typesupport_introspection_c__pyext
[100%] Built target ament_cmake_python_build_wiimote_msgs_egg
-- Install configuration: ""
-- Installing: /home/f1tenth/f1tenth_ws/install/wiimote_msgs/share/ament_index/resource_index/rosidl_interfaces/wiimote_msgs
-- Installing: /home/f1tenth/f1tenth_ws/install/wiimote_msgs/include/wiimote_msgs/wiimote_msgs
-- Installing: /home/f1tenth/f1tenth_ws/install/wiimote_msgs/include/wiimote_msgs/wiimote_msgs/msg
-- Installing: /home/f1tenth/f1tenth_ws/install/wiimote_msgs/include/wiimote_msgs/wiimote_msgs/msg/state.h
-- Installing: /home/f1tenth/f1tenth_ws/install/wiimote_msgs/include/wiimote_msgs/wiimote_msgs/msg/timed_switch.h
-- Installing: /home/f1tenth/f1tenth_ws/install/wiimote_msgs/include/wiimote_msgs/wiimote_msgs/msg/ir_source_info.h
-- Installing: /home/f1tenth/f1tenth_ws/install/wiimote_msgs/include/wiimote_msgs/wiimote_msgs/msg/rosidl_generator_c__visibility_control.h
-- Installing: /home/f1tenth/f1tenth_ws/install/wiimote_msgs/include/wiimote_msgs/wiimote_msgs/msg/detail
-- Installing: /home/f1tenth/f1tenth_ws/install/wiimote_msgs/include/wiimote_msgs/wiimote_msgs/msg/detail/state__functions.c
-- Installing: /home/f1tenth/f1tenth_ws/install/wiimote_msgs/include/wiimote_msgs/wiimote_msgs/msg/detail/timed_switch__functions.c
-- Installing: /home/f1tenth/f1tenth_ws/install/wiimote_msgs/include/wiimote_msgs/wiimote_msgs/msg/detail/timed_switch__type_support.h
-- Installing: /home/f1tenth/f1tenth_ws/install/wiimote_msgs/include/wiimote_msgs/wiimote_msgs/msg/detail/timed_switch__struct.h
-- Installing: /home/f1tenth/f1tenth_ws/install/wiimote_msgs/include/wiimote_msgs/wiimote_msgs/msg/detail/ir_source_info__struct.h
-- Installing: /home/f1tenth/f1tenth_ws/install/wiimote_msgs/include/wiimote_msgs/wiimote_msgs/msg/detail/ir_source_info__type_support.h
-- Installing: /home/f1tenth/f1tenth_ws/install/wiimote_msgs/include/wiimote_msgs/wiimote_msgs/msg/detail/state__struct.h
-- Installing: /home/f1tenth/f1tenth_ws/install/wiimote_msgs/include/wiimote_msgs/wiimote_msgs/msg/detail/ir_source_info__functions.c
-- Installing: /home/f1tenth/f1tenth_ws/install/wiimote_msgs/include/wiimote_msgs/wiimote_msgs/msg/detail/state__functions.h
-- Installing: /home/f1tenth/f1tenth_ws/install/wiimote_msgs/include/wiimote_msgs/wiimote_msgs/msg/detail/timed_switch__functions.h
-- Installing: /home/f1tenth/f1tenth_ws/install/wiimote_msgs/include/wiimote_msgs/wiimote_msgs/msg/detail/ir_source_info__functions.h
-- Installing: /home/f1tenth/f1tenth_ws/install/wiimote_msgs/include/wiimote_msgs/wiimote_msgs/msg/detail/state__type_support.h
-- Installing: /home/f1tenth/f1tenth_ws/install/wiimote_msgs/share/wiimote_msgs/environment/library_path.sh
-- Installing: /home/f1tenth/f1tenth_ws/install/wiimote_msgs/share/wiimote_msgs/environment/library_path.dsv
-- Installing: /home/f1tenth/f1tenth_ws/install/wiimote_msgs/lib/libwiimote_msgs__rosidl_generator_c.so
-- Set runtime path of "/home/f1tenth/f1tenth_ws/install/wiimote_msgs/lib/libwiimote_msgs__rosidl_generator_c.so" to ""
-- Up-to-date: /home/f1tenth/f1tenth_ws/install/wiimote_msgs/include/wiimote_msgs/wiimote_msgs
-- Up-to-date: /home/f1tenth/f1tenth_ws/install/wiimote_msgs/include/wiimote_msgs/wiimote_msgs/msg
-- Installing: /home/f1tenth/f1tenth_ws/install/wiimote_msgs/include/wiimote_msgs/wiimote_msgs/msg/rosidl_typesupport_fastrtps_c__visibility_control.h
-- Up-to-date: /home/f1tenth/f1tenth_ws/install/wiimote_msgs/include/wiimote_msgs/wiimote_msgs/msg/detail
-- Installing: /home/f1tenth/f1tenth_ws/install/wiimote_msgs/include/wiimote_msgs/wiimote_msgs/msg/detail/state__rosidl_typesupport_fastrtps_c.h
-- Installing: /home/f1tenth/f1tenth_ws/install/wiimote_msgs/include/wiimote_msgs/wiimote_msgs/msg/detail/timed_switch__rosidl_typesupport_fastrtps_c.h
-- Installing: /home/f1tenth/f1tenth_ws/install/wiimote_msgs/include/wiimote_msgs/wiimote_msgs/msg/detail/ir_source_info__rosidl_typesupport_fastrtps_c.h
-- Installing: /home/f1tenth/f1tenth_ws/install/wiimote_msgs/lib/libwiimote_msgs__rosidl_typesupport_fastrtps_c.so
-- Set runtime path of "/home/f1tenth/f1tenth_ws/install/wiimote_msgs/lib/libwiimote_msgs__rosidl_typesupport_fastrtps_c.so" to ""
-- Up-to-date: /home/f1tenth/f1tenth_ws/install/wiimote_msgs/include/wiimote_msgs/wiimote_msgs
-- Up-to-date: /home/f1tenth/f1tenth_ws/install/wiimote_msgs/include/wiimote_msgs/wiimote_msgs/msg
-- Installing: /home/f1tenth/f1tenth_ws/install/wiimote_msgs/include/wiimote_msgs/wiimote_msgs/msg/ir_source_info.hpp
-- Installing: /home/f1tenth/f1tenth_ws/install/wiimote_msgs/include/wiimote_msgs/wiimote_msgs/msg/state.hpp
-- Installing: /home/f1tenth/f1tenth_ws/install/wiimote_msgs/include/wiimote_msgs/wiimote_msgs/msg/timed_switch.hpp
-- Up-to-date: /home/f1tenth/f1tenth_ws/install/wiimote_msgs/include/wiimote_msgs/wiimote_msgs/msg/detail
-- Installing: /home/f1tenth/f1tenth_ws/install/wiimote_msgs/include/wiimote_msgs/wiimote_msgs/msg/detail/ir_source_info__traits.hpp
-- Installing: /home/f1tenth/f1tenth_ws/install/wiimote_msgs/include/wiimote_msgs/wiimote_msgs/msg/detail/timed_switch__struct.hpp
-- Installing: /home/f1tenth/f1tenth_ws/install/wiimote_msgs/include/wiimote_msgs/wiimote_msgs/msg/detail/state__struct.hpp
-- Installing: /home/f1tenth/f1tenth_ws/install/wiimote_msgs/include/wiimote_msgs/wiimote_msgs/msg/detail/timed_switch__builder.hpp
-- Installing: /home/f1tenth/f1tenth_ws/install/wiimote_msgs/include/wiimote_msgs/wiimote_msgs/msg/detail/state__traits.hpp
-- Installing: /home/f1tenth/f1tenth_ws/install/wiimote_msgs/include/wiimote_msgs/wiimote_msgs/msg/detail/state__builder.hpp
-- Installing: /home/f1tenth/f1tenth_ws/install/wiimote_msgs/include/wiimote_msgs/wiimote_msgs/msg/detail/ir_source_info__builder.hpp
-- Installing: /home/f1tenth/f1tenth_ws/install/wiimote_msgs/include/wiimote_msgs/wiimote_msgs/msg/detail/ir_source_info__struct.hpp
-- Installing: /home/f1tenth/f1tenth_ws/install/wiimote_msgs/include/wiimote_msgs/wiimote_msgs/msg/detail/timed_switch__traits.hpp
-- Up-to-date: /home/f1tenth/f1tenth_ws/install/wiimote_msgs/include/wiimote_msgs/wiimote_msgs
-- Up-to-date: /home/f1tenth/f1tenth_ws/install/wiimote_msgs/include/wiimote_msgs/wiimote_msgs/msg
-- Installing: /home/f1tenth/f1tenth_ws/install/wiimote_msgs/include/wiimote_msgs/wiimote_msgs/msg/rosidl_typesupport_fastrtps_cpp__visibility_control.h
-- Up-to-date: /home/f1tenth/f1tenth_ws/install/wiimote_msgs/include/wiimote_msgs/wiimote_msgs/msg/detail
-- Installing: /home/f1tenth/f1tenth_ws/install/wiimote_msgs/include/wiimote_msgs/wiimote_msgs/msg/detail/ir_source_info__rosidl_typesupport_fastrtps_cpp.hpp
-- Installing: /home/f1tenth/f1tenth_ws/install/wiimote_msgs/include/wiimote_msgs/wiimote_msgs/msg/detail/state__rosidl_typesupport_fastrtps_cpp.hpp
-- Installing: /home/f1tenth/f1tenth_ws/install/wiimote_msgs/include/wiimote_msgs/wiimote_msgs/msg/detail/dds_fastrtps
-- Installing: /home/f1tenth/f1tenth_ws/install/wiimote_msgs/include/wiimote_msgs/wiimote_msgs/msg/detail/timed_switch__rosidl_typesupport_fastrtps_cpp.hpp
-- Installing: /home/f1tenth/f1tenth_ws/install/wiimote_msgs/lib/libwiimote_msgs__rosidl_typesupport_fastrtps_cpp.so
-- Set runtime path of "/home/f1tenth/f1tenth_ws/install/wiimote_msgs/lib/libwiimote_msgs__rosidl_typesupport_fastrtps_cpp.so" to ""
-- Up-to-date: /home/f1tenth/f1tenth_ws/install/wiimote_msgs/include/wiimote_msgs/wiimote_msgs
-- Up-to-date: /home/f1tenth/f1tenth_ws/install/wiimote_msgs/include/wiimote_msgs/wiimote_msgs/msg
-- Installing: /home/f1tenth/f1tenth_ws/install/wiimote_msgs/include/wiimote_msgs/wiimote_msgs/msg/rosidl_typesupport_introspection_c__visibility_control.h
-- Up-to-date: /home/f1tenth/f1tenth_ws/install/wiimote_msgs/include/wiimote_msgs/wiimote_msgs/msg/detail
-- Installing: /home/f1tenth/f1tenth_ws/install/wiimote_msgs/include/wiimote_msgs/wiimote_msgs/msg/detail/state__rosidl_typesupport_introspection_c.h
-- Installing: /home/f1tenth/f1tenth_ws/install/wiimote_msgs/include/wiimote_msgs/wiimote_msgs/msg/detail/timed_switch__rosidl_typesupport_introspection_c.h
-- Installing: /home/f1tenth/f1tenth_ws/install/wiimote_msgs/include/wiimote_msgs/wiimote_msgs/msg/detail/state__type_support.c
-- Installing: /home/f1tenth/f1tenth_ws/install/wiimote_msgs/include/wiimote_msgs/wiimote_msgs/msg/detail/ir_source_info__rosidl_typesupport_introspection_c.h
-- Installing: /home/f1tenth/f1tenth_ws/install/wiimote_msgs/include/wiimote_msgs/wiimote_msgs/msg/detail/timed_switch__type_support.c
-- Installing: /home/f1tenth/f1tenth_ws/install/wiimote_msgs/include/wiimote_msgs/wiimote_msgs/msg/detail/ir_source_info__type_support.c
-- Installing: /home/f1tenth/f1tenth_ws/install/wiimote_msgs/lib/libwiimote_msgs__rosidl_typesupport_introspection_c.so
-- Set runtime path of "/home/f1tenth/f1tenth_ws/install/wiimote_msgs/lib/libwiimote_msgs__rosidl_typesupport_introspection_c.so" to ""
-- Installing: /home/f1tenth/f1tenth_ws/install/wiimote_msgs/lib/libwiimote_msgs__rosidl_typesupport_c.so
-- Set runtime path of "/home/f1tenth/f1tenth_ws/install/wiimote_msgs/lib/libwiimote_msgs__rosidl_typesupport_c.so" to ""
-- Up-to-date: /home/f1tenth/f1tenth_ws/install/wiimote_msgs/include/wiimote_msgs/wiimote_msgs
-- Up-to-date: /home/f1tenth/f1tenth_ws/install/wiimote_msgs/include/wiimote_msgs/wiimote_msgs/msg
-- Up-to-date: /home/f1tenth/f1tenth_ws/install/wiimote_msgs/include/wiimote_msgs/wiimote_msgs/msg/detail
-- Installing: /home/f1tenth/f1tenth_ws/install/wiimote_msgs/include/wiimote_msgs/wiimote_msgs/msg/detail/ir_source_info__type_support.cpp
-- Installing: /home/f1tenth/f1tenth_ws/install/wiimote_msgs/include/wiimote_msgs/wiimote_msgs/msg/detail/ir_source_info__rosidl_typesupport_introspection_cpp.hpp
-- Installing: /home/f1tenth/f1tenth_ws/install/wiimote_msgs/include/wiimote_msgs/wiimote_msgs/msg/detail/state__rosidl_typesupport_introspection_cpp.hpp
-- Installing: /home/f1tenth/f1tenth_ws/install/wiimote_msgs/include/wiimote_msgs/wiimote_msgs/msg/detail/timed_switch__rosidl_typesupport_introspection_cpp.hpp
-- Installing: /home/f1tenth/f1tenth_ws/install/wiimote_msgs/include/wiimote_msgs/wiimote_msgs/msg/detail/timed_switch__type_support.cpp
-- Installing: /home/f1tenth/f1tenth_ws/install/wiimote_msgs/include/wiimote_msgs/wiimote_msgs/msg/detail/state__type_support.cpp
-- Installing: /home/f1tenth/f1tenth_ws/install/wiimote_msgs/lib/libwiimote_msgs__rosidl_typesupport_introspection_cpp.so
-- Set runtime path of "/home/f1tenth/f1tenth_ws/install/wiimote_msgs/lib/libwiimote_msgs__rosidl_typesupport_introspection_cpp.so" to ""
-- Installing: /home/f1tenth/f1tenth_ws/install/wiimote_msgs/lib/libwiimote_msgs__rosidl_typesupport_cpp.so
-- Set runtime path of "/home/f1tenth/f1tenth_ws/install/wiimote_msgs/lib/libwiimote_msgs__rosidl_typesupport_cpp.so" to ""
-- Installing: /home/f1tenth/f1tenth_ws/install/wiimote_msgs/share/wiimote_msgs/environment/pythonpath.sh
-- Installing: /home/f1tenth/f1tenth_ws/install/wiimote_msgs/share/wiimote_msgs/environment/pythonpath.dsv
-- Installing: /home/f1tenth/f1tenth_ws/install/wiimote_msgs/local/lib/python3.10/dist-packages/wiimote_msgs-3.3.0-py3.10.egg-info
-- Installing: /home/f1tenth/f1tenth_ws/install/wiimote_msgs/local/lib/python3.10/dist-packages/wiimote_msgs-3.3.0-py3.10.egg-info/SOURCES.txt
-- Installing: /home/f1tenth/f1tenth_ws/install/wiimote_msgs/local/lib/python3.10/dist-packages/wiimote_msgs-3.3.0-py3.10.egg-info/top_level.txt
-- Installing: /home/f1tenth/f1tenth_ws/install/wiimote_msgs/local/lib/python3.10/dist-packages/wiimote_msgs-3.3.0-py3.10.egg-info/dependency_links.txt
-- Installing: /home/f1tenth/f1tenth_ws/install/wiimote_msgs/local/lib/python3.10/dist-packages/wiimote_msgs-3.3.0-py3.10.egg-info/PKG-INFO
-- Installing: /home/f1tenth/f1tenth_ws/install/wiimote_msgs/local/lib/python3.10/dist-packages/wiimote_msgs
-- Installing: /home/f1tenth/f1tenth_ws/install/wiimote_msgs/local/lib/python3.10/dist-packages/wiimote_msgs/_wiimote_msgs_s.ep.rosidl_typesupport_c.c
-- Installing: /home/f1tenth/f1tenth_ws/install/wiimote_msgs/local/lib/python3.10/dist-packages/wiimote_msgs/wiimote_msgs_s__rosidl_typesupport_introspection_c.cpython-310-aarch64-linux-gnu.so
-- Installing: /home/f1tenth/f1tenth_ws/install/wiimote_msgs/local/lib/python3.10/dist-packages/wiimote_msgs/wiimote_msgs_s__rosidl_typesupport_fastrtps_c.cpython-310-aarch64-linux-gnu.so
-- Installing: /home/f1tenth/f1tenth_ws/install/wiimote_msgs/local/lib/python3.10/dist-packages/wiimote_msgs/_wiimote_msgs_s.ep.rosidl_typesupport_introspection_c.c
-- Installing: /home/f1tenth/f1tenth_ws/install/wiimote_msgs/local/lib/python3.10/dist-packages/wiimote_msgs/libwiimote_msgs__rosidl_generator_py.so
-- Installing: /home/f1tenth/f1tenth_ws/install/wiimote_msgs/local/lib/python3.10/dist-packages/wiimote_msgs/__init__.py
-- Installing: /home/f1tenth/f1tenth_ws/install/wiimote_msgs/local/lib/python3.10/dist-packages/wiimote_msgs/_wiimote_msgs_s.ep.rosidl_typesupport_fastrtps_c.c
-- Installing: /home/f1tenth/f1tenth_ws/install/wiimote_msgs/local/lib/python3.10/dist-packages/wiimote_msgs/msg
-- Installing: /home/f1tenth/f1tenth_ws/install/wiimote_msgs/local/lib/python3.10/dist-packages/wiimote_msgs/msg/_ir_source_info_s.c
-- Installing: /home/f1tenth/f1tenth_ws/install/wiimote_msgs/local/lib/python3.10/dist-packages/wiimote_msgs/msg/_timed_switch.py
-- Installing: /home/f1tenth/f1tenth_ws/install/wiimote_msgs/local/lib/python3.10/dist-packages/wiimote_msgs/msg/_timed_switch_s.c
-- Installing: /home/f1tenth/f1tenth_ws/install/wiimote_msgs/local/lib/python3.10/dist-packages/wiimote_msgs/msg/_state.py
-- Installing: /home/f1tenth/f1tenth_ws/install/wiimote_msgs/local/lib/python3.10/dist-packages/wiimote_msgs/msg/_state_s.c
-- Installing: /home/f1tenth/f1tenth_ws/install/wiimote_msgs/local/lib/python3.10/dist-packages/wiimote_msgs/msg/_ir_source_info.py
-- Installing: /home/f1tenth/f1tenth_ws/install/wiimote_msgs/local/lib/python3.10/dist-packages/wiimote_msgs/msg/__init__.py
-- Installing: /home/f1tenth/f1tenth_ws/install/wiimote_msgs/local/lib/python3.10/dist-packages/wiimote_msgs/wiimote_msgs_s__rosidl_typesupport_c.cpython-310-aarch64-linux-gnu.so
Listing '/home/f1tenth/f1tenth_ws/install/wiimote_msgs/local/lib/python3.10/dist-packages/wiimote_msgs'...
Compiling '/home/f1tenth/f1tenth_ws/install/wiimote_msgs/local/lib/python3.10/dist-packages/wiimote_msgs/__init__.py'...
Listing '/home/f1tenth/f1tenth_ws/install/wiimote_msgs/local/lib/python3.10/dist-packages/wiimote_msgs/msg'...
Compiling '/home/f1tenth/f1tenth_ws/install/wiimote_msgs/local/lib/python3.10/dist-packages/wiimote_msgs/msg/__init__.py'...
Compiling '/home/f1tenth/f1tenth_ws/install/wiimote_msgs/local/lib/python3.10/dist-packages/wiimote_msgs/msg/_ir_source_info.py'...
Compiling '/home/f1tenth/f1tenth_ws/install/wiimote_msgs/local/lib/python3.10/dist-packages/wiimote_msgs/msg/_state.py'...
Compiling '/home/f1tenth/f1tenth_ws/install/wiimote_msgs/local/lib/python3.10/dist-packages/wiimote_msgs/msg/_timed_switch.py'...
-- Installing: /home/f1tenth/f1tenth_ws/install/wiimote_msgs/local/lib/python3.10/dist-packages/wiimote_msgs/wiimote_msgs_s__rosidl_typesupport_fastrtps_c.cpython-310-aarch64-linux-gnu.so
-- Set runtime path of "/home/f1tenth/f1tenth_ws/install/wiimote_msgs/local/lib/python3.10/dist-packages/wiimote_msgs/wiimote_msgs_s__rosidl_typesupport_fastrtps_c.cpython-310-aarch64-linux-gnu.so" to ""
-- Installing: /home/f1tenth/f1tenth_ws/install/wiimote_msgs/local/lib/python3.10/dist-packages/wiimote_msgs/wiimote_msgs_s__rosidl_typesupport_introspection_c.cpython-310-aarch64-linux-gnu.so
-- Set runtime path of "/home/f1tenth/f1tenth_ws/install/wiimote_msgs/local/lib/python3.10/dist-packages/wiimote_msgs/wiimote_msgs_s__rosidl_typesupport_introspection_c.cpython-310-aarch64-linux-gnu.so" to ""
-- Installing: /home/f1tenth/f1tenth_ws/install/wiimote_msgs/local/lib/python3.10/dist-packages/wiimote_msgs/wiimote_msgs_s__rosidl_typesupport_c.cpython-310-aarch64-linux-gnu.so
-- Set runtime path of "/home/f1tenth/f1tenth_ws/install/wiimote_msgs/local/lib/python3.10/dist-packages/wiimote_msgs/wiimote_msgs_s__rosidl_typesupport_c.cpython-310-aarch64-linux-gnu.so" to ""
-- Installing: /home/f1tenth/f1tenth_ws/install/wiimote_msgs/lib/libwiimote_msgs__rosidl_generator_py.so
-- Set runtime path of "/home/f1tenth/f1tenth_ws/install/wiimote_msgs/lib/libwiimote_msgs__rosidl_generator_py.so" to ""
-- Installing: /home/f1tenth/f1tenth_ws/install/wiimote_msgs/share/wiimote_msgs/msg/IrSourceInfo.idl
-- Installing: /home/f1tenth/f1tenth_ws/install/wiimote_msgs/share/wiimote_msgs/msg/State.idl
-- Installing: /home/f1tenth/f1tenth_ws/install/wiimote_msgs/share/wiimote_msgs/msg/TimedSwitch.idl
-- Installing: /home/f1tenth/f1tenth_ws/install/wiimote_msgs/share/wiimote_msgs/msg/IrSourceInfo.msg
-- Installing: /home/f1tenth/f1tenth_ws/install/wiimote_msgs/share/wiimote_msgs/msg/State.msg
-- Installing: /home/f1tenth/f1tenth_ws/install/wiimote_msgs/share/wiimote_msgs/msg/TimedSwitch.msg
-- Installing: /home/f1tenth/f1tenth_ws/install/wiimote_msgs/share/ament_index/resource_index/package_run_dependencies/wiimote_msgs
-- Installing: /home/f1tenth/f1tenth_ws/install/wiimote_msgs/share/ament_index/resource_index/parent_prefix_path/wiimote_msgs
-- Installing: /home/f1tenth/f1tenth_ws/install/wiimote_msgs/share/wiimote_msgs/environment/ament_prefix_path.sh
-- Installing: /home/f1tenth/f1tenth_ws/install/wiimote_msgs/share/wiimote_msgs/environment/ament_prefix_path.dsv
-- Installing: /home/f1tenth/f1tenth_ws/install/wiimote_msgs/share/wiimote_msgs/environment/path.sh
-- Installing: /home/f1tenth/f1tenth_ws/install/wiimote_msgs/share/wiimote_msgs/environment/path.dsv
-- Installing: /home/f1tenth/f1tenth_ws/install/wiimote_msgs/share/wiimote_msgs/local_setup.bash
-- Installing: /home/f1tenth/f1tenth_ws/install/wiimote_msgs/share/wiimote_msgs/local_setup.sh
-- Installing: /home/f1tenth/f1tenth_ws/install/wiimote_msgs/share/wiimote_msgs/local_setup.zsh
-- Installing: /home/f1tenth/f1tenth_ws/install/wiimote_msgs/share/wiimote_msgs/local_setup.dsv
-- Installing: /home/f1tenth/f1tenth_ws/install/wiimote_msgs/share/wiimote_msgs/package.dsv
-- Installing: /home/f1tenth/f1tenth_ws/install/wiimote_msgs/share/ament_index/resource_index/packages/wiimote_msgs
-- Installing: /home/f1tenth/f1tenth_ws/install/wiimote_msgs/share/wiimote_msgs/cmake/export_wiimote_msgs__rosidl_generator_cExport.cmake
-- Installing: /home/f1tenth/f1tenth_ws/install/wiimote_msgs/share/wiimote_msgs/cmake/export_wiimote_msgs__rosidl_generator_cExport-noconfig.cmake
-- Installing: /home/f1tenth/f1tenth_ws/install/wiimote_msgs/share/wiimote_msgs/cmake/export_wiimote_msgs__rosidl_typesupport_fastrtps_cExport.cmake
-- Installing: /home/f1tenth/f1tenth_ws/install/wiimote_msgs/share/wiimote_msgs/cmake/export_wiimote_msgs__rosidl_typesupport_fastrtps_cExport-noconfig.cmake
-- Installing: /home/f1tenth/f1tenth_ws/install/wiimote_msgs/share/wiimote_msgs/cmake/export_wiimote_msgs__rosidl_generator_cppExport.cmake
-- Installing: /home/f1tenth/f1tenth_ws/install/wiimote_msgs/share/wiimote_msgs/cmake/export_wiimote_msgs__rosidl_typesupport_fastrtps_cppExport.cmake
-- Installing: /home/f1tenth/f1tenth_ws/install/wiimote_msgs/share/wiimote_msgs/cmake/export_wiimote_msgs__rosidl_typesupport_fastrtps_cppExport-noconfig.cmake
-- Installing: /home/f1tenth/f1tenth_ws/install/wiimote_msgs/share/wiimote_msgs/cmake/wiimote_msgs__rosidl_typesupport_introspection_cExport.cmake
-- Installing: /home/f1tenth/f1tenth_ws/install/wiimote_msgs/share/wiimote_msgs/cmake/wiimote_msgs__rosidl_typesupport_introspection_cExport-noconfig.cmake
-- Installing: /home/f1tenth/f1tenth_ws/install/wiimote_msgs/share/wiimote_msgs/cmake/wiimote_msgs__rosidl_typesupport_cExport.cmake
-- Installing: /home/f1tenth/f1tenth_ws/install/wiimote_msgs/share/wiimote_msgs/cmake/wiimote_msgs__rosidl_typesupport_cExport-noconfig.cmake
-- Installing: /home/f1tenth/f1tenth_ws/install/wiimote_msgs/share/wiimote_msgs/cmake/wiimote_msgs__rosidl_typesupport_introspection_cppExport.cmake
-- Installing: /home/f1tenth/f1tenth_ws/install/wiimote_msgs/share/wiimote_msgs/cmake/wiimote_msgs__rosidl_typesupport_introspection_cppExport-noconfig.cmake
-- Installing: /home/f1tenth/f1tenth_ws/install/wiimote_msgs/share/wiimote_msgs/cmake/wiimote_msgs__rosidl_typesupport_cppExport.cmake
-- Installing: /home/f1tenth/f1tenth_ws/install/wiimote_msgs/share/wiimote_msgs/cmake/wiimote_msgs__rosidl_typesupport_cppExport-noconfig.cmake
-- Installing: /home/f1tenth/f1tenth_ws/install/wiimote_msgs/share/wiimote_msgs/cmake/export_wiimote_msgs__rosidl_generator_pyExport.cmake
-- Installing: /home/f1tenth/f1tenth_ws/install/wiimote_msgs/share/wiimote_msgs/cmake/export_wiimote_msgs__rosidl_generator_pyExport-noconfig.cmake
-- Installing: /home/f1tenth/f1tenth_ws/install/wiimote_msgs/share/wiimote_msgs/cmake/rosidl_cmake-extras.cmake
-- Installing: /home/f1tenth/f1tenth_ws/install/wiimote_msgs/share/wiimote_msgs/cmake/ament_cmake_export_dependencies-extras.cmake
-- Installing: /home/f1tenth/f1tenth_ws/install/wiimote_msgs/share/wiimote_msgs/cmake/ament_cmake_export_include_directories-extras.cmake
-- Installing: /home/f1tenth/f1tenth_ws/install/wiimote_msgs/share/wiimote_msgs/cmake/ament_cmake_export_libraries-extras.cmake
-- Installing: /home/f1tenth/f1tenth_ws/install/wiimote_msgs/share/wiimote_msgs/cmake/ament_cmake_export_targets-extras.cmake
-- Installing: /home/f1tenth/f1tenth_ws/install/wiimote_msgs/share/wiimote_msgs/cmake/rosidl_cmake_export_typesupport_targets-extras.cmake
-- Installing: /home/f1tenth/f1tenth_ws/install/wiimote_msgs/share/wiimote_msgs/cmake/rosidl_cmake_export_typesupport_libraries-extras.cmake
-- Installing: /home/f1tenth/f1tenth_ws/install/wiimote_msgs/share/wiimote_msgs/cmake/wiimote_msgsConfig.cmake
-- Installing: /home/f1tenth/f1tenth_ws/install/wiimote_msgs/share/wiimote_msgs/cmake/wiimote_msgsConfig-version.cmake
-- Installing: /home/f1tenth/f1tenth_ws/install/wiimote_msgs/share/wiimote_msgs/package.xml
