[0.043s] Invoking command in '/home/f1tenth/f1tenth_ws/build/vesc_msgs': /usr/bin/cmake --build /home/f1tenth/f1tenth_ws/build/vesc_msgs -- -j6 -l6
[1.498s] [  1%] Built target vesc_msgs__cpp
[1.499s] [  1%] Built target ament_cmake_python_copy_vesc_msgs
[1.502s] [ 12%] Built target vesc_msgs__rosidl_generator_c
[1.503s] [ 32%] Built target vesc_msgs__rosidl_typesupport_fastrtps_cpp
[1.504s] [ 34%] Built target vesc_msgs__rosidl_typesupport_introspection_cpp
[1.504s] [ 45%] Built target vesc_msgs__rosidl_typesupport_cpp
[1.505s] [ 56%] Built target vesc_msgs__rosidl_typesupport_fastrtps_c
[1.507s] [ 67%] Built target vesc_msgs__rosidl_typesupport_introspection_c
[1.508s] [ 78%] Built target vesc_msgs__rosidl_typesupport_c
[1.509s] [ 78%] Built target vesc_msgs
[1.510s] [ 80%] Built target vesc_msgs__py
[1.511s] [ 89%] Built target vesc_msgs__rosidl_generator_py
[1.511s] [ 96%] Built target vesc_msgs__rosidl_typesupport_fastrtps_c__pyext
[1.511s] [ 96%] Built target vesc_msgs__rosidl_typesupport_introspection_c__pyext
[1.512s] [100%] Built target vesc_msgs__rosidl_typesupport_c__pyext
[1.512s] running egg_info
[1.512s] writing vesc_msgs.egg-info/PKG-INFO
[1.512s] writing dependency_links to vesc_msgs.egg-info/dependency_links.txt
[1.512s] writing top-level names to vesc_msgs.egg-info/top_level.txt
[1.512s] reading manifest file 'vesc_msgs.egg-info/SOURCES.txt'
[1.512s] writing manifest file 'vesc_msgs.egg-info/SOURCES.txt'
[1.513s] [100%] Built target ament_cmake_python_build_vesc_msgs_egg
[1.517s] Invoked command in '/home/f1tenth/f1tenth_ws/build/vesc_msgs' returned '0': /usr/bin/cmake --build /home/f1tenth/f1tenth_ws/build/vesc_msgs -- -j6 -l6
[1.719s] Invoking command in '/home/f1tenth/f1tenth_ws/build/vesc_msgs': /usr/bin/cmake --install /home/f1tenth/f1tenth_ws/build/vesc_msgs
[1.756s] -- Install configuration: ""
[1.761s] -- Up-to-date: /home/f1tenth/f1tenth_ws/install/vesc_msgs/share/ament_index/resource_index/rosidl_interfaces/vesc_msgs
[1.761s] -- Up-to-date: /home/f1tenth/f1tenth_ws/install/vesc_msgs/include/vesc_msgs/vesc_msgs
[1.761s] -- Up-to-date: /home/f1tenth/f1tenth_ws/install/vesc_msgs/include/vesc_msgs/vesc_msgs/msg
[1.761s] -- Up-to-date: /home/f1tenth/f1tenth_ws/install/vesc_msgs/include/vesc_msgs/vesc_msgs/msg/vesc_imu_stamped.h
[1.761s] -- Up-to-date: /home/f1tenth/f1tenth_ws/install/vesc_msgs/include/vesc_msgs/vesc_msgs/msg/vesc_state_stamped.h
[1.761s] -- Up-to-date: /home/f1tenth/f1tenth_ws/install/vesc_msgs/include/vesc_msgs/vesc_msgs/msg/rosidl_generator_c__visibility_control.h
[1.762s] -- Up-to-date: /home/f1tenth/f1tenth_ws/install/vesc_msgs/include/vesc_msgs/vesc_msgs/msg/vesc_state.h
[1.762s] -- Up-to-date: /home/f1tenth/f1tenth_ws/install/vesc_msgs/include/vesc_msgs/vesc_msgs/msg/detail
[1.762s] -- Up-to-date: /home/f1tenth/f1tenth_ws/install/vesc_msgs/include/vesc_msgs/vesc_msgs/msg/detail/vesc_state_stamped__functions.h
[1.762s] -- Up-to-date: /home/f1tenth/f1tenth_ws/install/vesc_msgs/include/vesc_msgs/vesc_msgs/msg/detail/vesc_state_stamped__functions.c
[1.762s] -- Up-to-date: /home/f1tenth/f1tenth_ws/install/vesc_msgs/include/vesc_msgs/vesc_msgs/msg/detail/vesc_imu_stamped__struct.h
[1.762s] -- Up-to-date: /home/f1tenth/f1tenth_ws/install/vesc_msgs/include/vesc_msgs/vesc_msgs/msg/detail/vesc_state__functions.h
[1.762s] -- Up-to-date: /home/f1tenth/f1tenth_ws/install/vesc_msgs/include/vesc_msgs/vesc_msgs/msg/detail/vesc_imu__type_support.h
[1.763s] -- Up-to-date: /home/f1tenth/f1tenth_ws/install/vesc_msgs/include/vesc_msgs/vesc_msgs/msg/detail/vesc_imu_stamped__functions.h
[1.763s] -- Up-to-date: /home/f1tenth/f1tenth_ws/install/vesc_msgs/include/vesc_msgs/vesc_msgs/msg/detail/vesc_imu__functions.h
[1.763s] -- Up-to-date: /home/f1tenth/f1tenth_ws/install/vesc_msgs/include/vesc_msgs/vesc_msgs/msg/detail/vesc_state_stamped__struct.h
[1.763s] -- Up-to-date: /home/f1tenth/f1tenth_ws/install/vesc_msgs/include/vesc_msgs/vesc_msgs/msg/detail/vesc_state_stamped__type_support.h
[1.763s] -- Up-to-date: /home/f1tenth/f1tenth_ws/install/vesc_msgs/include/vesc_msgs/vesc_msgs/msg/detail/vesc_imu_stamped__functions.c
[1.763s] -- Up-to-date: /home/f1tenth/f1tenth_ws/install/vesc_msgs/include/vesc_msgs/vesc_msgs/msg/detail/vesc_imu_stamped__type_support.h
[1.763s] -- Up-to-date: /home/f1tenth/f1tenth_ws/install/vesc_msgs/include/vesc_msgs/vesc_msgs/msg/detail/vesc_imu__struct.h
[1.763s] -- Up-to-date: /home/f1tenth/f1tenth_ws/install/vesc_msgs/include/vesc_msgs/vesc_msgs/msg/detail/vesc_state__functions.c
[1.764s] -- Up-to-date: /home/f1tenth/f1tenth_ws/install/vesc_msgs/include/vesc_msgs/vesc_msgs/msg/detail/vesc_state__type_support.h
[1.764s] -- Up-to-date: /home/f1tenth/f1tenth_ws/install/vesc_msgs/include/vesc_msgs/vesc_msgs/msg/detail/vesc_state__struct.h
[1.765s] -- Up-to-date: /home/f1tenth/f1tenth_ws/install/vesc_msgs/include/vesc_msgs/vesc_msgs/msg/detail/vesc_imu__functions.c
[1.765s] -- Up-to-date: /home/f1tenth/f1tenth_ws/install/vesc_msgs/include/vesc_msgs/vesc_msgs/msg/vesc_imu.h
[1.765s] -- Up-to-date: /home/f1tenth/f1tenth_ws/install/vesc_msgs/share/vesc_msgs/environment/library_path.sh
[1.765s] -- Up-to-date: /home/f1tenth/f1tenth_ws/install/vesc_msgs/share/vesc_msgs/environment/library_path.dsv
[1.766s] -- Up-to-date: /home/f1tenth/f1tenth_ws/install/vesc_msgs/lib/libvesc_msgs__rosidl_generator_c.so
[1.766s] -- Up-to-date: /home/f1tenth/f1tenth_ws/install/vesc_msgs/include/vesc_msgs/vesc_msgs
[1.766s] -- Up-to-date: /home/f1tenth/f1tenth_ws/install/vesc_msgs/include/vesc_msgs/vesc_msgs/msg
[1.766s] -- Up-to-date: /home/f1tenth/f1tenth_ws/install/vesc_msgs/include/vesc_msgs/vesc_msgs/msg/rosidl_typesupport_fastrtps_c__visibility_control.h
[1.766s] -- Up-to-date: /home/f1tenth/f1tenth_ws/install/vesc_msgs/include/vesc_msgs/vesc_msgs/msg/detail
[1.766s] -- Up-to-date: /home/f1tenth/f1tenth_ws/install/vesc_msgs/include/vesc_msgs/vesc_msgs/msg/detail/vesc_state_stamped__rosidl_typesupport_fastrtps_c.h
[1.766s] -- Up-to-date: /home/f1tenth/f1tenth_ws/install/vesc_msgs/include/vesc_msgs/vesc_msgs/msg/detail/vesc_imu__rosidl_typesupport_fastrtps_c.h
[1.767s] -- Up-to-date: /home/f1tenth/f1tenth_ws/install/vesc_msgs/include/vesc_msgs/vesc_msgs/msg/detail/vesc_imu_stamped__rosidl_typesupport_fastrtps_c.h
[1.767s] -- Up-to-date: /home/f1tenth/f1tenth_ws/install/vesc_msgs/include/vesc_msgs/vesc_msgs/msg/detail/vesc_state__rosidl_typesupport_fastrtps_c.h
[1.777s] -- Up-to-date: /home/f1tenth/f1tenth_ws/install/vesc_msgs/lib/libvesc_msgs__rosidl_typesupport_fastrtps_c.so
[1.777s] -- Up-to-date: /home/f1tenth/f1tenth_ws/install/vesc_msgs/include/vesc_msgs/vesc_msgs
[1.778s] -- Up-to-date: /home/f1tenth/f1tenth_ws/install/vesc_msgs/include/vesc_msgs/vesc_msgs/msg
[1.778s] -- Up-to-date: /home/f1tenth/f1tenth_ws/install/vesc_msgs/include/vesc_msgs/vesc_msgs/msg/rosidl_typesupport_introspection_c__visibility_control.h
[1.778s] -- Up-to-date: /home/f1tenth/f1tenth_ws/install/vesc_msgs/include/vesc_msgs/vesc_msgs/msg/detail
[1.778s] -- Up-to-date: /home/f1tenth/f1tenth_ws/install/vesc_msgs/include/vesc_msgs/vesc_msgs/msg/detail/vesc_imu__rosidl_typesupport_introspection_c.h
[1.778s] -- Up-to-date: /home/f1tenth/f1tenth_ws/install/vesc_msgs/include/vesc_msgs/vesc_msgs/msg/detail/vesc_state__rosidl_typesupport_introspection_c.h
[1.779s] -- Up-to-date: /home/f1tenth/f1tenth_ws/install/vesc_msgs/include/vesc_msgs/vesc_msgs/msg/detail/vesc_state__type_support.c
[1.779s] -- Up-to-date: /home/f1tenth/f1tenth_ws/install/vesc_msgs/include/vesc_msgs/vesc_msgs/msg/detail/vesc_imu__type_support.c
[1.779s] -- Up-to-date: /home/f1tenth/f1tenth_ws/install/vesc_msgs/include/vesc_msgs/vesc_msgs/msg/detail/vesc_state_stamped__rosidl_typesupport_introspection_c.h
[1.779s] -- Up-to-date: /home/f1tenth/f1tenth_ws/install/vesc_msgs/include/vesc_msgs/vesc_msgs/msg/detail/vesc_state_stamped__type_support.c
[1.779s] -- Up-to-date: /home/f1tenth/f1tenth_ws/install/vesc_msgs/include/vesc_msgs/vesc_msgs/msg/detail/vesc_imu_stamped__rosidl_typesupport_introspection_c.h
[1.779s] -- Up-to-date: /home/f1tenth/f1tenth_ws/install/vesc_msgs/include/vesc_msgs/vesc_msgs/msg/detail/vesc_imu_stamped__type_support.c
[1.779s] -- Up-to-date: /home/f1tenth/f1tenth_ws/install/vesc_msgs/lib/libvesc_msgs__rosidl_typesupport_introspection_c.so
[1.781s] -- Up-to-date: /home/f1tenth/f1tenth_ws/install/vesc_msgs/lib/libvesc_msgs__rosidl_typesupport_c.so
[1.781s] -- Up-to-date: /home/f1tenth/f1tenth_ws/install/vesc_msgs/include/vesc_msgs/vesc_msgs
[1.781s] -- Up-to-date: /home/f1tenth/f1tenth_ws/install/vesc_msgs/include/vesc_msgs/vesc_msgs/msg
[1.782s] -- Up-to-date: /home/f1tenth/f1tenth_ws/install/vesc_msgs/include/vesc_msgs/vesc_msgs/msg/vesc_imu.hpp
[1.782s] -- Up-to-date: /home/f1tenth/f1tenth_ws/install/vesc_msgs/include/vesc_msgs/vesc_msgs/msg/vesc_imu_stamped.hpp
[1.782s] -- Up-to-date: /home/f1tenth/f1tenth_ws/install/vesc_msgs/include/vesc_msgs/vesc_msgs/msg/vesc_state.hpp
[1.783s] -- Up-to-date: /home/f1tenth/f1tenth_ws/install/vesc_msgs/include/vesc_msgs/vesc_msgs/msg/vesc_state_stamped.hpp
[1.783s] -- Up-to-date: /home/f1tenth/f1tenth_ws/install/vesc_msgs/include/vesc_msgs/vesc_msgs/msg/detail
[1.783s] -- Up-to-date: /home/f1tenth/f1tenth_ws/install/vesc_msgs/include/vesc_msgs/vesc_msgs/msg/detail/vesc_state_stamped__builder.hpp
[1.783s] -- Up-to-date: /home/f1tenth/f1tenth_ws/install/vesc_msgs/include/vesc_msgs/vesc_msgs/msg/detail/vesc_state__traits.hpp
[1.783s] -- Up-to-date: /home/f1tenth/f1tenth_ws/install/vesc_msgs/include/vesc_msgs/vesc_msgs/msg/detail/vesc_state_stamped__struct.hpp
[1.783s] -- Up-to-date: /home/f1tenth/f1tenth_ws/install/vesc_msgs/include/vesc_msgs/vesc_msgs/msg/detail/vesc_imu_stamped__traits.hpp
[1.783s] -- Up-to-date: /home/f1tenth/f1tenth_ws/install/vesc_msgs/include/vesc_msgs/vesc_msgs/msg/detail/vesc_state__builder.hpp
[1.784s] -- Up-to-date: /home/f1tenth/f1tenth_ws/install/vesc_msgs/include/vesc_msgs/vesc_msgs/msg/detail/vesc_imu__struct.hpp
[1.784s] -- Up-to-date: /home/f1tenth/f1tenth_ws/install/vesc_msgs/include/vesc_msgs/vesc_msgs/msg/detail/vesc_imu__traits.hpp
[1.784s] -- Up-to-date: /home/f1tenth/f1tenth_ws/install/vesc_msgs/include/vesc_msgs/vesc_msgs/msg/detail/vesc_imu_stamped__builder.hpp
[1.784s] -- Up-to-date: /home/f1tenth/f1tenth_ws/install/vesc_msgs/include/vesc_msgs/vesc_msgs/msg/detail/vesc_state__struct.hpp
[1.785s] -- Up-to-date: /home/f1tenth/f1tenth_ws/install/vesc_msgs/include/vesc_msgs/vesc_msgs/msg/detail/vesc_imu__builder.hpp
[1.785s] -- Up-to-date: /home/f1tenth/f1tenth_ws/install/vesc_msgs/include/vesc_msgs/vesc_msgs/msg/detail/vesc_imu_stamped__struct.hpp
[1.785s] -- Up-to-date: /home/f1tenth/f1tenth_ws/install/vesc_msgs/include/vesc_msgs/vesc_msgs/msg/detail/vesc_state_stamped__traits.hpp
[1.785s] -- Up-to-date: /home/f1tenth/f1tenth_ws/install/vesc_msgs/include/vesc_msgs/vesc_msgs
[1.785s] -- Up-to-date: /home/f1tenth/f1tenth_ws/install/vesc_msgs/include/vesc_msgs/vesc_msgs/msg
[1.785s] -- Up-to-date: /home/f1tenth/f1tenth_ws/install/vesc_msgs/include/vesc_msgs/vesc_msgs/msg/rosidl_typesupport_fastrtps_cpp__visibility_control.h
[1.785s] -- Up-to-date: /home/f1tenth/f1tenth_ws/install/vesc_msgs/include/vesc_msgs/vesc_msgs/msg/detail
[1.786s] -- Up-to-date: /home/f1tenth/f1tenth_ws/install/vesc_msgs/include/vesc_msgs/vesc_msgs/msg/detail/vesc_imu__rosidl_typesupport_fastrtps_cpp.hpp
[1.786s] -- Up-to-date: /home/f1tenth/f1tenth_ws/install/vesc_msgs/include/vesc_msgs/vesc_msgs/msg/detail/vesc_imu_stamped__rosidl_typesupport_fastrtps_cpp.hpp
[1.786s] -- Up-to-date: /home/f1tenth/f1tenth_ws/install/vesc_msgs/include/vesc_msgs/vesc_msgs/msg/detail/vesc_state__rosidl_typesupport_fastrtps_cpp.hpp
[1.786s] -- Up-to-date: /home/f1tenth/f1tenth_ws/install/vesc_msgs/include/vesc_msgs/vesc_msgs/msg/detail/vesc_state_stamped__rosidl_typesupport_fastrtps_cpp.hpp
[1.786s] -- Up-to-date: /home/f1tenth/f1tenth_ws/install/vesc_msgs/include/vesc_msgs/vesc_msgs/msg/detail/dds_fastrtps
[1.786s] -- Up-to-date: /home/f1tenth/f1tenth_ws/install/vesc_msgs/lib/libvesc_msgs__rosidl_typesupport_fastrtps_cpp.so
[1.787s] -- Up-to-date: /home/f1tenth/f1tenth_ws/install/vesc_msgs/include/vesc_msgs/vesc_msgs
[1.787s] -- Up-to-date: /home/f1tenth/f1tenth_ws/install/vesc_msgs/include/vesc_msgs/vesc_msgs/msg
[1.787s] -- Up-to-date: /home/f1tenth/f1tenth_ws/install/vesc_msgs/include/vesc_msgs/vesc_msgs/msg/detail
[1.787s] -- Up-to-date: /home/f1tenth/f1tenth_ws/install/vesc_msgs/include/vesc_msgs/vesc_msgs/msg/detail/vesc_imu__rosidl_typesupport_introspection_cpp.hpp
[1.787s] -- Up-to-date: /home/f1tenth/f1tenth_ws/install/vesc_msgs/include/vesc_msgs/vesc_msgs/msg/detail/vesc_imu__type_support.cpp
[1.788s] -- Up-to-date: /home/f1tenth/f1tenth_ws/install/vesc_msgs/include/vesc_msgs/vesc_msgs/msg/detail/vesc_state__rosidl_typesupport_introspection_cpp.hpp
[1.788s] -- Up-to-date: /home/f1tenth/f1tenth_ws/install/vesc_msgs/include/vesc_msgs/vesc_msgs/msg/detail/vesc_state_stamped__rosidl_typesupport_introspection_cpp.hpp
[1.788s] -- Up-to-date: /home/f1tenth/f1tenth_ws/install/vesc_msgs/include/vesc_msgs/vesc_msgs/msg/detail/vesc_state__type_support.cpp
[1.788s] -- Up-to-date: /home/f1tenth/f1tenth_ws/install/vesc_msgs/include/vesc_msgs/vesc_msgs/msg/detail/vesc_imu_stamped__type_support.cpp
[1.788s] -- Up-to-date: /home/f1tenth/f1tenth_ws/install/vesc_msgs/include/vesc_msgs/vesc_msgs/msg/detail/vesc_state_stamped__type_support.cpp
[1.788s] -- Up-to-date: /home/f1tenth/f1tenth_ws/install/vesc_msgs/include/vesc_msgs/vesc_msgs/msg/detail/vesc_imu_stamped__rosidl_typesupport_introspection_cpp.hpp
[1.789s] -- Up-to-date: /home/f1tenth/f1tenth_ws/install/vesc_msgs/lib/libvesc_msgs__rosidl_typesupport_introspection_cpp.so
[1.789s] -- Up-to-date: /home/f1tenth/f1tenth_ws/install/vesc_msgs/lib/libvesc_msgs__rosidl_typesupport_cpp.so
[1.789s] -- Up-to-date: /home/f1tenth/f1tenth_ws/install/vesc_msgs/share/vesc_msgs/environment/pythonpath.sh
[1.789s] -- Up-to-date: /home/f1tenth/f1tenth_ws/install/vesc_msgs/share/vesc_msgs/environment/pythonpath.dsv
[1.789s] -- Up-to-date: /home/f1tenth/f1tenth_ws/install/vesc_msgs/local/lib/python3.10/dist-packages/vesc_msgs-1.1.0-py3.10.egg-info
[1.789s] -- Installing: /home/f1tenth/f1tenth_ws/install/vesc_msgs/local/lib/python3.10/dist-packages/vesc_msgs-1.1.0-py3.10.egg-info/SOURCES.txt
[1.789s] -- Installing: /home/f1tenth/f1tenth_ws/install/vesc_msgs/local/lib/python3.10/dist-packages/vesc_msgs-1.1.0-py3.10.egg-info/top_level.txt
[1.789s] -- Installing: /home/f1tenth/f1tenth_ws/install/vesc_msgs/local/lib/python3.10/dist-packages/vesc_msgs-1.1.0-py3.10.egg-info/dependency_links.txt
[1.790s] -- Installing: /home/f1tenth/f1tenth_ws/install/vesc_msgs/local/lib/python3.10/dist-packages/vesc_msgs-1.1.0-py3.10.egg-info/PKG-INFO
[1.790s] -- Up-to-date: /home/f1tenth/f1tenth_ws/install/vesc_msgs/local/lib/python3.10/dist-packages/vesc_msgs
[1.791s] -- Up-to-date: /home/f1tenth/f1tenth_ws/install/vesc_msgs/local/lib/python3.10/dist-packages/vesc_msgs/_vesc_msgs_s.ep.rosidl_typesupport_c.c
[1.791s] -- Up-to-date: /home/f1tenth/f1tenth_ws/install/vesc_msgs/local/lib/python3.10/dist-packages/vesc_msgs/vesc_msgs_s__rosidl_typesupport_introspection_c.cpython-310-aarch64-linux-gnu.so
[1.791s] -- Up-to-date: /home/f1tenth/f1tenth_ws/install/vesc_msgs/local/lib/python3.10/dist-packages/vesc_msgs/_vesc_msgs_s.ep.rosidl_typesupport_introspection_c.c
[1.791s] -- Up-to-date: /home/f1tenth/f1tenth_ws/install/vesc_msgs/local/lib/python3.10/dist-packages/vesc_msgs/libvesc_msgs__rosidl_generator_py.so
[1.792s] -- Up-to-date: /home/f1tenth/f1tenth_ws/install/vesc_msgs/local/lib/python3.10/dist-packages/vesc_msgs/_vesc_msgs_s.ep.rosidl_typesupport_fastrtps_c.c
[1.792s] -- Up-to-date: /home/f1tenth/f1tenth_ws/install/vesc_msgs/local/lib/python3.10/dist-packages/vesc_msgs/vesc_msgs_s__rosidl_typesupport_c.cpython-310-aarch64-linux-gnu.so
[1.792s] -- Up-to-date: /home/f1tenth/f1tenth_ws/install/vesc_msgs/local/lib/python3.10/dist-packages/vesc_msgs/__init__.py
[1.792s] -- Up-to-date: /home/f1tenth/f1tenth_ws/install/vesc_msgs/local/lib/python3.10/dist-packages/vesc_msgs/msg
[1.792s] -- Up-to-date: /home/f1tenth/f1tenth_ws/install/vesc_msgs/local/lib/python3.10/dist-packages/vesc_msgs/msg/_vesc_imu_s.c
[1.792s] -- Up-to-date: /home/f1tenth/f1tenth_ws/install/vesc_msgs/local/lib/python3.10/dist-packages/vesc_msgs/msg/_vesc_state_s.c
[1.792s] -- Up-to-date: /home/f1tenth/f1tenth_ws/install/vesc_msgs/local/lib/python3.10/dist-packages/vesc_msgs/msg/_vesc_state_stamped_s.c
[1.793s] -- Up-to-date: /home/f1tenth/f1tenth_ws/install/vesc_msgs/local/lib/python3.10/dist-packages/vesc_msgs/msg/_vesc_imu_stamped_s.c
[1.793s] -- Up-to-date: /home/f1tenth/f1tenth_ws/install/vesc_msgs/local/lib/python3.10/dist-packages/vesc_msgs/msg/_vesc_imu.py
[1.793s] -- Up-to-date: /home/f1tenth/f1tenth_ws/install/vesc_msgs/local/lib/python3.10/dist-packages/vesc_msgs/msg/__init__.py
[1.793s] -- Up-to-date: /home/f1tenth/f1tenth_ws/install/vesc_msgs/local/lib/python3.10/dist-packages/vesc_msgs/msg/_vesc_state_stamped.py
[1.793s] -- Up-to-date: /home/f1tenth/f1tenth_ws/install/vesc_msgs/local/lib/python3.10/dist-packages/vesc_msgs/msg/_vesc_state.py
[1.793s] -- Up-to-date: /home/f1tenth/f1tenth_ws/install/vesc_msgs/local/lib/python3.10/dist-packages/vesc_msgs/msg/_vesc_imu_stamped.py
[1.793s] -- Up-to-date: /home/f1tenth/f1tenth_ws/install/vesc_msgs/local/lib/python3.10/dist-packages/vesc_msgs/vesc_msgs_s__rosidl_typesupport_fastrtps_c.cpython-310-aarch64-linux-gnu.so
[1.886s] Listing '/home/f1tenth/f1tenth_ws/install/vesc_msgs/local/lib/python3.10/dist-packages/vesc_msgs'...
[1.886s] Listing '/home/f1tenth/f1tenth_ws/install/vesc_msgs/local/lib/python3.10/dist-packages/vesc_msgs/msg'...
[1.901s] -- Up-to-date: /home/f1tenth/f1tenth_ws/install/vesc_msgs/local/lib/python3.10/dist-packages/vesc_msgs/vesc_msgs_s__rosidl_typesupport_fastrtps_c.cpython-310-aarch64-linux-gnu.so
[1.903s] -- Up-to-date: /home/f1tenth/f1tenth_ws/install/vesc_msgs/local/lib/python3.10/dist-packages/vesc_msgs/vesc_msgs_s__rosidl_typesupport_introspection_c.cpython-310-aarch64-linux-gnu.so
[1.904s] -- Up-to-date: /home/f1tenth/f1tenth_ws/install/vesc_msgs/local/lib/python3.10/dist-packages/vesc_msgs/vesc_msgs_s__rosidl_typesupport_c.cpython-310-aarch64-linux-gnu.so
[1.905s] -- Up-to-date: /home/f1tenth/f1tenth_ws/install/vesc_msgs/lib/libvesc_msgs__rosidl_generator_py.so
[1.906s] -- Up-to-date: /home/f1tenth/f1tenth_ws/install/vesc_msgs/share/vesc_msgs/msg/VescState.idl
[1.906s] -- Up-to-date: /home/f1tenth/f1tenth_ws/install/vesc_msgs/share/vesc_msgs/msg/VescStateStamped.idl
[1.906s] -- Up-to-date: /home/f1tenth/f1tenth_ws/install/vesc_msgs/share/vesc_msgs/msg/VescImu.idl
[1.906s] -- Up-to-date: /home/f1tenth/f1tenth_ws/install/vesc_msgs/share/vesc_msgs/msg/VescImuStamped.idl
[1.906s] -- Up-to-date: /home/f1tenth/f1tenth_ws/install/vesc_msgs/share/vesc_msgs/msg/VescState.msg
[1.913s] -- Up-to-date: /home/f1tenth/f1tenth_ws/install/vesc_msgs/share/vesc_msgs/msg/VescStateStamped.msg
[1.913s] -- Up-to-date: /home/f1tenth/f1tenth_ws/install/vesc_msgs/share/vesc_msgs/msg/VescImu.msg
[1.913s] -- Up-to-date: /home/f1tenth/f1tenth_ws/install/vesc_msgs/share/vesc_msgs/msg/VescImuStamped.msg
[1.913s] -- Up-to-date: /home/f1tenth/f1tenth_ws/install/vesc_msgs/share/ament_index/resource_index/package_run_dependencies/vesc_msgs
[1.914s] -- Up-to-date: /home/f1tenth/f1tenth_ws/install/vesc_msgs/share/ament_index/resource_index/parent_prefix_path/vesc_msgs
[1.914s] -- Up-to-date: /home/f1tenth/f1tenth_ws/install/vesc_msgs/share/vesc_msgs/environment/ament_prefix_path.sh
[1.914s] -- Up-to-date: /home/f1tenth/f1tenth_ws/install/vesc_msgs/share/vesc_msgs/environment/ament_prefix_path.dsv
[1.914s] -- Up-to-date: /home/f1tenth/f1tenth_ws/install/vesc_msgs/share/vesc_msgs/environment/path.sh
[1.914s] -- Up-to-date: /home/f1tenth/f1tenth_ws/install/vesc_msgs/share/vesc_msgs/environment/path.dsv
[1.915s] -- Up-to-date: /home/f1tenth/f1tenth_ws/install/vesc_msgs/share/vesc_msgs/local_setup.bash
[1.915s] -- Up-to-date: /home/f1tenth/f1tenth_ws/install/vesc_msgs/share/vesc_msgs/local_setup.sh
[1.915s] -- Up-to-date: /home/f1tenth/f1tenth_ws/install/vesc_msgs/share/vesc_msgs/local_setup.zsh
[1.915s] -- Up-to-date: /home/f1tenth/f1tenth_ws/install/vesc_msgs/share/vesc_msgs/local_setup.dsv
[1.915s] -- Installing: /home/f1tenth/f1tenth_ws/install/vesc_msgs/share/vesc_msgs/package.dsv
[1.916s] -- Up-to-date: /home/f1tenth/f1tenth_ws/install/vesc_msgs/share/ament_index/resource_index/packages/vesc_msgs
[1.916s] -- Up-to-date: /home/f1tenth/f1tenth_ws/install/vesc_msgs/share/vesc_msgs/cmake/export_vesc_msgs__rosidl_generator_cExport.cmake
[1.916s] -- Up-to-date: /home/f1tenth/f1tenth_ws/install/vesc_msgs/share/vesc_msgs/cmake/export_vesc_msgs__rosidl_generator_cExport-noconfig.cmake
[1.916s] -- Up-to-date: /home/f1tenth/f1tenth_ws/install/vesc_msgs/share/vesc_msgs/cmake/export_vesc_msgs__rosidl_typesupport_fastrtps_cExport.cmake
[1.916s] -- Up-to-date: /home/f1tenth/f1tenth_ws/install/vesc_msgs/share/vesc_msgs/cmake/export_vesc_msgs__rosidl_typesupport_fastrtps_cExport-noconfig.cmake
[1.917s] -- Up-to-date: /home/f1tenth/f1tenth_ws/install/vesc_msgs/share/vesc_msgs/cmake/vesc_msgs__rosidl_typesupport_introspection_cExport.cmake
[1.917s] -- Up-to-date: /home/f1tenth/f1tenth_ws/install/vesc_msgs/share/vesc_msgs/cmake/vesc_msgs__rosidl_typesupport_introspection_cExport-noconfig.cmake
[1.928s] -- Up-to-date: /home/f1tenth/f1tenth_ws/install/vesc_msgs/share/vesc_msgs/cmake/vesc_msgs__rosidl_typesupport_cExport.cmake
[1.928s] -- Up-to-date: /home/f1tenth/f1tenth_ws/install/vesc_msgs/share/vesc_msgs/cmake/vesc_msgs__rosidl_typesupport_cExport-noconfig.cmake
[1.930s] -- Up-to-date: /home/f1tenth/f1tenth_ws/install/vesc_msgs/share/vesc_msgs/cmake/export_vesc_msgs__rosidl_generator_cppExport.cmake
[1.930s] -- Up-to-date: /home/f1tenth/f1tenth_ws/install/vesc_msgs/share/vesc_msgs/cmake/export_vesc_msgs__rosidl_typesupport_fastrtps_cppExport.cmake
[1.930s] -- Up-to-date: /home/f1tenth/f1tenth_ws/install/vesc_msgs/share/vesc_msgs/cmake/export_vesc_msgs__rosidl_typesupport_fastrtps_cppExport-noconfig.cmake
[1.930s] -- Up-to-date: /home/f1tenth/f1tenth_ws/install/vesc_msgs/share/vesc_msgs/cmake/vesc_msgs__rosidl_typesupport_introspection_cppExport.cmake
[1.936s] -- Up-to-date: /home/f1tenth/f1tenth_ws/install/vesc_msgs/share/vesc_msgs/cmake/vesc_msgs__rosidl_typesupport_introspection_cppExport-noconfig.cmake
[1.941s] -- Up-to-date: /home/f1tenth/f1tenth_ws/install/vesc_msgs/share/vesc_msgs/cmake/vesc_msgs__rosidl_typesupport_cppExport.cmake
[1.941s] -- Up-to-date: /home/f1tenth/f1tenth_ws/install/vesc_msgs/share/vesc_msgs/cmake/vesc_msgs__rosidl_typesupport_cppExport-noconfig.cmake
[1.941s] -- Up-to-date: /home/f1tenth/f1tenth_ws/install/vesc_msgs/share/vesc_msgs/cmake/export_vesc_msgs__rosidl_generator_pyExport.cmake
[1.941s] -- Up-to-date: /home/f1tenth/f1tenth_ws/install/vesc_msgs/share/vesc_msgs/cmake/export_vesc_msgs__rosidl_generator_pyExport-noconfig.cmake
[1.942s] -- Up-to-date: /home/f1tenth/f1tenth_ws/install/vesc_msgs/share/vesc_msgs/cmake/rosidl_cmake-extras.cmake
[1.942s] -- Up-to-date: /home/f1tenth/f1tenth_ws/install/vesc_msgs/share/vesc_msgs/cmake/ament_cmake_export_dependencies-extras.cmake
[1.942s] -- Up-to-date: /home/f1tenth/f1tenth_ws/install/vesc_msgs/share/vesc_msgs/cmake/ament_cmake_export_include_directories-extras.cmake
[1.942s] -- Up-to-date: /home/f1tenth/f1tenth_ws/install/vesc_msgs/share/vesc_msgs/cmake/ament_cmake_export_libraries-extras.cmake
[1.942s] -- Up-to-date: /home/f1tenth/f1tenth_ws/install/vesc_msgs/share/vesc_msgs/cmake/ament_cmake_export_targets-extras.cmake
[1.942s] -- Up-to-date: /home/f1tenth/f1tenth_ws/install/vesc_msgs/share/vesc_msgs/cmake/rosidl_cmake_export_typesupport_targets-extras.cmake
[1.942s] -- Up-to-date: /home/f1tenth/f1tenth_ws/install/vesc_msgs/share/vesc_msgs/cmake/rosidl_cmake_export_typesupport_libraries-extras.cmake
[1.942s] -- Up-to-date: /home/f1tenth/f1tenth_ws/install/vesc_msgs/share/vesc_msgs/cmake/vesc_msgsConfig.cmake
[1.943s] -- Up-to-date: /home/f1tenth/f1tenth_ws/install/vesc_msgs/share/vesc_msgs/cmake/vesc_msgsConfig-version.cmake
[1.943s] -- Up-to-date: /home/f1tenth/f1tenth_ws/install/vesc_msgs/share/vesc_msgs/package.xml
[1.943s] Invoked command in '/home/f1tenth/f1tenth_ws/build/vesc_msgs' returned '0': /usr/bin/cmake --install /home/f1tenth/f1tenth_ws/build/vesc_msgs
