[0.102s] Invoking command in '/home/f1tenth/f1tenth_ws/build/teleop_tools_msgs': CMAKE_PREFIX_PATH=/home/f1tenth/f1tenth_ws/install/wiimote:/home/f1tenth/f1tenth_ws/install/wiimote_msgs:/home/f1tenth/f1tenth_ws/install/vesc:/home/f1tenth/f1tenth_ws/install/vesc_driver:/home/f1tenth/f1tenth_ws/install/vesc_ackermann:/home/f1tenth/f1tenth_ws/install/vesc_msgs:/home/f1tenth/f1tenth_ws/install/teleop_tools:/home/f1tenth/f1tenth_ws/install/teleop_tools_msgs:/home/f1tenth/f1tenth_ws/install/spacenav:/home/f1tenth/f1tenth_ws/install/f1tenth_stack:/home/f1tenth/f1tenth_ws/install/control_policy:/home/f1tenth/f1tenth_ws/install/joy_teleop:/home/f1tenth/f1tenth_ws/install/mouse_teleop:/home/f1tenth/f1tenth_ws/install/key_teleop:/home/f1tenth/f1tenth_ws/install/joystick_ros2:/opt/ros/humble:/home/f1tenth/f1tenth_ws/install/joy:/home/f1tenth/f1tenth_ws/install/sdl2_vendor:/home/f1tenth/f1tenth_ws/install/joy_linux:/home/f1tenth/f1tenth_ws/install/ackermann_mux NX_CONNECTION=10.26.198.7 47054 10.26.198.24 4000 /usr/bin/cmake --build /home/f1tenth/f1tenth_ws/build/teleop_tools_msgs -- -j6 -l6
[0.938s] [  3%] Built target teleop_tools_msgs__cpp
[0.938s] [ 12%] Built target teleop_tools_msgs__rosidl_generator_c
[0.938s] [ 22%] Built target ament_cmake_python_copy_teleop_tools_msgs
[0.938s] [ 22%] Built target teleop_tools_msgs__rosidl_typesupport_fastrtps_cpp
[0.938s] [ 32%] Built target teleop_tools_msgs__rosidl_typesupport_introspection_c
[0.938s] [ 41%] Built target teleop_tools_msgs__rosidl_typesupport_introspection_cpp
[0.939s] [ 54%] Built target teleop_tools_msgs__rosidl_typesupport_fastrtps_c
[0.939s] [ 61%] Built target teleop_tools_msgs__rosidl_typesupport_c
[1.165s] running egg_info
[1.170s] writing teleop_tools_msgs.egg-info/PKG-INFO
[1.170s] writing dependency_links to teleop_tools_msgs.egg-info/dependency_links.txt
[1.170s] writing top-level names to teleop_tools_msgs.egg-info/top_level.txt
[1.176s] reading manifest file 'teleop_tools_msgs.egg-info/SOURCES.txt'
[1.179s] writing manifest file 'teleop_tools_msgs.egg-info/SOURCES.txt'
[1.268s] [ 61%] Built target ament_cmake_python_build_teleop_tools_msgs_egg
[1.327s] [ 70%] Built target teleop_tools_msgs__rosidl_typesupport_cpp
[1.388s] [ 70%] Built target teleop_tools_msgs
[1.447s] [ 74%] Built target teleop_tools_msgs__py
[1.506s] [ 80%] Built target teleop_tools_msgs__rosidl_generator_py
[1.571s] [ 87%] Built target teleop_tools_msgs__rosidl_typesupport_fastrtps_c__pyext
[1.643s] [ 93%] Built target teleop_tools_msgs__rosidl_typesupport_c__pyext
[1.688s] [100%] Built target teleop_tools_msgs__rosidl_typesupport_introspection_c__pyext
[1.771s] Invoked command in '/home/f1tenth/f1tenth_ws/build/teleop_tools_msgs' returned '0': CMAKE_PREFIX_PATH=/home/f1tenth/f1tenth_ws/install/wiimote:/home/f1tenth/f1tenth_ws/install/wiimote_msgs:/home/f1tenth/f1tenth_ws/install/vesc:/home/f1tenth/f1tenth_ws/install/vesc_driver:/home/f1tenth/f1tenth_ws/install/vesc_ackermann:/home/f1tenth/f1tenth_ws/install/vesc_msgs:/home/f1tenth/f1tenth_ws/install/teleop_tools:/home/f1tenth/f1tenth_ws/install/teleop_tools_msgs:/home/f1tenth/f1tenth_ws/install/spacenav:/home/f1tenth/f1tenth_ws/install/f1tenth_stack:/home/f1tenth/f1tenth_ws/install/control_policy:/home/f1tenth/f1tenth_ws/install/joy_teleop:/home/f1tenth/f1tenth_ws/install/mouse_teleop:/home/f1tenth/f1tenth_ws/install/key_teleop:/home/f1tenth/f1tenth_ws/install/joystick_ros2:/opt/ros/humble:/home/f1tenth/f1tenth_ws/install/joy:/home/f1tenth/f1tenth_ws/install/sdl2_vendor:/home/f1tenth/f1tenth_ws/install/joy_linux:/home/f1tenth/f1tenth_ws/install/ackermann_mux NX_CONNECTION=10.26.198.7 47054 10.26.198.24 4000 /usr/bin/cmake --build /home/f1tenth/f1tenth_ws/build/teleop_tools_msgs -- -j6 -l6
[2.138s] Invoking command in '/home/f1tenth/f1tenth_ws/build/teleop_tools_msgs': CMAKE_PREFIX_PATH=/home/f1tenth/f1tenth_ws/install/wiimote:/home/f1tenth/f1tenth_ws/install/wiimote_msgs:/home/f1tenth/f1tenth_ws/install/vesc:/home/f1tenth/f1tenth_ws/install/vesc_driver:/home/f1tenth/f1tenth_ws/install/vesc_ackermann:/home/f1tenth/f1tenth_ws/install/vesc_msgs:/home/f1tenth/f1tenth_ws/install/teleop_tools:/home/f1tenth/f1tenth_ws/install/teleop_tools_msgs:/home/f1tenth/f1tenth_ws/install/spacenav:/home/f1tenth/f1tenth_ws/install/f1tenth_stack:/home/f1tenth/f1tenth_ws/install/control_policy:/home/f1tenth/f1tenth_ws/install/joy_teleop:/home/f1tenth/f1tenth_ws/install/mouse_teleop:/home/f1tenth/f1tenth_ws/install/key_teleop:/home/f1tenth/f1tenth_ws/install/joystick_ros2:/opt/ros/humble:/home/f1tenth/f1tenth_ws/install/joy:/home/f1tenth/f1tenth_ws/install/sdl2_vendor:/home/f1tenth/f1tenth_ws/install/joy_linux:/home/f1tenth/f1tenth_ws/install/ackermann_mux NX_CONNECTION=10.26.198.7 47054 10.26.198.24 4000 /usr/bin/cmake --install /home/f1tenth/f1tenth_ws/build/teleop_tools_msgs
[2.162s] -- Install configuration: ""
[2.168s] -- Up-to-date: /home/f1tenth/f1tenth_ws/install/teleop_tools_msgs/share/ament_index/resource_index/rosidl_interfaces/teleop_tools_msgs
[2.168s] -- Up-to-date: /home/f1tenth/f1tenth_ws/install/teleop_tools_msgs/include/teleop_tools_msgs/teleop_tools_msgs
[2.168s] -- Up-to-date: /home/f1tenth/f1tenth_ws/install/teleop_tools_msgs/include/teleop_tools_msgs/teleop_tools_msgs/action
[2.168s] -- Up-to-date: /home/f1tenth/f1tenth_ws/install/teleop_tools_msgs/include/teleop_tools_msgs/teleop_tools_msgs/action/increment.h
[2.168s] -- Up-to-date: /home/f1tenth/f1tenth_ws/install/teleop_tools_msgs/include/teleop_tools_msgs/teleop_tools_msgs/action/detail
[2.168s] -- Up-to-date: /home/f1tenth/f1tenth_ws/install/teleop_tools_msgs/include/teleop_tools_msgs/teleop_tools_msgs/action/detail/increment__functions.c
[2.169s] -- Up-to-date: /home/f1tenth/f1tenth_ws/install/teleop_tools_msgs/include/teleop_tools_msgs/teleop_tools_msgs/action/detail/increment__type_support.h
[2.169s] -- Up-to-date: /home/f1tenth/f1tenth_ws/install/teleop_tools_msgs/include/teleop_tools_msgs/teleop_tools_msgs/action/detail/increment__struct.h
[2.169s] -- Up-to-date: /home/f1tenth/f1tenth_ws/install/teleop_tools_msgs/include/teleop_tools_msgs/teleop_tools_msgs/action/detail/increment__functions.h
[2.169s] -- Up-to-date: /home/f1tenth/f1tenth_ws/install/teleop_tools_msgs/include/teleop_tools_msgs/teleop_tools_msgs/msg
[2.169s] -- Up-to-date: /home/f1tenth/f1tenth_ws/install/teleop_tools_msgs/include/teleop_tools_msgs/teleop_tools_msgs/msg/rosidl_generator_c__visibility_control.h
[2.169s] -- Up-to-date: /home/f1tenth/f1tenth_ws/install/teleop_tools_msgs/share/teleop_tools_msgs/environment/library_path.sh
[2.169s] -- Up-to-date: /home/f1tenth/f1tenth_ws/install/teleop_tools_msgs/share/teleop_tools_msgs/environment/library_path.dsv
[2.169s] -- Up-to-date: /home/f1tenth/f1tenth_ws/install/teleop_tools_msgs/lib/libteleop_tools_msgs__rosidl_generator_c.so
[2.170s] -- Up-to-date: /home/f1tenth/f1tenth_ws/install/teleop_tools_msgs/include/teleop_tools_msgs/teleop_tools_msgs
[2.170s] -- Up-to-date: /home/f1tenth/f1tenth_ws/install/teleop_tools_msgs/include/teleop_tools_msgs/teleop_tools_msgs/action
[2.170s] -- Up-to-date: /home/f1tenth/f1tenth_ws/install/teleop_tools_msgs/include/teleop_tools_msgs/teleop_tools_msgs/action/detail
[2.170s] -- Up-to-date: /home/f1tenth/f1tenth_ws/install/teleop_tools_msgs/include/teleop_tools_msgs/teleop_tools_msgs/action/detail/increment__rosidl_typesupport_fastrtps_c.h
[2.170s] -- Up-to-date: /home/f1tenth/f1tenth_ws/install/teleop_tools_msgs/include/teleop_tools_msgs/teleop_tools_msgs/msg
[2.170s] -- Up-to-date: /home/f1tenth/f1tenth_ws/install/teleop_tools_msgs/include/teleop_tools_msgs/teleop_tools_msgs/msg/rosidl_typesupport_fastrtps_c__visibility_control.h
[2.170s] -- Up-to-date: /home/f1tenth/f1tenth_ws/install/teleop_tools_msgs/lib/libteleop_tools_msgs__rosidl_typesupport_fastrtps_c.so
[2.171s] -- Up-to-date: /home/f1tenth/f1tenth_ws/install/teleop_tools_msgs/include/teleop_tools_msgs/teleop_tools_msgs
[2.171s] -- Up-to-date: /home/f1tenth/f1tenth_ws/install/teleop_tools_msgs/include/teleop_tools_msgs/teleop_tools_msgs/action
[2.172s] -- Up-to-date: /home/f1tenth/f1tenth_ws/install/teleop_tools_msgs/include/teleop_tools_msgs/teleop_tools_msgs/action/detail
[2.172s] -- Up-to-date: /home/f1tenth/f1tenth_ws/install/teleop_tools_msgs/include/teleop_tools_msgs/teleop_tools_msgs/action/detail/increment__type_support.c
[2.172s] -- Up-to-date: /home/f1tenth/f1tenth_ws/install/teleop_tools_msgs/include/teleop_tools_msgs/teleop_tools_msgs/action/detail/increment__rosidl_typesupport_introspection_c.h
[2.172s] -- Up-to-date: /home/f1tenth/f1tenth_ws/install/teleop_tools_msgs/include/teleop_tools_msgs/teleop_tools_msgs/msg
[2.178s] -- Up-to-date: /home/f1tenth/f1tenth_ws/install/teleop_tools_msgs/include/teleop_tools_msgs/teleop_tools_msgs/msg/rosidl_typesupport_introspection_c__visibility_control.h
[2.179s] -- Up-to-date: /home/f1tenth/f1tenth_ws/install/teleop_tools_msgs/lib/libteleop_tools_msgs__rosidl_typesupport_introspection_c.so
[2.179s] -- Up-to-date: /home/f1tenth/f1tenth_ws/install/teleop_tools_msgs/lib/libteleop_tools_msgs__rosidl_typesupport_c.so
[2.179s] -- Up-to-date: /home/f1tenth/f1tenth_ws/install/teleop_tools_msgs/include/teleop_tools_msgs/teleop_tools_msgs
[2.179s] -- Up-to-date: /home/f1tenth/f1tenth_ws/install/teleop_tools_msgs/include/teleop_tools_msgs/teleop_tools_msgs/action
[2.179s] -- Up-to-date: /home/f1tenth/f1tenth_ws/install/teleop_tools_msgs/include/teleop_tools_msgs/teleop_tools_msgs/action/increment.hpp
[2.179s] -- Up-to-date: /home/f1tenth/f1tenth_ws/install/teleop_tools_msgs/include/teleop_tools_msgs/teleop_tools_msgs/action/detail
[2.180s] -- Up-to-date: /home/f1tenth/f1tenth_ws/install/teleop_tools_msgs/include/teleop_tools_msgs/teleop_tools_msgs/action/detail/increment__struct.hpp
[2.180s] -- Up-to-date: /home/f1tenth/f1tenth_ws/install/teleop_tools_msgs/include/teleop_tools_msgs/teleop_tools_msgs/action/detail/increment__traits.hpp
[2.180s] -- Up-to-date: /home/f1tenth/f1tenth_ws/install/teleop_tools_msgs/include/teleop_tools_msgs/teleop_tools_msgs/action/detail/increment__builder.hpp
[2.180s] -- Up-to-date: /home/f1tenth/f1tenth_ws/install/teleop_tools_msgs/include/teleop_tools_msgs/teleop_tools_msgs
[2.180s] -- Up-to-date: /home/f1tenth/f1tenth_ws/install/teleop_tools_msgs/include/teleop_tools_msgs/teleop_tools_msgs/action
[2.181s] -- Up-to-date: /home/f1tenth/f1tenth_ws/install/teleop_tools_msgs/include/teleop_tools_msgs/teleop_tools_msgs/action/detail
[2.181s] -- Up-to-date: /home/f1tenth/f1tenth_ws/install/teleop_tools_msgs/include/teleop_tools_msgs/teleop_tools_msgs/action/detail/dds_fastrtps
[2.181s] -- Up-to-date: /home/f1tenth/f1tenth_ws/install/teleop_tools_msgs/include/teleop_tools_msgs/teleop_tools_msgs/action/detail/increment__rosidl_typesupport_fastrtps_cpp.hpp
[2.181s] -- Up-to-date: /home/f1tenth/f1tenth_ws/install/teleop_tools_msgs/include/teleop_tools_msgs/teleop_tools_msgs/msg
[2.181s] -- Up-to-date: /home/f1tenth/f1tenth_ws/install/teleop_tools_msgs/include/teleop_tools_msgs/teleop_tools_msgs/msg/rosidl_typesupport_fastrtps_cpp__visibility_control.h
[2.182s] -- Up-to-date: /home/f1tenth/f1tenth_ws/install/teleop_tools_msgs/lib/libteleop_tools_msgs__rosidl_typesupport_fastrtps_cpp.so
[2.182s] -- Up-to-date: /home/f1tenth/f1tenth_ws/install/teleop_tools_msgs/include/teleop_tools_msgs/teleop_tools_msgs
[2.182s] -- Up-to-date: /home/f1tenth/f1tenth_ws/install/teleop_tools_msgs/include/teleop_tools_msgs/teleop_tools_msgs/action
[2.183s] -- Up-to-date: /home/f1tenth/f1tenth_ws/install/teleop_tools_msgs/include/teleop_tools_msgs/teleop_tools_msgs/action/detail
[2.184s] -- Up-to-date: /home/f1tenth/f1tenth_ws/install/teleop_tools_msgs/include/teleop_tools_msgs/teleop_tools_msgs/action/detail/increment__type_support.cpp
[2.184s] -- Up-to-date: /home/f1tenth/f1tenth_ws/install/teleop_tools_msgs/include/teleop_tools_msgs/teleop_tools_msgs/action/detail/increment__rosidl_typesupport_introspection_cpp.hpp
[2.184s] -- Up-to-date: /home/f1tenth/f1tenth_ws/install/teleop_tools_msgs/lib/libteleop_tools_msgs__rosidl_typesupport_introspection_cpp.so
[2.184s] -- Up-to-date: /home/f1tenth/f1tenth_ws/install/teleop_tools_msgs/lib/libteleop_tools_msgs__rosidl_typesupport_cpp.so
[2.184s] -- Up-to-date: /home/f1tenth/f1tenth_ws/install/teleop_tools_msgs/share/teleop_tools_msgs/environment/pythonpath.sh
[2.184s] -- Up-to-date: /home/f1tenth/f1tenth_ws/install/teleop_tools_msgs/share/teleop_tools_msgs/environment/pythonpath.dsv
[2.184s] -- Up-to-date: /home/f1tenth/f1tenth_ws/install/teleop_tools_msgs/local/lib/python3.10/dist-packages/teleop_tools_msgs-1.2.1-py3.10.egg-info
[2.185s] -- Installing: /home/f1tenth/f1tenth_ws/install/teleop_tools_msgs/local/lib/python3.10/dist-packages/teleop_tools_msgs-1.2.1-py3.10.egg-info/SOURCES.txt
[2.185s] -- Installing: /home/f1tenth/f1tenth_ws/install/teleop_tools_msgs/local/lib/python3.10/dist-packages/teleop_tools_msgs-1.2.1-py3.10.egg-info/top_level.txt
[2.185s] -- Installing: /home/f1tenth/f1tenth_ws/install/teleop_tools_msgs/local/lib/python3.10/dist-packages/teleop_tools_msgs-1.2.1-py3.10.egg-info/dependency_links.txt
[2.185s] -- Installing: /home/f1tenth/f1tenth_ws/install/teleop_tools_msgs/local/lib/python3.10/dist-packages/teleop_tools_msgs-1.2.1-py3.10.egg-info/PKG-INFO
[2.185s] -- Up-to-date: /home/f1tenth/f1tenth_ws/install/teleop_tools_msgs/local/lib/python3.10/dist-packages/teleop_tools_msgs
[2.185s] -- Up-to-date: /home/f1tenth/f1tenth_ws/install/teleop_tools_msgs/local/lib/python3.10/dist-packages/teleop_tools_msgs/teleop_tools_msgs_s__rosidl_typesupport_c.cpython-310-aarch64-linux-gnu.so
[2.185s] -- Up-to-date: /home/f1tenth/f1tenth_ws/install/teleop_tools_msgs/local/lib/python3.10/dist-packages/teleop_tools_msgs/libteleop_tools_msgs__rosidl_generator_py.so
[2.185s] -- Up-to-date: /home/f1tenth/f1tenth_ws/install/teleop_tools_msgs/local/lib/python3.10/dist-packages/teleop_tools_msgs/_teleop_tools_msgs_s.ep.rosidl_typesupport_c.c
[2.186s] -- Up-to-date: /home/f1tenth/f1tenth_ws/install/teleop_tools_msgs/local/lib/python3.10/dist-packages/teleop_tools_msgs/teleop_tools_msgs_s__rosidl_typesupport_introspection_c.cpython-310-aarch64-linux-gnu.so
[2.186s] -- Up-to-date: /home/f1tenth/f1tenth_ws/install/teleop_tools_msgs/local/lib/python3.10/dist-packages/teleop_tools_msgs/action
[2.186s] -- Up-to-date: /home/f1tenth/f1tenth_ws/install/teleop_tools_msgs/local/lib/python3.10/dist-packages/teleop_tools_msgs/action/_increment_s.c
[2.186s] -- Up-to-date: /home/f1tenth/f1tenth_ws/install/teleop_tools_msgs/local/lib/python3.10/dist-packages/teleop_tools_msgs/action/_increment.py
[2.186s] -- Up-to-date: /home/f1tenth/f1tenth_ws/install/teleop_tools_msgs/local/lib/python3.10/dist-packages/teleop_tools_msgs/action/__init__.py
[2.186s] -- Up-to-date: /home/f1tenth/f1tenth_ws/install/teleop_tools_msgs/local/lib/python3.10/dist-packages/teleop_tools_msgs/__init__.py
[2.186s] -- Up-to-date: /home/f1tenth/f1tenth_ws/install/teleop_tools_msgs/local/lib/python3.10/dist-packages/teleop_tools_msgs/_teleop_tools_msgs_s.ep.rosidl_typesupport_introspection_c.c
[2.187s] -- Up-to-date: /home/f1tenth/f1tenth_ws/install/teleop_tools_msgs/local/lib/python3.10/dist-packages/teleop_tools_msgs/_teleop_tools_msgs_s.ep.rosidl_typesupport_fastrtps_c.c
[2.187s] -- Up-to-date: /home/f1tenth/f1tenth_ws/install/teleop_tools_msgs/local/lib/python3.10/dist-packages/teleop_tools_msgs/teleop_tools_msgs_s__rosidl_typesupport_fastrtps_c.cpython-310-aarch64-linux-gnu.so
[2.283s] Listing '/home/f1tenth/f1tenth_ws/install/teleop_tools_msgs/local/lib/python3.10/dist-packages/teleop_tools_msgs'...
[2.283s] Listing '/home/f1tenth/f1tenth_ws/install/teleop_tools_msgs/local/lib/python3.10/dist-packages/teleop_tools_msgs/action'...
[2.295s] -- Up-to-date: /home/f1tenth/f1tenth_ws/install/teleop_tools_msgs/local/lib/python3.10/dist-packages/teleop_tools_msgs/teleop_tools_msgs_s__rosidl_typesupport_fastrtps_c.cpython-310-aarch64-linux-gnu.so
[2.295s] -- Up-to-date: /home/f1tenth/f1tenth_ws/install/teleop_tools_msgs/local/lib/python3.10/dist-packages/teleop_tools_msgs/teleop_tools_msgs_s__rosidl_typesupport_introspection_c.cpython-310-aarch64-linux-gnu.so
[2.296s] -- Up-to-date: /home/f1tenth/f1tenth_ws/install/teleop_tools_msgs/local/lib/python3.10/dist-packages/teleop_tools_msgs/teleop_tools_msgs_s__rosidl_typesupport_c.cpython-310-aarch64-linux-gnu.so
[2.299s] -- Up-to-date: /home/f1tenth/f1tenth_ws/install/teleop_tools_msgs/lib/libteleop_tools_msgs__rosidl_generator_py.so
[2.300s] -- Up-to-date: /home/f1tenth/f1tenth_ws/install/teleop_tools_msgs/share/teleop_tools_msgs/action/Increment.idl
[2.300s] -- Up-to-date: /home/f1tenth/f1tenth_ws/install/teleop_tools_msgs/share/teleop_tools_msgs/action/Increment.action
[2.300s] -- Up-to-date: /home/f1tenth/f1tenth_ws/install/teleop_tools_msgs/share/ament_index/resource_index/package_run_dependencies/teleop_tools_msgs
[2.300s] -- Up-to-date: /home/f1tenth/f1tenth_ws/install/teleop_tools_msgs/share/ament_index/resource_index/parent_prefix_path/teleop_tools_msgs
[2.300s] -- Up-to-date: /home/f1tenth/f1tenth_ws/install/teleop_tools_msgs/share/teleop_tools_msgs/environment/ament_prefix_path.sh
[2.301s] -- Up-to-date: /home/f1tenth/f1tenth_ws/install/teleop_tools_msgs/share/teleop_tools_msgs/environment/ament_prefix_path.dsv
[2.301s] -- Up-to-date: /home/f1tenth/f1tenth_ws/install/teleop_tools_msgs/share/teleop_tools_msgs/environment/path.sh
[2.301s] -- Up-to-date: /home/f1tenth/f1tenth_ws/install/teleop_tools_msgs/share/teleop_tools_msgs/environment/path.dsv
[2.301s] -- Up-to-date: /home/f1tenth/f1tenth_ws/install/teleop_tools_msgs/share/teleop_tools_msgs/local_setup.bash
[2.301s] -- Up-to-date: /home/f1tenth/f1tenth_ws/install/teleop_tools_msgs/share/teleop_tools_msgs/local_setup.sh
[2.301s] -- Up-to-date: /home/f1tenth/f1tenth_ws/install/teleop_tools_msgs/share/teleop_tools_msgs/local_setup.zsh
[2.301s] -- Up-to-date: /home/f1tenth/f1tenth_ws/install/teleop_tools_msgs/share/teleop_tools_msgs/local_setup.dsv
[2.302s] -- Installing: /home/f1tenth/f1tenth_ws/install/teleop_tools_msgs/share/teleop_tools_msgs/package.dsv
[2.302s] -- Up-to-date: /home/f1tenth/f1tenth_ws/install/teleop_tools_msgs/share/ament_index/resource_index/packages/teleop_tools_msgs
[2.302s] -- Up-to-date: /home/f1tenth/f1tenth_ws/install/teleop_tools_msgs/share/teleop_tools_msgs/cmake/export_teleop_tools_msgs__rosidl_generator_cExport.cmake
[2.302s] -- Up-to-date: /home/f1tenth/f1tenth_ws/install/teleop_tools_msgs/share/teleop_tools_msgs/cmake/export_teleop_tools_msgs__rosidl_generator_cExport-noconfig.cmake
[2.303s] -- Up-to-date: /home/f1tenth/f1tenth_ws/install/teleop_tools_msgs/share/teleop_tools_msgs/cmake/export_teleop_tools_msgs__rosidl_typesupport_fastrtps_cExport.cmake
[2.303s] -- Up-to-date: /home/f1tenth/f1tenth_ws/install/teleop_tools_msgs/share/teleop_tools_msgs/cmake/export_teleop_tools_msgs__rosidl_typesupport_fastrtps_cExport-noconfig.cmake
[2.303s] -- Up-to-date: /home/f1tenth/f1tenth_ws/install/teleop_tools_msgs/share/teleop_tools_msgs/cmake/teleop_tools_msgs__rosidl_typesupport_introspection_cExport.cmake
[2.306s] -- Up-to-date: /home/f1tenth/f1tenth_ws/install/teleop_tools_msgs/share/teleop_tools_msgs/cmake/teleop_tools_msgs__rosidl_typesupport_introspection_cExport-noconfig.cmake
[2.306s] -- Up-to-date: /home/f1tenth/f1tenth_ws/install/teleop_tools_msgs/share/teleop_tools_msgs/cmake/teleop_tools_msgs__rosidl_typesupport_cExport.cmake
[2.307s] -- Up-to-date: /home/f1tenth/f1tenth_ws/install/teleop_tools_msgs/share/teleop_tools_msgs/cmake/teleop_tools_msgs__rosidl_typesupport_cExport-noconfig.cmake
[2.307s] -- Up-to-date: /home/f1tenth/f1tenth_ws/install/teleop_tools_msgs/share/teleop_tools_msgs/cmake/export_teleop_tools_msgs__rosidl_generator_cppExport.cmake
[2.307s] -- Up-to-date: /home/f1tenth/f1tenth_ws/install/teleop_tools_msgs/share/teleop_tools_msgs/cmake/export_teleop_tools_msgs__rosidl_typesupport_fastrtps_cppExport.cmake
[2.307s] -- Up-to-date: /home/f1tenth/f1tenth_ws/install/teleop_tools_msgs/share/teleop_tools_msgs/cmake/export_teleop_tools_msgs__rosidl_typesupport_fastrtps_cppExport-noconfig.cmake
[2.307s] -- Up-to-date: /home/f1tenth/f1tenth_ws/install/teleop_tools_msgs/share/teleop_tools_msgs/cmake/teleop_tools_msgs__rosidl_typesupport_introspection_cppExport.cmake
[2.307s] -- Up-to-date: /home/f1tenth/f1tenth_ws/install/teleop_tools_msgs/share/teleop_tools_msgs/cmake/teleop_tools_msgs__rosidl_typesupport_introspection_cppExport-noconfig.cmake
[2.308s] -- Up-to-date: /home/f1tenth/f1tenth_ws/install/teleop_tools_msgs/share/teleop_tools_msgs/cmake/teleop_tools_msgs__rosidl_typesupport_cppExport.cmake
[2.308s] -- Up-to-date: /home/f1tenth/f1tenth_ws/install/teleop_tools_msgs/share/teleop_tools_msgs/cmake/teleop_tools_msgs__rosidl_typesupport_cppExport-noconfig.cmake
[2.308s] -- Up-to-date: /home/f1tenth/f1tenth_ws/install/teleop_tools_msgs/share/teleop_tools_msgs/cmake/export_teleop_tools_msgs__rosidl_generator_pyExport.cmake
[2.314s] -- Up-to-date: /home/f1tenth/f1tenth_ws/install/teleop_tools_msgs/share/teleop_tools_msgs/cmake/export_teleop_tools_msgs__rosidl_generator_pyExport-noconfig.cmake
[2.314s] -- Up-to-date: /home/f1tenth/f1tenth_ws/install/teleop_tools_msgs/share/teleop_tools_msgs/cmake/rosidl_cmake-extras.cmake
[2.314s] -- Up-to-date: /home/f1tenth/f1tenth_ws/install/teleop_tools_msgs/share/teleop_tools_msgs/cmake/ament_cmake_export_dependencies-extras.cmake
[2.315s] -- Up-to-date: /home/f1tenth/f1tenth_ws/install/teleop_tools_msgs/share/teleop_tools_msgs/cmake/ament_cmake_export_include_directories-extras.cmake
[2.315s] -- Up-to-date: /home/f1tenth/f1tenth_ws/install/teleop_tools_msgs/share/teleop_tools_msgs/cmake/ament_cmake_export_libraries-extras.cmake
[2.315s] -- Up-to-date: /home/f1tenth/f1tenth_ws/install/teleop_tools_msgs/share/teleop_tools_msgs/cmake/ament_cmake_export_targets-extras.cmake
[2.315s] -- Up-to-date: /home/f1tenth/f1tenth_ws/install/teleop_tools_msgs/share/teleop_tools_msgs/cmake/rosidl_cmake_export_typesupport_targets-extras.cmake
[2.316s] -- Up-to-date: /home/f1tenth/f1tenth_ws/install/teleop_tools_msgs/share/teleop_tools_msgs/cmake/rosidl_cmake_export_typesupport_libraries-extras.cmake
[2.316s] -- Up-to-date: /home/f1tenth/f1tenth_ws/install/teleop_tools_msgs/share/teleop_tools_msgs/cmake/teleop_tools_msgsConfig.cmake
[2.316s] -- Up-to-date: /home/f1tenth/f1tenth_ws/install/teleop_tools_msgs/share/teleop_tools_msgs/cmake/teleop_tools_msgsConfig-version.cmake
[2.316s] -- Up-to-date: /home/f1tenth/f1tenth_ws/install/teleop_tools_msgs/share/teleop_tools_msgs/package.xml
[2.339s] Invoked command in '/home/f1tenth/f1tenth_ws/build/teleop_tools_msgs' returned '0': CMAKE_PREFIX_PATH=/home/f1tenth/f1tenth_ws/install/wiimote:/home/f1tenth/f1tenth_ws/install/wiimote_msgs:/home/f1tenth/f1tenth_ws/install/vesc:/home/f1tenth/f1tenth_ws/install/vesc_driver:/home/f1tenth/f1tenth_ws/install/vesc_ackermann:/home/f1tenth/f1tenth_ws/install/vesc_msgs:/home/f1tenth/f1tenth_ws/install/teleop_tools:/home/f1tenth/f1tenth_ws/install/teleop_tools_msgs:/home/f1tenth/f1tenth_ws/install/spacenav:/home/f1tenth/f1tenth_ws/install/f1tenth_stack:/home/f1tenth/f1tenth_ws/install/control_policy:/home/f1tenth/f1tenth_ws/install/joy_teleop:/home/f1tenth/f1tenth_ws/install/mouse_teleop:/home/f1tenth/f1tenth_ws/install/key_teleop:/home/f1tenth/f1tenth_ws/install/joystick_ros2:/opt/ros/humble:/home/f1tenth/f1tenth_ws/install/joy:/home/f1tenth/f1tenth_ws/install/sdl2_vendor:/home/f1tenth/f1tenth_ws/install/joy_linux:/home/f1tenth/f1tenth_ws/install/ackermann_mux NX_CONNECTION=10.26.198.7 47054 10.26.198.24 4000 /usr/bin/cmake --install /home/f1tenth/f1tenth_ws/build/teleop_tools_msgs
