[0.048s] Invoking command in '/home/f1tenth/f1tenth_ws/build/vesc_ackermann': AMENT_PREFIX_PATH=/home/f1tenth/f1tenth_ws/install/vesc_msgs:${AMENT_PREFIX_PATH} CMAKE_PREFIX_PATH=/home/f1tenth/f1tenth_ws/install/vesc_msgs:/opt/ros/humble LD_LIBRARY_PATH=/home/f1tenth/f1tenth_ws/install/vesc_msgs/lib:/opt/ros/humble/opt/rviz_ogre_vendor/lib:/opt/ros/humble/lib/aarch64-linux-gnu:/opt/ros/humble/lib:/usr/local/cuda-12.2/lib64:/usr/local/cuda-12.2/lib64 PYTHONPATH=/home/f1tenth/f1tenth_ws/install/vesc_msgs/local/lib/python3.10/dist-packages:${PYTHONPATH} /usr/bin/cmake --build /home/f1tenth/f1tenth_ws/build/vesc_ackermann -- -j6 -l6
[0.221s] [ 28%] Built target ackermann_to_vesc_node
[0.224s] [ 71%] Built target vesc_ackermann
[0.236s] [100%] Built target vesc_to_odom_node
[0.272s] Invoked command in '/home/f1tenth/f1tenth_ws/build/vesc_ackermann' returned '0': AMENT_PREFIX_PATH=/home/f1tenth/f1tenth_ws/install/vesc_msgs:${AMENT_PREFIX_PATH} CMAKE_PREFIX_PATH=/home/f1tenth/f1tenth_ws/install/vesc_msgs:/opt/ros/humble LD_LIBRARY_PATH=/home/f1tenth/f1tenth_ws/install/vesc_msgs/lib:/opt/ros/humble/opt/rviz_ogre_vendor/lib:/opt/ros/humble/lib/aarch64-linux-gnu:/opt/ros/humble/lib:/usr/local/cuda-12.2/lib64:/usr/local/cuda-12.2/lib64 PYTHONPATH=/home/f1tenth/f1tenth_ws/install/vesc_msgs/local/lib/python3.10/dist-packages:${PYTHONPATH} /usr/bin/cmake --build /home/f1tenth/f1tenth_ws/build/vesc_ackermann -- -j6 -l6
[0.345s] Invoking command in '/home/f1tenth/f1tenth_ws/build/vesc_ackermann': AMENT_PREFIX_PATH=/home/f1tenth/f1tenth_ws/install/vesc_msgs:${AMENT_PREFIX_PATH} CMAKE_PREFIX_PATH=/home/f1tenth/f1tenth_ws/install/vesc_msgs:/opt/ros/humble LD_LIBRARY_PATH=/home/f1tenth/f1tenth_ws/install/vesc_msgs/lib:/opt/ros/humble/opt/rviz_ogre_vendor/lib:/opt/ros/humble/lib/aarch64-linux-gnu:/opt/ros/humble/lib:/usr/local/cuda-12.2/lib64:/usr/local/cuda-12.2/lib64 PYTHONPATH=/home/f1tenth/f1tenth_ws/install/vesc_msgs/local/lib/python3.10/dist-packages:${PYTHONPATH} /usr/bin/cmake --install /home/f1tenth/f1tenth_ws/build/vesc_ackermann
[0.362s] -- Install configuration: ""
[0.363s] -- Up-to-date: /home/f1tenth/f1tenth_ws/install/vesc_ackermann/lib/vesc_ackermann/ackermann_to_vesc_node
[0.365s] -- Up-to-date: /home/f1tenth/f1tenth_ws/install/vesc_ackermann/lib/vesc_ackermann/vesc_to_odom_node
[0.366s] -- Up-to-date: /home/f1tenth/f1tenth_ws/install/vesc_ackermann/include
[0.366s] -- Up-to-date: /home/f1tenth/f1tenth_ws/install/vesc_ackermann/include/vesc_ackermann
[0.367s] -- Up-to-date: /home/f1tenth/f1tenth_ws/install/vesc_ackermann/include/vesc_ackermann/vesc_to_odom.hpp
[0.367s] -- Up-to-date: /home/f1tenth/f1tenth_ws/install/vesc_ackermann/include/vesc_ackermann/ackermann_to_vesc.hpp
[0.368s] -- Up-to-date: /home/f1tenth/f1tenth_ws/install/vesc_ackermann/share/vesc_ackermann/environment/library_path.sh
[0.368s] -- Up-to-date: /home/f1tenth/f1tenth_ws/install/vesc_ackermann/share/vesc_ackermann/environment/library_path.dsv
[0.370s] -- Up-to-date: /home/f1tenth/f1tenth_ws/install/vesc_ackermann/lib/libvesc_ackermann.so
[0.370s] -- Up-to-date: /home/f1tenth/f1tenth_ws/install/vesc_ackermann/share/vesc_ackermann/launch
[0.370s] -- Up-to-date: /home/f1tenth/f1tenth_ws/install/vesc_ackermann/share/vesc_ackermann/launch/vesc_to_odom_node.launch.xml
[0.371s] -- Up-to-date: /home/f1tenth/f1tenth_ws/install/vesc_ackermann/share/vesc_ackermann/launch/ackermann_to_vesc_node.launch.xml
[0.371s] -- Up-to-date: /home/f1tenth/f1tenth_ws/install/vesc_ackermann/share/ament_index/resource_index/package_run_dependencies/vesc_ackermann
[0.371s] -- Up-to-date: /home/f1tenth/f1tenth_ws/install/vesc_ackermann/share/ament_index/resource_index/parent_prefix_path/vesc_ackermann
[0.371s] -- Up-to-date: /home/f1tenth/f1tenth_ws/install/vesc_ackermann/share/vesc_ackermann/environment/ament_prefix_path.sh
[0.371s] -- Up-to-date: /home/f1tenth/f1tenth_ws/install/vesc_ackermann/share/vesc_ackermann/environment/ament_prefix_path.dsv
[0.372s] -- Up-to-date: /home/f1tenth/f1tenth_ws/install/vesc_ackermann/share/vesc_ackermann/environment/path.sh
[0.372s] -- Up-to-date: /home/f1tenth/f1tenth_ws/install/vesc_ackermann/share/vesc_ackermann/environment/path.dsv
[0.372s] -- Up-to-date: /home/f1tenth/f1tenth_ws/install/vesc_ackermann/share/vesc_ackermann/local_setup.bash
[0.373s] -- Up-to-date: /home/f1tenth/f1tenth_ws/install/vesc_ackermann/share/vesc_ackermann/local_setup.sh
[0.373s] -- Up-to-date: /home/f1tenth/f1tenth_ws/install/vesc_ackermann/share/vesc_ackermann/local_setup.zsh
[0.373s] -- Up-to-date: /home/f1tenth/f1tenth_ws/install/vesc_ackermann/share/vesc_ackermann/local_setup.dsv
[0.373s] -- Installing: /home/f1tenth/f1tenth_ws/install/vesc_ackermann/share/vesc_ackermann/package.dsv
[0.373s] -- Up-to-date: /home/f1tenth/f1tenth_ws/install/vesc_ackermann/share/ament_index/resource_index/packages/vesc_ackermann
[0.373s] -- Up-to-date: /home/f1tenth/f1tenth_ws/install/vesc_ackermann/share/ament_index/resource_index/rclcpp_components/vesc_ackermann
[0.373s] -- Up-to-date: /home/f1tenth/f1tenth_ws/install/vesc_ackermann/share/vesc_ackermann/cmake/ament_cmake_export_dependencies-extras.cmake
[0.374s] -- Up-to-date: /home/f1tenth/f1tenth_ws/install/vesc_ackermann/share/vesc_ackermann/cmake/ament_cmake_export_include_directories-extras.cmake
[0.374s] -- Up-to-date: /home/f1tenth/f1tenth_ws/install/vesc_ackermann/share/vesc_ackermann/cmake/ament_cmake_export_libraries-extras.cmake
[0.374s] -- Up-to-date: /home/f1tenth/f1tenth_ws/install/vesc_ackermann/share/vesc_ackermann/cmake/vesc_ackermannConfig.cmake
[0.374s] -- Up-to-date: /home/f1tenth/f1tenth_ws/install/vesc_ackermann/share/vesc_ackermann/cmake/vesc_ackermannConfig-version.cmake
[0.374s] -- Up-to-date: /home/f1tenth/f1tenth_ws/install/vesc_ackermann/share/vesc_ackermann/package.xml
[0.382s] Invoked command in '/home/f1tenth/f1tenth_ws/build/vesc_ackermann' returned '0': AMENT_PREFIX_PATH=/home/f1tenth/f1tenth_ws/install/vesc_msgs:${AMENT_PREFIX_PATH} CMAKE_PREFIX_PATH=/home/f1tenth/f1tenth_ws/install/vesc_msgs:/opt/ros/humble LD_LIBRARY_PATH=/home/f1tenth/f1tenth_ws/install/vesc_msgs/lib:/opt/ros/humble/opt/rviz_ogre_vendor/lib:/opt/ros/humble/lib/aarch64-linux-gnu:/opt/ros/humble/lib:/usr/local/cuda-12.2/lib64:/usr/local/cuda-12.2/lib64 PYTHONPATH=/home/f1tenth/f1tenth_ws/install/vesc_msgs/local/lib/python3.10/dist-packages:${PYTHONPATH} /usr/bin/cmake --install /home/f1tenth/f1tenth_ws/build/vesc_ackermann
