[0.044s] Invoking command in '/home/f1tenth/f1tenth_ws/build/sdl2_vendor': CMAKE_PREFIX_PATH=/opt/ros/humble /usr/bin/cmake /home/f1tenth/f1tenth_ws/src/f1tenth_system/joystick_drivers/sdl2_vendor -DCMAKE_INSTALL_PREFIX=/home/f1tenth/f1tenth_ws/install/sdl2_vendor
[0.710s] -- Found ament_cmake: 1.3.9 (/opt/ros/humble/share/ament_cmake/cmake)
[0.710s] -- Found Python3: /usr/bin/python3 (found version "3.10.12") found components: Interpreter 
[0.918s] -- Configuring done
[0.926s] -- Generating done
[0.929s] -- Build files have been written to: /home/f1tenth/f1tenth_ws/build/sdl2_vendor
[0.938s] Invoked command in '/home/f1tenth/f1tenth_ws/build/sdl2_vendor' returned '0': CMAKE_PREFIX_PATH=/opt/ros/humble /usr/bin/cmake /home/f1tenth/f1tenth_ws/src/f1tenth_system/joystick_drivers/sdl2_vendor -DCMAKE_INSTALL_PREFIX=/home/f1tenth/f1tenth_ws/install/sdl2_vendor
[0.939s] Invoking command in '/home/f1tenth/f1tenth_ws/build/sdl2_vendor': CMAKE_PREFIX_PATH=/opt/ros/humble /usr/bin/cmake --build /home/f1tenth/f1tenth_ws/build/sdl2_vendor -- -j6 -l6
[1.030s] Invoked command in '/home/f1tenth/f1tenth_ws/build/sdl2_vendor' returned '0': CMAKE_PREFIX_PATH=/opt/ros/humble /usr/bin/cmake --build /home/f1tenth/f1tenth_ws/build/sdl2_vendor -- -j6 -l6
[1.081s] Invoking command in '/home/f1tenth/f1tenth_ws/build/sdl2_vendor': CMAKE_PREFIX_PATH=/opt/ros/humble /usr/bin/cmake --install /home/f1tenth/f1tenth_ws/build/sdl2_vendor
[1.101s] -- Install configuration: ""
[1.101s] -- Installing: /home/f1tenth/f1tenth_ws/install/sdl2_vendor/share/sdl2_vendor/cmake
[1.103s] -- Installing: /home/f1tenth/f1tenth_ws/install/sdl2_vendor/share/sdl2_vendor/cmake/Modules
[1.104s] -- Installing: /home/f1tenth/f1tenth_ws/install/sdl2_vendor/share/sdl2_vendor/cmake/Modules/Findsdl2_custom.cmake
[1.107s] -- Installing: /home/f1tenth/f1tenth_ws/install/sdl2_vendor/share/ament_index/resource_index/package_run_dependencies/sdl2_vendor
[1.111s] -- Installing: /home/f1tenth/f1tenth_ws/install/sdl2_vendor/share/ament_index/resource_index/parent_prefix_path/sdl2_vendor
[1.112s] -- Installing: /home/f1tenth/f1tenth_ws/install/sdl2_vendor/share/sdl2_vendor/environment/ament_prefix_path.sh
[1.113s] -- Installing: /home/f1tenth/f1tenth_ws/install/sdl2_vendor/share/sdl2_vendor/environment/ament_prefix_path.dsv
[1.113s] -- Installing: /home/f1tenth/f1tenth_ws/install/sdl2_vendor/share/sdl2_vendor/environment/path.sh
[1.114s] -- Installing: /home/f1tenth/f1tenth_ws/install/sdl2_vendor/share/sdl2_vendor/environment/path.dsv
[1.117s] -- Installing: /home/f1tenth/f1tenth_ws/install/sdl2_vendor/share/sdl2_vendor/local_setup.bash
[1.117s] -- Installing: /home/f1tenth/f1tenth_ws/install/sdl2_vendor/share/sdl2_vendor/local_setup.sh
[1.117s] -- Installing: /home/f1tenth/f1tenth_ws/install/sdl2_vendor/share/sdl2_vendor/local_setup.zsh
[1.118s] -- Installing: /home/f1tenth/f1tenth_ws/install/sdl2_vendor/share/sdl2_vendor/local_setup.dsv
[1.119s] -- Installing: /home/f1tenth/f1tenth_ws/install/sdl2_vendor/share/sdl2_vendor/package.dsv
[1.119s] -- Installing: /home/f1tenth/f1tenth_ws/install/sdl2_vendor/share/ament_index/resource_index/packages/sdl2_vendor
[1.119s] -- Installing: /home/f1tenth/f1tenth_ws/install/sdl2_vendor/share/sdl2_vendor/cmake/sdl2_vendor-extras.cmake
[1.120s] -- Installing: /home/f1tenth/f1tenth_ws/install/sdl2_vendor/share/sdl2_vendor/cmake/sdl2_vendorConfig.cmake
[1.120s] -- Installing: /home/f1tenth/f1tenth_ws/install/sdl2_vendor/share/sdl2_vendor/cmake/sdl2_vendorConfig-version.cmake
[1.120s] -- Installing: /home/f1tenth/f1tenth_ws/install/sdl2_vendor/share/sdl2_vendor/package.xml
[1.129s] Invoked command in '/home/f1tenth/f1tenth_ws/build/sdl2_vendor' returned '0': CMAKE_PREFIX_PATH=/opt/ros/humble /usr/bin/cmake --install /home/f1tenth/f1tenth_ws/build/sdl2_vendor
