[0.050s] Invoking command in '/home/f1tenth/f1tenth_ws/build/spacenav': CMAKE_PREFIX_PATH=/opt/ros/humble /usr/bin/cmake /home/f1tenth/f1tenth_ws/src/f1tenth_system/joystick_drivers/spacenav -DCMAKE_INSTALL_PREFIX=/home/f1tenth/f1tenth_ws/install/spacenav
[0.085s] -- Found ament_cmake: 1.3.9 (/opt/ros/humble/share/ament_cmake/cmake)
[0.568s] -- Found geometry_msgs: 4.2.3 (/opt/ros/humble/share/geometry_msgs/cmake)
[0.645s] -- Found rosidl_generator_c: 3.1.5 (/opt/ros/humble/share/rosidl_generator_c/cmake)
[0.650s] -- Found rosidl_adapter: 3.1.5 (/opt/ros/humble/share/rosidl_adapter/cmake)
[0.664s] -- Found rosidl_generator_cpp: 3.1.5 (/opt/ros/humble/share/rosidl_generator_cpp/cmake)
[0.717s] -- Using all available rosidl_typesupport_c: rosidl_typesupport_fastrtps_c;rosidl_typesupport_introspection_c
[0.759s] -- Using all available rosidl_typesupport_cpp: rosidl_typesupport_fastrtps_cpp;rosidl_typesupport_introspection_cpp
[1.054s] -- Found rclcpp: 16.0.9 (/opt/ros/humble/share/rclcpp/cmake)
[1.152s] -- Found rmw_implementation_cmake: 6.1.2 (/opt/ros/humble/share/rmw_implementation_cmake/cmake)
[1.155s] -- Found rmw_fastrtps_cpp: 6.2.6 (/opt/ros/humble/share/rmw_fastrtps_cpp/cmake)
[1.424s] -- Using RMW implementation 'rmw_fastrtps_cpp' as default
[1.709s] -- Found rclcpp_components: 16.0.9 (/opt/ros/humble/share/rclcpp_components/cmake)
[1.819s] -- Found sensor_msgs: 4.2.3 (/opt/ros/humble/share/sensor_msgs/cmake)
[1.979s] -- Found SPNAV: /usr/lib/libspnav.so  
[1.986s] -- Found ament_lint_auto: 0.12.11 (/opt/ros/humble/share/ament_lint_auto/cmake)
[2.179s] -- Added test 'cppcheck' to perform static code analysis on C / C++ code
[2.180s] -- Configured cppcheck include dirs: $<BUILD_INTERFACE:/home/f1tenth/f1tenth_ws/src/f1tenth_system/joystick_drivers/spacenav/include>
[2.180s] -- Configured cppcheck exclude dirs and/or files: 
[2.185s] -- Added test 'cpplint' to check C / C++ code against the Google style
[2.186s] -- Configured cpplint exclude dirs and/or files: 
[2.187s] -- Added test 'flake8' to check Python code syntax and style conventions
[2.188s] -- Added test 'lint_cmake' to check CMake code style
[2.195s] -- Added test 'pep257' to check Python code against some of the docstring style conventions in PEP 257
[2.195s] -- Added test 'uncrustify' to check C / C++ code style
[2.195s] -- Configured uncrustify additional arguments: 
[2.195s] -- Added test 'xmllint' to check XML markup files
[2.197s] -- Configuring done
[2.227s] -- Generating done
[2.231s] -- Build files have been written to: /home/f1tenth/f1tenth_ws/build/spacenav
[2.255s] Invoked command in '/home/f1tenth/f1tenth_ws/build/spacenav' returned '0': CMAKE_PREFIX_PATH=/opt/ros/humble /usr/bin/cmake /home/f1tenth/f1tenth_ws/src/f1tenth_system/joystick_drivers/spacenav -DCMAKE_INSTALL_PREFIX=/home/f1tenth/f1tenth_ws/install/spacenav
[2.263s] Invoking command in '/home/f1tenth/f1tenth_ws/build/spacenav': CMAKE_PREFIX_PATH=/opt/ros/humble /usr/bin/cmake --build /home/f1tenth/f1tenth_ws/build/spacenav -- -j6 -l6
[2.361s] [ 50%] [32mBuilding CXX object CMakeFiles/spacenav_node.dir/rclcpp_components/node_main_spacenav_node.cpp.o[0m
[2.361s] [ 50%] [32mBuilding CXX object CMakeFiles/spacenav.dir/src/spacenav.cpp.o[0m
[13.637s] [ 75%] [32m[1mLinking CXX executable spacenav_node[0m
[14.073s] [ 75%] Built target spacenav_node
[22.799s] [100%] [32m[1mLinking CXX shared library libspacenav.so[0m
[23.462s] [100%] Built target spacenav
[23.491s] Invoked command in '/home/f1tenth/f1tenth_ws/build/spacenav' returned '0': CMAKE_PREFIX_PATH=/opt/ros/humble /usr/bin/cmake --build /home/f1tenth/f1tenth_ws/build/spacenav -- -j6 -l6
[23.554s] Invoking command in '/home/f1tenth/f1tenth_ws/build/spacenav': CMAKE_PREFIX_PATH=/opt/ros/humble /usr/bin/cmake --install /home/f1tenth/f1tenth_ws/build/spacenav
[23.576s] -- Install configuration: ""
[23.577s] -- Installing: /home/f1tenth/f1tenth_ws/install/spacenav/lib/libspacenav.so
[23.600s] -- Set runtime path of "/home/f1tenth/f1tenth_ws/install/spacenav/lib/libspacenav.so" to ""
[23.601s] -- Installing: /home/f1tenth/f1tenth_ws/install/spacenav/lib/spacenav/spacenav_node
[23.611s] -- Set runtime path of "/home/f1tenth/f1tenth_ws/install/spacenav/lib/spacenav/spacenav_node" to ""
[23.613s] -- Installing: /home/f1tenth/f1tenth_ws/install/spacenav/include/spacenav
[23.614s] -- Installing: /home/f1tenth/f1tenth_ws/install/spacenav/include/spacenav/spacenav
[23.616s] -- Installing: /home/f1tenth/f1tenth_ws/install/spacenav/include/spacenav/spacenav/spacenav.hpp
[23.618s] -- Installing: /home/f1tenth/f1tenth_ws/install/spacenav/share/spacenav//launch
[23.620s] -- Installing: /home/f1tenth/f1tenth_ws/install/spacenav/share/spacenav//launch/static_deadband-launch.py
[23.622s] -- Installing: /home/f1tenth/f1tenth_ws/install/spacenav/share/spacenav//launch/classic-launch.py
[23.623s] -- Installing: /home/f1tenth/f1tenth_ws/install/spacenav/share/spacenav//launch/no_deadband-launch.py
[23.624s] -- Installing: /home/f1tenth/f1tenth_ws/install/spacenav/share/ament_index/resource_index/package_run_dependencies/spacenav
[23.626s] -- Installing: /home/f1tenth/f1tenth_ws/install/spacenav/share/ament_index/resource_index/parent_prefix_path/spacenav
[23.627s] -- Installing: /home/f1tenth/f1tenth_ws/install/spacenav/share/spacenav/environment/ament_prefix_path.sh
[23.628s] -- Installing: /home/f1tenth/f1tenth_ws/install/spacenav/share/spacenav/environment/ament_prefix_path.dsv
[23.630s] -- Installing: /home/f1tenth/f1tenth_ws/install/spacenav/share/spacenav/environment/path.sh
[23.632s] -- Installing: /home/f1tenth/f1tenth_ws/install/spacenav/share/spacenav/environment/path.dsv
[23.634s] -- Installing: /home/f1tenth/f1tenth_ws/install/spacenav/share/spacenav/local_setup.bash
[23.636s] -- Installing: /home/f1tenth/f1tenth_ws/install/spacenav/share/spacenav/local_setup.sh
[23.638s] -- Installing: /home/f1tenth/f1tenth_ws/install/spacenav/share/spacenav/local_setup.zsh
[23.640s] -- Installing: /home/f1tenth/f1tenth_ws/install/spacenav/share/spacenav/local_setup.dsv
[23.641s] -- Installing: /home/f1tenth/f1tenth_ws/install/spacenav/share/spacenav/package.dsv
[23.643s] -- Installing: /home/f1tenth/f1tenth_ws/install/spacenav/share/ament_index/resource_index/packages/spacenav
[23.644s] -- Installing: /home/f1tenth/f1tenth_ws/install/spacenav/share/ament_index/resource_index/rclcpp_components/spacenav
[23.646s] -- Installing: /home/f1tenth/f1tenth_ws/install/spacenav/share/spacenav/cmake/export_spacenavExport.cmake
[23.647s] -- Installing: /home/f1tenth/f1tenth_ws/install/spacenav/share/spacenav/cmake/export_spacenavExport-noconfig.cmake
[23.648s] -- Installing: /home/f1tenth/f1tenth_ws/install/spacenav/share/spacenav/cmake/ament_cmake_export_targets-extras.cmake
[23.649s] -- Installing: /home/f1tenth/f1tenth_ws/install/spacenav/share/spacenav/cmake/spacenavConfig.cmake
[23.650s] -- Installing: /home/f1tenth/f1tenth_ws/install/spacenav/share/spacenav/cmake/spacenavConfig-version.cmake
[23.652s] -- Installing: /home/f1tenth/f1tenth_ws/install/spacenav/share/spacenav/package.xml
[23.666s] Invoked command in '/home/f1tenth/f1tenth_ws/build/spacenav' returned '0': CMAKE_PREFIX_PATH=/opt/ros/humble /usr/bin/cmake --install /home/f1tenth/f1tenth_ws/build/spacenav
