-- Found ament_cmake_ros: 0.10.0 (/opt/ros/humble/share/ament_cmake_ros/cmake)
-- Found rclcpp: 16.0.9 (/opt/ros/humble/share/rclcpp/cmake)
-- Found rosidl_generator_c: 3.1.5 (/opt/ros/humble/share/rosidl_generator_c/cmake)
-- Found rosidl_adapter: 3.1.5 (/opt/ros/humble/share/rosidl_adapter/cmake)
-- Found rosidl_generator_cpp: 3.1.5 (/opt/ros/humble/share/rosidl_generator_cpp/cmake)
-- Using all available rosidl_typesupport_c: rosidl_typesupport_fastrtps_c;rosidl_typesupport_introspection_c
-- Using all available rosidl_typesupport_cpp: rosidl_typesupport_fastrtps_cpp;rosidl_typesupport_introspection_cpp
-- Found rmw_implementation_cmake: 6.1.2 (/opt/ros/humble/share/rmw_implementation_cmake/cmake)
-- Found rmw_fastrtps_cpp: 6.2.6 (/opt/ros/humble/share/rmw_fastrtps_cpp/cmake)
-- Using RMW implementation 'rmw_fastrtps_cpp' as default
-- Found rclcpp_components: 16.0.9 (/opt/ros/humble/share/rclcpp_components/cmake)
-- Found sdl2_vendor: 3.3.0 (/home/f1tenth/f1tenth_ws/install/sdl2_vendor/share/sdl2_vendor/cmake)
-- Found sensor_msgs: 4.2.3 (/opt/ros/humble/share/sensor_msgs/cmake)
-- Found ament_lint_auto: 0.12.11 (/opt/ros/humble/share/ament_lint_auto/cmake)
-- Added test 'cppcheck' to perform static code analysis on C / C++ code
-- Configured cppcheck include dirs: $<BUILD_INTERFACE:/home/f1tenth/f1tenth_ws/src/f1tenth_system/joystick_drivers/joy/include>
-- Configured cppcheck exclude dirs and/or files: 
-- Added test 'cpplint' to check C / C++ code against the Google style
-- Configured cpplint exclude dirs and/or files: 
-- Added test 'flake8' to check Python code syntax and style conventions
-- Added test 'lint_cmake' to check CMake code style
-- Added test 'pep257' to check Python code against some of the docstring style conventions in PEP 257
-- Added test 'uncrustify' to check C / C++ code style
-- Configured uncrustify additional arguments: 
-- Added test 'xmllint' to check XML markup files
-- Configuring done
-- Generating done
-- Build files have been written to: /home/f1tenth/f1tenth_ws/build/joy
[35m[1mConsolidate compiler generated dependencies of target joy_node[0m
[35m[1mConsolidate compiler generated dependencies of target game_controller[0m
[35m[1mConsolidate compiler generated dependencies of target joy[0m
[35m[1mConsolidate compiler generated dependencies of target joy_enumerate_devices[0m
[35m[1mConsolidate compiler generated dependencies of target game_controller_node[0m
[ 10%] [32mBuilding CXX object CMakeFiles/game_controller.dir/src/game_controller.cpp.o[0m
[ 30%] Built target joy_node
[ 40%] [32mBuilding CXX object CMakeFiles/joy_enumerate_devices.dir/src/joy_enumerate_devices.cpp.o[0m
[ 60%] Built target game_controller_node
[ 70%] [32mBuilding CXX object CMakeFiles/joy.dir/src/joy.cpp.o[0m
[ 80%] [32m[1mLinking CXX executable joy_enumerate_devices[0m
[ 80%] Built target joy_enumerate_devices
[ 90%] [32m[1mLinking CXX shared library libgame_controller.so[0m
[100%] [32m[1mLinking CXX shared library libjoy.so[0m
[100%] Built target game_controller
[100%] Built target joy
-- Install configuration: ""
-- Installing: /home/f1tenth/f1tenth_ws/install/joy/lib/libjoy.so
-- Set runtime path of "/home/f1tenth/f1tenth_ws/install/joy/lib/libjoy.so" to ""
-- Installing: /home/f1tenth/f1tenth_ws/install/joy/lib/joy/joy_node
-- Set runtime path of "/home/f1tenth/f1tenth_ws/install/joy/lib/joy/joy_node" to ""
-- Installing: /home/f1tenth/f1tenth_ws/install/joy/lib/libgame_controller.so
-- Set runtime path of "/home/f1tenth/f1tenth_ws/install/joy/lib/libgame_controller.so" to ""
-- Installing: /home/f1tenth/f1tenth_ws/install/joy/lib/joy/game_controller_node
-- Set runtime path of "/home/f1tenth/f1tenth_ws/install/joy/lib/joy/game_controller_node" to ""
-- Installing: /home/f1tenth/f1tenth_ws/install/joy/lib/joy/joy_enumerate_devices
-- Installing: /home/f1tenth/f1tenth_ws/install/joy/include/joy
-- Installing: /home/f1tenth/f1tenth_ws/install/joy/include/joy/joy
-- Installing: /home/f1tenth/f1tenth_ws/install/joy/include/joy/joy/joy.hpp
-- Installing: /home/f1tenth/f1tenth_ws/install/joy/include/joy/joy/game_controller.hpp
-- Installing: /home/f1tenth/f1tenth_ws/install/joy/share/joy/config
-- Installing: /home/f1tenth/f1tenth_ws/install/joy/share/joy/config/joy-params.yaml
-- Installing: /home/f1tenth/f1tenth_ws/install/joy/share/joy/launch
-- Installing: /home/f1tenth/f1tenth_ws/install/joy/share/joy/launch/joy-launch.py
-- Installing: /home/f1tenth/f1tenth_ws/install/joy/share/joy/launch/joy-composed-launch.py
-- Installing: /home/f1tenth/f1tenth_ws/install/joy/share/ament_index/resource_index/package_run_dependencies/joy
-- Installing: /home/f1tenth/f1tenth_ws/install/joy/share/ament_index/resource_index/parent_prefix_path/joy
-- Installing: /home/f1tenth/f1tenth_ws/install/joy/share/joy/environment/ament_prefix_path.sh
-- Installing: /home/f1tenth/f1tenth_ws/install/joy/share/joy/environment/ament_prefix_path.dsv
-- Installing: /home/f1tenth/f1tenth_ws/install/joy/share/joy/environment/path.sh
-- Installing: /home/f1tenth/f1tenth_ws/install/joy/share/joy/environment/path.dsv
-- Installing: /home/f1tenth/f1tenth_ws/install/joy/share/joy/local_setup.bash
-- Installing: /home/f1tenth/f1tenth_ws/install/joy/share/joy/local_setup.sh
-- Installing: /home/f1tenth/f1tenth_ws/install/joy/share/joy/local_setup.zsh
-- Installing: /home/f1tenth/f1tenth_ws/install/joy/share/joy/local_setup.dsv
-- Installing: /home/f1tenth/f1tenth_ws/install/joy/share/joy/package.dsv
-- Installing: /home/f1tenth/f1tenth_ws/install/joy/share/ament_index/resource_index/packages/joy
-- Installing: /home/f1tenth/f1tenth_ws/install/joy/share/ament_index/resource_index/rclcpp_components/joy
-- Installing: /home/f1tenth/f1tenth_ws/install/joy/share/joy/cmake/export_joyExport.cmake
-- Installing: /home/f1tenth/f1tenth_ws/install/joy/share/joy/cmake/export_joyExport-noconfig.cmake
-- Installing: /home/f1tenth/f1tenth_ws/install/joy/share/joy/cmake/export_game_controllerExport.cmake
-- Installing: /home/f1tenth/f1tenth_ws/install/joy/share/joy/cmake/export_game_controllerExport-noconfig.cmake
-- Installing: /home/f1tenth/f1tenth_ws/install/joy/share/joy/cmake/ament_cmake_export_targets-extras.cmake
-- Installing: /home/f1tenth/f1tenth_ws/install/joy/share/joy/cmake/ament_cmake_export_dependencies-extras.cmake
-- Installing: /home/f1tenth/f1tenth_ws/install/joy/share/joy/cmake/joyConfig.cmake
-- Installing: /home/f1tenth/f1tenth_ws/install/joy/share/joy/cmake/joyConfig-version.cmake
-- Installing: /home/f1tenth/f1tenth_ws/install/joy/share/joy/package.xml
