[0.044s] Invoking command in '/home/f1tenth/f1tenth_ws/build/joy': AMENT_PREFIX_PATH=/home/f1tenth/f1tenth_ws/install/sdl2_vendor:${AMENT_PREFIX_PATH} CMAKE_PREFIX_PATH=/home/f1tenth/f1tenth_ws/install/sdl2_vendor:/opt/ros/humble /usr/bin/cmake --build /home/f1tenth/f1tenth_ws/build/joy -- -j6 -l6
[0.100s] -- Found ament_cmake_ros: 0.10.0 (/opt/ros/humble/share/ament_cmake_ros/cmake)
[0.393s] -- Found rclcpp: 16.0.9 (/opt/ros/humble/share/rclcpp/cmake)
[0.463s] -- Found rosidl_generator_c: 3.1.5 (/opt/ros/humble/share/rosidl_generator_c/cmake)
[0.463s] -- Found rosidl_adapter: 3.1.5 (/opt/ros/humble/share/rosidl_adapter/cmake)
[0.473s] -- Found rosidl_generator_cpp: 3.1.5 (/opt/ros/humble/share/rosidl_generator_cpp/cmake)
[0.496s] -- Using all available rosidl_typesupport_c: rosidl_typesupport_fastrtps_c;rosidl_typesupport_introspection_c
[0.531s] -- Using all available rosidl_typesupport_cpp: rosidl_typesupport_fastrtps_cpp;rosidl_typesupport_introspection_cpp
[0.643s] -- Found rmw_implementation_cmake: 6.1.2 (/opt/ros/humble/share/rmw_implementation_cmake/cmake)
[0.646s] -- Found rmw_fastrtps_cpp: 6.2.6 (/opt/ros/humble/share/rmw_fastrtps_cpp/cmake)
[0.886s] -- Using RMW implementation 'rmw_fastrtps_cpp' as default
[1.202s] -- Found rclcpp_components: 16.0.9 (/opt/ros/humble/share/rclcpp_components/cmake)
[1.314s] -- Found sdl2_vendor: 3.3.0 (/home/f1tenth/f1tenth_ws/install/sdl2_vendor/share/sdl2_vendor/cmake)
[1.315s] -- Found sensor_msgs: 4.2.3 (/opt/ros/humble/share/sensor_msgs/cmake)
[1.563s] -- Found ament_lint_auto: 0.12.11 (/opt/ros/humble/share/ament_lint_auto/cmake)
[1.733s] -- Added test 'cppcheck' to perform static code analysis on C / C++ code
[1.733s] -- Configured cppcheck include dirs: $<BUILD_INTERFACE:/home/f1tenth/f1tenth_ws/src/f1tenth_system/joystick_drivers/joy/include>
[1.733s] -- Configured cppcheck exclude dirs and/or files: 
[1.737s] -- Added test 'cpplint' to check C / C++ code against the Google style
[1.737s] -- Configured cpplint exclude dirs and/or files: 
[1.738s] -- Added test 'flake8' to check Python code syntax and style conventions
[1.740s] -- Added test 'lint_cmake' to check CMake code style
[1.741s] -- Added test 'pep257' to check Python code against some of the docstring style conventions in PEP 257
[1.742s] -- Added test 'uncrustify' to check C / C++ code style
[1.742s] -- Configured uncrustify additional arguments: 
[1.743s] -- Added test 'xmllint' to check XML markup files
[1.744s] -- Configuring done
[1.793s] -- Generating done
[1.798s] -- Build files have been written to: /home/f1tenth/f1tenth_ws/build/joy
[1.869s] [35m[1mConsolidate compiler generated dependencies of target joy_node[0m
[1.878s] [35m[1mConsolidate compiler generated dependencies of target game_controller[0m
[1.900s] [35m[1mConsolidate compiler generated dependencies of target joy[0m
[1.911s] [35m[1mConsolidate compiler generated dependencies of target joy_enumerate_devices[0m
[1.914s] [35m[1mConsolidate compiler generated dependencies of target game_controller_node[0m
[1.934s] [ 10%] [32mBuilding CXX object CMakeFiles/game_controller.dir/src/game_controller.cpp.o[0m
[1.940s] [ 30%] Built target joy_node
[1.958s] [ 40%] [32mBuilding CXX object CMakeFiles/joy_enumerate_devices.dir/src/joy_enumerate_devices.cpp.o[0m
[2.005s] [ 60%] Built target game_controller_node
[2.037s] [ 70%] [32mBuilding CXX object CMakeFiles/joy.dir/src/joy.cpp.o[0m
[3.179s] [ 80%] [32m[1mLinking CXX executable joy_enumerate_devices[0m
[3.571s] [ 80%] Built target joy_enumerate_devices
[29.734s] [ 90%] [32m[1mLinking CXX shared library libgame_controller.so[0m
[30.644s] [100%] [32m[1mLinking CXX shared library libjoy.so[0m
[30.805s] [100%] Built target game_controller
[31.712s] [100%] Built target joy
[31.735s] Invoked command in '/home/f1tenth/f1tenth_ws/build/joy' returned '0': AMENT_PREFIX_PATH=/home/f1tenth/f1tenth_ws/install/sdl2_vendor:${AMENT_PREFIX_PATH} CMAKE_PREFIX_PATH=/home/f1tenth/f1tenth_ws/install/sdl2_vendor:/opt/ros/humble /usr/bin/cmake --build /home/f1tenth/f1tenth_ws/build/joy -- -j6 -l6
[31.797s] Invoking command in '/home/f1tenth/f1tenth_ws/build/joy': AMENT_PREFIX_PATH=/home/f1tenth/f1tenth_ws/install/sdl2_vendor:${AMENT_PREFIX_PATH} CMAKE_PREFIX_PATH=/home/f1tenth/f1tenth_ws/install/sdl2_vendor:/opt/ros/humble /usr/bin/cmake --install /home/f1tenth/f1tenth_ws/build/joy
[31.813s] -- Install configuration: ""
[31.813s] -- Installing: /home/f1tenth/f1tenth_ws/install/joy/lib/libjoy.so
[31.830s] -- Set runtime path of "/home/f1tenth/f1tenth_ws/install/joy/lib/libjoy.so" to ""
[31.830s] -- Installing: /home/f1tenth/f1tenth_ws/install/joy/lib/joy/joy_node
[31.832s] -- Set runtime path of "/home/f1tenth/f1tenth_ws/install/joy/lib/joy/joy_node" to ""
[31.832s] -- Installing: /home/f1tenth/f1tenth_ws/install/joy/lib/libgame_controller.so
[31.849s] -- Set runtime path of "/home/f1tenth/f1tenth_ws/install/joy/lib/libgame_controller.so" to ""
[31.849s] -- Installing: /home/f1tenth/f1tenth_ws/install/joy/lib/joy/game_controller_node
[31.850s] -- Set runtime path of "/home/f1tenth/f1tenth_ws/install/joy/lib/joy/game_controller_node" to ""
[31.850s] -- Installing: /home/f1tenth/f1tenth_ws/install/joy/lib/joy/joy_enumerate_devices
[31.850s] -- Installing: /home/f1tenth/f1tenth_ws/install/joy/include/joy
[31.851s] -- Installing: /home/f1tenth/f1tenth_ws/install/joy/include/joy/joy
[31.851s] -- Installing: /home/f1tenth/f1tenth_ws/install/joy/include/joy/joy/joy.hpp
[31.851s] -- Installing: /home/f1tenth/f1tenth_ws/install/joy/include/joy/joy/game_controller.hpp
[31.851s] -- Installing: /home/f1tenth/f1tenth_ws/install/joy/share/joy/config
[31.852s] -- Installing: /home/f1tenth/f1tenth_ws/install/joy/share/joy/config/joy-params.yaml
[31.852s] -- Installing: /home/f1tenth/f1tenth_ws/install/joy/share/joy/launch
[31.852s] -- Installing: /home/f1tenth/f1tenth_ws/install/joy/share/joy/launch/joy-launch.py
[31.852s] -- Installing: /home/f1tenth/f1tenth_ws/install/joy/share/joy/launch/joy-composed-launch.py
[31.852s] -- Installing: /home/f1tenth/f1tenth_ws/install/joy/share/ament_index/resource_index/package_run_dependencies/joy
[31.853s] -- Installing: /home/f1tenth/f1tenth_ws/install/joy/share/ament_index/resource_index/parent_prefix_path/joy
[31.853s] -- Installing: /home/f1tenth/f1tenth_ws/install/joy/share/joy/environment/ament_prefix_path.sh
[31.853s] -- Installing: /home/f1tenth/f1tenth_ws/install/joy/share/joy/environment/ament_prefix_path.dsv
[31.854s] -- Installing: /home/f1tenth/f1tenth_ws/install/joy/share/joy/environment/path.sh
[31.854s] -- Installing: /home/f1tenth/f1tenth_ws/install/joy/share/joy/environment/path.dsv
[31.854s] -- Installing: /home/f1tenth/f1tenth_ws/install/joy/share/joy/local_setup.bash
[31.854s] -- Installing: /home/f1tenth/f1tenth_ws/install/joy/share/joy/local_setup.sh
[31.855s] -- Installing: /home/f1tenth/f1tenth_ws/install/joy/share/joy/local_setup.zsh
[31.855s] -- Installing: /home/f1tenth/f1tenth_ws/install/joy/share/joy/local_setup.dsv
[31.855s] -- Installing: /home/f1tenth/f1tenth_ws/install/joy/share/joy/package.dsv
[31.855s] -- Installing: /home/f1tenth/f1tenth_ws/install/joy/share/ament_index/resource_index/packages/joy
[31.856s] -- Installing: /home/f1tenth/f1tenth_ws/install/joy/share/ament_index/resource_index/rclcpp_components/joy
[31.856s] -- Installing: /home/f1tenth/f1tenth_ws/install/joy/share/joy/cmake/export_joyExport.cmake
[31.856s] -- Installing: /home/f1tenth/f1tenth_ws/install/joy/share/joy/cmake/export_joyExport-noconfig.cmake
[31.857s] -- Installing: /home/f1tenth/f1tenth_ws/install/joy/share/joy/cmake/export_game_controllerExport.cmake
[31.857s] -- Installing: /home/f1tenth/f1tenth_ws/install/joy/share/joy/cmake/export_game_controllerExport-noconfig.cmake
[31.857s] -- Installing: /home/f1tenth/f1tenth_ws/install/joy/share/joy/cmake/ament_cmake_export_targets-extras.cmake
[31.857s] -- Installing: /home/f1tenth/f1tenth_ws/install/joy/share/joy/cmake/ament_cmake_export_dependencies-extras.cmake
[31.858s] -- Installing: /home/f1tenth/f1tenth_ws/install/joy/share/joy/cmake/joyConfig.cmake
[31.858s] -- Installing: /home/f1tenth/f1tenth_ws/install/joy/share/joy/cmake/joyConfig-version.cmake
[31.858s] -- Installing: /home/f1tenth/f1tenth_ws/install/joy/share/joy/package.xml
[31.863s] Invoked command in '/home/f1tenth/f1tenth_ws/build/joy' returned '0': AMENT_PREFIX_PATH=/home/f1tenth/f1tenth_ws/install/sdl2_vendor:${AMENT_PREFIX_PATH} CMAKE_PREFIX_PATH=/home/f1tenth/f1tenth_ws/install/sdl2_vendor:/opt/ros/humble /usr/bin/cmake --install /home/f1tenth/f1tenth_ws/build/joy
