[2.126s] Invoking command in '/home/f1tenth/f1tenth_ws/src/f1tenth_system/teleop_tools/mouse_teleop': PYTHONPATH=/home/f1tenth/f1tenth_ws/build/mouse_teleop/prefix_override:/home/f1tenth/f1tenth_ws/install/mouse_teleop/lib/python3.10/site-packages:${PYTHONPATH} /usr/bin/python3 -W ignore:setup.py install is deprecated setup.py egg_info --egg-base ../../../../build/mouse_teleop build --build-base /home/f1tenth/f1tenth_ws/build/mouse_teleop/build install --record /home/f1tenth/f1tenth_ws/build/mouse_teleop/install.log --install-scripts $base/lib/mouse_teleop --single-version-externally-managed install_data
[2.688s] /usr/lib/python3/dist-packages/setuptools/dist.py:723: UserWarning: Usage of dash-separated 'script-dir' will not be supported in future versions. Please use the underscore name 'script_dir' instead
[2.688s]   warnings.warn(
[2.707s] running egg_info
[2.708s] creating ../../../../build/mouse_teleop/mouse_teleop.egg-info
[2.709s] writing ../../../../build/mouse_teleop/mouse_teleop.egg-info/PKG-INFO
[2.709s] writing dependency_links to ../../../../build/mouse_teleop/mouse_teleop.egg-info/dependency_links.txt
[2.710s] writing entry points to ../../../../build/mouse_teleop/mouse_teleop.egg-info/entry_points.txt
[2.710s] writing requirements to ../../../../build/mouse_teleop/mouse_teleop.egg-info/requires.txt
[2.710s] writing top-level names to ../../../../build/mouse_teleop/mouse_teleop.egg-info/top_level.txt
[2.711s] writing manifest file '../../../../build/mouse_teleop/mouse_teleop.egg-info/SOURCES.txt'
[2.716s] reading manifest file '../../../../build/mouse_teleop/mouse_teleop.egg-info/SOURCES.txt'
[2.716s] adding license file 'LICENSE'
[2.717s] writing manifest file '../../../../build/mouse_teleop/mouse_teleop.egg-info/SOURCES.txt'
[2.718s] running build
[2.718s] running build_py
[2.719s] creating /home/f1tenth/f1tenth_ws/build/mouse_teleop/build
[2.719s] creating /home/f1tenth/f1tenth_ws/build/mouse_teleop/build/lib
[2.719s] creating /home/f1tenth/f1tenth_ws/build/mouse_teleop/build/lib/mouse_teleop
[2.719s] copying mouse_teleop/mouse_teleop.py -> /home/f1tenth/f1tenth_ws/build/mouse_teleop/build/lib/mouse_teleop
[2.720s] copying mouse_teleop/__init__.py -> /home/f1tenth/f1tenth_ws/build/mouse_teleop/build/lib/mouse_teleop
[2.720s] running install
[2.721s] running install_lib
[2.723s] creating /home/f1tenth/f1tenth_ws/install/mouse_teleop/lib/python3.10/site-packages/mouse_teleop
[2.723s] copying /home/f1tenth/f1tenth_ws/build/mouse_teleop/build/lib/mouse_teleop/mouse_teleop.py -> /home/f1tenth/f1tenth_ws/install/mouse_teleop/lib/python3.10/site-packages/mouse_teleop
[2.724s] copying /home/f1tenth/f1tenth_ws/build/mouse_teleop/build/lib/mouse_teleop/__init__.py -> /home/f1tenth/f1tenth_ws/install/mouse_teleop/lib/python3.10/site-packages/mouse_teleop
[2.725s] byte-compiling /home/f1tenth/f1tenth_ws/install/mouse_teleop/lib/python3.10/site-packages/mouse_teleop/mouse_teleop.py to mouse_teleop.cpython-310.pyc
[2.730s] byte-compiling /home/f1tenth/f1tenth_ws/install/mouse_teleop/lib/python3.10/site-packages/mouse_teleop/__init__.py to __init__.cpython-310.pyc
[2.730s] running install_data
[2.731s] copying package.xml -> /home/f1tenth/f1tenth_ws/install/mouse_teleop/share/mouse_teleop
[2.731s] creating /home/f1tenth/f1tenth_ws/install/mouse_teleop/share/mouse_teleop/config
[2.731s] copying config/mouse_teleop.yaml -> /home/f1tenth/f1tenth_ws/install/mouse_teleop/share/mouse_teleop/config
[2.731s] creating /home/f1tenth/f1tenth_ws/install/mouse_teleop/share/mouse_teleop/launch
[2.731s] copying launch/mouse_teleop.launch.py -> /home/f1tenth/f1tenth_ws/install/mouse_teleop/share/mouse_teleop/launch
[2.732s] creating /home/f1tenth/f1tenth_ws/install/mouse_teleop/share/ament_index
[2.733s] creating /home/f1tenth/f1tenth_ws/install/mouse_teleop/share/ament_index/resource_index
[2.733s] creating /home/f1tenth/f1tenth_ws/install/mouse_teleop/share/ament_index/resource_index/packages
[2.733s] copying resource/mouse_teleop -> /home/f1tenth/f1tenth_ws/install/mouse_teleop/share/ament_index/resource_index/packages
[2.733s] running install_egg_info
[2.736s] Copying ../../../../build/mouse_teleop/mouse_teleop.egg-info to /home/f1tenth/f1tenth_ws/install/mouse_teleop/lib/python3.10/site-packages/mouse_teleop-0.3.0-py3.10.egg-info
[2.739s] running install_scripts
[2.794s] Installing mouse_teleop script to /home/f1tenth/f1tenth_ws/install/mouse_teleop/lib/mouse_teleop
[2.795s] writing list of installed files to '/home/f1tenth/f1tenth_ws/build/mouse_teleop/install.log'
[2.872s] Invoked command in '/home/f1tenth/f1tenth_ws/src/f1tenth_system/teleop_tools/mouse_teleop' returned '0': PYTHONPATH=/home/f1tenth/f1tenth_ws/build/mouse_teleop/prefix_override:/home/f1tenth/f1tenth_ws/install/mouse_teleop/lib/python3.10/site-packages:${PYTHONPATH} /usr/bin/python3 -W ignore:setup.py install is deprecated setup.py egg_info --egg-base ../../../../build/mouse_teleop build --build-base /home/f1tenth/f1tenth_ws/build/mouse_teleop/build install --record /home/f1tenth/f1tenth_ws/build/mouse_teleop/install.log --install-scripts $base/lib/mouse_teleop --single-version-externally-managed install_data
