[0.019s] Invoking command in '/home/f1tenth/f1tenth_ws/build/teleop_tools': AMENT_PREFIX_PATH=/home/f1tenth/f1tenth_ws/install/joy_teleop:/home/f1tenth/f1tenth_ws/install/teleop_tools_msgs:/home/f1tenth/f1tenth_ws/install/key_teleop CMAKE_PREFIX_PATH=/home/f1tenth/f1tenth_ws/install/teleop_tools_msgs LD_LIBRARY_PATH=/home/f1tenth/f1tenth_ws/install/teleop_tools_msgs/lib:/usr/local/cuda-12.2/lib64:/usr/local/cuda-12.2/lib64 PYTHONPATH=/home/f1tenth/f1tenth_ws/install/joy_teleop/lib/python3.10/site-packages:/home/f1tenth/f1tenth_ws/install/teleop_tools_msgs/local/lib/python3.10/dist-packages:/home/f1tenth/f1tenth_ws/install/key_teleop/lib/python3.10/site-packages /usr/bin/cmake --build /home/f1tenth/f1tenth_ws/build/teleop_tools -- -j6 -l6
[0.487s] Invoked command in '/home/f1tenth/f1tenth_ws/build/teleop_tools' returned '0': AMENT_PREFIX_PATH=/home/f1tenth/f1tenth_ws/install/joy_teleop:/home/f1tenth/f1tenth_ws/install/teleop_tools_msgs:/home/f1tenth/f1tenth_ws/install/key_teleop CMAKE_PREFIX_PATH=/home/f1tenth/f1tenth_ws/install/teleop_tools_msgs LD_LIBRARY_PATH=/home/f1tenth/f1tenth_ws/install/teleop_tools_msgs/lib:/usr/local/cuda-12.2/lib64:/usr/local/cuda-12.2/lib64 PYTHONPATH=/home/f1tenth/f1tenth_ws/install/joy_teleop/lib/python3.10/site-packages:/home/f1tenth/f1tenth_ws/install/teleop_tools_msgs/local/lib/python3.10/dist-packages:/home/f1tenth/f1tenth_ws/install/key_teleop/lib/python3.10/site-packages /usr/bin/cmake --build /home/f1tenth/f1tenth_ws/build/teleop_tools -- -j6 -l6
[0.524s] Invoking command in '/home/f1tenth/f1tenth_ws/build/teleop_tools': AMENT_PREFIX_PATH=/home/f1tenth/f1tenth_ws/install/joy_teleop:/home/f1tenth/f1tenth_ws/install/teleop_tools_msgs:/home/f1tenth/f1tenth_ws/install/key_teleop CMAKE_PREFIX_PATH=/home/f1tenth/f1tenth_ws/install/teleop_tools_msgs LD_LIBRARY_PATH=/home/f1tenth/f1tenth_ws/install/teleop_tools_msgs/lib:/usr/local/cuda-12.2/lib64:/usr/local/cuda-12.2/lib64 PYTHONPATH=/home/f1tenth/f1tenth_ws/install/joy_teleop/lib/python3.10/site-packages:/home/f1tenth/f1tenth_ws/install/teleop_tools_msgs/local/lib/python3.10/dist-packages:/home/f1tenth/f1tenth_ws/install/key_teleop/lib/python3.10/site-packages /usr/bin/cmake --install /home/f1tenth/f1tenth_ws/build/teleop_tools
[0.540s] -- Install configuration: ""
[0.541s] -- Up-to-date: /home/f1tenth/f1tenth_ws/install/teleop_tools/share/ament_index/resource_index/package_run_dependencies/teleop_tools
[0.541s] -- Up-to-date: /home/f1tenth/f1tenth_ws/install/teleop_tools/share/ament_index/resource_index/parent_prefix_path/teleop_tools
[0.541s] -- Up-to-date: /home/f1tenth/f1tenth_ws/install/teleop_tools/share/teleop_tools/environment/ament_prefix_path.sh
[0.541s] -- Up-to-date: /home/f1tenth/f1tenth_ws/install/teleop_tools/share/teleop_tools/environment/ament_prefix_path.dsv
[0.541s] -- Up-to-date: /home/f1tenth/f1tenth_ws/install/teleop_tools/share/teleop_tools/environment/path.sh
[0.542s] -- Up-to-date: /home/f1tenth/f1tenth_ws/install/teleop_tools/share/teleop_tools/environment/path.dsv
[0.542s] -- Up-to-date: /home/f1tenth/f1tenth_ws/install/teleop_tools/share/teleop_tools/local_setup.bash
[0.542s] -- Up-to-date: /home/f1tenth/f1tenth_ws/install/teleop_tools/share/teleop_tools/local_setup.sh
[0.542s] -- Up-to-date: /home/f1tenth/f1tenth_ws/install/teleop_tools/share/teleop_tools/local_setup.zsh
[0.542s] -- Up-to-date: /home/f1tenth/f1tenth_ws/install/teleop_tools/share/teleop_tools/local_setup.dsv
[0.542s] -- Installing: /home/f1tenth/f1tenth_ws/install/teleop_tools/share/teleop_tools/package.dsv
[0.542s] -- Up-to-date: /home/f1tenth/f1tenth_ws/install/teleop_tools/share/ament_index/resource_index/packages/teleop_tools
[0.543s] -- Up-to-date: /home/f1tenth/f1tenth_ws/install/teleop_tools/share/teleop_tools/cmake/teleop_toolsConfig.cmake
[0.543s] -- Up-to-date: /home/f1tenth/f1tenth_ws/install/teleop_tools/share/teleop_tools/cmake/teleop_toolsConfig-version.cmake
[0.543s] -- Up-to-date: /home/f1tenth/f1tenth_ws/install/teleop_tools/share/teleop_tools/package.xml
[0.547s] Invoked command in '/home/f1tenth/f1tenth_ws/build/teleop_tools' returned '0': AMENT_PREFIX_PATH=/home/f1tenth/f1tenth_ws/install/joy_teleop:/home/f1tenth/f1tenth_ws/install/teleop_tools_msgs:/home/f1tenth/f1tenth_ws/install/key_teleop CMAKE_PREFIX_PATH=/home/f1tenth/f1tenth_ws/install/teleop_tools_msgs LD_LIBRARY_PATH=/home/f1tenth/f1tenth_ws/install/teleop_tools_msgs/lib:/usr/local/cuda-12.2/lib64:/usr/local/cuda-12.2/lib64 PYTHONPATH=/home/f1tenth/f1tenth_ws/install/joy_teleop/lib/python3.10/site-packages:/home/f1tenth/f1tenth_ws/install/teleop_tools_msgs/local/lib/python3.10/dist-packages:/home/f1tenth/f1tenth_ws/install/key_teleop/lib/python3.10/site-packages /usr/bin/cmake --install /home/f1tenth/f1tenth_ws/build/teleop_tools
