[0.040s] Invoking command in '/home/f1tenth/f1tenth_ws/build/teleop_tools_msgs': /usr/bin/cmake --build /home/f1tenth/f1tenth_ws/build/teleop_tools_msgs -- -j6 -l6
[0.661s] [  3%] Built target teleop_tools_msgs__cpp
[0.662s] [ 12%] Built target teleop_tools_msgs__rosidl_generator_c
[0.662s] [ 12%] Built target ament_cmake_python_copy_teleop_tools_msgs
[0.662s] [ 22%] Built target teleop_tools_msgs__rosidl_typesupport_fastrtps_cpp
[0.662s] [ 32%] Built target teleop_tools_msgs__rosidl_typesupport_introspection_cpp
[0.662s] [ 41%] Built target teleop_tools_msgs__rosidl_typesupport_cpp
[0.662s] [ 51%] Built target teleop_tools_msgs__rosidl_typesupport_fastrtps_c
[0.663s] [ 64%] Built target teleop_tools_msgs__rosidl_typesupport_introspection_c
[0.663s] [ 70%] Built target teleop_tools_msgs__rosidl_typesupport_c
[0.663s] [ 70%] Built target teleop_tools_msgs
[0.663s] [ 74%] Built target teleop_tools_msgs__py
[0.663s] [ 80%] Built target teleop_tools_msgs__rosidl_generator_py
[0.663s] [ 87%] Built target teleop_tools_msgs__rosidl_typesupport_fastrtps_c__pyext
[0.663s] [ 93%] Built target teleop_tools_msgs__rosidl_typesupport_introspection_c__pyext
[0.664s] [100%] Built target teleop_tools_msgs__rosidl_typesupport_c__pyext
[0.838s] running egg_info
[0.838s] writing teleop_tools_msgs.egg-info/PKG-INFO
[0.838s] writing dependency_links to teleop_tools_msgs.egg-info/dependency_links.txt
[0.838s] writing top-level names to teleop_tools_msgs.egg-info/top_level.txt
[0.841s] reading manifest file 'teleop_tools_msgs.egg-info/SOURCES.txt'
[0.846s] writing manifest file 'teleop_tools_msgs.egg-info/SOURCES.txt'
[0.933s] [100%] Built target ament_cmake_python_build_teleop_tools_msgs_egg
[0.958s] Invoked command in '/home/f1tenth/f1tenth_ws/build/teleop_tools_msgs' returned '0': /usr/bin/cmake --build /home/f1tenth/f1tenth_ws/build/teleop_tools_msgs -- -j6 -l6
