[0.020s] Invoking command in '/home/f1tenth/f1tenth_ws/build/spacenav': CMAKE_PREFIX_PATH=/opt/ros/humble /usr/bin/cmake /home/f1tenth/f1tenth_ws/src/f1tenth_system/joystick_drivers/spacenav -DCMAKE_INSTALL_PREFIX=/home/f1tenth/f1tenth_ws/install/spacenav
[0.130s] -- The C compiler identification is GNU 11.4.0
[0.237s] -- The CXX compiler identification is GNU 11.4.0
[0.250s] -- Detecting C compiler ABI info
[0.432s] -- Detecting C compiler ABI info - done
[0.447s] -- Check for working C compiler: /usr/bin/cc - skipped
[0.448s] -- Detecting C compile features
[0.450s] -- Detecting C compile features - done
[0.454s] -- Detecting CXX compiler ABI info
[0.857s] -- Detecting CXX compiler ABI info - done
[0.867s] -- Check for working CXX compiler: /usr/bin/c++ - skipped
[0.868s] -- Detecting CXX compile features
[0.870s] -- Detecting CXX compile features - done
[0.874s] -- Found ament_cmake: 1.3.9 (/opt/ros/humble/share/ament_cmake/cmake)
[1.490s] -- Found Python3: /usr/bin/python3 (found version "3.10.12") found components: Interpreter 
[1.866s] -- Found geometry_msgs: 4.2.3 (/opt/ros/humble/share/geometry_msgs/cmake)
[1.948s] -- Found rosidl_generator_c: 3.1.5 (/opt/ros/humble/share/rosidl_generator_c/cmake)
[1.961s] -- Found rosidl_adapter: 3.1.5 (/opt/ros/humble/share/rosidl_adapter/cmake)
[1.986s] -- Found rosidl_generator_cpp: 3.1.5 (/opt/ros/humble/share/rosidl_generator_cpp/cmake)
[2.024s] -- Using all available rosidl_typesupport_c: rosidl_typesupport_fastrtps_c;rosidl_typesupport_introspection_c
[2.067s] -- Using all available rosidl_typesupport_cpp: rosidl_typesupport_fastrtps_cpp;rosidl_typesupport_introspection_cpp
[2.359s] -- Found rclcpp: 16.0.9 (/opt/ros/humble/share/rclcpp/cmake)
[2.617s] -- Found rmw_implementation_cmake: 6.1.2 (/opt/ros/humble/share/rmw_implementation_cmake/cmake)
[2.635s] -- Found rmw_fastrtps_cpp: 6.2.6 (/opt/ros/humble/share/rmw_fastrtps_cpp/cmake)
[3.155s] -- Found OpenSSL: /usr/lib/aarch64-linux-gnu/libcrypto.so (found version "3.0.2")  
[3.207s] -- Found FastRTPS: /opt/ros/humble/include  
[3.298s] -- Using RMW implementation 'rmw_fastrtps_cpp' as default
[3.316s] -- Looking for pthread.h
[3.469s] -- Looking for pthread.h - found
[3.469s] -- Performing Test CMAKE_HAVE_LIBC_PTHREAD
[3.633s] -- Performing Test CMAKE_HAVE_LIBC_PTHREAD - Success
[3.633s] -- Found Threads: TRUE  
[3.920s] -- Found rclcpp_components: 16.0.9 (/opt/ros/humble/share/rclcpp_components/cmake)
[4.060s] -- Found sensor_msgs: 4.2.3 (/opt/ros/humble/share/sensor_msgs/cmake)
[4.247s] [31mCMake Error at /usr/share/cmake-3.22/Modules/FindPackageHandleStandardArgs.cmake:230 (message):
[4.248s]   Could NOT find SPNAV (missing: spnav_LIBRARY spnav_INCLUDE_DIR)
[4.248s] Call Stack (most recent call first):
[4.248s]   /usr/share/cmake-3.22/Modules/FindPackageHandleStandardArgs.cmake:594 (_FPHSA_FAILURE_MESSAGE)
[4.248s]   cmake/FindSPNAV.cmake:20 (find_package_handle_standard_args)
[4.248s]   CMakeLists.txt:20 (find_package)
[4.248s] 
[4.249s] [0m
[4.249s] -- Configuring incomplete, errors occurred!
[4.249s] See also "/home/f1tenth/f1tenth_ws/build/spacenav/CMakeFiles/CMakeOutput.log".
[4.277s] Invoked command in '/home/f1tenth/f1tenth_ws/build/spacenav' returned '1': CMAKE_PREFIX_PATH=/opt/ros/humble /usr/bin/cmake /home/f1tenth/f1tenth_ws/src/f1tenth_system/joystick_drivers/spacenav -DCMAKE_INSTALL_PREFIX=/home/f1tenth/f1tenth_ws/install/spacenav
