[0.039s] Invoking command in '/home/f1tenth/f1tenth_ws/build/joy': /usr/bin/cmake /home/f1tenth/f1tenth_ws/src/f1tenth_system/joystick_drivers/joy -DCATKIN_INSTALL_INTO_PREFIX_ROOT=0 -DCMAKE_INSTALL_PREFIX=/home/f1tenth/f1tenth_ws/install/joy
[0.668s] -- The C compiler identification is GNU 11.4.0
[0.668s] -- The CXX compiler identification is GNU 11.4.0
[0.668s] -- Detecting C compiler ABI info
[0.680s] -- Detecting C compiler ABI info - done
[0.688s] -- Check for working C compiler: /usr/bin/cc - skipped
[0.692s] -- Detecting C compile features
[0.692s] -- Detecting C compile features - done
[0.705s] -- Detecting CXX compiler ABI info
[0.892s] -- Detecting CXX compiler ABI info - done
[0.907s] -- Check for working CXX compiler: /usr/bin/c++ - skipped
[0.907s] -- Detecting CXX compile features
[0.908s] -- Detecting CXX compile features - done
[0.927s] [31mCMake Error at CMakeLists.txt:6 (find_package):
[0.928s]   By not providing "Findcatkin.cmake" in CMAKE_MODULE_PATH this project has
[0.928s]   asked CMake to find a package configuration file provided by "catkin", but
[0.928s]   CMake did not find one.
[0.928s] 
[0.928s]   Could not find a package configuration file provided by "catkin" with any
[0.929s]   of the following names:
[0.929s] 
[0.929s]     catkinConfig.cmake
[0.929s]     catkin-config.cmake
[0.929s] 
[0.929s]   Add the installation prefix of "catkin" to CMAKE_PREFIX_PATH or set
[0.929s]   "catkin_DIR" to a directory containing one of the above files.  If "catkin"
[0.930s]   provides a separate development package or SDK, be sure it has been
[0.930s]   installed.
[0.930s] 
[0.930s] [0m
[0.930s] -- Configuring incomplete, errors occurred!
[0.930s] See also "/home/f1tenth/f1tenth_ws/build/joy/CMakeFiles/CMakeOutput.log".
[0.948s] Invoked command in '/home/f1tenth/f1tenth_ws/build/joy' returned '1': /usr/bin/cmake /home/f1tenth/f1tenth_ws/src/f1tenth_system/joystick_drivers/joy -DCATKIN_INSTALL_INTO_PREFIX_ROOT=0 -DCMAKE_INSTALL_PREFIX=/home/f1tenth/f1tenth_ws/install/joy
