[0.021s] Invoking command in '/home/f1tenth/f1tenth_ws/build/joy_linux': CMAKE_PREFIX_PATH=/opt/ros/humble /usr/bin/cmake /home/f1tenth/f1tenth_ws/src/f1tenth_system/joystick_drivers/joy_linux -DCMAKE_INSTALL_PREFIX=/home/f1tenth/f1tenth_ws/install/joy_linux
[0.131s] -- The C compiler identification is GNU 11.4.0
[0.245s] -- The CXX compiler identification is GNU 11.4.0
[0.265s] -- Detecting C compiler ABI info
[0.525s] -- Detecting C compiler ABI info - done
[0.541s] -- Check for working C compiler: /usr/bin/cc - skipped
[0.542s] -- Detecting C compile features
[0.543s] -- Detecting C compile features - done
[0.551s] -- Detecting CXX compiler ABI info
[0.752s] -- Detecting CXX compiler ABI info - done
[0.760s] -- Check for working CXX compiler: /usr/bin/c++ - skipped
[0.761s] -- Detecting CXX compile features
[0.762s] -- Detecting CXX compile features - done
[0.766s] -- Found ament_cmake: 1.3.9 (/opt/ros/humble/share/ament_cmake/cmake)
[1.076s] -- Found Python3: /usr/bin/python3 (found version "3.10.12") found components: Interpreter 
[1.251s] -- Found diagnostic_msgs: 4.2.3 (/opt/ros/humble/share/diagnostic_msgs/cmake)
[1.324s] -- Found rosidl_generator_c: 3.1.5 (/opt/ros/humble/share/rosidl_generator_c/cmake)
[1.332s] -- Found rosidl_adapter: 3.1.5 (/opt/ros/humble/share/rosidl_adapter/cmake)
[1.348s] -- Found rosidl_generator_cpp: 3.1.5 (/opt/ros/humble/share/rosidl_generator_cpp/cmake)
[1.380s] -- Using all available rosidl_typesupport_c: rosidl_typesupport_fastrtps_c;rosidl_typesupport_introspection_c
[1.416s] -- Using all available rosidl_typesupport_cpp: rosidl_typesupport_fastrtps_cpp;rosidl_typesupport_introspection_cpp
[1.652s] -- Found diagnostic_updater: 3.1.2 (/opt/ros/humble/share/diagnostic_updater/cmake)
[1.783s] -- Found rmw_implementation_cmake: 6.1.2 (/opt/ros/humble/share/rmw_implementation_cmake/cmake)
[1.789s] -- Found rmw_fastrtps_cpp: 6.2.6 (/opt/ros/humble/share/rmw_fastrtps_cpp/cmake)
[1.997s] -- Found OpenSSL: /usr/lib/aarch64-linux-gnu/libcrypto.so (found version "3.0.2")  
[2.048s] -- Found FastRTPS: /opt/ros/humble/include  
[2.135s] -- Using RMW implementation 'rmw_fastrtps_cpp' as default
[2.151s] -- Looking for pthread.h
[2.284s] -- Looking for pthread.h - found
[2.284s] -- Performing Test CMAKE_HAVE_LIBC_PTHREAD
[2.446s] -- Performing Test CMAKE_HAVE_LIBC_PTHREAD - Success
[2.447s] -- Found Threads: TRUE  
[2.762s] -- Found sensor_msgs: 4.2.3 (/opt/ros/humble/share/sensor_msgs/cmake)
[3.036s] -- Looking for include file linux/joystick.h
[3.359s] -- Looking for include file linux/joystick.h - found
[3.359s] -- Found ament_lint_auto: 0.12.11 (/opt/ros/humble/share/ament_lint_auto/cmake)
[3.580s] -- Added test 'cppcheck' to perform static code analysis on C / C++ code
[3.580s] -- Configured cppcheck include dirs: /home/f1tenth/f1tenth_ws/src/f1tenth_system/joystick_drivers/joy_linux/msg/cpp
[3.580s] -- Configured cppcheck exclude dirs and/or files: 
[3.582s] -- Added test 'cpplint' to check C / C++ code against the Google style
[3.582s] -- Configured cpplint exclude dirs and/or files: 
[3.584s] -- Added test 'lint_cmake' to check CMake code style
[3.594s] -- Added test 'uncrustify' to check C / C++ code style
[3.595s] -- Configured uncrustify additional arguments: 
[3.596s] -- Added test 'xmllint' to check XML markup files
[3.598s] -- Configuring done
[3.642s] -- Generating done
[3.648s] -- Build files have been written to: /home/f1tenth/f1tenth_ws/build/joy_linux
[3.703s] Invoked command in '/home/f1tenth/f1tenth_ws/build/joy_linux' returned '0': CMAKE_PREFIX_PATH=/opt/ros/humble /usr/bin/cmake /home/f1tenth/f1tenth_ws/src/f1tenth_system/joystick_drivers/joy_linux -DCMAKE_INSTALL_PREFIX=/home/f1tenth/f1tenth_ws/install/joy_linux
[3.717s] Invoking command in '/home/f1tenth/f1tenth_ws/build/joy_linux': CMAKE_PREFIX_PATH=/opt/ros/humble /usr/bin/cmake --build /home/f1tenth/f1tenth_ws/build/joy_linux -- -j6 -l6
[3.875s] [ 50%] [32mBuilding CXX object CMakeFiles/joy_linux_node.dir/src/joy_linux_node.cpp.o[0m
[30.928s] [100%] [32m[1mLinking CXX executable joy_linux_node[0m
[31.925s] [100%] Built target joy_linux_node
