[2.385s] Invoking command in '/home/f1tenth/f1tenth_ws/src/f1tenth_system/teleop_tools/mouse_teleop': PYTHONPATH=/home/f1tenth/f1tenth_ws/build/mouse_teleop/prefix_override:/home/f1tenth/f1tenth_ws/install/mouse_teleop/lib/python3.10/site-packages:${PYTHONPATH} /usr/bin/python3 -W ignore:setup.py install is deprecated setup.py egg_info --egg-base ../../../../build/mouse_teleop build --build-base /home/f1tenth/f1tenth_ws/build/mouse_teleop/build install --record /home/f1tenth/f1tenth_ws/build/mouse_teleop/install.log --install-scripts $base/lib/mouse_teleop --single-version-externally-managed install_data
[2.910s] /usr/lib/python3/dist-packages/setuptools/dist.py:723: UserWarning: Usage of dash-separated 'script-dir' will not be supported in future versions. Please use the underscore name 'script_dir' instead
[2.910s]   warnings.warn(
[2.930s] running egg_info
[2.931s] writing ../../../../build/mouse_teleop/mouse_teleop.egg-info/PKG-INFO
[2.932s] writing dependency_links to ../../../../build/mouse_teleop/mouse_teleop.egg-info/dependency_links.txt
[2.932s] writing entry points to ../../../../build/mouse_teleop/mouse_teleop.egg-info/entry_points.txt
[2.933s] writing requirements to ../../../../build/mouse_teleop/mouse_teleop.egg-info/requires.txt
[2.933s] writing top-level names to ../../../../build/mouse_teleop/mouse_teleop.egg-info/top_level.txt
[2.938s] reading manifest file '../../../../build/mouse_teleop/mouse_teleop.egg-info/SOURCES.txt'
[2.938s] adding license file 'LICENSE'
[2.939s] writing manifest file '../../../../build/mouse_teleop/mouse_teleop.egg-info/SOURCES.txt'
[2.940s] running build
[2.940s] running build_py
[2.940s] running install
[2.941s] running install_lib
[2.944s] running install_data
[2.944s] running install_egg_info
[2.948s] removing '/home/f1tenth/f1tenth_ws/install/mouse_teleop/lib/python3.10/site-packages/mouse_teleop-0.3.0-py3.10.egg-info' (and everything under it)
[2.949s] Copying ../../../../build/mouse_teleop/mouse_teleop.egg-info to /home/f1tenth/f1tenth_ws/install/mouse_teleop/lib/python3.10/site-packages/mouse_teleop-0.3.0-py3.10.egg-info
[2.951s] running install_scripts
[2.998s] Installing mouse_teleop script to /home/f1tenth/f1tenth_ws/install/mouse_teleop/lib/mouse_teleop
[2.999s] writing list of installed files to '/home/f1tenth/f1tenth_ws/build/mouse_teleop/install.log'
[3.087s] Invoked command in '/home/f1tenth/f1tenth_ws/src/f1tenth_system/teleop_tools/mouse_teleop' returned '0': PYTHONPATH=/home/f1tenth/f1tenth_ws/build/mouse_teleop/prefix_override:/home/f1tenth/f1tenth_ws/install/mouse_teleop/lib/python3.10/site-packages:${PYTHONPATH} /usr/bin/python3 -W ignore:setup.py install is deprecated setup.py egg_info --egg-base ../../../../build/mouse_teleop build --build-base /home/f1tenth/f1tenth_ws/build/mouse_teleop/build install --record /home/f1tenth/f1tenth_ws/build/mouse_teleop/install.log --install-scripts $base/lib/mouse_teleop --single-version-externally-managed install_data
