[0.036s] Invoking command in '/home/f1tenth/f1tenth_ws/build/sdl2_vendor': /usr/bin/cmake /home/f1tenth/f1tenth_ws/src/f1tenth_system/joystick_drivers/sdl2_vendor -DCMAKE_INSTALL_PREFIX=/home/f1tenth/f1tenth_ws/install/sdl2_vendor
[0.642s] -- The C compiler identification is GNU 11.4.0
[0.642s] -- The CXX compiler identification is GNU 11.4.0
[0.643s] -- Detecting C compiler ABI info
[0.643s] -- Detecting C compiler ABI info - done
[0.643s] -- Check for working C compiler: /usr/bin/cc - skipped
[0.644s] -- Detecting C compile features
[0.644s] -- Detecting C compile features - done
[0.644s] -- Detecting CXX compiler ABI info
[0.770s] -- Detecting CXX compiler ABI info - done
[0.784s] -- Check for working CXX compiler: /usr/bin/c++ - skipped
[0.784s] -- Detecting CXX compile features
[0.785s] -- Detecting CXX compile features - done
[0.802s] [31mCMake Error at CMakeLists.txt:8 (find_package):
[0.802s]   By not providing "Findament_cmake.cmake" in CMAKE_MODULE_PATH this project
[0.802s]   has asked CMake to find a package configuration file provided by
[0.803s]   "ament_cmake", but CMake did not find one.
[0.803s] 
[0.803s]   Could not find a package configuration file provided by "ament_cmake" with
[0.803s]   any of the following names:
[0.803s] 
[0.803s]     ament_cmakeConfig.cmake
[0.803s]     ament_cmake-config.cmake
[0.804s] 
[0.804s]   Add the installation prefix of "ament_cmake" to CMAKE_PREFIX_PATH or set
[0.804s]   "ament_cmake_DIR" to a directory containing one of the above files.  If
[0.804s]   "ament_cmake" provides a separate development package or SDK, be sure it
[0.804s]   has been installed.
[0.804s] 
[0.804s] [0m
[0.805s] -- Configuring incomplete, errors occurred!
[0.805s] See also "/home/f1tenth/f1tenth_ws/build/sdl2_vendor/CMakeFiles/CMakeOutput.log".
[0.854s] Invoked command in '/home/f1tenth/f1tenth_ws/build/sdl2_vendor' returned '1': /usr/bin/cmake /home/f1tenth/f1tenth_ws/src/f1tenth_system/joystick_drivers/sdl2_vendor -DCMAKE_INSTALL_PREFIX=/home/f1tenth/f1tenth_ws/install/sdl2_vendor
