[0.039s] Invoking command in '/home/f1tenth/f1tenth_ws/build/vesc_driver': AMENT_PREFIX_PATH=/home/f1tenth/f1tenth_ws/install/vesc_msgs:${AMENT_PREFIX_PATH} CMAKE_PREFIX_PATH=/home/f1tenth/f1tenth_ws/install/vesc_msgs:/opt/ros/humble LD_LIBRARY_PATH=/home/f1tenth/f1tenth_ws/install/vesc_msgs/lib:/opt/ros/humble/opt/rviz_ogre_vendor/lib:/opt/ros/humble/lib/aarch64-linux-gnu:/opt/ros/humble/lib:/usr/local/cuda-12.2/lib64:/usr/local/cuda-12.2/lib64 PYTHONPATH=/home/f1tenth/f1tenth_ws/install/vesc_msgs/local/lib/python3.10/dist-packages:${PYTHONPATH} /usr/bin/cmake --build /home/f1tenth/f1tenth_ws/build/vesc_driver -- -j6 -l6
[0.222s] [ 20%] Built target vesc_driver_node
[0.241s] [ 70%] Built target vesc_driver
[0.307s] [100%] Built target vesc_device_namer
[0.334s] Invoked command in '/home/f1tenth/f1tenth_ws/build/vesc_driver' returned '0': AMENT_PREFIX_PATH=/home/f1tenth/f1tenth_ws/install/vesc_msgs:${AMENT_PREFIX_PATH} CMAKE_PREFIX_PATH=/home/f1tenth/f1tenth_ws/install/vesc_msgs:/opt/ros/humble LD_LIBRARY_PATH=/home/f1tenth/f1tenth_ws/install/vesc_msgs/lib:/opt/ros/humble/opt/rviz_ogre_vendor/lib:/opt/ros/humble/lib/aarch64-linux-gnu:/opt/ros/humble/lib:/usr/local/cuda-12.2/lib64:/usr/local/cuda-12.2/lib64 PYTHONPATH=/home/f1tenth/f1tenth_ws/install/vesc_msgs/local/lib/python3.10/dist-packages:${PYTHONPATH} /usr/bin/cmake --build /home/f1tenth/f1tenth_ws/build/vesc_driver -- -j6 -l6
[0.445s] Invoking command in '/home/f1tenth/f1tenth_ws/build/vesc_driver': AMENT_PREFIX_PATH=/home/f1tenth/f1tenth_ws/install/vesc_msgs:${AMENT_PREFIX_PATH} CMAKE_PREFIX_PATH=/home/f1tenth/f1tenth_ws/install/vesc_msgs:/opt/ros/humble LD_LIBRARY_PATH=/home/f1tenth/f1tenth_ws/install/vesc_msgs/lib:/opt/ros/humble/opt/rviz_ogre_vendor/lib:/opt/ros/humble/lib/aarch64-linux-gnu:/opt/ros/humble/lib:/usr/local/cuda-12.2/lib64:/usr/local/cuda-12.2/lib64 PYTHONPATH=/home/f1tenth/f1tenth_ws/install/vesc_msgs/local/lib/python3.10/dist-packages:${PYTHONPATH} /usr/bin/cmake --install /home/f1tenth/f1tenth_ws/build/vesc_driver
[0.463s] -- Install configuration: ""
[0.465s] -- Up-to-date: /home/f1tenth/f1tenth_ws/install/vesc_driver/lib/vesc_driver/vesc_driver_node
[0.468s] -- Up-to-date: /home/f1tenth/f1tenth_ws/install/vesc_driver/include
[0.469s] -- Up-to-date: /home/f1tenth/f1tenth_ws/install/vesc_driver/include/vesc_driver
[0.471s] -- Up-to-date: /home/f1tenth/f1tenth_ws/install/vesc_driver/include/vesc_driver/datatypes.hpp
[0.472s] -- Up-to-date: /home/f1tenth/f1tenth_ws/install/vesc_driver/include/vesc_driver/vesc_device_uuid_lookup.hpp
[0.473s] -- Up-to-date: /home/f1tenth/f1tenth_ws/install/vesc_driver/include/vesc_driver/crc.hpp
[0.475s] -- Up-to-date: /home/f1tenth/f1tenth_ws/install/vesc_driver/include/vesc_driver/vesc_driver.hpp
[0.476s] -- Up-to-date: /home/f1tenth/f1tenth_ws/install/vesc_driver/include/vesc_driver/vesc_interface.hpp
[0.477s] -- Up-to-date: /home/f1tenth/f1tenth_ws/install/vesc_driver/include/vesc_driver/vesc_packet.hpp
[0.478s] -- Up-to-date: /home/f1tenth/f1tenth_ws/install/vesc_driver/include/vesc_driver/vesc_packet_factory.hpp
[0.480s] -- Up-to-date: /home/f1tenth/f1tenth_ws/install/vesc_driver/share/vesc_driver/environment/library_path.sh
[0.481s] -- Up-to-date: /home/f1tenth/f1tenth_ws/install/vesc_driver/share/vesc_driver/environment/library_path.dsv
[0.483s] -- Up-to-date: /home/f1tenth/f1tenth_ws/install/vesc_driver/lib/libvesc_driver.so
[0.486s] -- Up-to-date: /home/f1tenth/f1tenth_ws/install/vesc_driver/lib/vesc_driver/vesc_device_namer
[0.488s] -- Up-to-date: /home/f1tenth/f1tenth_ws/install/vesc_driver/share/vesc_driver/launch
[0.489s] -- Up-to-date: /home/f1tenth/f1tenth_ws/install/vesc_driver/share/vesc_driver/launch/vesc_driver_node.launch.py
[0.491s] -- Up-to-date: /home/f1tenth/f1tenth_ws/install/vesc_driver/share/vesc_driver/params
[0.492s] -- Up-to-date: /home/f1tenth/f1tenth_ws/install/vesc_driver/share/vesc_driver/params/vesc_config.yaml
[0.493s] -- Up-to-date: /home/f1tenth/f1tenth_ws/install/vesc_driver/share/ament_index/resource_index/package_run_dependencies/vesc_driver
[0.494s] -- Up-to-date: /home/f1tenth/f1tenth_ws/install/vesc_driver/share/ament_index/resource_index/parent_prefix_path/vesc_driver
[0.500s] -- Up-to-date: /home/f1tenth/f1tenth_ws/install/vesc_driver/share/vesc_driver/environment/ament_prefix_path.sh
[0.500s] -- Up-to-date: /home/f1tenth/f1tenth_ws/install/vesc_driver/share/vesc_driver/environment/ament_prefix_path.dsv
[0.501s] -- Up-to-date: /home/f1tenth/f1tenth_ws/install/vesc_driver/share/vesc_driver/environment/path.sh
[0.501s] -- Up-to-date: /home/f1tenth/f1tenth_ws/install/vesc_driver/share/vesc_driver/environment/path.dsv
[0.501s] -- Up-to-date: /home/f1tenth/f1tenth_ws/install/vesc_driver/share/vesc_driver/local_setup.bash
[0.501s] -- Up-to-date: /home/f1tenth/f1tenth_ws/install/vesc_driver/share/vesc_driver/local_setup.sh
[0.501s] -- Up-to-date: /home/f1tenth/f1tenth_ws/install/vesc_driver/share/vesc_driver/local_setup.zsh
[0.501s] -- Up-to-date: /home/f1tenth/f1tenth_ws/install/vesc_driver/share/vesc_driver/local_setup.dsv
[0.501s] -- Installing: /home/f1tenth/f1tenth_ws/install/vesc_driver/share/vesc_driver/package.dsv
[0.502s] -- Up-to-date: /home/f1tenth/f1tenth_ws/install/vesc_driver/share/ament_index/resource_index/packages/vesc_driver
[0.502s] -- Up-to-date: /home/f1tenth/f1tenth_ws/install/vesc_driver/share/ament_index/resource_index/rclcpp_components/vesc_driver
[0.502s] -- Up-to-date: /home/f1tenth/f1tenth_ws/install/vesc_driver/share/vesc_driver/cmake/ament_cmake_export_dependencies-extras.cmake
[0.502s] -- Up-to-date: /home/f1tenth/f1tenth_ws/install/vesc_driver/share/vesc_driver/cmake/ament_cmake_export_include_directories-extras.cmake
[0.502s] -- Up-to-date: /home/f1tenth/f1tenth_ws/install/vesc_driver/share/vesc_driver/cmake/ament_cmake_export_libraries-extras.cmake
[0.502s] -- Up-to-date: /home/f1tenth/f1tenth_ws/install/vesc_driver/share/vesc_driver/cmake/vesc_driverConfig.cmake
[0.502s] -- Up-to-date: /home/f1tenth/f1tenth_ws/install/vesc_driver/share/vesc_driver/cmake/vesc_driverConfig-version.cmake
[0.502s] -- Up-to-date: /home/f1tenth/f1tenth_ws/install/vesc_driver/share/vesc_driver/package.xml
[0.519s] Invoked command in '/home/f1tenth/f1tenth_ws/build/vesc_driver' returned '0': AMENT_PREFIX_PATH=/home/f1tenth/f1tenth_ws/install/vesc_msgs:${AMENT_PREFIX_PATH} CMAKE_PREFIX_PATH=/home/f1tenth/f1tenth_ws/install/vesc_msgs:/opt/ros/humble LD_LIBRARY_PATH=/home/f1tenth/f1tenth_ws/install/vesc_msgs/lib:/opt/ros/humble/opt/rviz_ogre_vendor/lib:/opt/ros/humble/lib/aarch64-linux-gnu:/opt/ros/humble/lib:/usr/local/cuda-12.2/lib64:/usr/local/cuda-12.2/lib64 PYTHONPATH=/home/f1tenth/f1tenth_ws/install/vesc_msgs/local/lib/python3.10/dist-packages:${PYTHONPATH} /usr/bin/cmake --install /home/f1tenth/f1tenth_ws/build/vesc_driver
