[1.982s] Invoking command in '/home/f1tenth/f1tenth_ws/src/control_policy': AMENT_PREFIX_PATH=/home/f1tenth/f1tenth_ws/install/vesc:/home/f1tenth/f1tenth_ws/install/vesc_driver:/home/f1tenth/f1tenth_ws/install/vesc_ackermann:/home/f1tenth/f1tenth_ws/install/joy_teleop:/home/f1tenth/f1tenth_ws/install/vesc_msgs:/home/f1tenth/f1tenth_ws/install/teleop_tools_msgs:/home/f1tenth/f1tenth_ws/install/ackermann_mux:${AMENT_PREFIX_PATH} CMAKE_PREFIX_PATH=/home/f1tenth/f1tenth_ws/install/vesc:/home/f1tenth/f1tenth_ws/install/vesc_driver:/home/f1tenth/f1tenth_ws/install/vesc_ackermann:/home/f1tenth/f1tenth_ws/install/vesc_msgs:/home/f1tenth/f1tenth_ws/install/teleop_tools_msgs:/home/f1tenth/f1tenth_ws/install/ackermann_mux LD_LIBRARY_PATH=/home/f1tenth/f1tenth_ws/install/vesc_driver/lib:/home/f1tenth/f1tenth_ws/install/vesc_ackermann/lib:/home/f1tenth/f1tenth_ws/install/vesc_msgs/lib:/home/f1tenth/f1tenth_ws/install/teleop_tools_msgs/lib:/opt/ros/humble/opt/rviz_ogre_vendor/lib:/opt/ros/humble/lib/aarch64-linux-gnu:/opt/ros/humble/lib:/usr/local/cuda-12.2/lib64:/usr/local/cuda-12.2/lib64 PYTHONPATH=/home/f1tenth/f1tenth_ws/build/control_policy/prefix_override:/home/f1tenth/f1tenth_ws/install/control_policy/lib/python3.10/site-packages:/home/f1tenth/f1tenth_ws/install/joy_teleop/lib/python3.10/site-packages:/home/f1tenth/f1tenth_ws/install/vesc_msgs/local/lib/python3.10/dist-packages:/home/f1tenth/f1tenth_ws/install/teleop_tools_msgs/local/lib/python3.10/dist-packages:${PYTHONPATH} /usr/bin/python3 -W ignore:setup.py install is deprecated setup.py egg_info --egg-base ../../build/control_policy build --build-base /home/f1tenth/f1tenth_ws/build/control_policy/build install --record /home/f1tenth/f1tenth_ws/build/control_policy/install.log --single-version-externally-managed install_data
[2.521s] running egg_info
[2.522s] creating ../../build/control_policy/control_policy.egg-info
[2.523s] writing ../../build/control_policy/control_policy.egg-info/PKG-INFO
[2.523s] writing dependency_links to ../../build/control_policy/control_policy.egg-info/dependency_links.txt
[2.524s] writing entry points to ../../build/control_policy/control_policy.egg-info/entry_points.txt
[2.524s] writing requirements to ../../build/control_policy/control_policy.egg-info/requires.txt
[2.525s] writing top-level names to ../../build/control_policy/control_policy.egg-info/top_level.txt
[2.525s] writing manifest file '../../build/control_policy/control_policy.egg-info/SOURCES.txt'
[2.529s] reading manifest file '../../build/control_policy/control_policy.egg-info/SOURCES.txt'
[2.529s] adding license file 'LICENSE'
[2.530s] writing manifest file '../../build/control_policy/control_policy.egg-info/SOURCES.txt'
[2.530s] running build
[2.531s] running build_py
[2.531s] creating /home/f1tenth/f1tenth_ws/build/control_policy/build
[2.532s] creating /home/f1tenth/f1tenth_ws/build/control_policy/build/lib
[2.532s] creating /home/f1tenth/f1tenth_ws/build/control_policy/build/lib/control_policy
[2.532s] copying control_policy/follow_the_gap.py -> /home/f1tenth/f1tenth_ws/build/control_policy/build/lib/control_policy
[2.532s] copying control_policy/__init__.py -> /home/f1tenth/f1tenth_ws/build/control_policy/build/lib/control_policy
[2.532s] running install
[2.532s] running install_lib
[2.534s] creating /home/f1tenth/f1tenth_ws/install/control_policy/lib/python3.10/site-packages/control_policy
[2.534s] copying /home/f1tenth/f1tenth_ws/build/control_policy/build/lib/control_policy/follow_the_gap.py -> /home/f1tenth/f1tenth_ws/install/control_policy/lib/python3.10/site-packages/control_policy
[2.535s] copying /home/f1tenth/f1tenth_ws/build/control_policy/build/lib/control_policy/__init__.py -> /home/f1tenth/f1tenth_ws/install/control_policy/lib/python3.10/site-packages/control_policy
[2.536s] byte-compiling /home/f1tenth/f1tenth_ws/install/control_policy/lib/python3.10/site-packages/control_policy/follow_the_gap.py to follow_the_gap.cpython-310.pyc
[2.539s] byte-compiling /home/f1tenth/f1tenth_ws/install/control_policy/lib/python3.10/site-packages/control_policy/__init__.py to __init__.cpython-310.pyc
[2.539s] running install_data
[2.539s] creating /home/f1tenth/f1tenth_ws/install/control_policy/share/ament_index
[2.540s] creating /home/f1tenth/f1tenth_ws/install/control_policy/share/ament_index/resource_index
[2.540s] creating /home/f1tenth/f1tenth_ws/install/control_policy/share/ament_index/resource_index/packages
[2.540s] copying resource/control_policy -> /home/f1tenth/f1tenth_ws/install/control_policy/share/ament_index/resource_index/packages
[2.541s] copying package.xml -> /home/f1tenth/f1tenth_ws/install/control_policy/share/control_policy
[2.541s] running install_egg_info
[2.544s] Copying ../../build/control_policy/control_policy.egg-info to /home/f1tenth/f1tenth_ws/install/control_policy/lib/python3.10/site-packages/control_policy-0.0.0-py3.10.egg-info
[2.546s] running install_scripts
[2.593s] Installing follow_the_gap script to /home/f1tenth/f1tenth_ws/install/control_policy/lib/control_policy
[2.594s] writing list of installed files to '/home/f1tenth/f1tenth_ws/build/control_policy/install.log'
[2.675s] Invoked command in '/home/f1tenth/f1tenth_ws/src/control_policy' returned '0': AMENT_PREFIX_PATH=/home/f1tenth/f1tenth_ws/install/vesc:/home/f1tenth/f1tenth_ws/install/vesc_driver:/home/f1tenth/f1tenth_ws/install/vesc_ackermann:/home/f1tenth/f1tenth_ws/install/joy_teleop:/home/f1tenth/f1tenth_ws/install/vesc_msgs:/home/f1tenth/f1tenth_ws/install/teleop_tools_msgs:/home/f1tenth/f1tenth_ws/install/ackermann_mux:${AMENT_PREFIX_PATH} CMAKE_PREFIX_PATH=/home/f1tenth/f1tenth_ws/install/vesc:/home/f1tenth/f1tenth_ws/install/vesc_driver:/home/f1tenth/f1tenth_ws/install/vesc_ackermann:/home/f1tenth/f1tenth_ws/install/vesc_msgs:/home/f1tenth/f1tenth_ws/install/teleop_tools_msgs:/home/f1tenth/f1tenth_ws/install/ackermann_mux LD_LIBRARY_PATH=/home/f1tenth/f1tenth_ws/install/vesc_driver/lib:/home/f1tenth/f1tenth_ws/install/vesc_ackermann/lib:/home/f1tenth/f1tenth_ws/install/vesc_msgs/lib:/home/f1tenth/f1tenth_ws/install/teleop_tools_msgs/lib:/opt/ros/humble/opt/rviz_ogre_vendor/lib:/opt/ros/humble/lib/aarch64-linux-gnu:/opt/ros/humble/lib:/usr/local/cuda-12.2/lib64:/usr/local/cuda-12.2/lib64 PYTHONPATH=/home/f1tenth/f1tenth_ws/build/control_policy/prefix_override:/home/f1tenth/f1tenth_ws/install/control_policy/lib/python3.10/site-packages:/home/f1tenth/f1tenth_ws/install/joy_teleop/lib/python3.10/site-packages:/home/f1tenth/f1tenth_ws/install/vesc_msgs/local/lib/python3.10/dist-packages:/home/f1tenth/f1tenth_ws/install/teleop_tools_msgs/local/lib/python3.10/dist-packages:${PYTHONPATH} /usr/bin/python3 -W ignore:setup.py install is deprecated setup.py egg_info --egg-base ../../build/control_policy build --build-base /home/f1tenth/f1tenth_ws/build/control_policy/build install --record /home/f1tenth/f1tenth_ws/build/control_policy/install.log --single-version-externally-managed install_data
