[0.037s] Invoking command in '/home/f1tenth/f1tenth_ws/build/vesc_msgs': /usr/bin/cmake --build /home/f1tenth/f1tenth_ws/build/vesc_msgs -- -j6 -l6
[0.589s] [  1%] Built target vesc_msgs__cpp
[0.590s] [ 12%] Built target vesc_msgs__rosidl_generator_c
[0.590s] [ 12%] Built target ament_cmake_python_copy_vesc_msgs
[0.590s] [ 23%] Built target vesc_msgs__rosidl_typesupport_cpp
[0.590s] [ 34%] Built target vesc_msgs__rosidl_typesupport_fastrtps_cpp
[0.590s] [ 45%] Built target vesc_msgs__rosidl_typesupport_fastrtps_c
[0.590s] [ 56%] Built target vesc_msgs__rosidl_typesupport_introspection_cpp
[0.590s] [ 67%] Built target vesc_msgs__rosidl_typesupport_introspection_c
[0.591s] [ 78%] Built target vesc_msgs__rosidl_typesupport_c
[0.591s] [ 78%] Built target vesc_msgs
[0.591s] [ 80%] Built target vesc_msgs__py
[0.591s] [ 89%] Built target vesc_msgs__rosidl_generator_py
[0.641s] [ 92%] Built target vesc_msgs__rosidl_typesupport_introspection_c__pyext
[0.642s] [100%] Built target vesc_msgs__rosidl_typesupport_c__pyext
[0.642s] [100%] Built target vesc_msgs__rosidl_typesupport_fastrtps_c__pyext
[0.764s] running egg_info
[0.766s] writing vesc_msgs.egg-info/PKG-INFO
[0.767s] writing dependency_links to vesc_msgs.egg-info/dependency_links.txt
[0.768s] writing top-level names to vesc_msgs.egg-info/top_level.txt
[0.779s] reading manifest file 'vesc_msgs.egg-info/SOURCES.txt'
[0.787s] writing manifest file 'vesc_msgs.egg-info/SOURCES.txt'
[0.887s] [100%] Built target ament_cmake_python_build_vesc_msgs_egg
