[0.049s] Invoking command in '/home/f1tenth/f1tenth_ws/build/vesc_msgs': CMAKE_PREFIX_PATH=/opt/ros/humble /usr/bin/cmake --build /home/f1tenth/f1tenth_ws/build/vesc_msgs -- -j6 -l6
[0.741s] [ 10%] Built target vesc_msgs__rosidl_generator_c
[0.743s] [ 12%] Built target vesc_msgs__cpp
[0.744s] [ 12%] Built target ament_cmake_python_copy_vesc_msgs
[0.746s] [ 23%] Built target vesc_msgs__rosidl_typesupport_fastrtps_c
[0.746s] [ 34%] Built target vesc_msgs__rosidl_typesupport_introspection_c
[0.747s] [ 45%] Built target vesc_msgs__rosidl_typesupport_c
[0.747s] [ 61%] Built target vesc_msgs__rosidl_typesupport_introspection_cpp
[0.748s] [ 67%] Built target vesc_msgs__rosidl_typesupport_fastrtps_cpp
[0.748s] [ 78%] Built target vesc_msgs__rosidl_typesupport_cpp
[0.748s] [ 78%] Built target vesc_msgs
[0.749s] [ 80%] Built target vesc_msgs__py
[0.750s] [ 89%] Built target vesc_msgs__rosidl_generator_py
[0.751s] [ 92%] Built target vesc_msgs__rosidl_typesupport_c__pyext
[0.752s] [ 98%] Built target vesc_msgs__rosidl_typesupport_fastrtps_c__pyext
[0.752s] [100%] Built target vesc_msgs__rosidl_typesupport_introspection_c__pyext
[0.886s] running egg_info
[0.890s] writing vesc_msgs.egg-info/PKG-INFO
[0.891s] writing dependency_links to vesc_msgs.egg-info/dependency_links.txt
[0.892s] writing top-level names to vesc_msgs.egg-info/top_level.txt
[0.893s] reading manifest file 'vesc_msgs.egg-info/SOURCES.txt'
[0.894s] writing manifest file 'vesc_msgs.egg-info/SOURCES.txt'
[0.983s] [100%] Built target ament_cmake_python_build_vesc_msgs_egg
[1.019s] Invoked command in '/home/f1tenth/f1tenth_ws/build/vesc_msgs' returned '0': CMAKE_PREFIX_PATH=/opt/ros/humble /usr/bin/cmake --build /home/f1tenth/f1tenth_ws/build/vesc_msgs -- -j6 -l6
[1.295s] Invoking command in '/home/f1tenth/f1tenth_ws/build/vesc_msgs': CMAKE_PREFIX_PATH=/opt/ros/humble /usr/bin/cmake --install /home/f1tenth/f1tenth_ws/build/vesc_msgs
[1.324s] -- Install configuration: ""
[1.324s] -- Up-to-date: /home/f1tenth/f1tenth_ws/install/vesc_msgs/share/ament_index/resource_index/rosidl_interfaces/vesc_msgs
[1.325s] -- Up-to-date: /home/f1tenth/f1tenth_ws/install/vesc_msgs/include/vesc_msgs/vesc_msgs
[1.325s] -- Up-to-date: /home/f1tenth/f1tenth_ws/install/vesc_msgs/include/vesc_msgs/vesc_msgs/msg
[1.325s] -- Up-to-date: /home/f1tenth/f1tenth_ws/install/vesc_msgs/include/vesc_msgs/vesc_msgs/msg/vesc_imu_stamped.h
[1.325s] -- Up-to-date: /home/f1tenth/f1tenth_ws/install/vesc_msgs/include/vesc_msgs/vesc_msgs/msg/vesc_state_stamped.h
[1.325s] -- Up-to-date: /home/f1tenth/f1tenth_ws/install/vesc_msgs/include/vesc_msgs/vesc_msgs/msg/rosidl_generator_c__visibility_control.h
[1.325s] -- Up-to-date: /home/f1tenth/f1tenth_ws/install/vesc_msgs/include/vesc_msgs/vesc_msgs/msg/vesc_state.h
[1.326s] -- Up-to-date: /home/f1tenth/f1tenth_ws/install/vesc_msgs/include/vesc_msgs/vesc_msgs/msg/detail
[1.326s] -- Up-to-date: /home/f1tenth/f1tenth_ws/install/vesc_msgs/include/vesc_msgs/vesc_msgs/msg/detail/vesc_state_stamped__functions.h
[1.326s] -- Up-to-date: /home/f1tenth/f1tenth_ws/install/vesc_msgs/include/vesc_msgs/vesc_msgs/msg/detail/vesc_state_stamped__functions.c
[1.326s] -- Up-to-date: /home/f1tenth/f1tenth_ws/install/vesc_msgs/include/vesc_msgs/vesc_msgs/msg/detail/vesc_imu_stamped__struct.h
[1.326s] -- Up-to-date: /home/f1tenth/f1tenth_ws/install/vesc_msgs/include/vesc_msgs/vesc_msgs/msg/detail/vesc_state__functions.h
[1.327s] -- Up-to-date: /home/f1tenth/f1tenth_ws/install/vesc_msgs/include/vesc_msgs/vesc_msgs/msg/detail/vesc_imu__type_support.h
[1.327s] -- Up-to-date: /home/f1tenth/f1tenth_ws/install/vesc_msgs/include/vesc_msgs/vesc_msgs/msg/detail/vesc_imu_stamped__functions.h
[1.327s] -- Up-to-date: /home/f1tenth/f1tenth_ws/install/vesc_msgs/include/vesc_msgs/vesc_msgs/msg/detail/vesc_imu__functions.h
[1.328s] -- Up-to-date: /home/f1tenth/f1tenth_ws/install/vesc_msgs/include/vesc_msgs/vesc_msgs/msg/detail/vesc_state_stamped__struct.h
[1.329s] -- Up-to-date: /home/f1tenth/f1tenth_ws/install/vesc_msgs/include/vesc_msgs/vesc_msgs/msg/detail/vesc_state_stamped__type_support.h
[1.331s] -- Up-to-date: /home/f1tenth/f1tenth_ws/install/vesc_msgs/include/vesc_msgs/vesc_msgs/msg/detail/vesc_imu_stamped__functions.c
[1.332s] -- Up-to-date: /home/f1tenth/f1tenth_ws/install/vesc_msgs/include/vesc_msgs/vesc_msgs/msg/detail/vesc_imu_stamped__type_support.h
[1.332s] -- Up-to-date: /home/f1tenth/f1tenth_ws/install/vesc_msgs/include/vesc_msgs/vesc_msgs/msg/detail/vesc_imu__struct.h
[1.333s] -- Up-to-date: /home/f1tenth/f1tenth_ws/install/vesc_msgs/include/vesc_msgs/vesc_msgs/msg/detail/vesc_state__functions.c
[1.333s] -- Up-to-date: /home/f1tenth/f1tenth_ws/install/vesc_msgs/include/vesc_msgs/vesc_msgs/msg/detail/vesc_state__type_support.h
[1.333s] -- Up-to-date: /home/f1tenth/f1tenth_ws/install/vesc_msgs/include/vesc_msgs/vesc_msgs/msg/detail/vesc_state__struct.h
[1.336s] -- Up-to-date: /home/f1tenth/f1tenth_ws/install/vesc_msgs/include/vesc_msgs/vesc_msgs/msg/detail/vesc_imu__functions.c
[1.337s] -- Up-to-date: /home/f1tenth/f1tenth_ws/install/vesc_msgs/include/vesc_msgs/vesc_msgs/msg/vesc_imu.h
[1.338s] -- Up-to-date: /home/f1tenth/f1tenth_ws/install/vesc_msgs/share/vesc_msgs/environment/library_path.sh
[1.338s] -- Up-to-date: /home/f1tenth/f1tenth_ws/install/vesc_msgs/share/vesc_msgs/environment/library_path.dsv
[1.339s] -- Up-to-date: /home/f1tenth/f1tenth_ws/install/vesc_msgs/lib/libvesc_msgs__rosidl_generator_c.so
[1.339s] -- Up-to-date: /home/f1tenth/f1tenth_ws/install/vesc_msgs/include/vesc_msgs/vesc_msgs
[1.339s] -- Up-to-date: /home/f1tenth/f1tenth_ws/install/vesc_msgs/include/vesc_msgs/vesc_msgs/msg
[1.340s] -- Up-to-date: /home/f1tenth/f1tenth_ws/install/vesc_msgs/include/vesc_msgs/vesc_msgs/msg/rosidl_typesupport_fastrtps_c__visibility_control.h
[1.341s] -- Up-to-date: /home/f1tenth/f1tenth_ws/install/vesc_msgs/include/vesc_msgs/vesc_msgs/msg/detail
[1.341s] -- Up-to-date: /home/f1tenth/f1tenth_ws/install/vesc_msgs/include/vesc_msgs/vesc_msgs/msg/detail/vesc_state_stamped__rosidl_typesupport_fastrtps_c.h
[1.341s] -- Up-to-date: /home/f1tenth/f1tenth_ws/install/vesc_msgs/include/vesc_msgs/vesc_msgs/msg/detail/vesc_imu__rosidl_typesupport_fastrtps_c.h
[1.342s] -- Up-to-date: /home/f1tenth/f1tenth_ws/install/vesc_msgs/include/vesc_msgs/vesc_msgs/msg/detail/vesc_imu_stamped__rosidl_typesupport_fastrtps_c.h
[1.342s] -- Up-to-date: /home/f1tenth/f1tenth_ws/install/vesc_msgs/include/vesc_msgs/vesc_msgs/msg/detail/vesc_state__rosidl_typesupport_fastrtps_c.h
[1.343s] -- Up-to-date: /home/f1tenth/f1tenth_ws/install/vesc_msgs/lib/libvesc_msgs__rosidl_typesupport_fastrtps_c.so
[1.344s] -- Up-to-date: /home/f1tenth/f1tenth_ws/install/vesc_msgs/include/vesc_msgs/vesc_msgs
[1.345s] -- Up-to-date: /home/f1tenth/f1tenth_ws/install/vesc_msgs/include/vesc_msgs/vesc_msgs/msg
[1.345s] -- Up-to-date: /home/f1tenth/f1tenth_ws/install/vesc_msgs/include/vesc_msgs/vesc_msgs/msg/rosidl_typesupport_introspection_c__visibility_control.h
[1.345s] -- Up-to-date: /home/f1tenth/f1tenth_ws/install/vesc_msgs/include/vesc_msgs/vesc_msgs/msg/detail
[1.345s] -- Up-to-date: /home/f1tenth/f1tenth_ws/install/vesc_msgs/include/vesc_msgs/vesc_msgs/msg/detail/vesc_imu__rosidl_typesupport_introspection_c.h
[1.345s] -- Up-to-date: /home/f1tenth/f1tenth_ws/install/vesc_msgs/include/vesc_msgs/vesc_msgs/msg/detail/vesc_state__rosidl_typesupport_introspection_c.h
[1.346s] -- Up-to-date: /home/f1tenth/f1tenth_ws/install/vesc_msgs/include/vesc_msgs/vesc_msgs/msg/detail/vesc_state__type_support.c
[1.346s] -- Up-to-date: /home/f1tenth/f1tenth_ws/install/vesc_msgs/include/vesc_msgs/vesc_msgs/msg/detail/vesc_imu__type_support.c
[1.346s] -- Up-to-date: /home/f1tenth/f1tenth_ws/install/vesc_msgs/include/vesc_msgs/vesc_msgs/msg/detail/vesc_state_stamped__rosidl_typesupport_introspection_c.h
[1.346s] -- Up-to-date: /home/f1tenth/f1tenth_ws/install/vesc_msgs/include/vesc_msgs/vesc_msgs/msg/detail/vesc_state_stamped__type_support.c
[1.346s] -- Up-to-date: /home/f1tenth/f1tenth_ws/install/vesc_msgs/include/vesc_msgs/vesc_msgs/msg/detail/vesc_imu_stamped__rosidl_typesupport_introspection_c.h
[1.346s] -- Up-to-date: /home/f1tenth/f1tenth_ws/install/vesc_msgs/include/vesc_msgs/vesc_msgs/msg/detail/vesc_imu_stamped__type_support.c
[1.346s] -- Up-to-date: /home/f1tenth/f1tenth_ws/install/vesc_msgs/lib/libvesc_msgs__rosidl_typesupport_introspection_c.so
[1.347s] -- Up-to-date: /home/f1tenth/f1tenth_ws/install/vesc_msgs/lib/libvesc_msgs__rosidl_typesupport_c.so
[1.347s] -- Up-to-date: /home/f1tenth/f1tenth_ws/install/vesc_msgs/include/vesc_msgs/vesc_msgs
[1.347s] -- Up-to-date: /home/f1tenth/f1tenth_ws/install/vesc_msgs/include/vesc_msgs/vesc_msgs/msg
[1.347s] -- Up-to-date: /home/f1tenth/f1tenth_ws/install/vesc_msgs/include/vesc_msgs/vesc_msgs/msg/vesc_imu.hpp
[1.347s] -- Up-to-date: /home/f1tenth/f1tenth_ws/install/vesc_msgs/include/vesc_msgs/vesc_msgs/msg/vesc_imu_stamped.hpp
[1.347s] -- Up-to-date: /home/f1tenth/f1tenth_ws/install/vesc_msgs/include/vesc_msgs/vesc_msgs/msg/vesc_state.hpp
[1.347s] -- Up-to-date: /home/f1tenth/f1tenth_ws/install/vesc_msgs/include/vesc_msgs/vesc_msgs/msg/vesc_state_stamped.hpp
[1.348s] -- Up-to-date: /home/f1tenth/f1tenth_ws/install/vesc_msgs/include/vesc_msgs/vesc_msgs/msg/detail
[1.348s] -- Up-to-date: /home/f1tenth/f1tenth_ws/install/vesc_msgs/include/vesc_msgs/vesc_msgs/msg/detail/vesc_state_stamped__builder.hpp
[1.348s] -- Up-to-date: /home/f1tenth/f1tenth_ws/install/vesc_msgs/include/vesc_msgs/vesc_msgs/msg/detail/vesc_state__traits.hpp
[1.348s] -- Up-to-date: /home/f1tenth/f1tenth_ws/install/vesc_msgs/include/vesc_msgs/vesc_msgs/msg/detail/vesc_state_stamped__struct.hpp
[1.348s] -- Up-to-date: /home/f1tenth/f1tenth_ws/install/vesc_msgs/include/vesc_msgs/vesc_msgs/msg/detail/vesc_imu_stamped__traits.hpp
[1.348s] -- Up-to-date: /home/f1tenth/f1tenth_ws/install/vesc_msgs/include/vesc_msgs/vesc_msgs/msg/detail/vesc_state__builder.hpp
[1.348s] -- Up-to-date: /home/f1tenth/f1tenth_ws/install/vesc_msgs/include/vesc_msgs/vesc_msgs/msg/detail/vesc_imu__struct.hpp
[1.348s] -- Up-to-date: /home/f1tenth/f1tenth_ws/install/vesc_msgs/include/vesc_msgs/vesc_msgs/msg/detail/vesc_imu__traits.hpp
[1.349s] -- Up-to-date: /home/f1tenth/f1tenth_ws/install/vesc_msgs/include/vesc_msgs/vesc_msgs/msg/detail/vesc_imu_stamped__builder.hpp
[1.349s] -- Up-to-date: /home/f1tenth/f1tenth_ws/install/vesc_msgs/include/vesc_msgs/vesc_msgs/msg/detail/vesc_state__struct.hpp
[1.349s] -- Up-to-date: /home/f1tenth/f1tenth_ws/install/vesc_msgs/include/vesc_msgs/vesc_msgs/msg/detail/vesc_imu__builder.hpp
[1.349s] -- Up-to-date: /home/f1tenth/f1tenth_ws/install/vesc_msgs/include/vesc_msgs/vesc_msgs/msg/detail/vesc_imu_stamped__struct.hpp
[1.349s] -- Up-to-date: /home/f1tenth/f1tenth_ws/install/vesc_msgs/include/vesc_msgs/vesc_msgs/msg/detail/vesc_state_stamped__traits.hpp
[1.349s] -- Up-to-date: /home/f1tenth/f1tenth_ws/install/vesc_msgs/include/vesc_msgs/vesc_msgs
[1.349s] -- Up-to-date: /home/f1tenth/f1tenth_ws/install/vesc_msgs/include/vesc_msgs/vesc_msgs/msg
[1.349s] -- Up-to-date: /home/f1tenth/f1tenth_ws/install/vesc_msgs/include/vesc_msgs/vesc_msgs/msg/rosidl_typesupport_fastrtps_cpp__visibility_control.h
[1.350s] -- Up-to-date: /home/f1tenth/f1tenth_ws/install/vesc_msgs/include/vesc_msgs/vesc_msgs/msg/detail
[1.350s] -- Up-to-date: /home/f1tenth/f1tenth_ws/install/vesc_msgs/include/vesc_msgs/vesc_msgs/msg/detail/vesc_imu__rosidl_typesupport_fastrtps_cpp.hpp
[1.350s] -- Up-to-date: /home/f1tenth/f1tenth_ws/install/vesc_msgs/include/vesc_msgs/vesc_msgs/msg/detail/vesc_imu_stamped__rosidl_typesupport_fastrtps_cpp.hpp
[1.358s] -- Up-to-date: /home/f1tenth/f1tenth_ws/install/vesc_msgs/include/vesc_msgs/vesc_msgs/msg/detail/vesc_state__rosidl_typesupport_fastrtps_cpp.hpp
[1.359s] -- Up-to-date: /home/f1tenth/f1tenth_ws/install/vesc_msgs/include/vesc_msgs/vesc_msgs/msg/detail/vesc_state_stamped__rosidl_typesupport_fastrtps_cpp.hpp
[1.359s] -- Up-to-date: /home/f1tenth/f1tenth_ws/install/vesc_msgs/include/vesc_msgs/vesc_msgs/msg/detail/dds_fastrtps
[1.361s] -- Up-to-date: /home/f1tenth/f1tenth_ws/install/vesc_msgs/lib/libvesc_msgs__rosidl_typesupport_fastrtps_cpp.so
[1.361s] -- Up-to-date: /home/f1tenth/f1tenth_ws/install/vesc_msgs/include/vesc_msgs/vesc_msgs
[1.362s] -- Up-to-date: /home/f1tenth/f1tenth_ws/install/vesc_msgs/include/vesc_msgs/vesc_msgs/msg
[1.362s] -- Up-to-date: /home/f1tenth/f1tenth_ws/install/vesc_msgs/include/vesc_msgs/vesc_msgs/msg/detail
[1.363s] -- Up-to-date: /home/f1tenth/f1tenth_ws/install/vesc_msgs/include/vesc_msgs/vesc_msgs/msg/detail/vesc_imu__rosidl_typesupport_introspection_cpp.hpp
[1.363s] -- Up-to-date: /home/f1tenth/f1tenth_ws/install/vesc_msgs/include/vesc_msgs/vesc_msgs/msg/detail/vesc_imu__type_support.cpp
[1.363s] -- Up-to-date: /home/f1tenth/f1tenth_ws/install/vesc_msgs/include/vesc_msgs/vesc_msgs/msg/detail/vesc_state__rosidl_typesupport_introspection_cpp.hpp
[1.363s] -- Up-to-date: /home/f1tenth/f1tenth_ws/install/vesc_msgs/include/vesc_msgs/vesc_msgs/msg/detail/vesc_state_stamped__rosidl_typesupport_introspection_cpp.hpp
[1.363s] -- Up-to-date: /home/f1tenth/f1tenth_ws/install/vesc_msgs/include/vesc_msgs/vesc_msgs/msg/detail/vesc_state__type_support.cpp
[1.363s] -- Up-to-date: /home/f1tenth/f1tenth_ws/install/vesc_msgs/include/vesc_msgs/vesc_msgs/msg/detail/vesc_imu_stamped__type_support.cpp
[1.363s] -- Up-to-date: /home/f1tenth/f1tenth_ws/install/vesc_msgs/include/vesc_msgs/vesc_msgs/msg/detail/vesc_state_stamped__type_support.cpp
[1.363s] -- Up-to-date: /home/f1tenth/f1tenth_ws/install/vesc_msgs/include/vesc_msgs/vesc_msgs/msg/detail/vesc_imu_stamped__rosidl_typesupport_introspection_cpp.hpp
[1.364s] -- Up-to-date: /home/f1tenth/f1tenth_ws/install/vesc_msgs/lib/libvesc_msgs__rosidl_typesupport_introspection_cpp.so
[1.364s] -- Up-to-date: /home/f1tenth/f1tenth_ws/install/vesc_msgs/lib/libvesc_msgs__rosidl_typesupport_cpp.so
[1.364s] -- Up-to-date: /home/f1tenth/f1tenth_ws/install/vesc_msgs/share/vesc_msgs/environment/pythonpath.sh
[1.364s] -- Up-to-date: /home/f1tenth/f1tenth_ws/install/vesc_msgs/share/vesc_msgs/environment/pythonpath.dsv
[1.364s] -- Up-to-date: /home/f1tenth/f1tenth_ws/install/vesc_msgs/local/lib/python3.10/dist-packages/vesc_msgs-1.1.0-py3.10.egg-info
[1.364s] -- Installing: /home/f1tenth/f1tenth_ws/install/vesc_msgs/local/lib/python3.10/dist-packages/vesc_msgs-1.1.0-py3.10.egg-info/SOURCES.txt
[1.365s] -- Installing: /home/f1tenth/f1tenth_ws/install/vesc_msgs/local/lib/python3.10/dist-packages/vesc_msgs-1.1.0-py3.10.egg-info/top_level.txt
[1.365s] -- Installing: /home/f1tenth/f1tenth_ws/install/vesc_msgs/local/lib/python3.10/dist-packages/vesc_msgs-1.1.0-py3.10.egg-info/dependency_links.txt
[1.365s] -- Installing: /home/f1tenth/f1tenth_ws/install/vesc_msgs/local/lib/python3.10/dist-packages/vesc_msgs-1.1.0-py3.10.egg-info/PKG-INFO
[1.365s] -- Up-to-date: /home/f1tenth/f1tenth_ws/install/vesc_msgs/local/lib/python3.10/dist-packages/vesc_msgs
[1.365s] -- Up-to-date: /home/f1tenth/f1tenth_ws/install/vesc_msgs/local/lib/python3.10/dist-packages/vesc_msgs/_vesc_msgs_s.ep.rosidl_typesupport_c.c
[1.365s] -- Up-to-date: /home/f1tenth/f1tenth_ws/install/vesc_msgs/local/lib/python3.10/dist-packages/vesc_msgs/vesc_msgs_s__rosidl_typesupport_introspection_c.cpython-310-aarch64-linux-gnu.so
[1.365s] -- Up-to-date: /home/f1tenth/f1tenth_ws/install/vesc_msgs/local/lib/python3.10/dist-packages/vesc_msgs/_vesc_msgs_s.ep.rosidl_typesupport_introspection_c.c
[1.365s] -- Up-to-date: /home/f1tenth/f1tenth_ws/install/vesc_msgs/local/lib/python3.10/dist-packages/vesc_msgs/libvesc_msgs__rosidl_generator_py.so
[1.366s] -- Up-to-date: /home/f1tenth/f1tenth_ws/install/vesc_msgs/local/lib/python3.10/dist-packages/vesc_msgs/_vesc_msgs_s.ep.rosidl_typesupport_fastrtps_c.c
[1.366s] -- Up-to-date: /home/f1tenth/f1tenth_ws/install/vesc_msgs/local/lib/python3.10/dist-packages/vesc_msgs/vesc_msgs_s__rosidl_typesupport_c.cpython-310-aarch64-linux-gnu.so
[1.366s] -- Up-to-date: /home/f1tenth/f1tenth_ws/install/vesc_msgs/local/lib/python3.10/dist-packages/vesc_msgs/__init__.py
[1.366s] -- Up-to-date: /home/f1tenth/f1tenth_ws/install/vesc_msgs/local/lib/python3.10/dist-packages/vesc_msgs/msg
[1.379s] -- Up-to-date: /home/f1tenth/f1tenth_ws/install/vesc_msgs/local/lib/python3.10/dist-packages/vesc_msgs/msg/_vesc_imu_s.c
[1.380s] -- Up-to-date: /home/f1tenth/f1tenth_ws/install/vesc_msgs/local/lib/python3.10/dist-packages/vesc_msgs/msg/_vesc_state_s.c
[1.380s] -- Up-to-date: /home/f1tenth/f1tenth_ws/install/vesc_msgs/local/lib/python3.10/dist-packages/vesc_msgs/msg/_vesc_state_stamped_s.c
[1.380s] -- Up-to-date: /home/f1tenth/f1tenth_ws/install/vesc_msgs/local/lib/python3.10/dist-packages/vesc_msgs/msg/_vesc_imu_stamped_s.c
[1.380s] -- Up-to-date: /home/f1tenth/f1tenth_ws/install/vesc_msgs/local/lib/python3.10/dist-packages/vesc_msgs/msg/_vesc_imu.py
[1.380s] -- Up-to-date: /home/f1tenth/f1tenth_ws/install/vesc_msgs/local/lib/python3.10/dist-packages/vesc_msgs/msg/__init__.py
[1.381s] -- Up-to-date: /home/f1tenth/f1tenth_ws/install/vesc_msgs/local/lib/python3.10/dist-packages/vesc_msgs/msg/_vesc_state_stamped.py
[1.381s] -- Up-to-date: /home/f1tenth/f1tenth_ws/install/vesc_msgs/local/lib/python3.10/dist-packages/vesc_msgs/msg/_vesc_state.py
[1.381s] -- Up-to-date: /home/f1tenth/f1tenth_ws/install/vesc_msgs/local/lib/python3.10/dist-packages/vesc_msgs/msg/_vesc_imu_stamped.py
[1.381s] -- Up-to-date: /home/f1tenth/f1tenth_ws/install/vesc_msgs/local/lib/python3.10/dist-packages/vesc_msgs/vesc_msgs_s__rosidl_typesupport_fastrtps_c.cpython-310-aarch64-linux-gnu.so
[1.399s] Listing '/home/f1tenth/f1tenth_ws/install/vesc_msgs/local/lib/python3.10/dist-packages/vesc_msgs'...
[1.400s] Listing '/home/f1tenth/f1tenth_ws/install/vesc_msgs/local/lib/python3.10/dist-packages/vesc_msgs/msg'...
[1.412s] -- Up-to-date: /home/f1tenth/f1tenth_ws/install/vesc_msgs/local/lib/python3.10/dist-packages/vesc_msgs/vesc_msgs_s__rosidl_typesupport_fastrtps_c.cpython-310-aarch64-linux-gnu.so
[1.412s] -- Up-to-date: /home/f1tenth/f1tenth_ws/install/vesc_msgs/local/lib/python3.10/dist-packages/vesc_msgs/vesc_msgs_s__rosidl_typesupport_introspection_c.cpython-310-aarch64-linux-gnu.so
[1.413s] -- Up-to-date: /home/f1tenth/f1tenth_ws/install/vesc_msgs/local/lib/python3.10/dist-packages/vesc_msgs/vesc_msgs_s__rosidl_typesupport_c.cpython-310-aarch64-linux-gnu.so
[1.414s] -- Up-to-date: /home/f1tenth/f1tenth_ws/install/vesc_msgs/lib/libvesc_msgs__rosidl_generator_py.so
[1.414s] -- Up-to-date: /home/f1tenth/f1tenth_ws/install/vesc_msgs/share/vesc_msgs/msg/VescState.idl
[1.414s] -- Up-to-date: /home/f1tenth/f1tenth_ws/install/vesc_msgs/share/vesc_msgs/msg/VescStateStamped.idl
[1.415s] -- Up-to-date: /home/f1tenth/f1tenth_ws/install/vesc_msgs/share/vesc_msgs/msg/VescImu.idl
[1.415s] -- Up-to-date: /home/f1tenth/f1tenth_ws/install/vesc_msgs/share/vesc_msgs/msg/VescImuStamped.idl
[1.415s] -- Up-to-date: /home/f1tenth/f1tenth_ws/install/vesc_msgs/share/vesc_msgs/msg/VescState.msg
[1.415s] -- Up-to-date: /home/f1tenth/f1tenth_ws/install/vesc_msgs/share/vesc_msgs/msg/VescStateStamped.msg
[1.415s] -- Up-to-date: /home/f1tenth/f1tenth_ws/install/vesc_msgs/share/vesc_msgs/msg/VescImu.msg
[1.416s] -- Up-to-date: /home/f1tenth/f1tenth_ws/install/vesc_msgs/share/vesc_msgs/msg/VescImuStamped.msg
[1.416s] -- Up-to-date: /home/f1tenth/f1tenth_ws/install/vesc_msgs/share/ament_index/resource_index/package_run_dependencies/vesc_msgs
[1.417s] -- Up-to-date: /home/f1tenth/f1tenth_ws/install/vesc_msgs/share/ament_index/resource_index/parent_prefix_path/vesc_msgs
[1.421s] -- Up-to-date: /home/f1tenth/f1tenth_ws/install/vesc_msgs/share/vesc_msgs/environment/ament_prefix_path.sh
[1.422s] -- Up-to-date: /home/f1tenth/f1tenth_ws/install/vesc_msgs/share/vesc_msgs/environment/ament_prefix_path.dsv
[1.422s] -- Up-to-date: /home/f1tenth/f1tenth_ws/install/vesc_msgs/share/vesc_msgs/environment/path.sh
[1.422s] -- Up-to-date: /home/f1tenth/f1tenth_ws/install/vesc_msgs/share/vesc_msgs/environment/path.dsv
[1.424s] -- Up-to-date: /home/f1tenth/f1tenth_ws/install/vesc_msgs/share/vesc_msgs/local_setup.bash
[1.425s] -- Up-to-date: /home/f1tenth/f1tenth_ws/install/vesc_msgs/share/vesc_msgs/local_setup.sh
[1.425s] -- Up-to-date: /home/f1tenth/f1tenth_ws/install/vesc_msgs/share/vesc_msgs/local_setup.zsh
[1.426s] -- Up-to-date: /home/f1tenth/f1tenth_ws/install/vesc_msgs/share/vesc_msgs/local_setup.dsv
[1.426s] -- Installing: /home/f1tenth/f1tenth_ws/install/vesc_msgs/share/vesc_msgs/package.dsv
[1.426s] -- Up-to-date: /home/f1tenth/f1tenth_ws/install/vesc_msgs/share/ament_index/resource_index/packages/vesc_msgs
[1.427s] -- Up-to-date: /home/f1tenth/f1tenth_ws/install/vesc_msgs/share/vesc_msgs/cmake/export_vesc_msgs__rosidl_generator_cExport.cmake
[1.427s] -- Up-to-date: /home/f1tenth/f1tenth_ws/install/vesc_msgs/share/vesc_msgs/cmake/export_vesc_msgs__rosidl_generator_cExport-noconfig.cmake
[1.427s] -- Up-to-date: /home/f1tenth/f1tenth_ws/install/vesc_msgs/share/vesc_msgs/cmake/export_vesc_msgs__rosidl_typesupport_fastrtps_cExport.cmake
[1.427s] -- Up-to-date: /home/f1tenth/f1tenth_ws/install/vesc_msgs/share/vesc_msgs/cmake/export_vesc_msgs__rosidl_typesupport_fastrtps_cExport-noconfig.cmake
[1.428s] -- Up-to-date: /home/f1tenth/f1tenth_ws/install/vesc_msgs/share/vesc_msgs/cmake/vesc_msgs__rosidl_typesupport_introspection_cExport.cmake
[1.434s] -- Up-to-date: /home/f1tenth/f1tenth_ws/install/vesc_msgs/share/vesc_msgs/cmake/vesc_msgs__rosidl_typesupport_introspection_cExport-noconfig.cmake
[1.435s] -- Up-to-date: /home/f1tenth/f1tenth_ws/install/vesc_msgs/share/vesc_msgs/cmake/vesc_msgs__rosidl_typesupport_cExport.cmake
[1.435s] -- Up-to-date: /home/f1tenth/f1tenth_ws/install/vesc_msgs/share/vesc_msgs/cmake/vesc_msgs__rosidl_typesupport_cExport-noconfig.cmake
[1.435s] -- Up-to-date: /home/f1tenth/f1tenth_ws/install/vesc_msgs/share/vesc_msgs/cmake/export_vesc_msgs__rosidl_generator_cppExport.cmake
[1.435s] -- Up-to-date: /home/f1tenth/f1tenth_ws/install/vesc_msgs/share/vesc_msgs/cmake/export_vesc_msgs__rosidl_typesupport_fastrtps_cppExport.cmake
[1.435s] -- Up-to-date: /home/f1tenth/f1tenth_ws/install/vesc_msgs/share/vesc_msgs/cmake/export_vesc_msgs__rosidl_typesupport_fastrtps_cppExport-noconfig.cmake
[1.435s] -- Up-to-date: /home/f1tenth/f1tenth_ws/install/vesc_msgs/share/vesc_msgs/cmake/vesc_msgs__rosidl_typesupport_introspection_cppExport.cmake
[1.436s] -- Up-to-date: /home/f1tenth/f1tenth_ws/install/vesc_msgs/share/vesc_msgs/cmake/vesc_msgs__rosidl_typesupport_introspection_cppExport-noconfig.cmake
[1.436s] -- Up-to-date: /home/f1tenth/f1tenth_ws/install/vesc_msgs/share/vesc_msgs/cmake/vesc_msgs__rosidl_typesupport_cppExport.cmake
[1.436s] -- Up-to-date: /home/f1tenth/f1tenth_ws/install/vesc_msgs/share/vesc_msgs/cmake/vesc_msgs__rosidl_typesupport_cppExport-noconfig.cmake
[1.436s] -- Up-to-date: /home/f1tenth/f1tenth_ws/install/vesc_msgs/share/vesc_msgs/cmake/export_vesc_msgs__rosidl_generator_pyExport.cmake
[1.436s] -- Up-to-date: /home/f1tenth/f1tenth_ws/install/vesc_msgs/share/vesc_msgs/cmake/export_vesc_msgs__rosidl_generator_pyExport-noconfig.cmake
[1.436s] -- Up-to-date: /home/f1tenth/f1tenth_ws/install/vesc_msgs/share/vesc_msgs/cmake/rosidl_cmake-extras.cmake
[1.436s] -- Up-to-date: /home/f1tenth/f1tenth_ws/install/vesc_msgs/share/vesc_msgs/cmake/ament_cmake_export_dependencies-extras.cmake
[1.436s] -- Up-to-date: /home/f1tenth/f1tenth_ws/install/vesc_msgs/share/vesc_msgs/cmake/ament_cmake_export_include_directories-extras.cmake
[1.437s] -- Up-to-date: /home/f1tenth/f1tenth_ws/install/vesc_msgs/share/vesc_msgs/cmake/ament_cmake_export_libraries-extras.cmake
[1.437s] -- Up-to-date: /home/f1tenth/f1tenth_ws/install/vesc_msgs/share/vesc_msgs/cmake/ament_cmake_export_targets-extras.cmake
[1.437s] -- Up-to-date: /home/f1tenth/f1tenth_ws/install/vesc_msgs/share/vesc_msgs/cmake/rosidl_cmake_export_typesupport_targets-extras.cmake
[1.437s] -- Up-to-date: /home/f1tenth/f1tenth_ws/install/vesc_msgs/share/vesc_msgs/cmake/rosidl_cmake_export_typesupport_libraries-extras.cmake
[1.437s] -- Up-to-date: /home/f1tenth/f1tenth_ws/install/vesc_msgs/share/vesc_msgs/cmake/vesc_msgsConfig.cmake
[1.437s] -- Up-to-date: /home/f1tenth/f1tenth_ws/install/vesc_msgs/share/vesc_msgs/cmake/vesc_msgsConfig-version.cmake
[1.437s] -- Up-to-date: /home/f1tenth/f1tenth_ws/install/vesc_msgs/share/vesc_msgs/package.xml
[1.438s] Invoked command in '/home/f1tenth/f1tenth_ws/build/vesc_msgs' returned '0': CMAKE_PREFIX_PATH=/opt/ros/humble /usr/bin/cmake --install /home/f1tenth/f1tenth_ws/build/vesc_msgs
