[0.022s] Invoking command in '/home/f1tenth/f1tenth_ws/build/joy_linux': CMAKE_PREFIX_PATH=/opt/ros/humble /usr/bin/cmake --build /home/f1tenth/f1tenth_ws/build/joy_linux -- -j6 -l6
[0.069s] -- Found ament_cmake: 1.3.9 (/opt/ros/humble/share/ament_cmake/cmake)
[0.441s] -- Found diagnostic_msgs: 4.2.3 (/opt/ros/humble/share/diagnostic_msgs/cmake)
[0.497s] -- Found rosidl_generator_c: 3.1.5 (/opt/ros/humble/share/rosidl_generator_c/cmake)
[0.504s] -- Found rosidl_adapter: 3.1.5 (/opt/ros/humble/share/rosidl_adapter/cmake)
[0.517s] -- Found rosidl_generator_cpp: 3.1.5 (/opt/ros/humble/share/rosidl_generator_cpp/cmake)
[0.543s] -- Using all available rosidl_typesupport_c: rosidl_typesupport_fastrtps_c;rosidl_typesupport_introspection_c
[0.577s] -- Using all available rosidl_typesupport_cpp: rosidl_typesupport_fastrtps_cpp;rosidl_typesupport_introspection_cpp
[0.799s] -- Found diagnostic_updater: 3.1.2 (/opt/ros/humble/share/diagnostic_updater/cmake)
[0.898s] -- Found rmw_implementation_cmake: 6.1.2 (/opt/ros/humble/share/rmw_implementation_cmake/cmake)
[0.900s] -- Found rmw_fastrtps_cpp: 6.2.6 (/opt/ros/humble/share/rmw_fastrtps_cpp/cmake)
[1.126s] -- Using RMW implementation 'rmw_fastrtps_cpp' as default
[1.407s] -- Found sensor_msgs: 4.2.3 (/opt/ros/humble/share/sensor_msgs/cmake)
[1.648s] -- Found ament_lint_auto: 0.12.11 (/opt/ros/humble/share/ament_lint_auto/cmake)
[1.819s] -- Added test 'cppcheck' to perform static code analysis on C / C++ code
[1.821s] -- Configured cppcheck include dirs: /home/f1tenth/f1tenth_ws/src/f1tenth_system/joystick_drivers/joy_linux/msg/cpp
[1.821s] -- Configured cppcheck exclude dirs and/or files: 
[1.822s] -- Added test 'cpplint' to check C / C++ code against the Google style
[1.823s] -- Configured cpplint exclude dirs and/or files: 
[1.825s] -- Added test 'lint_cmake' to check CMake code style
[1.825s] -- Added test 'uncrustify' to check C / C++ code style
[1.827s] -- Configured uncrustify additional arguments: 
[1.828s] -- Added test 'xmllint' to check XML markup files
[1.828s] -- Configuring done
[1.859s] -- Generating done
[1.864s] -- Build files have been written to: /home/f1tenth/f1tenth_ws/build/joy_linux
[1.980s] [35m[1mConsolidate compiler generated dependencies of target joy_linux_node[0m
[2.075s] [ 50%] [32mBuilding CXX object CMakeFiles/joy_linux_node.dir/src/joy_linux_node.cpp.o[0m
[30.112s] [100%] [32m[1mLinking CXX executable joy_linux_node[0m
[31.216s] [100%] Built target joy_linux_node
[31.239s] Invoked command in '/home/f1tenth/f1tenth_ws/build/joy_linux' returned '0': CMAKE_PREFIX_PATH=/opt/ros/humble /usr/bin/cmake --build /home/f1tenth/f1tenth_ws/build/joy_linux -- -j6 -l6
[31.286s] Invoking command in '/home/f1tenth/f1tenth_ws/build/joy_linux': CMAKE_PREFIX_PATH=/opt/ros/humble /usr/bin/cmake --install /home/f1tenth/f1tenth_ws/build/joy_linux
[31.302s] -- Install configuration: ""
[31.302s] -- Installing: /home/f1tenth/f1tenth_ws/install/joy_linux/lib/joy_linux/joy_linux_node
[31.311s] -- Set runtime path of "/home/f1tenth/f1tenth_ws/install/joy_linux/lib/joy_linux/joy_linux_node" to ""
[31.311s] -- Installing: /home/f1tenth/f1tenth_ws/install/joy_linux/share/ament_index/resource_index/package_run_dependencies/joy_linux
[31.312s] -- Installing: /home/f1tenth/f1tenth_ws/install/joy_linux/share/ament_index/resource_index/parent_prefix_path/joy_linux
[31.316s] -- Installing: /home/f1tenth/f1tenth_ws/install/joy_linux/share/joy_linux/environment/ament_prefix_path.sh
[31.317s] -- Installing: /home/f1tenth/f1tenth_ws/install/joy_linux/share/joy_linux/environment/ament_prefix_path.dsv
[31.317s] -- Installing: /home/f1tenth/f1tenth_ws/install/joy_linux/share/joy_linux/environment/path.sh
[31.317s] -- Installing: /home/f1tenth/f1tenth_ws/install/joy_linux/share/joy_linux/environment/path.dsv
[31.317s] -- Installing: /home/f1tenth/f1tenth_ws/install/joy_linux/share/joy_linux/local_setup.bash
[31.317s] -- Installing: /home/f1tenth/f1tenth_ws/install/joy_linux/share/joy_linux/local_setup.sh
[31.317s] -- Installing: /home/f1tenth/f1tenth_ws/install/joy_linux/share/joy_linux/local_setup.zsh
[31.317s] -- Installing: /home/f1tenth/f1tenth_ws/install/joy_linux/share/joy_linux/local_setup.dsv
[31.318s] -- Installing: /home/f1tenth/f1tenth_ws/install/joy_linux/share/joy_linux/package.dsv
[31.318s] -- Installing: /home/f1tenth/f1tenth_ws/install/joy_linux/share/ament_index/resource_index/packages/joy_linux
[31.318s] -- Installing: /home/f1tenth/f1tenth_ws/install/joy_linux/share/joy_linux/cmake/joy_linuxConfig.cmake
[31.318s] -- Installing: /home/f1tenth/f1tenth_ws/install/joy_linux/share/joy_linux/cmake/joy_linuxConfig-version.cmake
[31.318s] -- Installing: /home/f1tenth/f1tenth_ws/install/joy_linux/share/joy_linux/package.xml
[31.323s] Invoked command in '/home/f1tenth/f1tenth_ws/build/joy_linux' returned '0': CMAKE_PREFIX_PATH=/opt/ros/humble /usr/bin/cmake --install /home/f1tenth/f1tenth_ws/build/joy_linux
