[0.034s] Invoking command in '/home/f1tenth/f1tenth_ws/build/vesc': AMENT_PREFIX_PATH=/home/f1tenth/f1tenth_ws/install/vesc_driver:/home/f1tenth/f1tenth_ws/install/vesc_ackermann:/home/f1tenth/f1tenth_ws/install/vesc_msgs:${AMENT_PREFIX_PATH} CMAKE_PREFIX_PATH=/home/f1tenth/f1tenth_ws/install/vesc_driver:/home/f1tenth/f1tenth_ws/install/vesc_ackermann:/home/f1tenth/f1tenth_ws/install/vesc_msgs:/opt/ros/humble LD_LIBRARY_PATH=/home/f1tenth/f1tenth_ws/install/vesc_driver/lib:/home/f1tenth/f1tenth_ws/install/vesc_ackermann/lib:/home/f1tenth/f1tenth_ws/install/vesc_msgs/lib:/opt/ros/humble/opt/rviz_ogre_vendor/lib:/opt/ros/humble/lib/aarch64-linux-gnu:/opt/ros/humble/lib:/usr/local/cuda-12.2/lib64 PYTHONPATH=/home/f1tenth/f1tenth_ws/install/vesc_msgs/local/lib/python3.10/dist-packages:${PYTHONPATH} /usr/bin/cmake /home/f1tenth/f1tenth_ws/src/f1tenth_system/vesc/vesc -DCMAKE_INSTALL_PREFIX=/home/f1tenth/f1tenth_ws/install/vesc
[0.146s] -- The C compiler identification is GNU 11.4.0
[0.266s] -- The CXX compiler identification is GNU 11.4.0
[0.289s] -- Detecting C compiler ABI info
[0.442s] -- Detecting C compiler ABI info - done
[0.465s] -- Check for working C compiler: /usr/bin/cc - skipped
[0.466s] -- Detecting C compile features
[0.467s] -- Detecting C compile features - done
[0.478s] -- Detecting CXX compiler ABI info
[0.650s] -- Detecting CXX compiler ABI info - done
[0.672s] -- Check for working CXX compiler: /usr/bin/c++ - skipped
[0.673s] -- Detecting CXX compile features
[0.675s] -- Detecting CXX compile features - done
[0.682s] -- Found ament_cmake_auto: 1.3.9 (/opt/ros/humble/share/ament_cmake_auto/cmake)
[1.030s] -- Found Python3: /usr/bin/python3 (found version "3.10.12") found components: Interpreter 
[1.384s] -- Configuring done
[1.394s] -- Generating done
[1.396s] -- Build files have been written to: /home/f1tenth/f1tenth_ws/build/vesc
[1.410s] Invoked command in '/home/f1tenth/f1tenth_ws/build/vesc' returned '0': AMENT_PREFIX_PATH=/home/f1tenth/f1tenth_ws/install/vesc_driver:/home/f1tenth/f1tenth_ws/install/vesc_ackermann:/home/f1tenth/f1tenth_ws/install/vesc_msgs:${AMENT_PREFIX_PATH} CMAKE_PREFIX_PATH=/home/f1tenth/f1tenth_ws/install/vesc_driver:/home/f1tenth/f1tenth_ws/install/vesc_ackermann:/home/f1tenth/f1tenth_ws/install/vesc_msgs:/opt/ros/humble LD_LIBRARY_PATH=/home/f1tenth/f1tenth_ws/install/vesc_driver/lib:/home/f1tenth/f1tenth_ws/install/vesc_ackermann/lib:/home/f1tenth/f1tenth_ws/install/vesc_msgs/lib:/opt/ros/humble/opt/rviz_ogre_vendor/lib:/opt/ros/humble/lib/aarch64-linux-gnu:/opt/ros/humble/lib:/usr/local/cuda-12.2/lib64 PYTHONPATH=/home/f1tenth/f1tenth_ws/install/vesc_msgs/local/lib/python3.10/dist-packages:${PYTHONPATH} /usr/bin/cmake /home/f1tenth/f1tenth_ws/src/f1tenth_system/vesc/vesc -DCMAKE_INSTALL_PREFIX=/home/f1tenth/f1tenth_ws/install/vesc
[1.414s] Invoking command in '/home/f1tenth/f1tenth_ws/build/vesc': AMENT_PREFIX_PATH=/home/f1tenth/f1tenth_ws/install/vesc_driver:/home/f1tenth/f1tenth_ws/install/vesc_ackermann:/home/f1tenth/f1tenth_ws/install/vesc_msgs:${AMENT_PREFIX_PATH} CMAKE_PREFIX_PATH=/home/f1tenth/f1tenth_ws/install/vesc_driver:/home/f1tenth/f1tenth_ws/install/vesc_ackermann:/home/f1tenth/f1tenth_ws/install/vesc_msgs:/opt/ros/humble LD_LIBRARY_PATH=/home/f1tenth/f1tenth_ws/install/vesc_driver/lib:/home/f1tenth/f1tenth_ws/install/vesc_ackermann/lib:/home/f1tenth/f1tenth_ws/install/vesc_msgs/lib:/opt/ros/humble/opt/rviz_ogre_vendor/lib:/opt/ros/humble/lib/aarch64-linux-gnu:/opt/ros/humble/lib:/usr/local/cuda-12.2/lib64 PYTHONPATH=/home/f1tenth/f1tenth_ws/install/vesc_msgs/local/lib/python3.10/dist-packages:${PYTHONPATH} /usr/bin/cmake --build /home/f1tenth/f1tenth_ws/build/vesc -- -j6 -l6
[1.495s] Invoked command in '/home/f1tenth/f1tenth_ws/build/vesc' returned '0': AMENT_PREFIX_PATH=/home/f1tenth/f1tenth_ws/install/vesc_driver:/home/f1tenth/f1tenth_ws/install/vesc_ackermann:/home/f1tenth/f1tenth_ws/install/vesc_msgs:${AMENT_PREFIX_PATH} CMAKE_PREFIX_PATH=/home/f1tenth/f1tenth_ws/install/vesc_driver:/home/f1tenth/f1tenth_ws/install/vesc_ackermann:/home/f1tenth/f1tenth_ws/install/vesc_msgs:/opt/ros/humble LD_LIBRARY_PATH=/home/f1tenth/f1tenth_ws/install/vesc_driver/lib:/home/f1tenth/f1tenth_ws/install/vesc_ackermann/lib:/home/f1tenth/f1tenth_ws/install/vesc_msgs/lib:/opt/ros/humble/opt/rviz_ogre_vendor/lib:/opt/ros/humble/lib/aarch64-linux-gnu:/opt/ros/humble/lib:/usr/local/cuda-12.2/lib64 PYTHONPATH=/home/f1tenth/f1tenth_ws/install/vesc_msgs/local/lib/python3.10/dist-packages:${PYTHONPATH} /usr/bin/cmake --build /home/f1tenth/f1tenth_ws/build/vesc -- -j6 -l6
[1.538s] Invoking command in '/home/f1tenth/f1tenth_ws/build/vesc': AMENT_PREFIX_PATH=/home/f1tenth/f1tenth_ws/install/vesc_driver:/home/f1tenth/f1tenth_ws/install/vesc_ackermann:/home/f1tenth/f1tenth_ws/install/vesc_msgs:${AMENT_PREFIX_PATH} CMAKE_PREFIX_PATH=/home/f1tenth/f1tenth_ws/install/vesc_driver:/home/f1tenth/f1tenth_ws/install/vesc_ackermann:/home/f1tenth/f1tenth_ws/install/vesc_msgs:/opt/ros/humble LD_LIBRARY_PATH=/home/f1tenth/f1tenth_ws/install/vesc_driver/lib:/home/f1tenth/f1tenth_ws/install/vesc_ackermann/lib:/home/f1tenth/f1tenth_ws/install/vesc_msgs/lib:/opt/ros/humble/opt/rviz_ogre_vendor/lib:/opt/ros/humble/lib/aarch64-linux-gnu:/opt/ros/humble/lib:/usr/local/cuda-12.2/lib64 PYTHONPATH=/home/f1tenth/f1tenth_ws/install/vesc_msgs/local/lib/python3.10/dist-packages:${PYTHONPATH} /usr/bin/cmake --install /home/f1tenth/f1tenth_ws/build/vesc
[1.559s] -- Install configuration: ""
[1.559s] -- Installing: /home/f1tenth/f1tenth_ws/install/vesc/share/ament_index/resource_index/package_run_dependencies/vesc
[1.560s] -- Installing: /home/f1tenth/f1tenth_ws/install/vesc/share/ament_index/resource_index/parent_prefix_path/vesc
[1.561s] -- Installing: /home/f1tenth/f1tenth_ws/install/vesc/share/vesc/environment/ament_prefix_path.sh
[1.561s] -- Installing: /home/f1tenth/f1tenth_ws/install/vesc/share/vesc/environment/ament_prefix_path.dsv
[1.562s] -- Installing: /home/f1tenth/f1tenth_ws/install/vesc/share/vesc/environment/path.sh
[1.563s] -- Installing: /home/f1tenth/f1tenth_ws/install/vesc/share/vesc/environment/path.dsv
[1.563s] -- Installing: /home/f1tenth/f1tenth_ws/install/vesc/share/vesc/local_setup.bash
[1.563s] -- Installing: /home/f1tenth/f1tenth_ws/install/vesc/share/vesc/local_setup.sh
[1.564s] -- Installing: /home/f1tenth/f1tenth_ws/install/vesc/share/vesc/local_setup.zsh
[1.564s] -- Installing: /home/f1tenth/f1tenth_ws/install/vesc/share/vesc/local_setup.dsv
[1.564s] -- Installing: /home/f1tenth/f1tenth_ws/install/vesc/share/vesc/package.dsv
[1.565s] -- Installing: /home/f1tenth/f1tenth_ws/install/vesc/share/ament_index/resource_index/packages/vesc
[1.565s] -- Installing: /home/f1tenth/f1tenth_ws/install/vesc/share/vesc/cmake/vescConfig.cmake
[1.566s] -- Installing: /home/f1tenth/f1tenth_ws/install/vesc/share/vesc/cmake/vescConfig-version.cmake
[1.566s] -- Installing: /home/f1tenth/f1tenth_ws/install/vesc/share/vesc/package.xml
[1.572s] Invoked command in '/home/f1tenth/f1tenth_ws/build/vesc' returned '0': AMENT_PREFIX_PATH=/home/f1tenth/f1tenth_ws/install/vesc_driver:/home/f1tenth/f1tenth_ws/install/vesc_ackermann:/home/f1tenth/f1tenth_ws/install/vesc_msgs:${AMENT_PREFIX_PATH} CMAKE_PREFIX_PATH=/home/f1tenth/f1tenth_ws/install/vesc_driver:/home/f1tenth/f1tenth_ws/install/vesc_ackermann:/home/f1tenth/f1tenth_ws/install/vesc_msgs:/opt/ros/humble LD_LIBRARY_PATH=/home/f1tenth/f1tenth_ws/install/vesc_driver/lib:/home/f1tenth/f1tenth_ws/install/vesc_ackermann/lib:/home/f1tenth/f1tenth_ws/install/vesc_msgs/lib:/opt/ros/humble/opt/rviz_ogre_vendor/lib:/opt/ros/humble/lib/aarch64-linux-gnu:/opt/ros/humble/lib:/usr/local/cuda-12.2/lib64 PYTHONPATH=/home/f1tenth/f1tenth_ws/install/vesc_msgs/local/lib/python3.10/dist-packages:${PYTHONPATH} /usr/bin/cmake --install /home/f1tenth/f1tenth_ws/build/vesc
