[0.070s] Invoking command in '/home/f1tenth/f1tenth_ws/build/vesc_msgs': CMAKE_PREFIX_PATH=/home/f1tenth/f1tenth_ws/install/wiimote:/home/f1tenth/f1tenth_ws/install/wiimote_msgs:/home/f1tenth/f1tenth_ws/install/vesc:/home/f1tenth/f1tenth_ws/install/vesc_driver:/home/f1tenth/f1tenth_ws/install/vesc_ackermann:/home/f1tenth/f1tenth_ws/install/vesc_msgs:/home/f1tenth/f1tenth_ws/install/teleop_tools:/home/f1tenth/f1tenth_ws/install/teleop_tools_msgs:/home/f1tenth/f1tenth_ws/install/spacenav:/home/f1tenth/f1tenth_ws/install/f1tenth_stack:/home/f1tenth/f1tenth_ws/install/control_policy:/home/f1tenth/f1tenth_ws/install/joy_teleop:/home/f1tenth/f1tenth_ws/install/mouse_teleop:/home/f1tenth/f1tenth_ws/install/key_teleop:/home/f1tenth/f1tenth_ws/install/joystick_ros2:/opt/ros/humble:/home/f1tenth/f1tenth_ws/install/joy:/home/f1tenth/f1tenth_ws/install/sdl2_vendor:/home/f1tenth/f1tenth_ws/install/joy_linux:/home/f1tenth/f1tenth_ws/install/ackermann_mux /usr/bin/cmake --build /home/f1tenth/f1tenth_ws/build/vesc_msgs -- -j6 -l6
[0.850s] [  1%] Built target vesc_msgs__cpp
[0.850s] [ 12%] Built target vesc_msgs__rosidl_generator_c
[0.850s] [ 12%] Built target ament_cmake_python_copy_vesc_msgs
[0.851s] [ 23%] Built target vesc_msgs__rosidl_typesupport_cpp
[0.851s] [ 34%] Built target vesc_msgs__rosidl_typesupport_introspection_cpp
[0.851s] [ 45%] Built target vesc_msgs__rosidl_typesupport_fastrtps_cpp
[0.851s] [ 56%] Built target vesc_msgs__rosidl_typesupport_fastrtps_c
[0.851s] [ 67%] Built target vesc_msgs__rosidl_typesupport_introspection_c
[0.851s] [ 78%] Built target vesc_msgs__rosidl_typesupport_c
[0.851s] [ 78%] Built target vesc_msgs
[0.852s] [ 80%] Built target vesc_msgs__py
[0.852s] [ 89%] Built target vesc_msgs__rosidl_generator_py
[0.852s] [ 92%] Built target vesc_msgs__rosidl_typesupport_fastrtps_c__pyext
[0.852s] [ 96%] Built target vesc_msgs__rosidl_typesupport_introspection_c__pyext
[0.852s] [100%] Built target vesc_msgs__rosidl_typesupport_c__pyext
[1.053s] running egg_info
[1.055s] writing vesc_msgs.egg-info/PKG-INFO
[1.056s] writing dependency_links to vesc_msgs.egg-info/dependency_links.txt
[1.056s] writing top-level names to vesc_msgs.egg-info/top_level.txt
[1.062s] reading manifest file 'vesc_msgs.egg-info/SOURCES.txt'
[1.063s] writing manifest file 'vesc_msgs.egg-info/SOURCES.txt'
[1.148s] [100%] Built target ament_cmake_python_build_vesc_msgs_egg
[1.517s] Invoked command in '/home/f1tenth/f1tenth_ws/build/vesc_msgs' returned '0': CMAKE_PREFIX_PATH=/home/f1tenth/f1tenth_ws/install/wiimote:/home/f1tenth/f1tenth_ws/install/wiimote_msgs:/home/f1tenth/f1tenth_ws/install/vesc:/home/f1tenth/f1tenth_ws/install/vesc_driver:/home/f1tenth/f1tenth_ws/install/vesc_ackermann:/home/f1tenth/f1tenth_ws/install/vesc_msgs:/home/f1tenth/f1tenth_ws/install/teleop_tools:/home/f1tenth/f1tenth_ws/install/teleop_tools_msgs:/home/f1tenth/f1tenth_ws/install/spacenav:/home/f1tenth/f1tenth_ws/install/f1tenth_stack:/home/f1tenth/f1tenth_ws/install/control_policy:/home/f1tenth/f1tenth_ws/install/joy_teleop:/home/f1tenth/f1tenth_ws/install/mouse_teleop:/home/f1tenth/f1tenth_ws/install/key_teleop:/home/f1tenth/f1tenth_ws/install/joystick_ros2:/opt/ros/humble:/home/f1tenth/f1tenth_ws/install/joy:/home/f1tenth/f1tenth_ws/install/sdl2_vendor:/home/f1tenth/f1tenth_ws/install/joy_linux:/home/f1tenth/f1tenth_ws/install/ackermann_mux /usr/bin/cmake --build /home/f1tenth/f1tenth_ws/build/vesc_msgs -- -j6 -l6
[1.885s] Invoking command in '/home/f1tenth/f1tenth_ws/build/vesc_msgs': CMAKE_PREFIX_PATH=/home/f1tenth/f1tenth_ws/install/wiimote:/home/f1tenth/f1tenth_ws/install/wiimote_msgs:/home/f1tenth/f1tenth_ws/install/vesc:/home/f1tenth/f1tenth_ws/install/vesc_driver:/home/f1tenth/f1tenth_ws/install/vesc_ackermann:/home/f1tenth/f1tenth_ws/install/vesc_msgs:/home/f1tenth/f1tenth_ws/install/teleop_tools:/home/f1tenth/f1tenth_ws/install/teleop_tools_msgs:/home/f1tenth/f1tenth_ws/install/spacenav:/home/f1tenth/f1tenth_ws/install/f1tenth_stack:/home/f1tenth/f1tenth_ws/install/control_policy:/home/f1tenth/f1tenth_ws/install/joy_teleop:/home/f1tenth/f1tenth_ws/install/mouse_teleop:/home/f1tenth/f1tenth_ws/install/key_teleop:/home/f1tenth/f1tenth_ws/install/joystick_ros2:/opt/ros/humble:/home/f1tenth/f1tenth_ws/install/joy:/home/f1tenth/f1tenth_ws/install/sdl2_vendor:/home/f1tenth/f1tenth_ws/install/joy_linux:/home/f1tenth/f1tenth_ws/install/ackermann_mux /usr/bin/cmake --install /home/f1tenth/f1tenth_ws/build/vesc_msgs
[1.902s] -- Install configuration: ""
[1.903s] -- Up-to-date: /home/f1tenth/f1tenth_ws/install/vesc_msgs/share/ament_index/resource_index/rosidl_interfaces/vesc_msgs
[1.903s] -- Up-to-date: /home/f1tenth/f1tenth_ws/install/vesc_msgs/include/vesc_msgs/vesc_msgs
[1.904s] -- Up-to-date: /home/f1tenth/f1tenth_ws/install/vesc_msgs/include/vesc_msgs/vesc_msgs/msg
[1.905s] -- Up-to-date: /home/f1tenth/f1tenth_ws/install/vesc_msgs/include/vesc_msgs/vesc_msgs/msg/vesc_imu_stamped.h
[1.905s] -- Up-to-date: /home/f1tenth/f1tenth_ws/install/vesc_msgs/include/vesc_msgs/vesc_msgs/msg/vesc_state_stamped.h
[1.906s] -- Up-to-date: /home/f1tenth/f1tenth_ws/install/vesc_msgs/include/vesc_msgs/vesc_msgs/msg/rosidl_generator_c__visibility_control.h
[1.906s] -- Up-to-date: /home/f1tenth/f1tenth_ws/install/vesc_msgs/include/vesc_msgs/vesc_msgs/msg/vesc_state.h
[1.906s] -- Up-to-date: /home/f1tenth/f1tenth_ws/install/vesc_msgs/include/vesc_msgs/vesc_msgs/msg/detail
[1.906s] -- Up-to-date: /home/f1tenth/f1tenth_ws/install/vesc_msgs/include/vesc_msgs/vesc_msgs/msg/detail/vesc_state_stamped__functions.h
[1.906s] -- Up-to-date: /home/f1tenth/f1tenth_ws/install/vesc_msgs/include/vesc_msgs/vesc_msgs/msg/detail/vesc_state_stamped__functions.c
[1.907s] -- Up-to-date: /home/f1tenth/f1tenth_ws/install/vesc_msgs/include/vesc_msgs/vesc_msgs/msg/detail/vesc_imu_stamped__struct.h
[1.907s] -- Up-to-date: /home/f1tenth/f1tenth_ws/install/vesc_msgs/include/vesc_msgs/vesc_msgs/msg/detail/vesc_state__functions.h
[1.907s] -- Up-to-date: /home/f1tenth/f1tenth_ws/install/vesc_msgs/include/vesc_msgs/vesc_msgs/msg/detail/vesc_imu__type_support.h
[1.907s] -- Up-to-date: /home/f1tenth/f1tenth_ws/install/vesc_msgs/include/vesc_msgs/vesc_msgs/msg/detail/vesc_imu_stamped__functions.h
[1.907s] -- Up-to-date: /home/f1tenth/f1tenth_ws/install/vesc_msgs/include/vesc_msgs/vesc_msgs/msg/detail/vesc_imu__functions.h
[1.907s] -- Up-to-date: /home/f1tenth/f1tenth_ws/install/vesc_msgs/include/vesc_msgs/vesc_msgs/msg/detail/vesc_state_stamped__struct.h
[1.907s] -- Up-to-date: /home/f1tenth/f1tenth_ws/install/vesc_msgs/include/vesc_msgs/vesc_msgs/msg/detail/vesc_state_stamped__type_support.h
[1.908s] -- Up-to-date: /home/f1tenth/f1tenth_ws/install/vesc_msgs/include/vesc_msgs/vesc_msgs/msg/detail/vesc_imu_stamped__functions.c
[1.908s] -- Up-to-date: /home/f1tenth/f1tenth_ws/install/vesc_msgs/include/vesc_msgs/vesc_msgs/msg/detail/vesc_imu_stamped__type_support.h
[1.908s] -- Up-to-date: /home/f1tenth/f1tenth_ws/install/vesc_msgs/include/vesc_msgs/vesc_msgs/msg/detail/vesc_imu__struct.h
[1.908s] -- Up-to-date: /home/f1tenth/f1tenth_ws/install/vesc_msgs/include/vesc_msgs/vesc_msgs/msg/detail/vesc_state__functions.c
[1.908s] -- Up-to-date: /home/f1tenth/f1tenth_ws/install/vesc_msgs/include/vesc_msgs/vesc_msgs/msg/detail/vesc_state__type_support.h
[1.908s] -- Up-to-date: /home/f1tenth/f1tenth_ws/install/vesc_msgs/include/vesc_msgs/vesc_msgs/msg/detail/vesc_state__struct.h
[1.908s] -- Up-to-date: /home/f1tenth/f1tenth_ws/install/vesc_msgs/include/vesc_msgs/vesc_msgs/msg/detail/vesc_imu__functions.c
[1.908s] -- Up-to-date: /home/f1tenth/f1tenth_ws/install/vesc_msgs/include/vesc_msgs/vesc_msgs/msg/vesc_imu.h
[1.909s] -- Up-to-date: /home/f1tenth/f1tenth_ws/install/vesc_msgs/share/vesc_msgs/environment/library_path.sh
[1.909s] -- Up-to-date: /home/f1tenth/f1tenth_ws/install/vesc_msgs/share/vesc_msgs/environment/library_path.dsv
[1.909s] -- Up-to-date: /home/f1tenth/f1tenth_ws/install/vesc_msgs/lib/libvesc_msgs__rosidl_generator_c.so
[1.910s] -- Up-to-date: /home/f1tenth/f1tenth_ws/install/vesc_msgs/include/vesc_msgs/vesc_msgs
[1.910s] -- Up-to-date: /home/f1tenth/f1tenth_ws/install/vesc_msgs/include/vesc_msgs/vesc_msgs/msg
[1.910s] -- Up-to-date: /home/f1tenth/f1tenth_ws/install/vesc_msgs/include/vesc_msgs/vesc_msgs/msg/rosidl_typesupport_fastrtps_c__visibility_control.h
[1.910s] -- Up-to-date: /home/f1tenth/f1tenth_ws/install/vesc_msgs/include/vesc_msgs/vesc_msgs/msg/detail
[1.910s] -- Up-to-date: /home/f1tenth/f1tenth_ws/install/vesc_msgs/include/vesc_msgs/vesc_msgs/msg/detail/vesc_state_stamped__rosidl_typesupport_fastrtps_c.h
[1.910s] -- Up-to-date: /home/f1tenth/f1tenth_ws/install/vesc_msgs/include/vesc_msgs/vesc_msgs/msg/detail/vesc_imu__rosidl_typesupport_fastrtps_c.h
[1.910s] -- Up-to-date: /home/f1tenth/f1tenth_ws/install/vesc_msgs/include/vesc_msgs/vesc_msgs/msg/detail/vesc_imu_stamped__rosidl_typesupport_fastrtps_c.h
[1.911s] -- Up-to-date: /home/f1tenth/f1tenth_ws/install/vesc_msgs/include/vesc_msgs/vesc_msgs/msg/detail/vesc_state__rosidl_typesupport_fastrtps_c.h
[1.911s] -- Up-to-date: /home/f1tenth/f1tenth_ws/install/vesc_msgs/lib/libvesc_msgs__rosidl_typesupport_fastrtps_c.so
[1.911s] -- Up-to-date: /home/f1tenth/f1tenth_ws/install/vesc_msgs/include/vesc_msgs/vesc_msgs
[1.911s] -- Up-to-date: /home/f1tenth/f1tenth_ws/install/vesc_msgs/include/vesc_msgs/vesc_msgs/msg
[1.911s] -- Up-to-date: /home/f1tenth/f1tenth_ws/install/vesc_msgs/include/vesc_msgs/vesc_msgs/msg/rosidl_typesupport_introspection_c__visibility_control.h
[1.911s] -- Up-to-date: /home/f1tenth/f1tenth_ws/install/vesc_msgs/include/vesc_msgs/vesc_msgs/msg/detail
[1.911s] -- Up-to-date: /home/f1tenth/f1tenth_ws/install/vesc_msgs/include/vesc_msgs/vesc_msgs/msg/detail/vesc_imu__rosidl_typesupport_introspection_c.h
[1.911s] -- Up-to-date: /home/f1tenth/f1tenth_ws/install/vesc_msgs/include/vesc_msgs/vesc_msgs/msg/detail/vesc_state__rosidl_typesupport_introspection_c.h
[1.912s] -- Up-to-date: /home/f1tenth/f1tenth_ws/install/vesc_msgs/include/vesc_msgs/vesc_msgs/msg/detail/vesc_state__type_support.c
[1.912s] -- Up-to-date: /home/f1tenth/f1tenth_ws/install/vesc_msgs/include/vesc_msgs/vesc_msgs/msg/detail/vesc_imu__type_support.c
[1.912s] -- Up-to-date: /home/f1tenth/f1tenth_ws/install/vesc_msgs/include/vesc_msgs/vesc_msgs/msg/detail/vesc_state_stamped__rosidl_typesupport_introspection_c.h
[1.912s] -- Up-to-date: /home/f1tenth/f1tenth_ws/install/vesc_msgs/include/vesc_msgs/vesc_msgs/msg/detail/vesc_state_stamped__type_support.c
[1.912s] -- Up-to-date: /home/f1tenth/f1tenth_ws/install/vesc_msgs/include/vesc_msgs/vesc_msgs/msg/detail/vesc_imu_stamped__rosidl_typesupport_introspection_c.h
[1.913s] -- Up-to-date: /home/f1tenth/f1tenth_ws/install/vesc_msgs/include/vesc_msgs/vesc_msgs/msg/detail/vesc_imu_stamped__type_support.c
[1.913s] -- Up-to-date: /home/f1tenth/f1tenth_ws/install/vesc_msgs/lib/libvesc_msgs__rosidl_typesupport_introspection_c.so
[1.916s] -- Up-to-date: /home/f1tenth/f1tenth_ws/install/vesc_msgs/lib/libvesc_msgs__rosidl_typesupport_c.so
[1.916s] -- Up-to-date: /home/f1tenth/f1tenth_ws/install/vesc_msgs/include/vesc_msgs/vesc_msgs
[1.916s] -- Up-to-date: /home/f1tenth/f1tenth_ws/install/vesc_msgs/include/vesc_msgs/vesc_msgs/msg
[1.917s] -- Up-to-date: /home/f1tenth/f1tenth_ws/install/vesc_msgs/include/vesc_msgs/vesc_msgs/msg/vesc_imu.hpp
[1.917s] -- Up-to-date: /home/f1tenth/f1tenth_ws/install/vesc_msgs/include/vesc_msgs/vesc_msgs/msg/vesc_imu_stamped.hpp
[1.918s] -- Up-to-date: /home/f1tenth/f1tenth_ws/install/vesc_msgs/include/vesc_msgs/vesc_msgs/msg/vesc_state.hpp
[1.918s] -- Up-to-date: /home/f1tenth/f1tenth_ws/install/vesc_msgs/include/vesc_msgs/vesc_msgs/msg/vesc_state_stamped.hpp
[1.918s] -- Up-to-date: /home/f1tenth/f1tenth_ws/install/vesc_msgs/include/vesc_msgs/vesc_msgs/msg/detail
[1.918s] -- Up-to-date: /home/f1tenth/f1tenth_ws/install/vesc_msgs/include/vesc_msgs/vesc_msgs/msg/detail/vesc_state_stamped__builder.hpp
[1.918s] -- Up-to-date: /home/f1tenth/f1tenth_ws/install/vesc_msgs/include/vesc_msgs/vesc_msgs/msg/detail/vesc_state__traits.hpp
[1.918s] -- Up-to-date: /home/f1tenth/f1tenth_ws/install/vesc_msgs/include/vesc_msgs/vesc_msgs/msg/detail/vesc_state_stamped__struct.hpp
[1.919s] -- Up-to-date: /home/f1tenth/f1tenth_ws/install/vesc_msgs/include/vesc_msgs/vesc_msgs/msg/detail/vesc_imu_stamped__traits.hpp
[1.919s] -- Up-to-date: /home/f1tenth/f1tenth_ws/install/vesc_msgs/include/vesc_msgs/vesc_msgs/msg/detail/vesc_state__builder.hpp
[1.919s] -- Up-to-date: /home/f1tenth/f1tenth_ws/install/vesc_msgs/include/vesc_msgs/vesc_msgs/msg/detail/vesc_imu__struct.hpp
[1.920s] -- Up-to-date: /home/f1tenth/f1tenth_ws/install/vesc_msgs/include/vesc_msgs/vesc_msgs/msg/detail/vesc_imu__traits.hpp
[1.920s] -- Up-to-date: /home/f1tenth/f1tenth_ws/install/vesc_msgs/include/vesc_msgs/vesc_msgs/msg/detail/vesc_imu_stamped__builder.hpp
[1.920s] -- Up-to-date: /home/f1tenth/f1tenth_ws/install/vesc_msgs/include/vesc_msgs/vesc_msgs/msg/detail/vesc_state__struct.hpp
[1.920s] -- Up-to-date: /home/f1tenth/f1tenth_ws/install/vesc_msgs/include/vesc_msgs/vesc_msgs/msg/detail/vesc_imu__builder.hpp
[1.920s] -- Up-to-date: /home/f1tenth/f1tenth_ws/install/vesc_msgs/include/vesc_msgs/vesc_msgs/msg/detail/vesc_imu_stamped__struct.hpp
[1.920s] -- Up-to-date: /home/f1tenth/f1tenth_ws/install/vesc_msgs/include/vesc_msgs/vesc_msgs/msg/detail/vesc_state_stamped__traits.hpp
[1.920s] -- Up-to-date: /home/f1tenth/f1tenth_ws/install/vesc_msgs/include/vesc_msgs/vesc_msgs
[1.921s] -- Up-to-date: /home/f1tenth/f1tenth_ws/install/vesc_msgs/include/vesc_msgs/vesc_msgs/msg
[1.921s] -- Up-to-date: /home/f1tenth/f1tenth_ws/install/vesc_msgs/include/vesc_msgs/vesc_msgs/msg/rosidl_typesupport_fastrtps_cpp__visibility_control.h
[1.921s] -- Up-to-date: /home/f1tenth/f1tenth_ws/install/vesc_msgs/include/vesc_msgs/vesc_msgs/msg/detail
[1.921s] -- Up-to-date: /home/f1tenth/f1tenth_ws/install/vesc_msgs/include/vesc_msgs/vesc_msgs/msg/detail/vesc_imu__rosidl_typesupport_fastrtps_cpp.hpp
[1.921s] -- Up-to-date: /home/f1tenth/f1tenth_ws/install/vesc_msgs/include/vesc_msgs/vesc_msgs/msg/detail/vesc_imu_stamped__rosidl_typesupport_fastrtps_cpp.hpp
[1.922s] -- Up-to-date: /home/f1tenth/f1tenth_ws/install/vesc_msgs/include/vesc_msgs/vesc_msgs/msg/detail/vesc_state__rosidl_typesupport_fastrtps_cpp.hpp
[1.922s] -- Up-to-date: /home/f1tenth/f1tenth_ws/install/vesc_msgs/include/vesc_msgs/vesc_msgs/msg/detail/vesc_state_stamped__rosidl_typesupport_fastrtps_cpp.hpp
[1.922s] -- Up-to-date: /home/f1tenth/f1tenth_ws/install/vesc_msgs/include/vesc_msgs/vesc_msgs/msg/detail/dds_fastrtps
[1.922s] -- Up-to-date: /home/f1tenth/f1tenth_ws/install/vesc_msgs/lib/libvesc_msgs__rosidl_typesupport_fastrtps_cpp.so
[1.922s] -- Up-to-date: /home/f1tenth/f1tenth_ws/install/vesc_msgs/include/vesc_msgs/vesc_msgs
[1.922s] -- Up-to-date: /home/f1tenth/f1tenth_ws/install/vesc_msgs/include/vesc_msgs/vesc_msgs/msg
[1.922s] -- Up-to-date: /home/f1tenth/f1tenth_ws/install/vesc_msgs/include/vesc_msgs/vesc_msgs/msg/detail
[1.923s] -- Up-to-date: /home/f1tenth/f1tenth_ws/install/vesc_msgs/include/vesc_msgs/vesc_msgs/msg/detail/vesc_imu__rosidl_typesupport_introspection_cpp.hpp
[1.923s] -- Up-to-date: /home/f1tenth/f1tenth_ws/install/vesc_msgs/include/vesc_msgs/vesc_msgs/msg/detail/vesc_imu__type_support.cpp
[1.923s] -- Up-to-date: /home/f1tenth/f1tenth_ws/install/vesc_msgs/include/vesc_msgs/vesc_msgs/msg/detail/vesc_state__rosidl_typesupport_introspection_cpp.hpp
[1.923s] -- Up-to-date: /home/f1tenth/f1tenth_ws/install/vesc_msgs/include/vesc_msgs/vesc_msgs/msg/detail/vesc_state_stamped__rosidl_typesupport_introspection_cpp.hpp
[1.923s] -- Up-to-date: /home/f1tenth/f1tenth_ws/install/vesc_msgs/include/vesc_msgs/vesc_msgs/msg/detail/vesc_state__type_support.cpp
[1.923s] -- Up-to-date: /home/f1tenth/f1tenth_ws/install/vesc_msgs/include/vesc_msgs/vesc_msgs/msg/detail/vesc_imu_stamped__type_support.cpp
[1.923s] -- Up-to-date: /home/f1tenth/f1tenth_ws/install/vesc_msgs/include/vesc_msgs/vesc_msgs/msg/detail/vesc_state_stamped__type_support.cpp
[1.924s] -- Up-to-date: /home/f1tenth/f1tenth_ws/install/vesc_msgs/include/vesc_msgs/vesc_msgs/msg/detail/vesc_imu_stamped__rosidl_typesupport_introspection_cpp.hpp
[1.924s] -- Up-to-date: /home/f1tenth/f1tenth_ws/install/vesc_msgs/lib/libvesc_msgs__rosidl_typesupport_introspection_cpp.so
[1.924s] -- Up-to-date: /home/f1tenth/f1tenth_ws/install/vesc_msgs/lib/libvesc_msgs__rosidl_typesupport_cpp.so
[1.925s] -- Up-to-date: /home/f1tenth/f1tenth_ws/install/vesc_msgs/share/vesc_msgs/environment/pythonpath.sh
[1.925s] -- Up-to-date: /home/f1tenth/f1tenth_ws/install/vesc_msgs/share/vesc_msgs/environment/pythonpath.dsv
[1.926s] -- Up-to-date: /home/f1tenth/f1tenth_ws/install/vesc_msgs/local/lib/python3.10/dist-packages/vesc_msgs-1.1.0-py3.10.egg-info
[1.926s] -- Installing: /home/f1tenth/f1tenth_ws/install/vesc_msgs/local/lib/python3.10/dist-packages/vesc_msgs-1.1.0-py3.10.egg-info/SOURCES.txt
[1.926s] -- Installing: /home/f1tenth/f1tenth_ws/install/vesc_msgs/local/lib/python3.10/dist-packages/vesc_msgs-1.1.0-py3.10.egg-info/top_level.txt
[1.926s] -- Installing: /home/f1tenth/f1tenth_ws/install/vesc_msgs/local/lib/python3.10/dist-packages/vesc_msgs-1.1.0-py3.10.egg-info/dependency_links.txt
[1.926s] -- Installing: /home/f1tenth/f1tenth_ws/install/vesc_msgs/local/lib/python3.10/dist-packages/vesc_msgs-1.1.0-py3.10.egg-info/PKG-INFO
[1.927s] -- Up-to-date: /home/f1tenth/f1tenth_ws/install/vesc_msgs/local/lib/python3.10/dist-packages/vesc_msgs
[1.927s] -- Up-to-date: /home/f1tenth/f1tenth_ws/install/vesc_msgs/local/lib/python3.10/dist-packages/vesc_msgs/_vesc_msgs_s.ep.rosidl_typesupport_c.c
[1.927s] -- Up-to-date: /home/f1tenth/f1tenth_ws/install/vesc_msgs/local/lib/python3.10/dist-packages/vesc_msgs/vesc_msgs_s__rosidl_typesupport_introspection_c.cpython-310-aarch64-linux-gnu.so
[1.927s] -- Up-to-date: /home/f1tenth/f1tenth_ws/install/vesc_msgs/local/lib/python3.10/dist-packages/vesc_msgs/_vesc_msgs_s.ep.rosidl_typesupport_introspection_c.c
[1.927s] -- Up-to-date: /home/f1tenth/f1tenth_ws/install/vesc_msgs/local/lib/python3.10/dist-packages/vesc_msgs/libvesc_msgs__rosidl_generator_py.so
[1.927s] -- Up-to-date: /home/f1tenth/f1tenth_ws/install/vesc_msgs/local/lib/python3.10/dist-packages/vesc_msgs/_vesc_msgs_s.ep.rosidl_typesupport_fastrtps_c.c
[1.927s] -- Up-to-date: /home/f1tenth/f1tenth_ws/install/vesc_msgs/local/lib/python3.10/dist-packages/vesc_msgs/vesc_msgs_s__rosidl_typesupport_c.cpython-310-aarch64-linux-gnu.so
[1.928s] -- Up-to-date: /home/f1tenth/f1tenth_ws/install/vesc_msgs/local/lib/python3.10/dist-packages/vesc_msgs/__init__.py
[1.928s] -- Up-to-date: /home/f1tenth/f1tenth_ws/install/vesc_msgs/local/lib/python3.10/dist-packages/vesc_msgs/msg
[1.928s] -- Up-to-date: /home/f1tenth/f1tenth_ws/install/vesc_msgs/local/lib/python3.10/dist-packages/vesc_msgs/msg/_vesc_imu_s.c
[1.928s] -- Up-to-date: /home/f1tenth/f1tenth_ws/install/vesc_msgs/local/lib/python3.10/dist-packages/vesc_msgs/msg/_vesc_state_s.c
[1.928s] -- Up-to-date: /home/f1tenth/f1tenth_ws/install/vesc_msgs/local/lib/python3.10/dist-packages/vesc_msgs/msg/_vesc_state_stamped_s.c
[1.928s] -- Up-to-date: /home/f1tenth/f1tenth_ws/install/vesc_msgs/local/lib/python3.10/dist-packages/vesc_msgs/msg/_vesc_imu_stamped_s.c
[1.928s] -- Up-to-date: /home/f1tenth/f1tenth_ws/install/vesc_msgs/local/lib/python3.10/dist-packages/vesc_msgs/msg/_vesc_imu.py
[1.929s] -- Up-to-date: /home/f1tenth/f1tenth_ws/install/vesc_msgs/local/lib/python3.10/dist-packages/vesc_msgs/msg/__init__.py
[1.931s] -- Up-to-date: /home/f1tenth/f1tenth_ws/install/vesc_msgs/local/lib/python3.10/dist-packages/vesc_msgs/msg/_vesc_state_stamped.py
[1.931s] -- Up-to-date: /home/f1tenth/f1tenth_ws/install/vesc_msgs/local/lib/python3.10/dist-packages/vesc_msgs/msg/_vesc_state.py
[1.931s] -- Up-to-date: /home/f1tenth/f1tenth_ws/install/vesc_msgs/local/lib/python3.10/dist-packages/vesc_msgs/msg/_vesc_imu_stamped.py
[1.931s] -- Up-to-date: /home/f1tenth/f1tenth_ws/install/vesc_msgs/local/lib/python3.10/dist-packages/vesc_msgs/vesc_msgs_s__rosidl_typesupport_fastrtps_c.cpython-310-aarch64-linux-gnu.so
[2.007s] Listing '/home/f1tenth/f1tenth_ws/install/vesc_msgs/local/lib/python3.10/dist-packages/vesc_msgs'...
[2.007s] Listing '/home/f1tenth/f1tenth_ws/install/vesc_msgs/local/lib/python3.10/dist-packages/vesc_msgs/msg'...
[2.019s] -- Up-to-date: /home/f1tenth/f1tenth_ws/install/vesc_msgs/local/lib/python3.10/dist-packages/vesc_msgs/vesc_msgs_s__rosidl_typesupport_fastrtps_c.cpython-310-aarch64-linux-gnu.so
[2.020s] -- Up-to-date: /home/f1tenth/f1tenth_ws/install/vesc_msgs/local/lib/python3.10/dist-packages/vesc_msgs/vesc_msgs_s__rosidl_typesupport_introspection_c.cpython-310-aarch64-linux-gnu.so
[2.022s] -- Up-to-date: /home/f1tenth/f1tenth_ws/install/vesc_msgs/local/lib/python3.10/dist-packages/vesc_msgs/vesc_msgs_s__rosidl_typesupport_c.cpython-310-aarch64-linux-gnu.so
[2.023s] -- Up-to-date: /home/f1tenth/f1tenth_ws/install/vesc_msgs/lib/libvesc_msgs__rosidl_generator_py.so
[2.024s] -- Up-to-date: /home/f1tenth/f1tenth_ws/install/vesc_msgs/share/vesc_msgs/msg/VescState.idl
[2.025s] -- Up-to-date: /home/f1tenth/f1tenth_ws/install/vesc_msgs/share/vesc_msgs/msg/VescStateStamped.idl
[2.025s] -- Up-to-date: /home/f1tenth/f1tenth_ws/install/vesc_msgs/share/vesc_msgs/msg/VescImu.idl
[2.026s] -- Up-to-date: /home/f1tenth/f1tenth_ws/install/vesc_msgs/share/vesc_msgs/msg/VescImuStamped.idl
[2.026s] -- Up-to-date: /home/f1tenth/f1tenth_ws/install/vesc_msgs/share/vesc_msgs/msg/VescState.msg
[2.027s] -- Up-to-date: /home/f1tenth/f1tenth_ws/install/vesc_msgs/share/vesc_msgs/msg/VescStateStamped.msg
[2.027s] -- Up-to-date: /home/f1tenth/f1tenth_ws/install/vesc_msgs/share/vesc_msgs/msg/VescImu.msg
[2.028s] -- Up-to-date: /home/f1tenth/f1tenth_ws/install/vesc_msgs/share/vesc_msgs/msg/VescImuStamped.msg
[2.028s] -- Up-to-date: /home/f1tenth/f1tenth_ws/install/vesc_msgs/share/ament_index/resource_index/package_run_dependencies/vesc_msgs
[2.028s] -- Up-to-date: /home/f1tenth/f1tenth_ws/install/vesc_msgs/share/ament_index/resource_index/parent_prefix_path/vesc_msgs
[2.029s] -- Up-to-date: /home/f1tenth/f1tenth_ws/install/vesc_msgs/share/vesc_msgs/environment/ament_prefix_path.sh
[2.030s] -- Up-to-date: /home/f1tenth/f1tenth_ws/install/vesc_msgs/share/vesc_msgs/environment/ament_prefix_path.dsv
[2.030s] -- Up-to-date: /home/f1tenth/f1tenth_ws/install/vesc_msgs/share/vesc_msgs/environment/path.sh
[2.034s] -- Up-to-date: /home/f1tenth/f1tenth_ws/install/vesc_msgs/share/vesc_msgs/environment/path.dsv
[2.035s] -- Up-to-date: /home/f1tenth/f1tenth_ws/install/vesc_msgs/share/vesc_msgs/local_setup.bash
[2.036s] -- Up-to-date: /home/f1tenth/f1tenth_ws/install/vesc_msgs/share/vesc_msgs/local_setup.sh
[2.039s] -- Up-to-date: /home/f1tenth/f1tenth_ws/install/vesc_msgs/share/vesc_msgs/local_setup.zsh
[2.039s] -- Up-to-date: /home/f1tenth/f1tenth_ws/install/vesc_msgs/share/vesc_msgs/local_setup.dsv
[2.040s] -- Installing: /home/f1tenth/f1tenth_ws/install/vesc_msgs/share/vesc_msgs/package.dsv
[2.041s] -- Up-to-date: /home/f1tenth/f1tenth_ws/install/vesc_msgs/share/ament_index/resource_index/packages/vesc_msgs
[2.048s] -- Up-to-date: /home/f1tenth/f1tenth_ws/install/vesc_msgs/share/vesc_msgs/cmake/export_vesc_msgs__rosidl_generator_cExport.cmake
[2.048s] -- Up-to-date: /home/f1tenth/f1tenth_ws/install/vesc_msgs/share/vesc_msgs/cmake/export_vesc_msgs__rosidl_generator_cExport-noconfig.cmake
[2.048s] -- Up-to-date: /home/f1tenth/f1tenth_ws/install/vesc_msgs/share/vesc_msgs/cmake/export_vesc_msgs__rosidl_typesupport_fastrtps_cExport.cmake
[2.048s] -- Up-to-date: /home/f1tenth/f1tenth_ws/install/vesc_msgs/share/vesc_msgs/cmake/export_vesc_msgs__rosidl_typesupport_fastrtps_cExport-noconfig.cmake
[2.048s] -- Up-to-date: /home/f1tenth/f1tenth_ws/install/vesc_msgs/share/vesc_msgs/cmake/vesc_msgs__rosidl_typesupport_introspection_cExport.cmake
[2.048s] -- Up-to-date: /home/f1tenth/f1tenth_ws/install/vesc_msgs/share/vesc_msgs/cmake/vesc_msgs__rosidl_typesupport_introspection_cExport-noconfig.cmake
[2.049s] -- Up-to-date: /home/f1tenth/f1tenth_ws/install/vesc_msgs/share/vesc_msgs/cmake/vesc_msgs__rosidl_typesupport_cExport.cmake
[2.049s] -- Up-to-date: /home/f1tenth/f1tenth_ws/install/vesc_msgs/share/vesc_msgs/cmake/vesc_msgs__rosidl_typesupport_cExport-noconfig.cmake
[2.049s] -- Up-to-date: /home/f1tenth/f1tenth_ws/install/vesc_msgs/share/vesc_msgs/cmake/export_vesc_msgs__rosidl_generator_cppExport.cmake
[2.049s] -- Up-to-date: /home/f1tenth/f1tenth_ws/install/vesc_msgs/share/vesc_msgs/cmake/export_vesc_msgs__rosidl_typesupport_fastrtps_cppExport.cmake
[2.049s] -- Up-to-date: /home/f1tenth/f1tenth_ws/install/vesc_msgs/share/vesc_msgs/cmake/export_vesc_msgs__rosidl_typesupport_fastrtps_cppExport-noconfig.cmake
[2.049s] -- Up-to-date: /home/f1tenth/f1tenth_ws/install/vesc_msgs/share/vesc_msgs/cmake/vesc_msgs__rosidl_typesupport_introspection_cppExport.cmake
[2.049s] -- Up-to-date: /home/f1tenth/f1tenth_ws/install/vesc_msgs/share/vesc_msgs/cmake/vesc_msgs__rosidl_typesupport_introspection_cppExport-noconfig.cmake
[2.050s] -- Up-to-date: /home/f1tenth/f1tenth_ws/install/vesc_msgs/share/vesc_msgs/cmake/vesc_msgs__rosidl_typesupport_cppExport.cmake
[2.050s] -- Up-to-date: /home/f1tenth/f1tenth_ws/install/vesc_msgs/share/vesc_msgs/cmake/vesc_msgs__rosidl_typesupport_cppExport-noconfig.cmake
[2.050s] -- Up-to-date: /home/f1tenth/f1tenth_ws/install/vesc_msgs/share/vesc_msgs/cmake/export_vesc_msgs__rosidl_generator_pyExport.cmake
[2.050s] -- Up-to-date: /home/f1tenth/f1tenth_ws/install/vesc_msgs/share/vesc_msgs/cmake/export_vesc_msgs__rosidl_generator_pyExport-noconfig.cmake
[2.050s] -- Up-to-date: /home/f1tenth/f1tenth_ws/install/vesc_msgs/share/vesc_msgs/cmake/rosidl_cmake-extras.cmake
[2.050s] -- Up-to-date: /home/f1tenth/f1tenth_ws/install/vesc_msgs/share/vesc_msgs/cmake/ament_cmake_export_dependencies-extras.cmake
[2.050s] -- Up-to-date: /home/f1tenth/f1tenth_ws/install/vesc_msgs/share/vesc_msgs/cmake/ament_cmake_export_include_directories-extras.cmake
[2.051s] -- Up-to-date: /home/f1tenth/f1tenth_ws/install/vesc_msgs/share/vesc_msgs/cmake/ament_cmake_export_libraries-extras.cmake
[2.051s] -- Up-to-date: /home/f1tenth/f1tenth_ws/install/vesc_msgs/share/vesc_msgs/cmake/ament_cmake_export_targets-extras.cmake
[2.051s] -- Up-to-date: /home/f1tenth/f1tenth_ws/install/vesc_msgs/share/vesc_msgs/cmake/rosidl_cmake_export_typesupport_targets-extras.cmake
[2.051s] -- Up-to-date: /home/f1tenth/f1tenth_ws/install/vesc_msgs/share/vesc_msgs/cmake/rosidl_cmake_export_typesupport_libraries-extras.cmake
[2.051s] -- Up-to-date: /home/f1tenth/f1tenth_ws/install/vesc_msgs/share/vesc_msgs/cmake/vesc_msgsConfig.cmake
[2.051s] -- Up-to-date: /home/f1tenth/f1tenth_ws/install/vesc_msgs/share/vesc_msgs/cmake/vesc_msgsConfig-version.cmake
[2.053s] -- Up-to-date: /home/f1tenth/f1tenth_ws/install/vesc_msgs/share/vesc_msgs/package.xml
[2.085s] Invoked command in '/home/f1tenth/f1tenth_ws/build/vesc_msgs' returned '0': CMAKE_PREFIX_PATH=/home/f1tenth/f1tenth_ws/install/wiimote:/home/f1tenth/f1tenth_ws/install/wiimote_msgs:/home/f1tenth/f1tenth_ws/install/vesc:/home/f1tenth/f1tenth_ws/install/vesc_driver:/home/f1tenth/f1tenth_ws/install/vesc_ackermann:/home/f1tenth/f1tenth_ws/install/vesc_msgs:/home/f1tenth/f1tenth_ws/install/teleop_tools:/home/f1tenth/f1tenth_ws/install/teleop_tools_msgs:/home/f1tenth/f1tenth_ws/install/spacenav:/home/f1tenth/f1tenth_ws/install/f1tenth_stack:/home/f1tenth/f1tenth_ws/install/control_policy:/home/f1tenth/f1tenth_ws/install/joy_teleop:/home/f1tenth/f1tenth_ws/install/mouse_teleop:/home/f1tenth/f1tenth_ws/install/key_teleop:/home/f1tenth/f1tenth_ws/install/joystick_ros2:/opt/ros/humble:/home/f1tenth/f1tenth_ws/install/joy:/home/f1tenth/f1tenth_ws/install/sdl2_vendor:/home/f1tenth/f1tenth_ws/install/joy_linux:/home/f1tenth/f1tenth_ws/install/ackermann_mux /usr/bin/cmake --install /home/f1tenth/f1tenth_ws/build/vesc_msgs
