[0.024s] Invoking command in '/home/f1tenth/f1tenth_ws/build/vesc_ackermann': AMENT_PREFIX_PATH=/home/f1tenth/f1tenth_ws/install/vesc_msgs CMAKE_PREFIX_PATH=/home/f1tenth/f1tenth_ws/install/vesc_msgs LD_LIBRARY_PATH=/home/f1tenth/f1tenth_ws/install/vesc_msgs/lib:/usr/local/cuda-12.2/lib64:/usr/local/cuda-12.2/lib64 PYTHONPATH=/home/f1tenth/f1tenth_ws/install/vesc_msgs/local/lib/python3.10/dist-packages /usr/bin/cmake --build /home/f1tenth/f1tenth_ws/build/vesc_ackermann -- -j6 -l6
[0.175s] [ 42%] Built target vesc_ackermann
[0.187s] [100%] Built target ackermann_to_vesc_node
[0.187s] [100%] Built target vesc_to_odom_node
[0.215s] Invoked command in '/home/f1tenth/f1tenth_ws/build/vesc_ackermann' returned '0': AMENT_PREFIX_PATH=/home/f1tenth/f1tenth_ws/install/vesc_msgs CMAKE_PREFIX_PATH=/home/f1tenth/f1tenth_ws/install/vesc_msgs LD_LIBRARY_PATH=/home/f1tenth/f1tenth_ws/install/vesc_msgs/lib:/usr/local/cuda-12.2/lib64:/usr/local/cuda-12.2/lib64 PYTHONPATH=/home/f1tenth/f1tenth_ws/install/vesc_msgs/local/lib/python3.10/dist-packages /usr/bin/cmake --build /home/f1tenth/f1tenth_ws/build/vesc_ackermann -- -j6 -l6
[0.274s] Invoking command in '/home/f1tenth/f1tenth_ws/build/vesc_ackermann': AMENT_PREFIX_PATH=/home/f1tenth/f1tenth_ws/install/vesc_msgs CMAKE_PREFIX_PATH=/home/f1tenth/f1tenth_ws/install/vesc_msgs LD_LIBRARY_PATH=/home/f1tenth/f1tenth_ws/install/vesc_msgs/lib:/usr/local/cuda-12.2/lib64:/usr/local/cuda-12.2/lib64 PYTHONPATH=/home/f1tenth/f1tenth_ws/install/vesc_msgs/local/lib/python3.10/dist-packages /usr/bin/cmake --install /home/f1tenth/f1tenth_ws/build/vesc_ackermann
[0.288s] -- Install configuration: ""
[0.289s] -- Up-to-date: /home/f1tenth/f1tenth_ws/install/vesc_ackermann/lib/vesc_ackermann/ackermann_to_vesc_node
[0.291s] -- Up-to-date: /home/f1tenth/f1tenth_ws/install/vesc_ackermann/lib/vesc_ackermann/vesc_to_odom_node
[0.292s] -- Up-to-date: /home/f1tenth/f1tenth_ws/install/vesc_ackermann/include
[0.293s] -- Up-to-date: /home/f1tenth/f1tenth_ws/install/vesc_ackermann/include/vesc_ackermann
[0.294s] -- Up-to-date: /home/f1tenth/f1tenth_ws/install/vesc_ackermann/include/vesc_ackermann/vesc_to_odom.hpp
[0.296s] -- Up-to-date: /home/f1tenth/f1tenth_ws/install/vesc_ackermann/include/vesc_ackermann/ackermann_to_vesc.hpp
[0.296s] -- Up-to-date: /home/f1tenth/f1tenth_ws/install/vesc_ackermann/share/vesc_ackermann/environment/library_path.sh
[0.296s] -- Up-to-date: /home/f1tenth/f1tenth_ws/install/vesc_ackermann/share/vesc_ackermann/environment/library_path.dsv
[0.299s] -- Up-to-date: /home/f1tenth/f1tenth_ws/install/vesc_ackermann/lib/libvesc_ackermann.so
[0.300s] -- Up-to-date: /home/f1tenth/f1tenth_ws/install/vesc_ackermann/share/vesc_ackermann/launch
[0.302s] -- Up-to-date: /home/f1tenth/f1tenth_ws/install/vesc_ackermann/share/vesc_ackermann/launch/vesc_to_odom_node.launch.xml
[0.302s] -- Up-to-date: /home/f1tenth/f1tenth_ws/install/vesc_ackermann/share/vesc_ackermann/launch/ackermann_to_vesc_node.launch.xml
[0.304s] -- Up-to-date: /home/f1tenth/f1tenth_ws/install/vesc_ackermann/share/ament_index/resource_index/package_run_dependencies/vesc_ackermann
[0.305s] -- Up-to-date: /home/f1tenth/f1tenth_ws/install/vesc_ackermann/share/ament_index/resource_index/parent_prefix_path/vesc_ackermann
[0.306s] -- Up-to-date: /home/f1tenth/f1tenth_ws/install/vesc_ackermann/share/vesc_ackermann/environment/ament_prefix_path.sh
[0.307s] -- Up-to-date: /home/f1tenth/f1tenth_ws/install/vesc_ackermann/share/vesc_ackermann/environment/ament_prefix_path.dsv
[0.308s] -- Up-to-date: /home/f1tenth/f1tenth_ws/install/vesc_ackermann/share/vesc_ackermann/environment/path.sh
[0.308s] -- Up-to-date: /home/f1tenth/f1tenth_ws/install/vesc_ackermann/share/vesc_ackermann/environment/path.dsv
[0.308s] -- Up-to-date: /home/f1tenth/f1tenth_ws/install/vesc_ackermann/share/vesc_ackermann/local_setup.bash
[0.308s] -- Up-to-date: /home/f1tenth/f1tenth_ws/install/vesc_ackermann/share/vesc_ackermann/local_setup.sh
[0.308s] -- Up-to-date: /home/f1tenth/f1tenth_ws/install/vesc_ackermann/share/vesc_ackermann/local_setup.zsh
[0.309s] -- Up-to-date: /home/f1tenth/f1tenth_ws/install/vesc_ackermann/share/vesc_ackermann/local_setup.dsv
[0.309s] -- Installing: /home/f1tenth/f1tenth_ws/install/vesc_ackermann/share/vesc_ackermann/package.dsv
[0.311s] -- Up-to-date: /home/f1tenth/f1tenth_ws/install/vesc_ackermann/share/ament_index/resource_index/packages/vesc_ackermann
[0.312s] -- Up-to-date: /home/f1tenth/f1tenth_ws/install/vesc_ackermann/share/ament_index/resource_index/rclcpp_components/vesc_ackermann
[0.312s] -- Up-to-date: /home/f1tenth/f1tenth_ws/install/vesc_ackermann/share/vesc_ackermann/cmake/ament_cmake_export_dependencies-extras.cmake
[0.312s] -- Up-to-date: /home/f1tenth/f1tenth_ws/install/vesc_ackermann/share/vesc_ackermann/cmake/ament_cmake_export_include_directories-extras.cmake
[0.312s] -- Up-to-date: /home/f1tenth/f1tenth_ws/install/vesc_ackermann/share/vesc_ackermann/cmake/ament_cmake_export_libraries-extras.cmake
[0.312s] -- Up-to-date: /home/f1tenth/f1tenth_ws/install/vesc_ackermann/share/vesc_ackermann/cmake/vesc_ackermannConfig.cmake
[0.312s] -- Up-to-date: /home/f1tenth/f1tenth_ws/install/vesc_ackermann/share/vesc_ackermann/cmake/vesc_ackermannConfig-version.cmake
[0.313s] -- Up-to-date: /home/f1tenth/f1tenth_ws/install/vesc_ackermann/share/vesc_ackermann/package.xml
[0.317s] Invoked command in '/home/f1tenth/f1tenth_ws/build/vesc_ackermann' returned '0': AMENT_PREFIX_PATH=/home/f1tenth/f1tenth_ws/install/vesc_msgs CMAKE_PREFIX_PATH=/home/f1tenth/f1tenth_ws/install/vesc_msgs LD_LIBRARY_PATH=/home/f1tenth/f1tenth_ws/install/vesc_msgs/lib:/usr/local/cuda-12.2/lib64:/usr/local/cuda-12.2/lib64 PYTHONPATH=/home/f1tenth/f1tenth_ws/install/vesc_msgs/local/lib/python3.10/dist-packages /usr/bin/cmake --install /home/f1tenth/f1tenth_ws/build/vesc_ackermann
