[1.383s] Invoking command in '/home/f1tenth/f1tenth_ws/src/f1tenth_system/teleop_tools/joy_teleop': AMENT_PREFIX_PATH=/home/f1tenth/f1tenth_ws/install/teleop_tools_msgs:${AMENT_PREFIX_PATH} CMAKE_PREFIX_PATH=/home/f1tenth/f1tenth_ws/install/teleop_tools_msgs LD_LIBRARY_PATH=/home/f1tenth/f1tenth_ws/install/teleop_tools_msgs/lib:/opt/ros/humble/opt/rviz_ogre_vendor/lib:/opt/ros/humble/lib/aarch64-linux-gnu:/opt/ros/humble/lib:/usr/local/cuda-12.2/lib64 PYTHONPATH=/home/f1tenth/f1tenth_ws/build/joy_teleop/prefix_override:/home/f1tenth/f1tenth_ws/install/joy_teleop/lib/python3.10/site-packages:/home/f1tenth/f1tenth_ws/install/teleop_tools_msgs/local/lib/python3.10/dist-packages:${PYTHONPATH} /usr/bin/python3 -W ignore:setup.py install is deprecated setup.py egg_info --egg-base ../../../../build/joy_teleop build --build-base /home/f1tenth/f1tenth_ws/build/joy_teleop/build install --record /home/f1tenth/f1tenth_ws/build/joy_teleop/install.log --install-scripts $base/lib/joy_teleop --single-version-externally-managed install_data
[1.908s] /usr/lib/python3/dist-packages/setuptools/dist.py:723: UserWarning: Usage of dash-separated 'script-dir' will not be supported in future versions. Please use the underscore name 'script_dir' instead
[1.908s]   warnings.warn(
[1.927s] running egg_info
[1.928s] creating ../../../../build/joy_teleop/joy_teleop.egg-info
[1.928s] writing ../../../../build/joy_teleop/joy_teleop.egg-info/PKG-INFO
[1.929s] writing dependency_links to ../../../../build/joy_teleop/joy_teleop.egg-info/dependency_links.txt
[1.929s] writing entry points to ../../../../build/joy_teleop/joy_teleop.egg-info/entry_points.txt
[1.930s] writing requirements to ../../../../build/joy_teleop/joy_teleop.egg-info/requires.txt
[1.930s] writing top-level names to ../../../../build/joy_teleop/joy_teleop.egg-info/top_level.txt
[1.931s] writing manifest file '../../../../build/joy_teleop/joy_teleop.egg-info/SOURCES.txt'
[1.935s] reading manifest file '../../../../build/joy_teleop/joy_teleop.egg-info/SOURCES.txt'
[1.937s] writing manifest file '../../../../build/joy_teleop/joy_teleop.egg-info/SOURCES.txt'
[1.937s] running build
[1.937s] running build_py
[1.937s] creating /home/f1tenth/f1tenth_ws/build/joy_teleop/build
[1.938s] creating /home/f1tenth/f1tenth_ws/build/joy_teleop/build/lib
[1.938s] creating /home/f1tenth/f1tenth_ws/build/joy_teleop/build/lib/joy_teleop
[1.938s] copying joy_teleop/joy_teleop.py -> /home/f1tenth/f1tenth_ws/build/joy_teleop/build/lib/joy_teleop
[1.938s] copying joy_teleop/incrementer_server.py -> /home/f1tenth/f1tenth_ws/build/joy_teleop/build/lib/joy_teleop
[1.938s] copying joy_teleop/__init__.py -> /home/f1tenth/f1tenth_ws/build/joy_teleop/build/lib/joy_teleop
[1.939s] running install
[1.940s] running install_lib
[1.941s] creating /home/f1tenth/f1tenth_ws/install/joy_teleop/lib/python3.10/site-packages/joy_teleop
[1.941s] copying /home/f1tenth/f1tenth_ws/build/joy_teleop/build/lib/joy_teleop/joy_teleop.py -> /home/f1tenth/f1tenth_ws/install/joy_teleop/lib/python3.10/site-packages/joy_teleop
[1.942s] copying /home/f1tenth/f1tenth_ws/build/joy_teleop/build/lib/joy_teleop/incrementer_server.py -> /home/f1tenth/f1tenth_ws/install/joy_teleop/lib/python3.10/site-packages/joy_teleop
[1.942s] copying /home/f1tenth/f1tenth_ws/build/joy_teleop/build/lib/joy_teleop/__init__.py -> /home/f1tenth/f1tenth_ws/install/joy_teleop/lib/python3.10/site-packages/joy_teleop
[1.944s] byte-compiling /home/f1tenth/f1tenth_ws/install/joy_teleop/lib/python3.10/site-packages/joy_teleop/joy_teleop.py to joy_teleop.cpython-310.pyc
[1.950s] byte-compiling /home/f1tenth/f1tenth_ws/install/joy_teleop/lib/python3.10/site-packages/joy_teleop/incrementer_server.py to incrementer_server.cpython-310.pyc
[1.952s] byte-compiling /home/f1tenth/f1tenth_ws/install/joy_teleop/lib/python3.10/site-packages/joy_teleop/__init__.py to __init__.cpython-310.pyc
[1.952s] running install_data
[1.953s] copying package.xml -> /home/f1tenth/f1tenth_ws/install/joy_teleop/share/joy_teleop
[1.954s] creating /home/f1tenth/f1tenth_ws/install/joy_teleop/share/joy_teleop/config
[1.954s] copying config/joy_teleop_example.yaml -> /home/f1tenth/f1tenth_ws/install/joy_teleop/share/joy_teleop/config
[1.955s] creating /home/f1tenth/f1tenth_ws/install/joy_teleop/share/joy_teleop/launch
[1.955s] copying launch/example.launch.py -> /home/f1tenth/f1tenth_ws/install/joy_teleop/share/joy_teleop/launch
[1.955s] creating /home/f1tenth/f1tenth_ws/install/joy_teleop/share/ament_index
[1.956s] creating /home/f1tenth/f1tenth_ws/install/joy_teleop/share/ament_index/resource_index
[1.956s] creating /home/f1tenth/f1tenth_ws/install/joy_teleop/share/ament_index/resource_index/packages
[1.956s] copying resource/joy_teleop -> /home/f1tenth/f1tenth_ws/install/joy_teleop/share/ament_index/resource_index/packages
[1.956s] running install_egg_info
[1.960s] Copying ../../../../build/joy_teleop/joy_teleop.egg-info to /home/f1tenth/f1tenth_ws/install/joy_teleop/lib/python3.10/site-packages/joy_teleop-0.3.0-py3.10.egg-info
[1.962s] running install_scripts
[2.008s] Installing incrementer_server script to /home/f1tenth/f1tenth_ws/install/joy_teleop/lib/joy_teleop
[2.009s] Installing joy_teleop script to /home/f1tenth/f1tenth_ws/install/joy_teleop/lib/joy_teleop
[2.009s] writing list of installed files to '/home/f1tenth/f1tenth_ws/build/joy_teleop/install.log'
[2.086s] Invoked command in '/home/f1tenth/f1tenth_ws/src/f1tenth_system/teleop_tools/joy_teleop' returned '0': AMENT_PREFIX_PATH=/home/f1tenth/f1tenth_ws/install/teleop_tools_msgs:${AMENT_PREFIX_PATH} CMAKE_PREFIX_PATH=/home/f1tenth/f1tenth_ws/install/teleop_tools_msgs LD_LIBRARY_PATH=/home/f1tenth/f1tenth_ws/install/teleop_tools_msgs/lib:/opt/ros/humble/opt/rviz_ogre_vendor/lib:/opt/ros/humble/lib/aarch64-linux-gnu:/opt/ros/humble/lib:/usr/local/cuda-12.2/lib64 PYTHONPATH=/home/f1tenth/f1tenth_ws/build/joy_teleop/prefix_override:/home/f1tenth/f1tenth_ws/install/joy_teleop/lib/python3.10/site-packages:/home/f1tenth/f1tenth_ws/install/teleop_tools_msgs/local/lib/python3.10/dist-packages:${PYTHONPATH} /usr/bin/python3 -W ignore:setup.py install is deprecated setup.py egg_info --egg-base ../../../../build/joy_teleop build --build-base /home/f1tenth/f1tenth_ws/build/joy_teleop/build install --record /home/f1tenth/f1tenth_ws/build/joy_teleop/install.log --install-scripts $base/lib/joy_teleop --single-version-externally-managed install_data
