[2.140s] Invoking command in '/home/f1tenth/f1tenth_ws/src/f1tenth_system/teleop_tools/key_teleop': PYTHONPATH=/home/f1tenth/f1tenth_ws/build/key_teleop/prefix_override:/home/f1tenth/f1tenth_ws/install/key_teleop/lib/python3.10/site-packages:${PYTHONPATH} /usr/bin/python3 -W ignore:setup.py install is deprecated setup.py egg_info --egg-base ../../../../build/key_teleop build --build-base /home/f1tenth/f1tenth_ws/build/key_teleop/build install --record /home/f1tenth/f1tenth_ws/build/key_teleop/install.log --install-scripts $base/lib/key_teleop --single-version-externally-managed install_data
[2.727s] /usr/lib/python3/dist-packages/setuptools/dist.py:723: UserWarning: Usage of dash-separated 'script-dir' will not be supported in future versions. Please use the underscore name 'script_dir' instead
[2.727s]   warnings.warn(
[2.759s] running egg_info
[2.760s] creating ../../../../build/key_teleop/key_teleop.egg-info
[2.760s] writing ../../../../build/key_teleop/key_teleop.egg-info/PKG-INFO
[2.761s] writing dependency_links to ../../../../build/key_teleop/key_teleop.egg-info/dependency_links.txt
[2.761s] writing entry points to ../../../../build/key_teleop/key_teleop.egg-info/entry_points.txt
[2.761s] writing requirements to ../../../../build/key_teleop/key_teleop.egg-info/requires.txt
[2.762s] writing top-level names to ../../../../build/key_teleop/key_teleop.egg-info/top_level.txt
[2.763s] writing manifest file '../../../../build/key_teleop/key_teleop.egg-info/SOURCES.txt'
[2.770s] reading manifest file '../../../../build/key_teleop/key_teleop.egg-info/SOURCES.txt'
[2.770s] adding license file 'LICENSE'
[2.773s] writing manifest file '../../../../build/key_teleop/key_teleop.egg-info/SOURCES.txt'
[2.775s] running build
[2.775s] running build_py
[2.776s] creating /home/f1tenth/f1tenth_ws/build/key_teleop/build
[2.776s] creating /home/f1tenth/f1tenth_ws/build/key_teleop/build/lib
[2.776s] creating /home/f1tenth/f1tenth_ws/build/key_teleop/build/lib/key_teleop
[2.777s] copying key_teleop/key_teleop.py -> /home/f1tenth/f1tenth_ws/build/key_teleop/build/lib/key_teleop
[2.777s] copying key_teleop/__init__.py -> /home/f1tenth/f1tenth_ws/build/key_teleop/build/lib/key_teleop
[2.777s] running install
[2.777s] running install_lib
[2.782s] creating /home/f1tenth/f1tenth_ws/install/key_teleop/lib/python3.10/site-packages/key_teleop
[2.782s] copying /home/f1tenth/f1tenth_ws/build/key_teleop/build/lib/key_teleop/key_teleop.py -> /home/f1tenth/f1tenth_ws/install/key_teleop/lib/python3.10/site-packages/key_teleop
[2.783s] copying /home/f1tenth/f1tenth_ws/build/key_teleop/build/lib/key_teleop/__init__.py -> /home/f1tenth/f1tenth_ws/install/key_teleop/lib/python3.10/site-packages/key_teleop
[2.785s] byte-compiling /home/f1tenth/f1tenth_ws/install/key_teleop/lib/python3.10/site-packages/key_teleop/key_teleop.py to key_teleop.cpython-310.pyc
[2.789s] byte-compiling /home/f1tenth/f1tenth_ws/install/key_teleop/lib/python3.10/site-packages/key_teleop/__init__.py to __init__.cpython-310.pyc
[2.789s] running install_data
[2.790s] copying package.xml -> /home/f1tenth/f1tenth_ws/install/key_teleop/share/key_teleop
[2.790s] creating /home/f1tenth/f1tenth_ws/install/key_teleop/share/key_teleop/config
[2.791s] copying config/key_teleop.yaml -> /home/f1tenth/f1tenth_ws/install/key_teleop/share/key_teleop/config
[2.791s] creating /home/f1tenth/f1tenth_ws/install/key_teleop/share/ament_index
[2.791s] creating /home/f1tenth/f1tenth_ws/install/key_teleop/share/ament_index/resource_index
[2.792s] creating /home/f1tenth/f1tenth_ws/install/key_teleop/share/ament_index/resource_index/packages
[2.792s] copying resource/key_teleop -> /home/f1tenth/f1tenth_ws/install/key_teleop/share/ament_index/resource_index/packages
[2.792s] running install_egg_info
[2.796s] Copying ../../../../build/key_teleop/key_teleop.egg-info to /home/f1tenth/f1tenth_ws/install/key_teleop/lib/python3.10/site-packages/key_teleop-0.3.0-py3.10.egg-info
[2.797s] running install_scripts
[2.858s] Installing key_teleop script to /home/f1tenth/f1tenth_ws/install/key_teleop/lib/key_teleop
[2.859s] writing list of installed files to '/home/f1tenth/f1tenth_ws/build/key_teleop/install.log'
[2.947s] Invoked command in '/home/f1tenth/f1tenth_ws/src/f1tenth_system/teleop_tools/key_teleop' returned '0': PYTHONPATH=/home/f1tenth/f1tenth_ws/build/key_teleop/prefix_override:/home/f1tenth/f1tenth_ws/install/key_teleop/lib/python3.10/site-packages:${PYTHONPATH} /usr/bin/python3 -W ignore:setup.py install is deprecated setup.py egg_info --egg-base ../../../../build/key_teleop build --build-base /home/f1tenth/f1tenth_ws/build/key_teleop/build install --record /home/f1tenth/f1tenth_ws/build/key_teleop/install.log --install-scripts $base/lib/key_teleop --single-version-externally-managed install_data
