[0.039s] Invoking command in '/home/f1tenth/f1tenth_ws/build/vesc_msgs': /usr/bin/cmake --build /home/f1tenth/f1tenth_ws/build/vesc_msgs -- -j6 -l6
[0.656s] [  1%] Built target vesc_msgs__cpp
[0.657s] [ 12%] Built target vesc_msgs__rosidl_generator_c
[0.657s] [ 12%] Built target ament_cmake_python_copy_vesc_msgs
[0.657s] [ 23%] Built target vesc_msgs__rosidl_typesupport_cpp
[0.657s] [ 34%] Built target vesc_msgs__rosidl_typesupport_introspection_cpp
[0.657s] [ 45%] Built target vesc_msgs__rosidl_typesupport_c
[0.657s] [ 56%] Built target vesc_msgs__rosidl_typesupport_fastrtps_c
[0.658s] [ 67%] Built target vesc_msgs__rosidl_typesupport_introspection_c
[0.658s] [ 78%] Built target vesc_msgs__rosidl_typesupport_fastrtps_cpp
[0.658s] [ 78%] Built target vesc_msgs
[0.658s] [ 80%] Built target vesc_msgs__py
[0.658s] [ 89%] Built target vesc_msgs__rosidl_generator_py
[0.658s] [ 92%] Built target vesc_msgs__rosidl_typesupport_introspection_c__pyext
[0.658s] [ 96%] Built target vesc_msgs__rosidl_typesupport_fastrtps_c__pyext
[0.659s] [100%] Built target vesc_msgs__rosidl_typesupport_c__pyext
[0.828s] running egg_info
[0.832s] writing vesc_msgs.egg-info/PKG-INFO
[0.834s] writing dependency_links to vesc_msgs.egg-info/dependency_links.txt
[0.835s] writing top-level names to vesc_msgs.egg-info/top_level.txt
[0.838s] reading manifest file 'vesc_msgs.egg-info/SOURCES.txt'
[0.847s] writing manifest file 'vesc_msgs.egg-info/SOURCES.txt'
[0.929s] [100%] Built target ament_cmake_python_build_vesc_msgs_egg
[0.954s] Invoked command in '/home/f1tenth/f1tenth_ws/build/vesc_msgs' returned '0': /usr/bin/cmake --build /home/f1tenth/f1tenth_ws/build/vesc_msgs -- -j6 -l6
