[2.442s] Invoking command in '/home/f1tenth/f1tenth_ws/src/f1tenth_system/teleop_tools/key_teleop': PYTHONPATH=/home/f1tenth/f1tenth_ws/build/key_teleop/prefix_override:/usr/lib/python3/dist-packages/colcon_core/task/python/colcon_distutils_commands:/home/f1tenth/f1tenth_ws/install/key_teleop/lib/python3.10/site-packages:${PYTHONPATH} /usr/bin/python3 -W ignore:setup.py install is deprecated setup.py egg_info --egg-base ../../../../build/key_teleop build --build-base /home/f1tenth/f1tenth_ws/build/key_teleop/build install --record /home/f1tenth/f1tenth_ws/build/key_teleop/install.log --install-scripts $base/lib/key_teleop --single-version-externally-managed install_data
[3.006s] /usr/lib/python3/dist-packages/setuptools/dist.py:723: UserWarning: Usage of dash-separated 'script-dir' will not be supported in future versions. Please use the underscore name 'script_dir' instead
[3.007s]   warnings.warn(
[3.023s] running egg_info
[3.025s] writing ../../../../build/key_teleop/key_teleop.egg-info/PKG-INFO
[3.026s] writing dependency_links to ../../../../build/key_teleop/key_teleop.egg-info/dependency_links.txt
[3.026s] writing entry points to ../../../../build/key_teleop/key_teleop.egg-info/entry_points.txt
[3.027s] writing requirements to ../../../../build/key_teleop/key_teleop.egg-info/requires.txt
[3.027s] writing top-level names to ../../../../build/key_teleop/key_teleop.egg-info/top_level.txt
[3.032s] reading manifest file '../../../../build/key_teleop/key_teleop.egg-info/SOURCES.txt'
[3.033s] adding license file 'LICENSE'
[3.034s] writing manifest file '../../../../build/key_teleop/key_teleop.egg-info/SOURCES.txt'
[3.035s] running build
[3.035s] running build_py
[3.035s] running install
[3.036s] running install_lib
[3.040s] running install_data
[3.040s] running install_egg_info
[3.044s] removing '/home/f1tenth/f1tenth_ws/install/key_teleop/lib/python3.10/site-packages/key_teleop-0.3.0-py3.10.egg-info' (and everything under it)
[3.045s] Copying ../../../../build/key_teleop/key_teleop.egg-info to /home/f1tenth/f1tenth_ws/install/key_teleop/lib/python3.10/site-packages/key_teleop-0.3.0-py3.10.egg-info
[3.047s] running install_scripts
[3.097s] Installing key_teleop script to /home/f1tenth/f1tenth_ws/install/key_teleop/lib/key_teleop
[3.098s] writing list of installed files to '/home/f1tenth/f1tenth_ws/build/key_teleop/install.log'
[3.197s] Invoked command in '/home/f1tenth/f1tenth_ws/src/f1tenth_system/teleop_tools/key_teleop' returned '0': PYTHONPATH=/home/f1tenth/f1tenth_ws/build/key_teleop/prefix_override:/usr/lib/python3/dist-packages/colcon_core/task/python/colcon_distutils_commands:/home/f1tenth/f1tenth_ws/install/key_teleop/lib/python3.10/site-packages:${PYTHONPATH} /usr/bin/python3 -W ignore:setup.py install is deprecated setup.py egg_info --egg-base ../../../../build/key_teleop build --build-base /home/f1tenth/f1tenth_ws/build/key_teleop/build install --record /home/f1tenth/f1tenth_ws/build/key_teleop/install.log --install-scripts $base/lib/key_teleop --single-version-externally-managed install_data
