[0.052s] Invoking command in '/home/f1tenth/f1tenth_ws/build/vesc_driver': CMAKE_PREFIX_PATH=/home/f1tenth/f1tenth_ws/install/vesc_msgs:/home/f1tenth/f1tenth_ws/install/wiimote:/home/f1tenth/f1tenth_ws/install/wiimote_msgs:/home/f1tenth/f1tenth_ws/install/vesc:/home/f1tenth/f1tenth_ws/install/vesc_driver:/home/f1tenth/f1tenth_ws/install/vesc_ackermann:/home/f1tenth/f1tenth_ws/install/teleop_tools:/home/f1tenth/f1tenth_ws/install/teleop_tools_msgs:/home/f1tenth/f1tenth_ws/install/spacenav:/home/f1tenth/f1tenth_ws/install/f1tenth_stack:/home/f1tenth/f1tenth_ws/install/control_policy:/home/f1tenth/f1tenth_ws/install/joy_teleop:/home/f1tenth/f1tenth_ws/install/mouse_teleop:/home/f1tenth/f1tenth_ws/install/key_teleop:/home/f1tenth/f1tenth_ws/install/joystick_ros2:/opt/ros/humble:/home/f1tenth/f1tenth_ws/install/joy:/home/f1tenth/f1tenth_ws/install/sdl2_vendor:/home/f1tenth/f1tenth_ws/install/joy_linux:/home/f1tenth/f1tenth_ws/install/ackermann_mux LD_LIBRARY_PATH=/home/f1tenth/f1tenth_ws/install/vesc_msgs/lib:/home/f1tenth/f1tenth_ws/install/wiimote/lib:/home/f1tenth/f1tenth_ws/install/wiimote_msgs/lib:/home/f1tenth/f1tenth_ws/install/vesc_driver/lib:/home/f1tenth/f1tenth_ws/install/vesc_ackermann/lib:/home/f1tenth/f1tenth_ws/install/teleop_tools_msgs/lib:/home/f1tenth/f1tenth_ws/install/spacenav/lib:/home/f1tenth/f1tenth_ws/install/joy/lib:/opt/ros/humble/opt/rviz_ogre_vendor/lib:/opt/ros/humble/lib/aarch64-linux-gnu:/opt/ros/humble/lib:/usr/local/cuda-12.2/lib64:/usr/local/cuda-12.2/lib64 /usr/bin/cmake --build /home/f1tenth/f1tenth_ws/build/vesc_driver -- -j6 -l6
[0.284s] [ 20%] Built target vesc_driver_node
[0.288s] [ 70%] Built target vesc_driver
[0.345s] [100%] Built target vesc_device_namer
[0.374s] Invoked command in '/home/f1tenth/f1tenth_ws/build/vesc_driver' returned '0': CMAKE_PREFIX_PATH=/home/f1tenth/f1tenth_ws/install/vesc_msgs:/home/f1tenth/f1tenth_ws/install/wiimote:/home/f1tenth/f1tenth_ws/install/wiimote_msgs:/home/f1tenth/f1tenth_ws/install/vesc:/home/f1tenth/f1tenth_ws/install/vesc_driver:/home/f1tenth/f1tenth_ws/install/vesc_ackermann:/home/f1tenth/f1tenth_ws/install/teleop_tools:/home/f1tenth/f1tenth_ws/install/teleop_tools_msgs:/home/f1tenth/f1tenth_ws/install/spacenav:/home/f1tenth/f1tenth_ws/install/f1tenth_stack:/home/f1tenth/f1tenth_ws/install/control_policy:/home/f1tenth/f1tenth_ws/install/joy_teleop:/home/f1tenth/f1tenth_ws/install/mouse_teleop:/home/f1tenth/f1tenth_ws/install/key_teleop:/home/f1tenth/f1tenth_ws/install/joystick_ros2:/opt/ros/humble:/home/f1tenth/f1tenth_ws/install/joy:/home/f1tenth/f1tenth_ws/install/sdl2_vendor:/home/f1tenth/f1tenth_ws/install/joy_linux:/home/f1tenth/f1tenth_ws/install/ackermann_mux LD_LIBRARY_PATH=/home/f1tenth/f1tenth_ws/install/vesc_msgs/lib:/home/f1tenth/f1tenth_ws/install/wiimote/lib:/home/f1tenth/f1tenth_ws/install/wiimote_msgs/lib:/home/f1tenth/f1tenth_ws/install/vesc_driver/lib:/home/f1tenth/f1tenth_ws/install/vesc_ackermann/lib:/home/f1tenth/f1tenth_ws/install/teleop_tools_msgs/lib:/home/f1tenth/f1tenth_ws/install/spacenav/lib:/home/f1tenth/f1tenth_ws/install/joy/lib:/opt/ros/humble/opt/rviz_ogre_vendor/lib:/opt/ros/humble/lib/aarch64-linux-gnu:/opt/ros/humble/lib:/usr/local/cuda-12.2/lib64:/usr/local/cuda-12.2/lib64 /usr/bin/cmake --build /home/f1tenth/f1tenth_ws/build/vesc_driver -- -j6 -l6
[0.553s] Invoking command in '/home/f1tenth/f1tenth_ws/build/vesc_driver': CMAKE_PREFIX_PATH=/home/f1tenth/f1tenth_ws/install/vesc_msgs:/home/f1tenth/f1tenth_ws/install/wiimote:/home/f1tenth/f1tenth_ws/install/wiimote_msgs:/home/f1tenth/f1tenth_ws/install/vesc:/home/f1tenth/f1tenth_ws/install/vesc_driver:/home/f1tenth/f1tenth_ws/install/vesc_ackermann:/home/f1tenth/f1tenth_ws/install/teleop_tools:/home/f1tenth/f1tenth_ws/install/teleop_tools_msgs:/home/f1tenth/f1tenth_ws/install/spacenav:/home/f1tenth/f1tenth_ws/install/f1tenth_stack:/home/f1tenth/f1tenth_ws/install/control_policy:/home/f1tenth/f1tenth_ws/install/joy_teleop:/home/f1tenth/f1tenth_ws/install/mouse_teleop:/home/f1tenth/f1tenth_ws/install/key_teleop:/home/f1tenth/f1tenth_ws/install/joystick_ros2:/opt/ros/humble:/home/f1tenth/f1tenth_ws/install/joy:/home/f1tenth/f1tenth_ws/install/sdl2_vendor:/home/f1tenth/f1tenth_ws/install/joy_linux:/home/f1tenth/f1tenth_ws/install/ackermann_mux LD_LIBRARY_PATH=/home/f1tenth/f1tenth_ws/install/vesc_msgs/lib:/home/f1tenth/f1tenth_ws/install/wiimote/lib:/home/f1tenth/f1tenth_ws/install/wiimote_msgs/lib:/home/f1tenth/f1tenth_ws/install/vesc_driver/lib:/home/f1tenth/f1tenth_ws/install/vesc_ackermann/lib:/home/f1tenth/f1tenth_ws/install/teleop_tools_msgs/lib:/home/f1tenth/f1tenth_ws/install/spacenav/lib:/home/f1tenth/f1tenth_ws/install/joy/lib:/opt/ros/humble/opt/rviz_ogre_vendor/lib:/opt/ros/humble/lib/aarch64-linux-gnu:/opt/ros/humble/lib:/usr/local/cuda-12.2/lib64:/usr/local/cuda-12.2/lib64 /usr/bin/cmake --install /home/f1tenth/f1tenth_ws/build/vesc_driver
[0.581s] -- Install configuration: ""
[0.582s] -- Up-to-date: /home/f1tenth/f1tenth_ws/install/vesc_driver/lib/vesc_driver/vesc_driver_node
[0.583s] -- Up-to-date: /home/f1tenth/f1tenth_ws/install/vesc_driver/include
[0.585s] -- Up-to-date: /home/f1tenth/f1tenth_ws/install/vesc_driver/include/vesc_driver
[0.586s] -- Up-to-date: /home/f1tenth/f1tenth_ws/install/vesc_driver/include/vesc_driver/datatypes.hpp
[0.586s] -- Up-to-date: /home/f1tenth/f1tenth_ws/install/vesc_driver/include/vesc_driver/vesc_device_uuid_lookup.hpp
[0.586s] -- Up-to-date: /home/f1tenth/f1tenth_ws/install/vesc_driver/include/vesc_driver/crc.hpp
[0.587s] -- Up-to-date: /home/f1tenth/f1tenth_ws/install/vesc_driver/include/vesc_driver/vesc_driver.hpp
[0.587s] -- Up-to-date: /home/f1tenth/f1tenth_ws/install/vesc_driver/include/vesc_driver/vesc_interface.hpp
[0.588s] -- Up-to-date: /home/f1tenth/f1tenth_ws/install/vesc_driver/include/vesc_driver/vesc_packet.hpp
[0.588s] -- Up-to-date: /home/f1tenth/f1tenth_ws/install/vesc_driver/include/vesc_driver/vesc_packet_factory.hpp
[0.588s] -- Up-to-date: /home/f1tenth/f1tenth_ws/install/vesc_driver/share/vesc_driver/environment/library_path.sh
[0.590s] -- Up-to-date: /home/f1tenth/f1tenth_ws/install/vesc_driver/share/vesc_driver/environment/library_path.dsv
[0.591s] -- Up-to-date: /home/f1tenth/f1tenth_ws/install/vesc_driver/lib/libvesc_driver.so
[0.593s] -- Up-to-date: /home/f1tenth/f1tenth_ws/install/vesc_driver/lib/vesc_driver/vesc_device_namer
[0.594s] -- Up-to-date: /home/f1tenth/f1tenth_ws/install/vesc_driver/share/vesc_driver/launch
[0.594s] -- Up-to-date: /home/f1tenth/f1tenth_ws/install/vesc_driver/share/vesc_driver/launch/vesc_driver_node.launch.py
[0.595s] -- Up-to-date: /home/f1tenth/f1tenth_ws/install/vesc_driver/share/vesc_driver/params
[0.595s] -- Up-to-date: /home/f1tenth/f1tenth_ws/install/vesc_driver/share/vesc_driver/params/vesc_config.yaml
[0.596s] -- Up-to-date: /home/f1tenth/f1tenth_ws/install/vesc_driver/share/ament_index/resource_index/package_run_dependencies/vesc_driver
[0.596s] -- Up-to-date: /home/f1tenth/f1tenth_ws/install/vesc_driver/share/ament_index/resource_index/parent_prefix_path/vesc_driver
[0.597s] -- Up-to-date: /home/f1tenth/f1tenth_ws/install/vesc_driver/share/vesc_driver/environment/ament_prefix_path.sh
[0.597s] -- Up-to-date: /home/f1tenth/f1tenth_ws/install/vesc_driver/share/vesc_driver/environment/ament_prefix_path.dsv
[0.598s] -- Up-to-date: /home/f1tenth/f1tenth_ws/install/vesc_driver/share/vesc_driver/environment/path.sh
[0.598s] -- Up-to-date: /home/f1tenth/f1tenth_ws/install/vesc_driver/share/vesc_driver/environment/path.dsv
[0.599s] -- Up-to-date: /home/f1tenth/f1tenth_ws/install/vesc_driver/share/vesc_driver/local_setup.bash
[0.599s] -- Up-to-date: /home/f1tenth/f1tenth_ws/install/vesc_driver/share/vesc_driver/local_setup.sh
[0.599s] -- Up-to-date: /home/f1tenth/f1tenth_ws/install/vesc_driver/share/vesc_driver/local_setup.zsh
[0.611s] -- Up-to-date: /home/f1tenth/f1tenth_ws/install/vesc_driver/share/vesc_driver/local_setup.dsv
[0.611s] -- Installing: /home/f1tenth/f1tenth_ws/install/vesc_driver/share/vesc_driver/package.dsv
[0.611s] -- Up-to-date: /home/f1tenth/f1tenth_ws/install/vesc_driver/share/ament_index/resource_index/packages/vesc_driver
[0.619s] -- Up-to-date: /home/f1tenth/f1tenth_ws/install/vesc_driver/share/ament_index/resource_index/rclcpp_components/vesc_driver
[0.620s] -- Up-to-date: /home/f1tenth/f1tenth_ws/install/vesc_driver/share/vesc_driver/cmake/ament_cmake_export_dependencies-extras.cmake
[0.620s] -- Up-to-date: /home/f1tenth/f1tenth_ws/install/vesc_driver/share/vesc_driver/cmake/ament_cmake_export_include_directories-extras.cmake
[0.620s] -- Up-to-date: /home/f1tenth/f1tenth_ws/install/vesc_driver/share/vesc_driver/cmake/ament_cmake_export_libraries-extras.cmake
[0.620s] -- Up-to-date: /home/f1tenth/f1tenth_ws/install/vesc_driver/share/vesc_driver/cmake/vesc_driverConfig.cmake
[0.620s] -- Up-to-date: /home/f1tenth/f1tenth_ws/install/vesc_driver/share/vesc_driver/cmake/vesc_driverConfig-version.cmake
[0.620s] -- Up-to-date: /home/f1tenth/f1tenth_ws/install/vesc_driver/share/vesc_driver/package.xml
[0.630s] Invoked command in '/home/f1tenth/f1tenth_ws/build/vesc_driver' returned '0': CMAKE_PREFIX_PATH=/home/f1tenth/f1tenth_ws/install/vesc_msgs:/home/f1tenth/f1tenth_ws/install/wiimote:/home/f1tenth/f1tenth_ws/install/wiimote_msgs:/home/f1tenth/f1tenth_ws/install/vesc:/home/f1tenth/f1tenth_ws/install/vesc_driver:/home/f1tenth/f1tenth_ws/install/vesc_ackermann:/home/f1tenth/f1tenth_ws/install/teleop_tools:/home/f1tenth/f1tenth_ws/install/teleop_tools_msgs:/home/f1tenth/f1tenth_ws/install/spacenav:/home/f1tenth/f1tenth_ws/install/f1tenth_stack:/home/f1tenth/f1tenth_ws/install/control_policy:/home/f1tenth/f1tenth_ws/install/joy_teleop:/home/f1tenth/f1tenth_ws/install/mouse_teleop:/home/f1tenth/f1tenth_ws/install/key_teleop:/home/f1tenth/f1tenth_ws/install/joystick_ros2:/opt/ros/humble:/home/f1tenth/f1tenth_ws/install/joy:/home/f1tenth/f1tenth_ws/install/sdl2_vendor:/home/f1tenth/f1tenth_ws/install/joy_linux:/home/f1tenth/f1tenth_ws/install/ackermann_mux LD_LIBRARY_PATH=/home/f1tenth/f1tenth_ws/install/vesc_msgs/lib:/home/f1tenth/f1tenth_ws/install/wiimote/lib:/home/f1tenth/f1tenth_ws/install/wiimote_msgs/lib:/home/f1tenth/f1tenth_ws/install/vesc_driver/lib:/home/f1tenth/f1tenth_ws/install/vesc_ackermann/lib:/home/f1tenth/f1tenth_ws/install/teleop_tools_msgs/lib:/home/f1tenth/f1tenth_ws/install/spacenav/lib:/home/f1tenth/f1tenth_ws/install/joy/lib:/opt/ros/humble/opt/rviz_ogre_vendor/lib:/opt/ros/humble/lib/aarch64-linux-gnu:/opt/ros/humble/lib:/usr/local/cuda-12.2/lib64:/usr/local/cuda-12.2/lib64 /usr/bin/cmake --install /home/f1tenth/f1tenth_ws/build/vesc_driver
