[0.030s] Invoking command in '/home/f1tenth/f1tenth_ws/build/vesc': CMAKE_PREFIX_PATH=/home/f1tenth/f1tenth_ws/install/vesc_driver:/home/f1tenth/f1tenth_ws/install/vesc_ackermann:/home/f1tenth/f1tenth_ws/install/vesc_msgs:/home/f1tenth/f1tenth_ws/install/vesc:/home/f1tenth/f1tenth_ws/install/teleop_tools:/home/f1tenth/f1tenth_ws/install/teleop_tools_msgs:/home/f1tenth/f1tenth_ws/install/ackermann_mux:/home/f1tenth/f1tenth_ws/install/f1tenth_stack:/home/f1tenth/f1tenth_ws/install/joy_teleop:/home/f1tenth/f1tenth_ws/install/mouse_teleop:/home/f1tenth/f1tenth_ws/install/key_teleop:/opt/ros/humble LD_LIBRARY_PATH=/home/f1tenth/f1tenth_ws/install/vesc_driver/lib:/home/f1tenth/f1tenth_ws/install/vesc_ackermann/lib:/home/f1tenth/f1tenth_ws/install/vesc_msgs/lib:/home/f1tenth/f1tenth_ws/install/teleop_tools_msgs/lib:/opt/ros/humble/opt/rviz_ogre_vendor/lib:/opt/ros/humble/lib/aarch64-linux-gnu:/opt/ros/humble/lib:/usr/local/cuda-12.2/lib64:/usr/local/cuda-12.2/lib64 /usr/bin/cmake --build /home/f1tenth/f1tenth_ws/build/vesc -- -j6 -l6
[0.123s] Invoked command in '/home/f1tenth/f1tenth_ws/build/vesc' returned '0': CMAKE_PREFIX_PATH=/home/f1tenth/f1tenth_ws/install/vesc_driver:/home/f1tenth/f1tenth_ws/install/vesc_ackermann:/home/f1tenth/f1tenth_ws/install/vesc_msgs:/home/f1tenth/f1tenth_ws/install/vesc:/home/f1tenth/f1tenth_ws/install/teleop_tools:/home/f1tenth/f1tenth_ws/install/teleop_tools_msgs:/home/f1tenth/f1tenth_ws/install/ackermann_mux:/home/f1tenth/f1tenth_ws/install/f1tenth_stack:/home/f1tenth/f1tenth_ws/install/joy_teleop:/home/f1tenth/f1tenth_ws/install/mouse_teleop:/home/f1tenth/f1tenth_ws/install/key_teleop:/opt/ros/humble LD_LIBRARY_PATH=/home/f1tenth/f1tenth_ws/install/vesc_driver/lib:/home/f1tenth/f1tenth_ws/install/vesc_ackermann/lib:/home/f1tenth/f1tenth_ws/install/vesc_msgs/lib:/home/f1tenth/f1tenth_ws/install/teleop_tools_msgs/lib:/opt/ros/humble/opt/rviz_ogre_vendor/lib:/opt/ros/humble/lib/aarch64-linux-gnu:/opt/ros/humble/lib:/usr/local/cuda-12.2/lib64:/usr/local/cuda-12.2/lib64 /usr/bin/cmake --build /home/f1tenth/f1tenth_ws/build/vesc -- -j6 -l6
[0.165s] Invoking command in '/home/f1tenth/f1tenth_ws/build/vesc': CMAKE_PREFIX_PATH=/home/f1tenth/f1tenth_ws/install/vesc_driver:/home/f1tenth/f1tenth_ws/install/vesc_ackermann:/home/f1tenth/f1tenth_ws/install/vesc_msgs:/home/f1tenth/f1tenth_ws/install/vesc:/home/f1tenth/f1tenth_ws/install/teleop_tools:/home/f1tenth/f1tenth_ws/install/teleop_tools_msgs:/home/f1tenth/f1tenth_ws/install/ackermann_mux:/home/f1tenth/f1tenth_ws/install/f1tenth_stack:/home/f1tenth/f1tenth_ws/install/joy_teleop:/home/f1tenth/f1tenth_ws/install/mouse_teleop:/home/f1tenth/f1tenth_ws/install/key_teleop:/opt/ros/humble LD_LIBRARY_PATH=/home/f1tenth/f1tenth_ws/install/vesc_driver/lib:/home/f1tenth/f1tenth_ws/install/vesc_ackermann/lib:/home/f1tenth/f1tenth_ws/install/vesc_msgs/lib:/home/f1tenth/f1tenth_ws/install/teleop_tools_msgs/lib:/opt/ros/humble/opt/rviz_ogre_vendor/lib:/opt/ros/humble/lib/aarch64-linux-gnu:/opt/ros/humble/lib:/usr/local/cuda-12.2/lib64:/usr/local/cuda-12.2/lib64 /usr/bin/cmake --install /home/f1tenth/f1tenth_ws/build/vesc
[0.184s] -- Install configuration: ""
[0.185s] -- Up-to-date: /home/f1tenth/f1tenth_ws/install/vesc/share/ament_index/resource_index/package_run_dependencies/vesc
[0.185s] -- Up-to-date: /home/f1tenth/f1tenth_ws/install/vesc/share/ament_index/resource_index/parent_prefix_path/vesc
[0.185s] -- Up-to-date: /home/f1tenth/f1tenth_ws/install/vesc/share/vesc/environment/ament_prefix_path.sh
[0.185s] -- Up-to-date: /home/f1tenth/f1tenth_ws/install/vesc/share/vesc/environment/ament_prefix_path.dsv
[0.187s] -- Up-to-date: /home/f1tenth/f1tenth_ws/install/vesc/share/vesc/environment/path.sh
[0.187s] -- Up-to-date: /home/f1tenth/f1tenth_ws/install/vesc/share/vesc/environment/path.dsv
[0.187s] -- Up-to-date: /home/f1tenth/f1tenth_ws/install/vesc/share/vesc/local_setup.bash
[0.187s] -- Up-to-date: /home/f1tenth/f1tenth_ws/install/vesc/share/vesc/local_setup.sh
[0.187s] -- Up-to-date: /home/f1tenth/f1tenth_ws/install/vesc/share/vesc/local_setup.zsh
[0.188s] -- Up-to-date: /home/f1tenth/f1tenth_ws/install/vesc/share/vesc/local_setup.dsv
[0.188s] -- Installing: /home/f1tenth/f1tenth_ws/install/vesc/share/vesc/package.dsv
[0.188s] -- Up-to-date: /home/f1tenth/f1tenth_ws/install/vesc/share/ament_index/resource_index/packages/vesc
[0.188s] -- Up-to-date: /home/f1tenth/f1tenth_ws/install/vesc/share/vesc/cmake/vescConfig.cmake
[0.188s] -- Up-to-date: /home/f1tenth/f1tenth_ws/install/vesc/share/vesc/cmake/vescConfig-version.cmake
[0.188s] -- Up-to-date: /home/f1tenth/f1tenth_ws/install/vesc/share/vesc/package.xml
[0.235s] Invoked command in '/home/f1tenth/f1tenth_ws/build/vesc' returned '0': CMAKE_PREFIX_PATH=/home/f1tenth/f1tenth_ws/install/vesc_driver:/home/f1tenth/f1tenth_ws/install/vesc_ackermann:/home/f1tenth/f1tenth_ws/install/vesc_msgs:/home/f1tenth/f1tenth_ws/install/vesc:/home/f1tenth/f1tenth_ws/install/teleop_tools:/home/f1tenth/f1tenth_ws/install/teleop_tools_msgs:/home/f1tenth/f1tenth_ws/install/ackermann_mux:/home/f1tenth/f1tenth_ws/install/f1tenth_stack:/home/f1tenth/f1tenth_ws/install/joy_teleop:/home/f1tenth/f1tenth_ws/install/mouse_teleop:/home/f1tenth/f1tenth_ws/install/key_teleop:/opt/ros/humble LD_LIBRARY_PATH=/home/f1tenth/f1tenth_ws/install/vesc_driver/lib:/home/f1tenth/f1tenth_ws/install/vesc_ackermann/lib:/home/f1tenth/f1tenth_ws/install/vesc_msgs/lib:/home/f1tenth/f1tenth_ws/install/teleop_tools_msgs/lib:/opt/ros/humble/opt/rviz_ogre_vendor/lib:/opt/ros/humble/lib/aarch64-linux-gnu:/opt/ros/humble/lib:/usr/local/cuda-12.2/lib64:/usr/local/cuda-12.2/lib64 /usr/bin/cmake --install /home/f1tenth/f1tenth_ws/build/vesc
