[1.414s] Invoking command in '/home/f1tenth/f1tenth_ws/src/f1tenth_system/teleop_tools/joy_teleop': AMENT_PREFIX_PATH=/home/f1tenth/f1tenth_ws/install/teleop_tools_msgs:${AMENT_PREFIX_PATH} CMAKE_PREFIX_PATH=/home/f1tenth/f1tenth_ws/install/teleop_tools_msgs LD_LIBRARY_PATH=/home/f1tenth/f1tenth_ws/install/teleop_tools_msgs/lib:/opt/ros/humble/opt/rviz_ogre_vendor/lib:/opt/ros/humble/lib/aarch64-linux-gnu:/opt/ros/humble/lib:/usr/local/cuda-12.2/lib64:/usr/local/cuda-12.2/lib64 PYTHONPATH=/home/f1tenth/f1tenth_ws/build/joy_teleop/prefix_override:/home/f1tenth/f1tenth_ws/install/joy_teleop/lib/python3.10/site-packages:/home/f1tenth/f1tenth_ws/install/teleop_tools_msgs/local/lib/python3.10/dist-packages:${PYTHONPATH} /usr/bin/python3 -W ignore:setup.py install is deprecated setup.py egg_info --egg-base ../../../../build/joy_teleop build --build-base /home/f1tenth/f1tenth_ws/build/joy_teleop/build install --record /home/f1tenth/f1tenth_ws/build/joy_teleop/install.log --install-scripts $base/lib/joy_teleop --single-version-externally-managed install_data
[1.896s] /usr/lib/python3/dist-packages/setuptools/dist.py:723: UserWarning: Usage of dash-separated 'script-dir' will not be supported in future versions. Please use the underscore name 'script_dir' instead
[1.896s]   warnings.warn(
[1.913s] running egg_info
[1.914s] writing ../../../../build/joy_teleop/joy_teleop.egg-info/PKG-INFO
[1.914s] writing dependency_links to ../../../../build/joy_teleop/joy_teleop.egg-info/dependency_links.txt
[1.915s] writing entry points to ../../../../build/joy_teleop/joy_teleop.egg-info/entry_points.txt
[1.915s] writing requirements to ../../../../build/joy_teleop/joy_teleop.egg-info/requires.txt
[1.915s] writing top-level names to ../../../../build/joy_teleop/joy_teleop.egg-info/top_level.txt
[1.919s] reading manifest file '../../../../build/joy_teleop/joy_teleop.egg-info/SOURCES.txt'
[1.922s] writing manifest file '../../../../build/joy_teleop/joy_teleop.egg-info/SOURCES.txt'
[1.922s] running build
[1.922s] running build_py
[1.922s] running install
[1.923s] running install_lib
[1.925s] running install_data
[1.926s] running install_egg_info
[1.929s] removing '/home/f1tenth/f1tenth_ws/install/joy_teleop/lib/python3.10/site-packages/joy_teleop-0.3.0-py3.10.egg-info' (and everything under it)
[1.930s] Copying ../../../../build/joy_teleop/joy_teleop.egg-info to /home/f1tenth/f1tenth_ws/install/joy_teleop/lib/python3.10/site-packages/joy_teleop-0.3.0-py3.10.egg-info
[1.932s] running install_scripts
[1.975s] Installing incrementer_server script to /home/f1tenth/f1tenth_ws/install/joy_teleop/lib/joy_teleop
[1.975s] Installing joy_teleop script to /home/f1tenth/f1tenth_ws/install/joy_teleop/lib/joy_teleop
[1.975s] writing list of installed files to '/home/f1tenth/f1tenth_ws/build/joy_teleop/install.log'
[2.041s] Invoked command in '/home/f1tenth/f1tenth_ws/src/f1tenth_system/teleop_tools/joy_teleop' returned '0': AMENT_PREFIX_PATH=/home/f1tenth/f1tenth_ws/install/teleop_tools_msgs:${AMENT_PREFIX_PATH} CMAKE_PREFIX_PATH=/home/f1tenth/f1tenth_ws/install/teleop_tools_msgs LD_LIBRARY_PATH=/home/f1tenth/f1tenth_ws/install/teleop_tools_msgs/lib:/opt/ros/humble/opt/rviz_ogre_vendor/lib:/opt/ros/humble/lib/aarch64-linux-gnu:/opt/ros/humble/lib:/usr/local/cuda-12.2/lib64:/usr/local/cuda-12.2/lib64 PYTHONPATH=/home/f1tenth/f1tenth_ws/build/joy_teleop/prefix_override:/home/f1tenth/f1tenth_ws/install/joy_teleop/lib/python3.10/site-packages:/home/f1tenth/f1tenth_ws/install/teleop_tools_msgs/local/lib/python3.10/dist-packages:${PYTHONPATH} /usr/bin/python3 -W ignore:setup.py install is deprecated setup.py egg_info --egg-base ../../../../build/joy_teleop build --build-base /home/f1tenth/f1tenth_ws/build/joy_teleop/build install --record /home/f1tenth/f1tenth_ws/build/joy_teleop/install.log --install-scripts $base/lib/joy_teleop --single-version-externally-managed install_data
