[2.483s] Invoking command in '/home/f1tenth/f1tenth_ws/src/f1tenth_system/teleop_tools/key_teleop': PYTHONPATH=/home/f1tenth/f1tenth_ws/build/key_teleop/prefix_override:/home/f1tenth/f1tenth_ws/install/key_teleop/lib/python3.10/site-packages:${PYTHONPATH} /usr/bin/python3 -W ignore:setup.py install is deprecated setup.py egg_info --egg-base ../../../../build/key_teleop build --build-base /home/f1tenth/f1tenth_ws/build/key_teleop/build install --record /home/f1tenth/f1tenth_ws/build/key_teleop/install.log --install-scripts $base/lib/key_teleop --single-version-externally-managed install_data
[3.051s] /usr/lib/python3/dist-packages/setuptools/dist.py:723: UserWarning: Usage of dash-separated 'script-dir' will not be supported in future versions. Please use the underscore name 'script_dir' instead
[3.051s]   warnings.warn(
[3.071s] running egg_info
[3.073s] writing ../../../../build/key_teleop/key_teleop.egg-info/PKG-INFO
[3.073s] writing dependency_links to ../../../../build/key_teleop/key_teleop.egg-info/dependency_links.txt
[3.074s] writing entry points to ../../../../build/key_teleop/key_teleop.egg-info/entry_points.txt
[3.074s] writing requirements to ../../../../build/key_teleop/key_teleop.egg-info/requires.txt
[3.080s] writing top-level names to ../../../../build/key_teleop/key_teleop.egg-info/top_level.txt
[3.081s] reading manifest file '../../../../build/key_teleop/key_teleop.egg-info/SOURCES.txt'
[3.081s] adding license file 'LICENSE'
[3.082s] writing manifest file '../../../../build/key_teleop/key_teleop.egg-info/SOURCES.txt'
[3.083s] running build
[3.083s] running build_py
[3.088s] running install
[3.088s] running install_lib
[3.089s] running install_data
[3.089s] running install_egg_info
[3.094s] removing '/home/f1tenth/f1tenth_ws/install/key_teleop/lib/python3.10/site-packages/key_teleop-0.3.0-py3.10.egg-info' (and everything under it)
[3.094s] Copying ../../../../build/key_teleop/key_teleop.egg-info to /home/f1tenth/f1tenth_ws/install/key_teleop/lib/python3.10/site-packages/key_teleop-0.3.0-py3.10.egg-info
[3.101s] running install_scripts
[3.149s] Installing key_teleop script to /home/f1tenth/f1tenth_ws/install/key_teleop/lib/key_teleop
[3.151s] writing list of installed files to '/home/f1tenth/f1tenth_ws/build/key_teleop/install.log'
[3.249s] Invoked command in '/home/f1tenth/f1tenth_ws/src/f1tenth_system/teleop_tools/key_teleop' returned '0': PYTHONPATH=/home/f1tenth/f1tenth_ws/build/key_teleop/prefix_override:/home/f1tenth/f1tenth_ws/install/key_teleop/lib/python3.10/site-packages:${PYTHONPATH} /usr/bin/python3 -W ignore:setup.py install is deprecated setup.py egg_info --egg-base ../../../../build/key_teleop build --build-base /home/f1tenth/f1tenth_ws/build/key_teleop/build install --record /home/f1tenth/f1tenth_ws/build/key_teleop/install.log --install-scripts $base/lib/key_teleop --single-version-externally-managed install_data
