[0.037s] Invoking command in '/home/f1tenth/f1tenth_ws/build/teleop_tools_msgs': /usr/bin/cmake --build /home/f1tenth/f1tenth_ws/build/teleop_tools_msgs -- -j6 -l6
[0.639s] [  3%] Built target teleop_tools_msgs__cpp
[0.639s] [ 12%] Built target teleop_tools_msgs__rosidl_generator_c
[0.639s] [ 12%] Built target ament_cmake_python_copy_teleop_tools_msgs
[0.639s] [ 22%] Built target teleop_tools_msgs__rosidl_typesupport_cpp
[0.640s] [ 32%] Built target teleop_tools_msgs__rosidl_typesupport_fastrtps_cpp
[0.640s] [ 41%] Built target teleop_tools_msgs__rosidl_typesupport_introspection_cpp
[0.640s] [ 51%] Built target teleop_tools_msgs__rosidl_typesupport_fastrtps_c
[0.643s] [ 61%] Built target teleop_tools_msgs__rosidl_typesupport_introspection_c
[0.643s] [ 70%] Built target teleop_tools_msgs__rosidl_typesupport_c
[0.643s] [ 70%] Built target teleop_tools_msgs
[0.644s] [ 74%] Built target teleop_tools_msgs__py
[0.644s] [ 80%] Built target teleop_tools_msgs__rosidl_generator_py
[0.644s] [ 87%] Built target teleop_tools_msgs__rosidl_typesupport_fastrtps_c__pyext
[0.644s] [ 93%] Built target teleop_tools_msgs__rosidl_typesupport_introspection_c__pyext
[0.644s] [100%] Built target teleop_tools_msgs__rosidl_typesupport_c__pyext
[0.748s] running egg_info
[0.748s] writing teleop_tools_msgs.egg-info/PKG-INFO
[0.749s] writing dependency_links to teleop_tools_msgs.egg-info/dependency_links.txt
[0.749s] writing top-level names to teleop_tools_msgs.egg-info/top_level.txt
[0.749s] reading manifest file 'teleop_tools_msgs.egg-info/SOURCES.txt'
[0.752s] writing manifest file 'teleop_tools_msgs.egg-info/SOURCES.txt'
[0.844s] [100%] Built target ament_cmake_python_build_teleop_tools_msgs_egg
[0.869s] Invoked command in '/home/f1tenth/f1tenth_ws/build/teleop_tools_msgs' returned '0': /usr/bin/cmake --build /home/f1tenth/f1tenth_ws/build/teleop_tools_msgs -- -j6 -l6
